                   {
                       "timestamp":  "2026-08-08T11:41:13.6986838Z",
                       "hostname":  "DC01",
                       "platform":  "Windows",
                       "source_type":  "Sysmon",
                       "channel":  "Microsoft-Windows-Sysmon/Operational",
                       "event_id":  12,
                       "event_category":  "sysmon",
                       "provider":  "Microsoft-Windows-Sysmon",
                       "raw_message":  "Registry object added or deleted:\r\nRuleName: Suspicious,ImageBeginWithBackslash\r\nEventType: DeleteValue\r\nUtcTime: 2026-08-08 11:41:13.695\r\nProcessGuid: {62784320-15bc-6a77-5401-000000001200}\r\nProcessId: 6316\r\nImage: \\\\?\\C:\\Windows\\system32\\wbem\\WMIADAP.EXE\r\nTargetObject: HKLM\\System\\CurrentControlSet\\Services\\WmiApRpl\\Performance\\First Help\r\nUser: NT AUTHORITY\\SYSTEM"
                   },
                   {
                       "timestamp":  "2026-08-08T11:41:13.6987333Z",
                       "hostname":  "DC01",
                       "platform":  "Windows",
                       "source_type":  "Sysmon",
                       "channel":  "Microsoft-Windows-Sysmon/Operational",
                       "event_id":  12,
                       "event_category":  "sysmon",
                       "provider":  "Microsoft-Windows-Sysmon",
                       "raw_message":  "Registry object added or deleted:\r\nRuleName: Suspicious,ImageBeginWithBackslash\r\nEventType: DeleteValue\r\nUtcTime: 2026-08-08 11:41:13.695\r\nProcessGuid: {62784320-15bc-6a77-5401-000000001200}\r\nProcessId: 6316\r\nImage: \\\\?\\C:\\Windows\\system32\\wbem\\WMIADAP.EXE\r\nTargetObject: HKLM\\System\\CurrentControlSet\\Services\\WmiApRpl\\Performance\\Last Help\r\nUser: NT AUTHORITY\\SYSTEM"
                   },
                   {
                       "timestamp":  "2026-08-08T11:41:13.6987817Z",
                       "hostname":  "DC01",
                       "platform":  "Windows",
                       "source_type":  "Sysmon",
                       "channel":  "Microsoft-Windows-Sysmon/Operational",
                       "event_id":  12,
                       "event_category":  "sysmon",
                       "provider":  "Microsoft-Windows-Sysmon",
                       "raw_message":  "Registry object added or deleted:\r\nRuleName: Suspicious,ImageBeginWithBackslash\r\nEventType: DeleteValue\r\nUtcTime: 2026-08-08 11:41:13.695\r\nProcessGuid: {62784320-15bc-6a77-5401-000000001200}\r\nProcessId: 6316\r\nImage: \\\\?\\C:\\Windows\\system32\\wbem\\WMIADAP.EXE\r\nTargetObject: HKLM\\System\\CurrentControlSet\\Services\\WmiApRpl\\Performance\\Object List\r\nUser: NT AUTHORITY\\SYSTEM"
                   },
                   {
                       "timestamp":  "2026-08-08T11:41:13.6988303Z",
                       "hostname":  "DC01",
                       "platform":  "Windows",
                       "source_type":  "Sysmon",
                       "channel":  "Microsoft-Windows-Sysmon/Operational",
                       "event_id":  12,
                       "event_category":  "sysmon",
                       "provider":  "Microsoft-Windows-Sysmon",
                       "raw_message":  "Registry object added or deleted:\r\nRuleName: Suspicious,ImageBeginWithBackslash\r\nEventType: DeleteValue\r\nUtcTime: 2026-08-08 11:41:13.695\r\nProcessGuid: {62784320-15bc-6a77-5401-000000001200}\r\nProcessId: 6316\r\nImage: \\\\?\\C:\\Windows\\system32\\wbem\\WMIADAP.EXE\r\nTargetObject: HKLM\\SOFTWARE\\Microsoft\\Windows NT\\CurrentVersion\\Perflib\\Updating\r\nUser: NT AUTHORITY\\SYSTEM"
                   },
                   {
                       "timestamp":  "2026-08-08T11:41:13.7322062Z",
                       "hostname":  "DC01",
                       "platform":  "Windows",
                       "source_type":  "Sysmon",
                       "channel":  "Microsoft-Windows-Sysmon/Operational",
                       "event_id":  13,
                       "event_category":  "registry_modification",
                       "provider":  "Microsoft-Windows-Sysmon",
                       "raw_message":  "Registry value set:\r\nRuleName: Suspicious,ImageBeginWithBackslash\r\nEventType: SetValue\r\nUtcTime: 2026-08-08 11:41:13.729\r\nProcessGuid: {62784320-15bc-6a77-5401-000000001200}\r\nProcessId: 6316\r\nImage: \\\\?\\C:\\Windows\\system32\\wbem\\WMIADAP.EXE\r\nTargetObject: HKLM\\System\\CurrentControlSet\\Services\\WmiApRpl\\Performance\\PerfIniFile\r\nDetails: WmiApRpl.ini\r\nUser: NT AUTHORITY\\SYSTEM",
                       "registry_key":  "HKLM\\System\\CurrentControlSet\\Services\\WmiApRpl\\Performance\\PerfIniFile",
                       "registry_value_name":  "PerfIniFile",
                       "registry_operation":  "SetValue"
                   },
                   {
                       "timestamp":  "2026-08-08T11:41:13.7456524Z",
                       "hostname":  "DC01",
                       "platform":  "Windows",
                       "source_type":  "Sysmon",
                       "channel":  "Microsoft-Windows-Sysmon/Operational",
                       "event_id":  13,
                       "event_category":  "registry_modification",
                       "provider":  "Microsoft-Windows-Sysmon",
                       "raw_message":  "Registry value set:\r\nRuleName: Suspicious,ImageBeginWithBackslash\r\nEventType: SetValue\r\nUtcTime: 2026-08-08 11:41:13.739\r\nProcessGuid: {62784320-15bc-6a77-5401-000000001200}\r\nProcessId: 6316\r\nImage: \\\\?\\C:\\Windows\\system32\\wbem\\WMIADAP.EXE\r\nTargetObject: HKLM\\SOFTWARE\\Microsoft\\Windows NT\\CurrentVersion\\Perflib\\Updating\r\nDetails: WmiApRpl\r\nUser: NT AUTHORITY\\SYSTEM",
                       "registry_key":  "HKLM\\SOFTWARE\\Microsoft\\Windows NT\\CurrentVersion\\Perflib\\Updating",
                       "registry_value_name":  "Updating",
                       "registry_operation":  "SetValue"
                   },
                   {
                       "timestamp":  "2026-08-08T11:41:13.8560155Z",
                       "hostname":  "DC01",
                       "platform":  "Windows",
                       "source_type":  "Sysmon",
                       "channel":  "Microsoft-Windows-Sysmon/Operational",
                       "event_id":  13,
                       "event_category":  "registry_modification",
                       "provider":  "Microsoft-Windows-Sysmon",
                       "raw_message":  "Registry value set:\r\nRuleName: Suspicious,ImageBeginWithBackslash\r\nEventType: SetValue\r\nUtcTime: 2026-08-08 11:41:13.852\r\nProcessGuid: {62784320-15bc-6a77-5401-000000001200}\r\nProcessId: 6316\r\nImage: \\\\?\\C:\\Windows\\system32\\wbem\\WMIADAP.EXE\r\nTargetObject: HKLM\\SOFTWARE\\Microsoft\\Windows NT\\CurrentVersion\\Perflib\\Last Counter\r\nDetails: DWORD (0x00002e0e)\r\nUser: NT AUTHORITY\\SYSTEM",
                       "registry_key":  "HKLM\\SOFTWARE\\Microsoft\\Windows NT\\CurrentVersion\\Perflib\\Last Counter",
                       "registry_value_name":  "Last Counter",
                       "registry_operation":  "SetValue"
                   },
                   {
                       "timestamp":  "2026-08-08T11:41:13.8560857Z",
                       "hostname":  "DC01",
                       "platform":  "Windows",
                       "source_type":  "Sysmon",
                       "channel":  "Microsoft-Windows-Sysmon/Operational",
                       "event_id":  13,
                       "event_category":  "registry_modification",
                       "provider":  "Microsoft-Windows-Sysmon",
                       "raw_message":  "Registry value set:\r\nRuleName: Suspicious,ImageBeginWithBackslash\r\nEventType: SetValue\r\nUtcTime: 2026-08-08 11:41:13.852\r\nProcessGuid: {62784320-15bc-6a77-5401-000000001200}\r\nProcessId: 6316\r\nImage: \\\\?\\C:\\Windows\\system32\\wbem\\WMIADAP.EXE\r\nTargetObject: HKLM\\SOFTWARE\\Microsoft\\Windows NT\\CurrentVersion\\Perflib\\Last Help\r\nDetails: DWORD (0x00002e0f)\r\nUser: NT AUTHORITY\\SYSTEM",
                       "registry_key":  "HKLM\\SOFTWARE\\Microsoft\\Windows NT\\CurrentVersion\\Perflib\\Last Help",
                       "registry_value_name":  "Last Help",
                       "registry_operation":  "SetValue"
                   },
                   {
                       "timestamp":  "2026-08-08T11:41:13.8562672Z",
                       "hostname":  "DC01",
                       "platform":  "Windows",
                       "source_type":  "Sysmon",
                       "channel":  "Microsoft-Windows-Sysmon/Operational",
                       "event_id":  13,
                       "event_category":  "registry_modification",
                       "provider":  "Microsoft-Windows-Sysmon",
                       "raw_message":  "Registry value set:\r\nRuleName: Suspicious,ImageBeginWithBackslash\r\nEventType: SetValue\r\nUtcTime: 2026-08-08 11:41:13.852\r\nProcessGuid: {62784320-15bc-6a77-5401-000000001200}\r\nProcessId: 6316\r\nImage: \\\\?\\C:\\Windows\\system32\\wbem\\WMIADAP.EXE\r\nTargetObject: HKLM\\System\\CurrentControlSet\\Services\\WmiApRpl\\Performance\\Last Counter\r\nDetails: DWORD (0x00002e0e)\r\nUser: NT AUTHORITY\\SYSTEM",
                       "registry_key":  "HKLM\\System\\CurrentControlSet\\Services\\WmiApRpl\\Performance\\Last Counter",
                       "registry_value_name":  "Last Counter",
                       "registry_operation":  "SetValue"
                   },
                   {
                       "timestamp":  "2026-08-08T11:41:13.8563347Z",
                       "hostname":  "DC01",
                       "platform":  "Windows",
                       "source_type":  "Sysmon",
                       "channel":  "Microsoft-Windows-Sysmon/Operational",
                       "event_id":  13,
                       "event_category":  "registry_modification",
                       "provider":  "Microsoft-Windows-Sysmon",
                       "raw_message":  "Registry value set:\r\nRuleName: Suspicious,ImageBeginWithBackslash\r\nEventType: SetValue\r\nUtcTime: 2026-08-08 11:41:13.852\r\nProcessGuid: {62784320-15bc-6a77-5401-000000001200}\r\nProcessId: 6316\r\nImage: \\\\?\\C:\\Windows\\system32\\wbem\\WMIADAP.EXE\r\nTargetObject: HKLM\\System\\CurrentControlSet\\Services\\WmiApRpl\\Performance\\Last Help\r\nDetails: DWORD (0x00002e0f)\r\nUser: NT AUTHORITY\\SYSTEM",
                       "registry_key":  "HKLM\\System\\CurrentControlSet\\Services\\WmiApRpl\\Performance\\Last Help",
                       "registry_value_name":  "Last Help",
                       "registry_operation":  "SetValue"
                   },
                   {
                       "timestamp":  "2026-08-08T11:41:13.8563891Z",
                       "hostname":  "DC01",
                       "platform":  "Windows",
                       "source_type":  "Sysmon",
                       "channel":  "Microsoft-Windows-Sysmon/Operational",
                       "event_id":  13,
                       "event_category":  "registry_modification",
                       "provider":  "Microsoft-Windows-Sysmon",
                       "raw_message":  "Registry value set:\r\nRuleName: Suspicious,ImageBeginWithBackslash\r\nEventType: SetValue\r\nUtcTime: 2026-08-08 11:41:13.852\r\nProcessGuid: {62784320-15bc-6a77-5401-000000001200}\r\nProcessId: 6316\r\nImage: \\\\?\\C:\\Windows\\system32\\wbem\\WMIADAP.EXE\r\nTargetObject: HKLM\\System\\CurrentControlSet\\Services\\WmiApRpl\\Performance\\First Counter\r\nDetails: DWORD (0x00002d5c)\r\nUser: NT AUTHORITY\\SYSTEM",
                       "registry_key":  "HKLM\\System\\CurrentControlSet\\Services\\WmiApRpl\\Performance\\First Counter",
                       "registry_value_name":  "First Counter",
                       "registry_operation":  "SetValue"
                   },
                   {
                       "timestamp":  "2026-08-08T11:41:13.8564417Z",
                       "hostname":  "DC01",
                       "platform":  "Windows",
                       "source_type":  "Sysmon",
                       "channel":  "Microsoft-Windows-Sysmon/Operational",
                       "event_id":  13,
                       "event_category":  "registry_modification",
                       "provider":  "Microsoft-Windows-Sysmon",
                       "raw_message":  "Registry value set:\r\nRuleName: Suspicious,ImageBeginWithBackslash\r\nEventType: SetValue\r\nUtcTime: 2026-08-08 11:41:13.852\r\nProcessGuid: {62784320-15bc-6a77-5401-000000001200}\r\nProcessId: 6316\r\nImage: \\\\?\\C:\\Windows\\system32\\wbem\\WMIADAP.EXE\r\nTargetObject: HKLM\\System\\CurrentControlSet\\Services\\WmiApRpl\\Performance\\First Help\r\nDetails: DWORD (0x00002d5d)\r\nUser: NT AUTHORITY\\SYSTEM",
                       "registry_key":  "HKLM\\System\\CurrentControlSet\\Services\\WmiApRpl\\Performance\\First Help",
                       "registry_value_name":  "First Help",
                       "registry_operation":  "SetValue"
                   },
                   {
                       "timestamp":  "2026-08-08T11:41:13.8564984Z",
                       "hostname":  "DC01",
                       "platform":  "Windows",
                       "source_type":  "Sysmon",
                       "channel":  "Microsoft-Windows-Sysmon/Operational",
                       "event_id":  13,
                       "event_category":  "registry_modification",
                       "provider":  "Microsoft-Windows-Sysmon",
                       "raw_message":  "Registry value set:\r\nRuleName: Suspicious,ImageBeginWithBackslash\r\nEventType: SetValue\r\nUtcTime: 2026-08-08 11:41:13.852\r\nProcessGuid: {62784320-15bc-6a77-5401-000000001200}\r\nProcessId: 6316\r\nImage: \\\\?\\C:\\Windows\\system32\\wbem\\WMIADAP.EXE\r\nTargetObject: HKLM\\System\\CurrentControlSet\\Services\\WmiApRpl\\Performance\\Object List\r\nDetails: 11612 11618 11630 11640 11650 11670 11714 11724 11762 11768 11784\r\nUser: NT AUTHORITY\\SYSTEM",
                       "registry_key":  "HKLM\\System\\CurrentControlSet\\Services\\WmiApRpl\\Performance\\Object List",
                       "registry_value_name":  "Object List",
                       "registry_operation":  "SetValue"
                   },
                   {
                       "timestamp":  "2026-08-08T11:41:13.8565499Z",
                       "hostname":  "DC01",
                       "platform":  "Windows",
                       "source_type":  "Sysmon",
                       "channel":  "Microsoft-Windows-Sysmon/Operational",
                       "event_id":  12,
                       "event_category":  "sysmon",
                       "provider":  "Microsoft-Windows-Sysmon",
                       "raw_message":  "Registry object added or deleted:\r\nRuleName: Suspicious,ImageBeginWithBackslash\r\nEventType: DeleteValue\r\nUtcTime: 2026-08-08 11:41:13.852\r\nProcessGuid: {62784320-15bc-6a77-5401-000000001200}\r\nProcessId: 6316\r\nImage: \\\\?\\C:\\Windows\\system32\\wbem\\WMIADAP.EXE\r\nTargetObject: HKLM\\SOFTWARE\\Microsoft\\Windows NT\\CurrentVersion\\Perflib\\Updating\r\nUser: NT AUTHORITY\\SYSTEM"
                   },
                   {
                       "timestamp":  "2026-08-08T11:41:18.4756005Z",
                       "hostname":  "DC01",
                       "platform":  "Windows",
                       "source_type":  "Sysmon",
                       "channel":  "Microsoft-Windows-Sysmon/Operational",
                       "event_id":  13,
                       "event_category":  "registry_modification",
                       "provider":  "Microsoft-Windows-Sysmon",
                       "raw_message":  "Registry value set:\r\nRuleName: Suspicious,ImageBeginWithBackslash\r\nEventType: SetValue\r\nUtcTime: 2026-08-08 11:41:18.474\r\nProcessGuid: {62784320-15bc-6a77-5401-000000001200}\r\nProcessId: 6316\r\nImage: \\\\?\\C:\\Windows\\system32\\wbem\\WMIADAP.EXE\r\nTargetObject: HKLM\\SOFTWARE\\Microsoft\\Wbem\\PROVIDERS\\Performance\\Performance Data\r\nDetails: Binary Data\r\nUser: NT AUTHORITY\\SYSTEM",
                       "registry_key":  "HKLM\\SOFTWARE\\Microsoft\\Wbem\\PROVIDERS\\Performance\\Performance Data",
                       "registry_value_name":  "Performance Data",
                       "registry_operation":  "SetValue"
                   },
                   {
                       "timestamp":  "2026-08-08T11:41:18.4756619Z",
                       "hostname":  "DC01",
                       "platform":  "Windows",
                       "source_type":  "Sysmon",
                       "channel":  "Microsoft-Windows-Sysmon/Operational",
                       "event_id":  12,
                       "event_category":  "sysmon",
                       "provider":  "Microsoft-Windows-Sysmon",
                       "raw_message":  "Registry object added or deleted:\r\nRuleName: Suspicious,ImageBeginWithBackslash\r\nEventType: DeleteKey\r\nUtcTime: 2026-08-08 11:41:18.474\r\nProcessGuid: {62784320-15bc-6a77-5401-000000001200}\r\nProcessId: 6316\r\nImage: \\\\?\\C:\\Windows\\system32\\wbem\\WMIADAP.EXE\r\nTargetObject: HKLM\\SOFTWARE\\Microsoft\\Wbem\\WDM\\DREDGE\r\nUser: NT AUTHORITY\\SYSTEM"
                   },
                   {
                       "timestamp":  "2026-08-08T11:41:18.4757366Z",
                       "hostname":  "DC01",
                       "platform":  "Windows",
                       "source_type":  "Sysmon",
                       "channel":  "Microsoft-Windows-Sysmon/Operational",
                       "event_id":  13,
                       "event_category":  "registry_modification",
                       "provider":  "Microsoft-Windows-Sysmon",
                       "raw_message":  "Registry value set:\r\nRuleName: Suspicious,ImageBeginWithBackslash\r\nEventType: SetValue\r\nUtcTime: 2026-08-08 11:41:18.474\r\nProcessGuid: {62784320-15bc-6a77-5401-000000001200}\r\nProcessId: 6316\r\nImage: \\\\?\\C:\\Windows\\system32\\wbem\\WMIADAP.EXE\r\nTargetObject: HKLM\\SOFTWARE\\Microsoft\\Wbem\\WDM\\DREDGE\\C:\\Windows\\system32\\kernelbase.dll[MofResourceName]\r\nDetails: LowDateTime:320146480,HighDateTime:30944963***Binary mof compiled successfully\r\nUser: NT AUTHORITY\\SYSTEM",
                       "registry_key":  "HKLM\\SOFTWARE\\Microsoft\\Wbem\\WDM\\DREDGE\\C:\\Windows\\system32\\kernelbase.dll[MofResourceName]",
                       "registry_value_name":  "kernelbase.dll[MofResourceName]",
                       "registry_operation":  "SetValue"
                   },
                   {
                       "timestamp":  "2026-08-08T11:41:18.4757952Z",
                       "hostname":  "DC01",
                       "platform":  "Windows",
                       "source_type":  "Sysmon",
                       "channel":  "Microsoft-Windows-Sysmon/Operational",
                       "event_id":  13,
                       "event_category":  "registry_modification",
                       "provider":  "Microsoft-Windows-Sysmon",
                       "raw_message":  "Registry value set:\r\nRuleName: Suspicious,ImageBeginWithBackslash\r\nEventType: SetValue\r\nUtcTime: 2026-08-08 11:41:18.474\r\nProcessGuid: {62784320-15bc-6a77-5401-000000001200}\r\nProcessId: 6316\r\nImage: \\\\?\\C:\\Windows\\system32\\wbem\\WMIADAP.EXE\r\nTargetObject: HKLM\\SOFTWARE\\Microsoft\\Wbem\\WDM\\DREDGE\\C:\\Windows\\system32\\en-US\\kernelbase.dll.mui[MofResourceName]\r\nDetails: LowDateTime:748272790,HighDateTime:30944963***Binary mof compiled successfully\r\nUser: NT AUTHORITY\\SYSTEM",
                       "registry_key":  "HKLM\\SOFTWARE\\Microsoft\\Wbem\\WDM\\DREDGE\\C:\\Windows\\system32\\en-US\\kernelbase.dll.mui[MofResourceName]",
                       "registry_value_name":  "kernelbase.dll.mui[MofResourceName]",
                       "registry_operation":  "SetValue"
                   },
                   {
                       "timestamp":  "2026-08-08T11:41:18.4758539Z",
                       "hostname":  "DC01",
                       "platform":  "Windows",
                       "source_type":  "Sysmon",
                       "channel":  "Microsoft-Windows-Sysmon/Operational",
                       "event_id":  13,
                       "event_category":  "registry_modification",
                       "provider":  "Microsoft-Windows-Sysmon",
                       "raw_message":  "Registry value set:\r\nRuleName: Suspicious,ImageBeginWithBackslash\r\nEventType: SetValue\r\nUtcTime: 2026-08-08 11:41:18.475\r\nProcessGuid: {62784320-15bc-6a77-5401-000000001200}\r\nProcessId: 6316\r\nImage: \\\\?\\C:\\Windows\\system32\\wbem\\WMIADAP.EXE\r\nTargetObject: HKLM\\SOFTWARE\\Microsoft\\Wbem\\WDM\\DREDGE\\C:\\Windows\\System32\\drivers\\ACPI.sys[ACPIMOFResource]\r\nDetails: LowDateTime:-649945923,HighDateTime:30884850***Binary mof compiled successfully\r\nUser: NT AUTHORITY\\SYSTEM",
                       "registry_key":  "HKLM\\SOFTWARE\\Microsoft\\Wbem\\WDM\\DREDGE\\C:\\Windows\\System32\\drivers\\ACPI.sys[ACPIMOFResource]",
                       "registry_value_name":  "ACPI.sys[ACPIMOFResource]",
                       "registry_operation":  "SetValue"
                   },
                   {
                       "timestamp":  "2026-08-08T11:41:18.4759147Z",
                       "hostname":  "DC01",
                       "platform":  "Windows",
                       "source_type":  "Sysmon",
                       "channel":  "Microsoft-Windows-Sysmon/Operational",
                       "event_id":  13,
                       "event_category":  "registry_modification",
                       "provider":  "Microsoft-Windows-Sysmon",
                       "raw_message":  "Registry value set:\r\nRuleName: Suspicious,ImageBeginWithBackslash\r\nEventType: SetValue\r\nUtcTime: 2026-08-08 11:41:18.475\r\nProcessGuid: {62784320-15bc-6a77-5401-000000001200}\r\nProcessId: 6316\r\nImage: \\\\?\\C:\\Windows\\system32\\wbem\\WMIADAP.EXE\r\nTargetObject: HKLM\\SOFTWARE\\Microsoft\\Wbem\\WDM\\DREDGE\\C:\\Windows\\System32\\drivers\\en-US\\ACPI.sys.mui[ACPIMOFResource]\r\nDetails: LowDateTime:689609562,HighDateTime:30884862***Binary mof compiled successfully\r\nUser: NT AUTHORITY\\SYSTEM",
                       "registry_key":  "HKLM\\SOFTWARE\\Microsoft\\Wbem\\WDM\\DREDGE\\C:\\Windows\\System32\\drivers\\en-US\\ACPI.sys.mui[ACPIMOFResource]",
                       "registry_value_name":  "ACPI.sys.mui[ACPIMOFResource]",
                       "registry_operation":  "SetValue"
                   },
                   {
                       "timestamp":  "2026-08-08T11:41:18.4759706Z",
                       "hostname":  "DC01",
                       "platform":  "Windows",
                       "source_type":  "Sysmon",
                       "channel":  "Microsoft-Windows-Sysmon/Operational",
                       "event_id":  13,
                       "event_category":  "registry_modification",
                       "provider":  "Microsoft-Windows-Sysmon",
                       "raw_message":  "Registry value set:\r\nRuleName: Suspicious,ImageBeginWithBackslash\r\nEventType: SetValue\r\nUtcTime: 2026-08-08 11:41:18.475\r\nProcessGuid: {62784320-15bc-6a77-5401-000000001200}\r\nProcessId: 6316\r\nImage: \\\\?\\C:\\Windows\\system32\\wbem\\WMIADAP.EXE\r\nTargetObject: HKLM\\SOFTWARE\\Microsoft\\Wbem\\WDM\\DREDGE\\C:\\Windows\\System32\\drivers\\mssmbios.sys[MofResource]\r\nDetails: LowDateTime:-642445747,HighDateTime:30884850***Binary mof compiled successfully\r\nUser: NT AUTHORITY\\SYSTEM",
                       "registry_key":  "HKLM\\SOFTWARE\\Microsoft\\Wbem\\WDM\\DREDGE\\C:\\Windows\\System32\\drivers\\mssmbios.sys[MofResource]",
                       "registry_value_name":  "mssmbios.sys[MofResource]",
                       "registry_operation":  "SetValue"
                   },
                   {
                       "timestamp":  "2026-08-08T11:41:18.4760283Z",
                       "hostname":  "DC01",
                       "platform":  "Windows",
                       "source_type":  "Sysmon",
                       "channel":  "Microsoft-Windows-Sysmon/Operational",
                       "event_id":  13,
                       "event_category":  "registry_modification",
                       "provider":  "Microsoft-Windows-Sysmon",
                       "raw_message":  "Registry value set:\r\nRuleName: Suspicious,ImageBeginWithBackslash\r\nEventType: SetValue\r\nUtcTime: 2026-08-08 11:41:18.475\r\nProcessGuid: {62784320-15bc-6a77-5401-000000001200}\r\nProcessId: 6316\r\nImage: \\\\?\\C:\\Windows\\system32\\wbem\\WMIADAP.EXE\r\nTargetObject: HKLM\\SOFTWARE\\Microsoft\\Wbem\\WDM\\DREDGE\\C:\\Windows\\System32\\drivers\\processr.sys[PROCESSORWMI]\r\nDetails: LowDateTime:-649945923,HighDateTime:30884850***Binary mof compiled successfully\r\nUser: NT AUTHORITY\\SYSTEM",
                       "registry_key":  "HKLM\\SOFTWARE\\Microsoft\\Wbem\\WDM\\DREDGE\\C:\\Windows\\System32\\drivers\\processr.sys[PROCESSORWMI]",
                       "registry_value_name":  "processr.sys[PROCESSORWMI]",
                       "registry_operation":  "SetValue"
                   },
                   {
                       "timestamp":  "2026-08-08T11:41:18.4760876Z",
                       "hostname":  "DC01",
                       "platform":  "Windows",
                       "source_type":  "Sysmon",
                       "channel":  "Microsoft-Windows-Sysmon/Operational",
                       "event_id":  13,
                       "event_category":  "registry_modification",
                       "provider":  "Microsoft-Windows-Sysmon",
                       "raw_message":  "Registry value set:\r\nRuleName: Suspicious,ImageBeginWithBackslash\r\nEventType: SetValue\r\nUtcTime: 2026-08-08 11:41:18.475\r\nProcessGuid: {62784320-15bc-6a77-5401-000000001200}\r\nProcessId: 6316\r\nImage: \\\\?\\C:\\Windows\\system32\\wbem\\WMIADAP.EXE\r\nTargetObject: HKLM\\SOFTWARE\\Microsoft\\Wbem\\WDM\\DREDGE\\C:\\Windows\\System32\\drivers\\en-US\\processr.sys.mui[PROCESSORWMI]\r\nDetails: LowDateTime:550842631,HighDateTime:30884862***Binary mof compiled successfully\r\nUser: NT AUTHORITY\\SYSTEM",
                       "registry_key":  "HKLM\\SOFTWARE\\Microsoft\\Wbem\\WDM\\DREDGE\\C:\\Windows\\System32\\drivers\\en-US\\processr.sys.mui[PROCESSORWMI]",
                       "registry_value_name":  "processr.sys.mui[PROCESSORWMI]",
                       "registry_operation":  "SetValue"
                   },
                   {
                       "timestamp":  "2026-08-08T11:41:18.4761588Z",
                       "hostname":  "DC01",
                       "platform":  "Windows",
                       "source_type":  "Sysmon",
                       "channel":  "Microsoft-Windows-Sysmon/Operational",
                       "event_id":  13,
                       "event_category":  "registry_modification",
                       "provider":  "Microsoft-Windows-Sysmon",
                       "raw_message":  "Registry value set:\r\nRuleName: Suspicious,ImageBeginWithBackslash\r\nEventType: SetValue\r\nUtcTime: 2026-08-08 11:41:18.475\r\nProcessGuid: {62784320-15bc-6a77-5401-000000001200}\r\nProcessId: 6316\r\nImage: \\\\?\\C:\\Windows\\system32\\wbem\\WMIADAP.EXE\r\nTargetObject: HKLM\\SOFTWARE\\Microsoft\\Wbem\\WDM\\DREDGE\\C:\\Windows\\System32\\drivers\\HDAudBus.sys[HDAudioMofName]\r\nDetails: LowDateTime:-665258564,HighDateTime:30884850***Binary mof compiled successfully\r\nUser: NT AUTHORITY\\SYSTEM",
                       "registry_key":  "HKLM\\SOFTWARE\\Microsoft\\Wbem\\WDM\\DREDGE\\C:\\Windows\\System32\\drivers\\HDAudBus.sys[HDAudioMofName]",
                       "registry_value_name":  "HDAudBus.sys[HDAudioMofName]",
                       "registry_operation":  "SetValue"
                   },
                   {
                       "timestamp":  "2026-08-08T11:41:18.4762182Z",
                       "hostname":  "DC01",
                       "platform":  "Windows",
                       "source_type":  "Sysmon",
                       "channel":  "Microsoft-Windows-Sysmon/Operational",
                       "event_id":  13,
                       "event_category":  "registry_modification",
                       "provider":  "Microsoft-Windows-Sysmon",
                       "raw_message":  "Registry value set:\r\nRuleName: Suspicious,ImageBeginWithBackslash\r\nEventType: SetValue\r\nUtcTime: 2026-08-08 11:41:18.475\r\nProcessGuid: {62784320-15bc-6a77-5401-000000001200}\r\nProcessId: 6316\r\nImage: \\\\?\\C:\\Windows\\system32\\wbem\\WMIADAP.EXE\r\nTargetObject: HKLM\\SOFTWARE\\Microsoft\\Wbem\\WDM\\DREDGE\\C:\\Windows\\System32\\Drivers\\portcls.SYS[PortclsMof]\r\nDetails: LowDateTime:-658852262,HighDateTime:30884850***Binary mof compiled successfully\r\nUser: NT AUTHORITY\\SYSTEM",
                       "registry_key":  "HKLM\\SOFTWARE\\Microsoft\\Wbem\\WDM\\DREDGE\\C:\\Windows\\System32\\Drivers\\portcls.SYS[PortclsMof]",
                       "registry_value_name":  "portcls.SYS[PortclsMof]",
                       "registry_operation":  "SetValue"
                   },
                   {
                       "timestamp":  "2026-08-08T11:41:18.4762735Z",
                       "hostname":  "DC01",
                       "platform":  "Windows",
                       "source_type":  "Sysmon",
                       "channel":  "Microsoft-Windows-Sysmon/Operational",
                       "event_id":  13,
                       "event_category":  "registry_modification",
                       "provider":  "Microsoft-Windows-Sysmon",
                       "raw_message":  "Registry value set:\r\nRuleName: Suspicious,ImageBeginWithBackslash\r\nEventType: SetValue\r\nUtcTime: 2026-08-08 11:41:18.475\r\nProcessGuid: {62784320-15bc-6a77-5401-000000001200}\r\nProcessId: 6316\r\nImage: \\\\?\\C:\\Windows\\system32\\wbem\\WMIADAP.EXE\r\nTargetObject: HKLM\\SOFTWARE\\Microsoft\\Wbem\\WDM\\DREDGE\\C:\\Windows\\system32\\drivers\\battc.sys[BATTCWMI]\r\nDetails: LowDateTime:-648383346,HighDateTime:30884850***Binary mof compiled successfully\r\nUser: NT AUTHORITY\\SYSTEM",
                       "registry_key":  "HKLM\\SOFTWARE\\Microsoft\\Wbem\\WDM\\DREDGE\\C:\\Windows\\system32\\drivers\\battc.sys[BATTCWMI]",
                       "registry_value_name":  "battc.sys[BATTCWMI]",
                       "registry_operation":  "SetValue"
                   },
                   {
                       "timestamp":  "2026-08-08T11:41:18.4763281Z",
                       "hostname":  "DC01",
                       "platform":  "Windows",
                       "source_type":  "Sysmon",
                       "channel":  "Microsoft-Windows-Sysmon/Operational",
                       "event_id":  13,
                       "event_category":  "registry_modification",
                       "provider":  "Microsoft-Windows-Sysmon",
                       "raw_message":  "Registry value set:\r\nRuleName: Suspicious,ImageBeginWithBackslash\r\nEventType: SetValue\r\nUtcTime: 2026-08-08 11:41:18.475\r\nProcessGuid: {62784320-15bc-6a77-5401-000000001200}\r\nProcessId: 6316\r\nImage: \\\\?\\C:\\Windows\\system32\\wbem\\WMIADAP.EXE\r\nTargetObject: HKLM\\SOFTWARE\\Microsoft\\Wbem\\WDM\\DREDGE\\C:\\Windows\\System32\\drivers\\monitor.sys[MonitorWMI]\r\nDetails: LowDateTime:-657602216,HighDateTime:30884850***Binary mof failed, see WMIPROV.LOG\r\nUser: NT AUTHORITY\\SYSTEM",
                       "registry_key":  "HKLM\\SOFTWARE\\Microsoft\\Wbem\\WDM\\DREDGE\\C:\\Windows\\System32\\drivers\\monitor.sys[MonitorWMI]",
                       "registry_value_name":  "monitor.sys[MonitorWMI]",
                       "registry_operation":  "SetValue"
                   },
                   {
                       "timestamp":  "2026-08-08T11:41:18.4802445Z",
                       "hostname":  "DC01",
                       "platform":  "Windows",
                       "source_type":  "Sysmon",
                       "channel":  "Microsoft-Windows-Sysmon/Operational",
                       "event_id":  13,
                       "event_category":  "registry_modification",
                       "provider":  "Microsoft-Windows-Sysmon",
                       "raw_message":  "Registry value set:\r\nRuleName: Suspicious,ImageBeginWithBackslash\r\nEventType: SetValue\r\nUtcTime: 2026-08-08 11:41:18.475\r\nProcessGuid: {62784320-15bc-6a77-5401-000000001200}\r\nProcessId: 6316\r\nImage: \\\\?\\C:\\Windows\\system32\\wbem\\WMIADAP.EXE\r\nTargetObject: HKLM\\SOFTWARE\\Microsoft\\Wbem\\PROVIDERS\\Performance\\Performance Refresh\r\nDetails: DWORD (0x00000000)\r\nUser: NT AUTHORITY\\SYSTEM",
                       "registry_key":  "HKLM\\SOFTWARE\\Microsoft\\Wbem\\PROVIDERS\\Performance\\Performance Refresh",
                       "registry_value_name":  "Performance Refresh",
                       "registry_operation":  "SetValue"
                   },
                   {
                       "timestamp":  "2026-08-08T11:41:18.4803245Z",
                       "hostname":  "DC01",
                       "platform":  "Windows",
                       "source_type":  "Sysmon",
                       "channel":  "Microsoft-Windows-Sysmon/Operational",
                       "event_id":  13,
                       "event_category":  "registry_modification",
                       "provider":  "Microsoft-Windows-Sysmon",
                       "raw_message":  "Registry value set:\r\nRuleName: Suspicious,ImageBeginWithBackslash\r\nEventType: SetValue\r\nUtcTime: 2026-08-08 11:41:18.475\r\nProcessGuid: {62784320-15bc-6a77-5401-000000001200}\r\nProcessId: 6316\r\nImage: \\\\?\\C:\\Windows\\system32\\wbem\\WMIADAP.EXE\r\nTargetObject: HKLM\\SOFTWARE\\Microsoft\\Wbem\\PROVIDERS\\Performance\\Performance Refreshed\r\nDetails: DWORD (0x00000001)\r\nUser: NT AUTHORITY\\SYSTEM",
                       "registry_key":  "HKLM\\SOFTWARE\\Microsoft\\Wbem\\PROVIDERS\\Performance\\Performance Refreshed",
                       "registry_value_name":  "Performance Refreshed",
                       "registry_operation":  "SetValue"
                   },
                   {
                       "timestamp":  "2026-08-08T11:41:21.2235202Z",
                       "hostname":  "DC01",
                       "platform":  "Windows",
                       "source_type":  "Security",
                       "channel":  "Security",
                       "event_id":  4624,
                       "event_category":  "authentication_success",
                       "provider":  "Microsoft-Windows-Security-Auditing",
                       "raw_message":  "An account was successfully logged on.\r\n\r\nSubject:\r\n\tSecurity ID:\t\tS-1-0-0\r\n\tAccount Name:\t\t-\r\n\tAccount Domain:\t\t-\r\n\tLogon ID:\t\t0x0\r\n\r\nLogon Information:\r\n\tLogon Type:\t\t3\r\n\tRestricted Admin Mode:\t-\r\n\tVirtual Account:\t\tNo\r\n\tElevated Token:\t\tYes\r\n\r\nImpersonation Level:\t\tImpersonation\r\n\r\nNew Logon:\r\n\tSecurity ID:\t\tS-1-5-18\r\n\tAccount Name:\t\tDC01$\r\n\tAccount Domain:\t\tMEDDEFENSE.LOCAL\r\n\tLogon ID:\t\t0x195050\r\n\tLinked Logon ID:\t\t0x0\r\n\tNetwork Account Name:\t-\r\n\tNetwork Account Domain:\t-\r\n\tLogon GUID:\t\t{89b9d94c-6b1a-69d8-4bf0-e6b1f684136a}\r\n\r\nProcess Information:\r\n\tProcess ID:\t\t0x0\r\n\tProcess Name:\t\t-\r\n\r\nNetwork Information:\r\n\tWorkstation Name:\t-\r\n\tSource Network Address:\t::1\r\n\tSource Port:\t\t50586\r\n\r\nDetailed Authentication Information:\r\n\tLogon Process:\t\tKerberos\r\n\tAuthentication Package:\tKerberos\r\n\tTransited Services:\t-\r\n\tPackage Name (NTLM only):\t-\r\n\tKey Length:\t\t0\r\n\r\nThis event is generated when a logon session is created. It is generated on the computer that was accessed.\r\n\r\nThe subject fields indicate the account on the local system which requested the logon. This is most commonly a service such as the Server service, or a local process such as Winlogon.exe or Services.exe.\r\n\r\nThe logon type field indicates the kind of logon that occurred. The most common types are 2 (interactive) and 3 (network).\r\n\r\nThe New Logon fields indicate the account for whom the new logon was created, i.e. the account that was logged on.\r\n\r\nThe network fields indicate where a remote logon request originated. Workstation name is not always available and may be left blank in some cases.\r\n\r\nThe impersonation level field indicates the extent to which a process in the logon session can impersonate.\r\n\r\nThe authentication information fields provide detailed information about this specific logon request.\r\n\t- Logon GUID is a unique identifier that can be used to correlate this event with a KDC event.\r\n\t- Transited services indicate which intermediate services have participated in this logon request.\r\n\t- Package name indicates which sub-protocol was used among the NTLM protocols.\r\n\t- Key length indicates the length of the generated session key. This will be 0 if no session key was requested.",
                       "target_user":  "DC01$",
                       "logon_type":  "3",
                       "source_ip":  "::1",
                       "workstation":  "-"
                   },
                   {
                       "timestamp":  "2026-08-08T11:41:25.8449066Z",
                       "hostname":  "DC01",
                       "platform":  "Windows",
                       "source_type":  "Sysmon",
                       "channel":  "Microsoft-Windows-Sysmon/Operational",
                       "event_id":  11,
                       "event_category":  "file_creation",
                       "provider":  "Microsoft-Windows-Sysmon",
                       "raw_message":  "File created:\r\nRuleName: -\r\nUtcTime: 2026-08-08 11:41:25.839\r\nProcessGuid: {62784320-15e5-6a77-6201-000000001200}\r\nProcessId: 1964\r\nImage: C:\\Windows\\system32\\WerFault.exe\r\nTargetFilename: C:\\ProgramData\\Microsoft\\Windows\\WER\\Temp\\WER.2ac0788b-a3f1-4a2b-83f4-a91cc9436e67.tmp.dmp\r\nCreationUtcTime: 2026-08-08 11:41:25.839\r\nUser: Window Manager\\DWM-2",
                       "target_filename":  "C:\\ProgramData\\Microsoft\\Windows\\WER\\Temp\\WER.2ac0788b-a3f1-4a2b-83f4-a91cc9436e67.tmp.dmp",
                       "creating_process":  "C:\\Windows\\system32\\WerFault.exe"
                   },
                   {
                       "timestamp":  "2026-08-08T11:41:30.0980885Z",
                       "hostname":  "DC01",
                       "platform":  "Windows",
                       "source_type":  "Security",
                       "channel":  "Security",
                       "event_id":  4648,
                       "event_category":  "windows_security",
                       "provider":  "Microsoft-Windows-Security-Auditing",
                       "raw_message":  "A logon was attempted using explicit credentials.\r\n\r\nSubject:\r\n\tSecurity ID:\t\tS-1-5-18\r\n\tAccount Name:\t\tDC01$\r\n\tAccount Domain:\t\tMEDDEFENSE\r\n\tLogon ID:\t\t0x3E7\r\n\tLogon GUID:\t\t{00000000-0000-0000-0000-000000000000}\r\n\r\nAccount Whose Credentials Were Used:\r\n\tAccount Name:\t\tDWM-2\r\n\tAccount Domain:\t\tWindow Manager\r\n\tLogon GUID:\t\t{00000000-0000-0000-0000-000000000000}\r\n\r\nTarget Server:\r\n\tTarget Server Name:\tlocalhost\r\n\tAdditional Information:\tlocalhost\r\n\r\nProcess Information:\r\n\tProcess ID:\t\t0x182c\r\n\tProcess Name:\t\tC:\\Windows\\System32\\winlogon.exe\r\n\r\nNetwork Information:\r\n\tNetwork Address:\t-\r\n\tPort:\t\t\t-\r\n\r\nThis event is generated when a process attempts to log on an account by explicitly specifying that account’s credentials.  This most commonly occurs in batch-type configurations such as scheduled tasks, or when using the RUNAS command."
                   },
                   {
                       "timestamp":  "2026-08-08T11:41:30.0981002Z",
                       "hostname":  "DC01",
                       "platform":  "Windows",
                       "source_type":  "Security",
                       "channel":  "Security",
                       "event_id":  4624,
                       "event_category":  "authentication_success",
                       "provider":  "Microsoft-Windows-Security-Auditing",
                       "raw_message":  "An account was successfully logged on.\r\n\r\nSubject:\r\n\tSecurity ID:\t\tS-1-5-18\r\n\tAccount Name:\t\tDC01$\r\n\tAccount Domain:\t\tMEDDEFENSE\r\n\tLogon ID:\t\t0x3E7\r\n\r\nLogon Information:\r\n\tLogon Type:\t\t2\r\n\tRestricted Admin Mode:\t-\r\n\tVirtual Account:\t\tYes\r\n\tElevated Token:\t\tYes\r\n\r\nImpersonation Level:\t\tImpersonation\r\n\r\nNew Logon:\r\n\tSecurity ID:\t\tS-1-5-90-0-2\r\n\tAccount Name:\t\tDWM-2\r\n\tAccount Domain:\t\tWindow Manager\r\n\tLogon ID:\t\t0x199F38\r\n\tLinked Logon ID:\t\t0x199F7D\r\n\tNetwork Account Name:\t-\r\n\tNetwork Account Domain:\t-\r\n\tLogon GUID:\t\t{00000000-0000-0000-0000-000000000000}\r\n\r\nProcess Information:\r\n\tProcess ID:\t\t0x182c\r\n\tProcess Name:\t\tC:\\Windows\\System32\\winlogon.exe\r\n\r\nNetwork Information:\r\n\tWorkstation Name:\t-\r\n\tSource Network Address:\t-\r\n\tSource Port:\t\t-\r\n\r\nDetailed Authentication Information:\r\n\tLogon Process:\t\tAdvapi  \r\n\tAuthentication Package:\tNegotiate\r\n\tTransited Services:\t-\r\n\tPackage Name (NTLM only):\t-\r\n\tKey Length:\t\t0\r\n\r\nThis event is generated when a logon session is created. It is generated on the computer that was accessed.\r\n\r\nThe subject fields indicate the account on the local system which requested the logon. This is most commonly a service such as the Server service, or a local process such as Winlogon.exe or Services.exe.\r\n\r\nThe logon type field indicates the kind of logon that occurred. The most common types are 2 (interactive) and 3 (network).\r\n\r\nThe New Logon fields indicate the account for whom the new logon was created, i.e. the account that was logged on.\r\n\r\nThe network fields indicate where a remote logon request originated. Workstation name is not always available and may be left blank in some cases.\r\n\r\nThe impersonation level field indicates the extent to which a process in the logon session can impersonate.\r\n\r\nThe authentication information fields provide detailed information about this specific logon request.\r\n\t- Logon GUID is a unique identifier that can be used to correlate this event with a KDC event.\r\n\t- Transited services indicate which intermediate services have participated in this logon request.\r\n\t- Package name indicates which sub-protocol was used among the NTLM protocols.\r\n\t- Key length indicates the length of the generated session key. This will be 0 if no session key was requested.",
                       "target_user":  "DWM-2",
                       "logon_type":  "2",
                       "source_ip":  "-",
                       "workstation":  "-"
                   },
                   {
                       "timestamp":  "2026-08-08T11:41:30.0981105Z",
                       "hostname":  "DC01",
                       "platform":  "Windows",
                       "source_type":  "Security",
                       "channel":  "Security",
                       "event_id":  4624,
                       "event_category":  "authentication_success",
                       "provider":  "Microsoft-Windows-Security-Auditing",
                       "raw_message":  "An account was successfully logged on.\r\n\r\nSubject:\r\n\tSecurity ID:\t\tS-1-5-18\r\n\tAccount Name:\t\tDC01$\r\n\tAccount Domain:\t\tMEDDEFENSE\r\n\tLogon ID:\t\t0x3E7\r\n\r\nLogon Information:\r\n\tLogon Type:\t\t2\r\n\tRestricted Admin Mode:\t-\r\n\tVirtual Account:\t\tYes\r\n\tElevated Token:\t\tNo\r\n\r\nImpersonation Level:\t\tImpersonation\r\n\r\nNew Logon:\r\n\tSecurity ID:\t\tS-1-5-90-0-2\r\n\tAccount Name:\t\tDWM-2\r\n\tAccount Domain:\t\tWindow Manager\r\n\tLogon ID:\t\t0x199F7D\r\n\tLinked Logon ID:\t\t0x199F38\r\n\tNetwork Account Name:\t-\r\n\tNetwork Account Domain:\t-\r\n\tLogon GUID:\t\t{00000000-0000-0000-0000-000000000000}\r\n\r\nProcess Information:\r\n\tProcess ID:\t\t0x182c\r\n\tProcess Name:\t\tC:\\Windows\\System32\\winlogon.exe\r\n\r\nNetwork Information:\r\n\tWorkstation Name:\t-\r\n\tSource Network Address:\t-\r\n\tSource Port:\t\t-\r\n\r\nDetailed Authentication Information:\r\n\tLogon Process:\t\tAdvapi  \r\n\tAuthentication Package:\tNegotiate\r\n\tTransited Services:\t-\r\n\tPackage Name (NTLM only):\t-\r\n\tKey Length:\t\t0\r\n\r\nThis event is generated when a logon session is created. It is generated on the computer that was accessed.\r\n\r\nThe subject fields indicate the account on the local system which requested the logon. This is most commonly a service such as the Server service, or a local process such as Winlogon.exe or Services.exe.\r\n\r\nThe logon type field indicates the kind of logon that occurred. The most common types are 2 (interactive) and 3 (network).\r\n\r\nThe New Logon fields indicate the account for whom the new logon was created, i.e. the account that was logged on.\r\n\r\nThe network fields indicate where a remote logon request originated. Workstation name is not always available and may be left blank in some cases.\r\n\r\nThe impersonation level field indicates the extent to which a process in the logon session can impersonate.\r\n\r\nThe authentication information fields provide detailed information about this specific logon request.\r\n\t- Logon GUID is a unique identifier that can be used to correlate this event with a KDC event.\r\n\t- Transited services indicate which intermediate services have participated in this logon request.\r\n\t- Package name indicates which sub-protocol was used among the NTLM protocols.\r\n\t- Key length indicates the length of the generated session key. This will be 0 if no session key was requested.",
                       "target_user":  "DWM-2",
                       "logon_type":  "2",
                       "source_ip":  "-",
                       "workstation":  "-"
                   },
                   {
                       "timestamp":  "2026-08-08T11:41:31.2353303Z",
                       "hostname":  "DC01",
                       "platform":  "Windows",
                       "source_type":  "Sysmon",
                       "channel":  "Microsoft-Windows-Sysmon/Operational",
                       "event_id":  11,
                       "event_category":  "file_creation",
                       "provider":  "Microsoft-Windows-Sysmon",
                       "raw_message":  "File created:\r\nRuleName: -\r\nUtcTime: 2026-08-08 11:41:31.233\r\nProcessGuid: {62784320-15ea-6a77-6601-000000001200}\r\nProcessId: 3016\r\nImage: C:\\Windows\\system32\\WerFault.exe\r\nTargetFilename: C:\\ProgramData\\Microsoft\\Windows\\WER\\Temp\\WER.4397aceb-c07c-4ebd-8c73-e7e6f75ffab2.tmp.dmp\r\nCreationUtcTime: 2026-08-08 11:41:31.230\r\nUser: Window Manager\\DWM-2",
                       "target_filename":  "C:\\ProgramData\\Microsoft\\Windows\\WER\\Temp\\WER.4397aceb-c07c-4ebd-8c73-e7e6f75ffab2.tmp.dmp",
                       "creating_process":  "C:\\Windows\\system32\\WerFault.exe"
                   },
                   {
                       "timestamp":  "2026-08-08T11:41:31.8898874Z",
                       "hostname":  "DC01",
                       "platform":  "Windows",
                       "source_type":  "Security",
                       "channel":  "Security",
                       "event_id":  4648,
                       "event_category":  "windows_security",
                       "provider":  "Microsoft-Windows-Security-Auditing",
                       "raw_message":  "A logon was attempted using explicit credentials.\r\n\r\nSubject:\r\n\tSecurity ID:\t\tS-1-5-18\r\n\tAccount Name:\t\tDC01$\r\n\tAccount Domain:\t\tMEDDEFENSE\r\n\tLogon ID:\t\t0x3E7\r\n\tLogon GUID:\t\t{00000000-0000-0000-0000-000000000000}\r\n\r\nAccount Whose Credentials Were Used:\r\n\tAccount Name:\t\tDWM-2\r\n\tAccount Domain:\t\tWindow Manager\r\n\tLogon GUID:\t\t{00000000-0000-0000-0000-000000000000}\r\n\r\nTarget Server:\r\n\tTarget Server Name:\tlocalhost\r\n\tAdditional Information:\tlocalhost\r\n\r\nProcess Information:\r\n\tProcess ID:\t\t0x182c\r\n\tProcess Name:\t\tC:\\Windows\\System32\\winlogon.exe\r\n\r\nNetwork Information:\r\n\tNetwork Address:\t-\r\n\tPort:\t\t\t-\r\n\r\nThis event is generated when a process attempts to log on an account by explicitly specifying that account’s credentials.  This most commonly occurs in batch-type configurations such as scheduled tasks, or when using the RUNAS command."
                   },
