                   {
                       "timestamp":  "2026-08-08T12:09:02.2411436Z",
                       "hostname":  "DC01",
                       "platform":  "Windows",
                       "source_type":  "PowerShell",
                       "channel":  "Microsoft-Windows-PowerShell/Operational",
                       "event_id":  40961,
                       "event_category":  "powershell",
                       "provider":  "Microsoft-Windows-PowerShell",
                       "raw_message":  "PowerShell console is starting up"
                   },
                   {
                       "timestamp":  "2026-08-08T12:09:02.3322185Z",
                       "hostname":  "DC01",
                       "platform":  "Windows",
                       "source_type":  "Sysmon",
                       "channel":  "Microsoft-Windows-Sysmon/Operational",
                       "event_id":  11,
                       "event_category":  "file_creation",
                       "provider":  "Microsoft-Windows-Sysmon",
                       "raw_message":  "File created:\r\nRuleName: -\r\nUtcTime: 2026-08-08 12:09:02.307\r\nProcessGuid: {62784320-1c5e-6a77-f200-000000001300}\r\nProcessId: 1580\r\nImage: C:\\Windows\\System32\\WindowsPowerShell\\v1.0\\powershell.exe\r\nTargetFilename: C:\\Users\\analyst\\AppData\\Local\\Temp\\__PSScriptPolicyTest_zogblh5v.faq.ps1\r\nCreationUtcTime: 2026-08-08 12:09:02.307\r\nUser: MEDDEFENSE\\analyst",
                       "target_filename":  "C:\\Users\\analyst\\AppData\\Local\\Temp\\__PSScriptPolicyTest_zogblh5v.faq.ps1",
                       "creating_process":  "C:\\Windows\\System32\\WindowsPowerShell\\v1.0\\powershell.exe"
                   },
                   {
                       "timestamp":  "2026-08-08T12:09:02.4570618Z",
                       "hostname":  "DC01",
                       "platform":  "Windows",
                       "source_type":  "PowerShell",
                       "channel":  "Microsoft-Windows-PowerShell/Operational",
                       "event_id":  53504,
                       "event_category":  "powershell",
                       "provider":  "Microsoft-Windows-PowerShell",
                       "raw_message":  "Windows PowerShell has started an IPC listening thread on process: 1580 in AppDomain: DefaultAppDomain."
                   },
                   {
                       "timestamp":  "2026-08-08T12:09:02.5563358Z",
                       "hostname":  "DC01",
                       "platform":  "Windows",
                       "source_type":  "PowerShell",
                       "channel":  "Microsoft-Windows-PowerShell/Operational",
                       "event_id":  40962,
                       "event_category":  "powershell",
                       "provider":  "Microsoft-Windows-PowerShell",
                       "raw_message":  "PowerShell console is ready for user input"
                   },
                   {
                       "timestamp":  "2026-08-08T12:09:02.6066824Z",
                       "hostname":  "DC01",
                       "platform":  "Windows",
                       "source_type":  "PowerShell",
                       "channel":  "Microsoft-Windows-PowerShell/Operational",
                       "event_id":  4104,
                       "event_category":  "powershell_script_block",
                       "provider":  "Microsoft-Windows-PowerShell",
                       "raw_message":  "Creating Scriptblock text (1 of 1):\r\nWrite-Output \"MEDDEFENSE_TRANSCRIPT_995131219a1744cc84cc8323fa7ece09\"\nGet-Date\nGet-Process -Id $PID | Select-Object Id, ProcessName\r\n\r\nScriptBlock ID: c52aa047-f26b-42af-8bf9-70a77852c1a0\r\nPath: ",
                       "script_block_text":  "Write-Output \"MEDDEFENSE_TRANSCRIPT_995131219a1744cc84cc8323fa7ece09\"\nGet-Date\nGet-Process -Id $PID | Select-Object Id, ProcessName",
                       "script_block_decoded":  true
                   },
                   {
                       "timestamp":  "2026-08-08T12:09:02.6742019Z",
                       "hostname":  "DC01",
                       "platform":  "Windows",
                       "source_type":  "PowerShell",
                       "channel":  "Microsoft-Windows-PowerShell/Operational",
                       "event_id":  4103,
                       "event_category":  "powershell_module_logging",
                       "provider":  "Microsoft-Windows-PowerShell",
                       "raw_message":  "CommandInvocation(Write-Output): \"Write-Output\"\r\nParameterBinding(Write-Output): name=\"InputObject\"; value=\"MEDDEFENSE_TRANSCRIPT_995131219a1744cc84cc8323fa7ece09\"\r\n\r\n\r\nContext:\r\n        Severity = Informational\r\n        Host Name = ConsoleHost\r\n        Host Version = 5.1.20348.558\r\n        Host ID = 7c3882bd-dd84-46c4-a023-b25065022024\r\n        Host Application = C:\\Windows\\System32\\WindowsPowerShell\\v1.0\\powershell.exe -NoProfile -EncodedCommand VwByAGkAdABlAC0ATwB1AHQAcAB1AHQAIAAiAE0ARQBEAEQARQBGAEUATgBTAEUAXwBUAFIAQQBOAFMAQwBSAEkAUABUAF8AOQA5ADUAMQAzADEAMgAxADkAYQAxADcANAA0AGMAYwA4ADQAYwBjADgAMwAyADMAZgBhADcAZQBjAGUAMAA5ACIACgBHAGUAdAAtAEQAYQB0AGUACgBHAGUAdAAtAFAAcgBvAGMAZQBzAHMAIAAtAEkAZAAgACQAUABJAEQAIAB8ACAAUwBlAGwAZQBjAHQALQBPAGIAagBlAGMAdAAgAEkAZAAsACAAUAByAG8AYwBlAHMAcwBOAGEAbQBlAA==\r\n        Engine Version = 5.1.20348.558\r\n        Runspace ID = c0c5c1e4-6ac7-44f9-ab96-7c286ba91163\r\n        Pipeline ID = 1\r\n        Command Name = Write-Output\r\n        Command Type = Cmdlet\r\n        Script Name = \r\n        Command Path = \r\n        Sequence Number = 16\r\n        User = MEDDEFENSE\\analyst\r\n        Connected User = \r\n        Shell ID = Microsoft.PowerShell\r\n\r\n\r\nUser Data:\r\n\r\n"
                   },
                   {
                       "timestamp":  "2026-08-08T12:09:02.6851378Z",
                       "hostname":  "DC01",
                       "platform":  "Windows",
                       "source_type":  "PowerShell",
                       "channel":  "Microsoft-Windows-PowerShell/Operational",
                       "event_id":  4104,
                       "event_category":  "powershell_script_block",
                       "provider":  "Microsoft-Windows-PowerShell",
                       "raw_message":  "Creating Scriptblock text (1 of 1):\r\n{ Set-StrictMode -Version 1; $this.DisplayHint }\r\n\r\nScriptBlock ID: 4290f17f-c7df-4605-aa10-158bf7fa0973\r\nPath: ",
                       "script_block_text":  "{ Set-StrictMode -Version 1; $this.DisplayHint }",
                       "script_block_decoded":  true
                   },
                   {
                       "timestamp":  "2026-08-08T12:09:02.6858755Z",
                       "hostname":  "DC01",
                       "platform":  "Windows",
                       "source_type":  "PowerShell",
                       "channel":  "Microsoft-Windows-PowerShell/Operational",
                       "event_id":  4103,
                       "event_category":  "powershell_module_logging",
                       "provider":  "Microsoft-Windows-PowerShell",
                       "raw_message":  "CommandInvocation(Set-StrictMode): \"Set-StrictMode\"\r\nParameterBinding(Set-StrictMode): name=\"Version\"; value=\"1.0\"\r\n\r\n\r\nContext:\r\n        Severity = Informational\r\n        Host Name = ConsoleHost\r\n        Host Version = 5.1.20348.558\r\n        Host ID = 7c3882bd-dd84-46c4-a023-b25065022024\r\n        Host Application = C:\\Windows\\System32\\WindowsPowerShell\\v1.0\\powershell.exe -NoProfile -EncodedCommand VwByAGkAdABlAC0ATwB1AHQAcAB1AHQAIAAiAE0ARQBEAEQARQBGAEUATgBTAEUAXwBUAFIAQQBOAFMAQwBSAEkAUABUAF8AOQA5ADUAMQAzADEAMgAxADkAYQAxADcANAA0AGMAYwA4ADQAYwBjADgAMwAyADMAZgBhADcAZQBjAGUAMAA5ACIACgBHAGUAdAAtAEQAYQB0AGUACgBHAGUAdAAtAFAAcgBvAGMAZQBzAHMAIAAtAEkAZAAgACQAUABJAEQAIAB8ACAAUwBlAGwAZQBjAHQALQBPAGIAagBlAGMAdAAgAEkAZAAsACAAUAByAG8AYwBlAHMAcwBOAGEAbQBlAA==\r\n        Engine Version = 5.1.20348.558\r\n        Runspace ID = c0c5c1e4-6ac7-44f9-ab96-7c286ba91163\r\n        Pipeline ID = 1\r\n        Command Name = Set-StrictMode\r\n        Command Type = Cmdlet\r\n        Script Name = \r\n        Command Path = \r\n        Sequence Number = 18\r\n        User = MEDDEFENSE\\analyst\r\n        Connected User = \r\n        Shell ID = Microsoft.PowerShell\r\n\r\n\r\nUser Data:\r\n\r\n"
                   },
                   {
                       "timestamp":  "2026-08-08T12:09:02.6979642Z",
                       "hostname":  "DC01",
                       "platform":  "Windows",
                       "source_type":  "PowerShell",
                       "channel":  "Microsoft-Windows-PowerShell/Operational",
                       "event_id":  4104,
                       "event_category":  "powershell_script_block",
                       "provider":  "Microsoft-Windows-PowerShell",
                       "raw_message":  "Creating Scriptblock text (1 of 1):\r\n{ Set-StrictMode -Version 1; $this.DisplayHint }\r\n\r\nScriptBlock ID: 89e89479-bce2-4ebb-93b3-e84daf654a79\r\nPath: ",
                       "script_block_text":  "{ Set-StrictMode -Version 1; $this.DisplayHint }",
                       "script_block_decoded":  true
                   },
                   {
                       "timestamp":  "2026-08-08T12:09:02.6984067Z",
                       "hostname":  "DC01",
                       "platform":  "Windows",
                       "source_type":  "PowerShell",
                       "channel":  "Microsoft-Windows-PowerShell/Operational",
                       "event_id":  4103,
                       "event_category":  "powershell_module_logging",
                       "provider":  "Microsoft-Windows-PowerShell",
                       "raw_message":  "CommandInvocation(Set-StrictMode): \"Set-StrictMode\"\r\nParameterBinding(Set-StrictMode): name=\"Version\"; value=\"1.0\"\r\n\r\n\r\nContext:\r\n        Severity = Informational\r\n        Host Name = ConsoleHost\r\n        Host Version = 5.1.20348.558\r\n        Host ID = 7c3882bd-dd84-46c4-a023-b25065022024\r\n        Host Application = C:\\Windows\\System32\\WindowsPowerShell\\v1.0\\powershell.exe -NoProfile -EncodedCommand VwByAGkAdABlAC0ATwB1AHQAcAB1AHQAIAAiAE0ARQBEAEQARQBGAEUATgBTAEUAXwBUAFIAQQBOAFMAQwBSAEkAUABUAF8AOQA5ADUAMQAzADEAMgAxADkAYQAxADcANAA0AGMAYwA4ADQAYwBjADgAMwAyADMAZgBhADcAZQBjAGUAMAA5ACIACgBHAGUAdAAtAEQAYQB0AGUACgBHAGUAdAAtAFAAcgBvAGMAZQBzAHMAIAAtAEkAZAAgACQAUABJAEQAIAB8ACAAUwBlAGwAZQBjAHQALQBPAGIAagBlAGMAdAAgAEkAZAAsACAAUAByAG8AYwBlAHMAcwBOAGEAbQBlAA==\r\n        Engine Version = 5.1.20348.558\r\n        Runspace ID = c0c5c1e4-6ac7-44f9-ab96-7c286ba91163\r\n        Pipeline ID = 1\r\n        Command Name = Set-StrictMode\r\n        Command Type = Cmdlet\r\n        Script Name = \r\n        Command Path = \r\n        Sequence Number = 20\r\n        User = MEDDEFENSE\\analyst\r\n        Connected User = \r\n        Shell ID = Microsoft.PowerShell\r\n\r\n\r\nUser Data:\r\n\r\n"
                   },
                   {
                       "timestamp":  "2026-08-08T12:09:02.7076951Z",
                       "hostname":  "DC01",
                       "platform":  "Windows",
                       "source_type":  "PowerShell",
                       "channel":  "Microsoft-Windows-PowerShell/Operational",
                       "event_id":  4103,
                       "event_category":  "powershell_module_logging",
                       "provider":  "Microsoft-Windows-PowerShell",
                       "raw_message":  "CommandInvocation(Get-Date): \"Get-Date\"\r\n\r\n\r\nContext:\r\n        Severity = Informational\r\n        Host Name = ConsoleHost\r\n        Host Version = 5.1.20348.558\r\n        Host ID = 7c3882bd-dd84-46c4-a023-b25065022024\r\n        Host Application = C:\\Windows\\System32\\WindowsPowerShell\\v1.0\\powershell.exe -NoProfile -EncodedCommand VwByAGkAdABlAC0ATwB1AHQAcAB1AHQAIAAiAE0ARQBEAEQARQBGAEUATgBTAEUAXwBUAFIAQQBOAFMAQwBSAEkAUABUAF8AOQA5ADUAMQAzADEAMgAxADkAYQAxADcANAA0AGMAYwA4ADQAYwBjADgAMwAyADMAZgBhADcAZQBjAGUAMAA5ACIACgBHAGUAdAAtAEQAYQB0AGUACgBHAGUAdAAtAFAAcgBvAGMAZQBzAHMAIAAtAEkAZAAgACQAUABJAEQAIAB8ACAAUwBlAGwAZQBjAHQALQBPAGIAagBlAGMAdAAgAEkAZAAsACAAUAByAG8AYwBlAHMAcwBOAGEAbQBlAA==\r\n        Engine Version = 5.1.20348.558\r\n        Runspace ID = c0c5c1e4-6ac7-44f9-ab96-7c286ba91163\r\n        Pipeline ID = 1\r\n        Command Name = Get-Date\r\n        Command Type = Cmdlet\r\n        Script Name = \r\n        Command Path = \r\n        Sequence Number = 22\r\n        User = MEDDEFENSE\\analyst\r\n        Connected User = \r\n        Shell ID = Microsoft.PowerShell\r\n\r\n\r\nUser Data:\r\n\r\n"
                   },
                   {
                       "timestamp":  "2026-08-08T12:09:02.7788527Z",
                       "hostname":  "DC01",
                       "platform":  "Windows",
                       "source_type":  "PowerShell",
                       "channel":  "Microsoft-Windows-PowerShell/Operational",
                       "event_id":  4103,
                       "event_category":  "powershell_module_logging",
                       "provider":  "Microsoft-Windows-PowerShell",
                       "raw_message":  "CommandInvocation(Get-Process): \"Get-Process\"\r\nParameterBinding(Get-Process): name=\"Id\"; value=\"1580\"\r\nCommandInvocation(Select-Object): \"Select-Object\"\r\nParameterBinding(Select-Object): name=\"Property\"; value=\"Id, ProcessName\"\r\nParameterBinding(Select-Object): name=\"InputObject\"; value=\"System.Diagnostics.Process (powershell)\"\r\n\r\n\r\nContext:\r\n        Severity = Informational\r\n        Host Name = ConsoleHost\r\n        Host Version = 5.1.20348.558\r\n        Host ID = 7c3882bd-dd84-46c4-a023-b25065022024\r\n        Host Application = C:\\Windows\\System32\\WindowsPowerShell\\v1.0\\powershell.exe -NoProfile -EncodedCommand VwByAGkAdABlAC0ATwB1AHQAcAB1AHQAIAAiAE0ARQBEAEQARQBGAEUATgBTAEUAXwBUAFIAQQBOAFMAQwBSAEkAUABUAF8AOQA5ADUAMQAzADEAMgAxADkAYQAxADcANAA0AGMAYwA4ADQAYwBjADgAMwAyADMAZgBhADcAZQBjAGUAMAA5ACIACgBHAGUAdAAtAEQAYQB0AGUACgBHAGUAdAAtAFAAcgBvAGMAZQBzAHMAIAAtAEkAZAAgACQAUABJAEQAIAB8ACAAUwBlAGwAZQBjAHQALQBPAGIAagBlAGMAdAAgAEkAZAAsACAAUAByAG8AYwBlAHMAcwBOAGEAbQBlAA==\r\n        Engine Version = 5.1.20348.558\r\n        Runspace ID = c0c5c1e4-6ac7-44f9-ab96-7c286ba91163\r\n        Pipeline ID = 1\r\n        Command Name = Get-Process\r\n        Command Type = Cmdlet\r\n        Script Name = \r\n        Command Path = \r\n        Sequence Number = 24\r\n        User = MEDDEFENSE\\analyst\r\n        Connected User = \r\n        Shell ID = Microsoft.PowerShell\r\n\r\n\r\nUser Data:\r\n\r\n"
                   },
                   {
                       "timestamp":  "2026-08-08T12:09:02.7800867Z",
                       "hostname":  "DC01",
                       "platform":  "Windows",
                       "source_type":  "PowerShell",
                       "channel":  "Microsoft-Windows-PowerShell/Operational",
                       "event_id":  4103,
                       "event_category":  "powershell_module_logging",
                       "provider":  "Microsoft-Windows-PowerShell",
                       "raw_message":  "CommandInvocation(Out-Default): \"Out-Default\"\r\nParameterBinding(Out-Default): name=\"InputObject\"; value=\"MEDDEFENSE_TRANSCRIPT_995131219a1744cc84cc8323fa7ece09\"\r\nParameterBinding(Out-Default): name=\"InputObject\"; value=\"8/8/2026 2:09:02 PM\"\r\nParameterBinding(Out-Default): name=\"InputObject\"; value=\"@{Id=1580; ProcessName=powershell}\"\r\n\r\n\r\nContext:\r\n        Severity = Informational\r\n        Host Name = ConsoleHost\r\n        Host Version = 5.1.20348.558\r\n        Host ID = 7c3882bd-dd84-46c4-a023-b25065022024\r\n        Host Application = C:\\Windows\\System32\\WindowsPowerShell\\v1.0\\powershell.exe -NoProfile -EncodedCommand VwByAGkAdABlAC0ATwB1AHQAcAB1AHQAIAAiAE0ARQBEAEQARQBGAEUATgBTAEUAXwBUAFIAQQBOAFMAQwBSAEkAUABUAF8AOQA5ADUAMQAzADEAMgAxADkAYQAxADcANAA0AGMAYwA4ADQAYwBjADgAMwAyADMAZgBhADcAZQBjAGUAMAA5ACIACgBHAGUAdAAtAEQAYQB0AGUACgBHAGUAdAAtAFAAcgBvAGMAZQBzAHMAIAAtAEkAZAAgACQAUABJAEQAIAB8ACAAUwBlAGwAZQBjAHQALQBPAGIAagBlAGMAdAAgAEkAZAAsACAAUAByAG8AYwBlAHMAcwBOAGEAbQBlAA==\r\n        Engine Version = 5.1.20348.558\r\n        Runspace ID = c0c5c1e4-6ac7-44f9-ab96-7c286ba91163\r\n        Pipeline ID = 1\r\n        Command Name = \r\n        Command Type = Script\r\n        Script Name = \r\n        Command Path = \r\n        Sequence Number = 26\r\n        User = MEDDEFENSE\\analyst\r\n        Connected User = \r\n        Shell ID = Microsoft.PowerShell\r\n\r\n\r\nUser Data:\r\n\r\n"
                   },
                   {
                       "timestamp":  "2026-08-08T12:09:02.7853513Z",
                       "hostname":  "DC01",
                       "platform":  "Windows",
                       "source_type":  "PowerShell",
                       "channel":  "Microsoft-Windows-PowerShell/Operational",
                       "event_id":  4104,
                       "event_category":  "powershell_script_block",
                       "provider":  "Microsoft-Windows-PowerShell",
                       "raw_message":  "Creating Scriptblock text (1 of 1):\r\n$global:?\r\n\r\nScriptBlock ID: bc02a44b-4ebf-42fa-824a-6bba5fcf0246\r\nPath: ",
                       "script_block_text":  "$global:?",
                       "script_block_decoded":  true
                   },
                   {
                       "timestamp":  "2026-08-08T12:09:02.9353988Z",
                       "hostname":  "DC01",
                       "platform":  "Windows",
                       "source_type":  "PowerShell",
                       "channel":  "Microsoft-Windows-PowerShell/Operational",
                       "event_id":  4103,
                       "event_category":  "powershell_module_logging",
                       "provider":  "Microsoft-Windows-PowerShell",
                       "raw_message":  "CommandInvocation(Get-Date): \"Get-Date\"\r\n\r\n\r\nContext:\r\n        Severity = Informational\r\n        Host Name = ConsoleHost\r\n        Host Version = 5.1.20348.558\r\n        Host ID = 09ddc6a8-f7b9-4d2c-8d79-fe55fa60dfb7\r\n        Host Application = C:\\Windows\\System32\\WindowsPowerShell\\v1.0\\powershell.exe -ExecutionPolicy Bypass -File .\\2-powershell_logging_validation.ps1\r\n        Engine Version = 5.1.20348.558\r\n        Runspace ID = 27088b9b-a646-4de7-834a-2ce43101715d\r\n        Pipeline ID = 1\r\n        Command Name = Get-Date\r\n        Command Type = Cmdlet\r\n        Script Name = Z:\\blue_team\\2x02_eyes_on_endpoint\\2-powershell_logging_validation.ps1\r\n        Command Path = \r\n        Sequence Number = 122\r\n        User = MEDDEFENSE\\analyst\r\n        Connected User = \r\n        Shell ID = Microsoft.PowerShell\r\n\r\n\r\nUser Data:\r\n\r\n"
                   },
                   {
                       "timestamp":  "2026-08-08T12:09:02.9681701Z",
                       "hostname":  "DC01",
                       "platform":  "Windows",
                       "source_type":  "PowerShell",
                       "channel":  "Microsoft-Windows-PowerShell/Operational",
                       "event_id":  4103,
                       "event_category":  "powershell_module_logging",
                       "provider":  "Microsoft-Windows-PowerShell",
                       "raw_message":  "CommandInvocation(Test-Path): \"Test-Path\"\r\nParameterBinding(Test-Path): name=\"Path\"; value=\"C:\\PSTranscripts\"\r\n\r\n\r\nContext:\r\n        Severity = Informational\r\n        Host Name = ConsoleHost\r\n        Host Version = 5.1.20348.558\r\n        Host ID = 09ddc6a8-f7b9-4d2c-8d79-fe55fa60dfb7\r\n        Host Application = C:\\Windows\\System32\\WindowsPowerShell\\v1.0\\powershell.exe -ExecutionPolicy Bypass -File .\\2-powershell_logging_validation.ps1\r\n        Engine Version = 5.1.20348.558\r\n        Runspace ID = 27088b9b-a646-4de7-834a-2ce43101715d\r\n        Pipeline ID = 1\r\n        Command Name = Test-Path\r\n        Command Type = Cmdlet\r\n        Script Name = Z:\\blue_team\\2x02_eyes_on_endpoint\\2-powershell_logging_validation.ps1\r\n        Command Path = \r\n        Sequence Number = 124\r\n        User = MEDDEFENSE\\analyst\r\n        Connected User = \r\n        Shell ID = Microsoft.PowerShell\r\n\r\n\r\nUser Data:\r\n\r\n"
                   },
                   {
                       "timestamp":  "2026-08-08T12:09:02.9946466Z",
                       "hostname":  "DC01",
                       "platform":  "Windows",
                       "source_type":  "PowerShell",
                       "channel":  "Microsoft-Windows-PowerShell/Operational",
                       "event_id":  4104,
                       "event_category":  "powershell_script_block",
                       "provider":  "Microsoft-Windows-PowerShell",
                       "raw_message":  "Creating Scriptblock text (1 of 1):\r\n{\n            $_.LastWriteTime -ge $StartTime\n        }\r\n\r\nScriptBlock ID: 92ea1681-fab0-46fc-a1e2-30b90b44e752\r\nPath: Z:\\blue_team\\2x02_eyes_on_endpoint\\2-powershell_logging_validation.ps1",
                       "script_block_text":  "{\n            $_.LastWriteTime -ge $StartTime\n        }",
                       "script_block_decoded":  true
                   },
                   {
                       "timestamp":  "2026-08-08T12:09:02.9998145Z",
                       "hostname":  "DC01",
                       "platform":  "Windows",
                       "source_type":  "PowerShell",
                       "channel":  "Microsoft-Windows-PowerShell/Operational",
                       "event_id":  4103,
                       "event_category":  "powershell_module_logging",
                       "provider":  "Microsoft-Windows-PowerShell",
                       "raw_message":  "CommandInvocation(Get-ChildItem): \"Get-ChildItem\"\r\nParameterBinding(Get-ChildItem): name=\"Path\"; value=\"C:\\PSTranscripts\"\r\nParameterBinding(Get-ChildItem): name=\"Filter\"; value=\"*.txt\"\r\nParameterBinding(Get-ChildItem): name=\"Recurse\"; value=\"True\"\r\nParameterBinding(Get-ChildItem): name=\"ErrorAction\"; value=\"SilentlyContinue\"\r\nParameterBinding(Get-ChildItem): name=\"File\"; value=\"True\"\r\nCommandInvocation(Where-Object): \"Where-Object\"\r\nParameterBinding(Where-Object): name=\"FilterScript\"; value=\"\n            $_.LastWriteTime -ge $StartTime\n        \"\r\nCommandInvocation(Sort-Object): \"Sort-Object\"\r\nParameterBinding(Sort-Object): name=\"Descending\"; value=\"True\"\r\nParameterBinding(Sort-Object): name=\"Property\"; value=\"LastWriteTime\"\r\nParameterBinding(Where-Object): name=\"InputObject\"; value=\"PowerShell_transcript.DC01.9D0Ez4FP.20260808140612.txt\"\r\nParameterBinding(Where-Object): name=\"InputObject\"; value=\"PowerShell_transcript.DC01.abWc9j3k.20260808140854.txt\"\r\nParameterBinding(Where-Object): name=\"InputObject\"; value=\"PowerShell_transcript.DC01.d5sLlMWJ.20260808140900.txt\"\r\nParameterBinding(Where-Object): name=\"InputObject\"; value=\"PowerShell_transcript.DC01.EqV_hqdM.20260808140857.txt\"\r\nParameterBinding(Where-Object): name=\"InputObject\"; value=\"PowerShell_transcript.DC01.FqeE6ghH.20260808140856.txt\"\r\nParameterBinding(Where-Object): name=\"InputObject\"; value=\"PowerShell_transcript.DC01.jiIgyfj1.20260808140902.txt\"\r\nParameterBinding(Sort-Object): name=\"InputObject\"; value=\"PowerShell_transcript.DC01.jiIgyfj1.20260808140902.txt\"\r\nParameterBinding(Where-Object): name=\"InputObject\"; value=\"PowerShell_transcript.DC01.MWiYttS1.20260808140854.txt\"\r\n\r\n\r\nContext:\r\n        Severity = Informational\r\n        Host Name = ConsoleHost\r\n        Host Version = 5.1.20348.558\r\n        Host ID = 09ddc6a8-f7b9-4d2c-8d79-fe55fa60dfb7\r\n        Host Application = C:\\Windows\\System32\\WindowsPowerShell\\v1.0\\powershell.exe -ExecutionPolicy Bypass -File .\\2-powershell_logging_validation.ps1\r\n        Engine Version = 5.1.20348.558\r\n        Runspace ID = 27088b9b-a646-4de7-834a-2ce43101715d\r\n        Pipeline ID = 1\r\n        Command Name = Get-ChildItem\r\n        Command Type = Cmdlet\r\n        Script Name = Z:\\blue_team\\2x02_eyes_on_endpoint\\2-powershell_logging_validation.ps1\r\n        Command Path = \r\n        Sequence Number = 126\r\n        User = MEDDEFENSE\\analyst\r\n        Connected User = \r\n        Shell ID = Microsoft.PowerShell\r\n\r\n\r\nUser Data:\r\n\r\n"
                   },
                   {
                       "timestamp":  "2026-08-08T12:09:03.0073110Z",
                       "hostname":  "DC01",
                       "platform":  "Windows",
                       "source_type":  "PowerShell",
                       "channel":  "Microsoft-Windows-PowerShell/Operational",
                       "event_id":  4103,
                       "event_category":  "powershell_module_logging",
                       "provider":  "Microsoft-Windows-PowerShell",
                       "raw_message":  "CommandInvocation(Get-Content): \"Get-Content\"\r\nParameterBinding(Get-Content): name=\"Path\"; value=\"C:\\PSTranscripts\\20260808\\PowerShell_transcript.DC01.jiIgyfj1.20260808140902.txt\"\r\nParameterBinding(Get-Content): name=\"ErrorAction\"; value=\"Stop\"\r\nParameterBinding(Get-Content): name=\"Raw\"; value=\"True\"\r\n\r\n\r\nContext:\r\n        Severity = Informational\r\n        Host Name = ConsoleHost\r\n        Host Version = 5.1.20348.558\r\n        Host ID = 09ddc6a8-f7b9-4d2c-8d79-fe55fa60dfb7\r\n        Host Application = C:\\Windows\\System32\\WindowsPowerShell\\v1.0\\powershell.exe -ExecutionPolicy Bypass -File .\\2-powershell_logging_validation.ps1\r\n        Engine Version = 5.1.20348.558\r\n        Runspace ID = 27088b9b-a646-4de7-834a-2ce43101715d\r\n        Pipeline ID = 1\r\n        Command Name = Get-Content\r\n        Command Type = Cmdlet\r\n        Script Name = Z:\\blue_team\\2x02_eyes_on_endpoint\\2-powershell_logging_validation.ps1\r\n        Command Path = \r\n        Sequence Number = 128\r\n        User = MEDDEFENSE\\analyst\r\n        Connected User = \r\n        Shell ID = Microsoft.PowerShell\r\n\r\n\r\nUser Data:\r\n\r\n"
                   },
                   {
                       "timestamp":  "2026-08-08T12:09:03.0230641Z",
                       "hostname":  "DC01",
                       "platform":  "Windows",
                       "source_type":  "PowerShell",
                       "channel":  "Microsoft-Windows-PowerShell/Operational",
                       "event_id":  4103,
                       "event_category":  "powershell_module_logging",
                       "provider":  "Microsoft-Windows-PowerShell",
                       "raw_message":  "CommandInvocation(Write-Host): \"Write-Host\"\r\nParameterBinding(Write-Host): name=\"Object\"; value=\"          C:\\PSTranscripts\\*.txt exists, session recorded - full content [PASS]\"\r\n\r\n\r\nContext:\r\n        Severity = Informational\r\n        Host Name = ConsoleHost\r\n        Host Version = 5.1.20348.558\r\n        Host ID = 09ddc6a8-f7b9-4d2c-8d79-fe55fa60dfb7\r\n        Host Application = C:\\Windows\\System32\\WindowsPowerShell\\v1.0\\powershell.exe -ExecutionPolicy Bypass -File .\\2-powershell_logging_validation.ps1\r\n        Engine Version = 5.1.20348.558\r\n        Runspace ID = 27088b9b-a646-4de7-834a-2ce43101715d\r\n        Pipeline ID = 1\r\n        Command Name = Write-Host\r\n        Command Type = Cmdlet\r\n        Script Name = Z:\\blue_team\\2x02_eyes_on_endpoint\\2-powershell_logging_validation.ps1\r\n        Command Path = \r\n        Sequence Number = 130\r\n        User = MEDDEFENSE\\analyst\r\n        Connected User = \r\n        Shell ID = Microsoft.PowerShell\r\n\r\n\r\nUser Data:\r\n\r\n"
                   },
                   {
                       "timestamp":  "2026-08-08T12:09:03.0294198Z",
                       "hostname":  "DC01",
                       "platform":  "Windows",
                       "source_type":  "PowerShell",
                       "channel":  "Microsoft-Windows-PowerShell/Operational",
                       "event_id":  4103,
                       "event_category":  "powershell_module_logging",
                       "provider":  "Microsoft-Windows-PowerShell",
                       "raw_message":  "CommandInvocation(Write-Host): \"Write-Host\"\r\nParameterBinding(Write-Host): name=\"Object\"; value=\"          Transcript: C:\\PSTranscripts\\20260808\\PowerShell_transcript.DC01.jiIgyfj1.20260808140902.txt\"\r\n\r\n\r\nContext:\r\n        Severity = Informational\r\n        Host Name = ConsoleHost\r\n        Host Version = 5.1.20348.558\r\n        Host ID = 09ddc6a8-f7b9-4d2c-8d79-fe55fa60dfb7\r\n        Host Application = C:\\Windows\\System32\\WindowsPowerShell\\v1.0\\powershell.exe -ExecutionPolicy Bypass -File .\\2-powershell_logging_validation.ps1\r\n        Engine Version = 5.1.20348.558\r\n        Runspace ID = 27088b9b-a646-4de7-834a-2ce43101715d\r\n        Pipeline ID = 1\r\n        Command Name = Write-Host\r\n        Command Type = Cmdlet\r\n        Script Name = Z:\\blue_team\\2x02_eyes_on_endpoint\\2-powershell_logging_validation.ps1\r\n        Command Path = \r\n        Sequence Number = 132\r\n        User = MEDDEFENSE\\analyst\r\n        Connected User = \r\n        Shell ID = Microsoft.PowerShell\r\n\r\n\r\nUser Data:\r\n\r\n"
                   },
                   {
                       "timestamp":  "2026-08-08T12:09:03.0348763Z",
                       "hostname":  "DC01",
                       "platform":  "Windows",
                       "source_type":  "PowerShell",
                       "channel":  "Microsoft-Windows-PowerShell/Operational",
                       "event_id":  4103,
                       "event_category":  "powershell_module_logging",
                       "provider":  "Microsoft-Windows-PowerShell",
                       "raw_message":  "CommandInvocation(Write-Host): \"Write-Host\"\r\nParameterBinding(Write-Host): name=\"Object\"; value=\"\"\r\n\r\n\r\nContext:\r\n        Severity = Informational\r\n        Host Name = ConsoleHost\r\n        Host Version = 5.1.20348.558\r\n        Host ID = 09ddc6a8-f7b9-4d2c-8d79-fe55fa60dfb7\r\n        Host Application = C:\\Windows\\System32\\WindowsPowerShell\\v1.0\\powershell.exe -ExecutionPolicy Bypass -File .\\2-powershell_logging_validation.ps1\r\n        Engine Version = 5.1.20348.558\r\n        Runspace ID = 27088b9b-a646-4de7-834a-2ce43101715d\r\n        Pipeline ID = 1\r\n        Command Name = Write-Host\r\n        Command Type = Cmdlet\r\n        Script Name = Z:\\blue_team\\2x02_eyes_on_endpoint\\2-powershell_logging_validation.ps1\r\n        Command Path = \r\n        Sequence Number = 134\r\n        User = MEDDEFENSE\\analyst\r\n        Connected User = \r\n        Shell ID = Microsoft.PowerShell\r\n\r\n\r\nUser Data:\r\n\r\n"
                   },
                   {
                       "timestamp":  "2026-08-08T12:09:03.0447689Z",
                       "hostname":  "DC01",
                       "platform":  "Windows",
                       "source_type":  "PowerShell",
                       "channel":  "Microsoft-Windows-PowerShell/Operational",
                       "event_id":  4103,
                       "event_category":  "powershell_module_logging",
                       "provider":  "Microsoft-Windows-PowerShell",
                       "raw_message":  "CommandInvocation(Write-Host): \"Write-Host\"\r\nParameterBinding(Write-Host): name=\"Object\"; value=\"==============================================\"\r\n\r\n\r\nContext:\r\n        Severity = Informational\r\n        Host Name = ConsoleHost\r\n        Host Version = 5.1.20348.558\r\n        Host ID = 09ddc6a8-f7b9-4d2c-8d79-fe55fa60dfb7\r\n        Host Application = C:\\Windows\\System32\\WindowsPowerShell\\v1.0\\powershell.exe -ExecutionPolicy Bypass -File .\\2-powershell_logging_validation.ps1\r\n        Engine Version = 5.1.20348.558\r\n        Runspace ID = 27088b9b-a646-4de7-834a-2ce43101715d\r\n        Pipeline ID = 1\r\n        Command Name = Write-Host\r\n        Command Type = Cmdlet\r\n        Script Name = Z:\\blue_team\\2x02_eyes_on_endpoint\\2-powershell_logging_validation.ps1\r\n        Command Path = \r\n        Sequence Number = 136\r\n        User = MEDDEFENSE\\analyst\r\n        Connected User = \r\n        Shell ID = Microsoft.PowerShell\r\n\r\n\r\nUser Data:\r\n\r\n"
                   },
                   {
                       "timestamp":  "2026-08-08T12:09:03.0550659Z",
                       "hostname":  "DC01",
                       "platform":  "Windows",
                       "source_type":  "PowerShell",
                       "channel":  "Microsoft-Windows-PowerShell/Operational",
                       "event_id":  4103,
                       "event_category":  "powershell_module_logging",
                       "provider":  "Microsoft-Windows-PowerShell",
                       "raw_message":  "CommandInvocation(Write-Host): \"Write-Host\"\r\nParameterBinding(Write-Host): name=\"Object\"; value=\"PowerShell Logging Validation Summary\"\r\n\r\n\r\nContext:\r\n        Severity = Informational\r\n        Host Name = ConsoleHost\r\n        Host Version = 5.1.20348.558\r\n        Host ID = 09ddc6a8-f7b9-4d2c-8d79-fe55fa60dfb7\r\n        Host Application = C:\\Windows\\System32\\WindowsPowerShell\\v1.0\\powershell.exe -ExecutionPolicy Bypass -File .\\2-powershell_logging_validation.ps1\r\n        Engine Version = 5.1.20348.558\r\n        Runspace ID = 27088b9b-a646-4de7-834a-2ce43101715d\r\n        Pipeline ID = 1\r\n        Command Name = Write-Host\r\n        Command Type = Cmdlet\r\n        Script Name = Z:\\blue_team\\2x02_eyes_on_endpoint\\2-powershell_logging_validation.ps1\r\n        Command Path = \r\n        Sequence Number = 138\r\n        User = MEDDEFENSE\\analyst\r\n        Connected User = \r\n        Shell ID = Microsoft.PowerShell\r\n\r\n\r\nUser Data:\r\n\r\n"
                   },
                   {
                       "timestamp":  "2026-08-08T12:09:03.0640972Z",
                       "hostname":  "DC01",
                       "platform":  "Windows",
                       "source_type":  "PowerShell",
                       "channel":  "Microsoft-Windows-PowerShell/Operational",
                       "event_id":  4103,
                       "event_category":  "powershell_module_logging",
                       "provider":  "Microsoft-Windows-PowerShell",
                       "raw_message":  "CommandInvocation(Write-Host): \"Write-Host\"\r\nParameterBinding(Write-Host): name=\"Object\"; value=\"==============================================\"\r\n\r\n\r\nContext:\r\n        Severity = Informational\r\n        Host Name = ConsoleHost\r\n        Host Version = 5.1.20348.558\r\n        Host ID = 09ddc6a8-f7b9-4d2c-8d79-fe55fa60dfb7\r\n        Host Application = C:\\Windows\\System32\\WindowsPowerShell\\v1.0\\powershell.exe -ExecutionPolicy Bypass -File .\\2-powershell_logging_validation.ps1\r\n        Engine Version = 5.1.20348.558\r\n        Runspace ID = 27088b9b-a646-4de7-834a-2ce43101715d\r\n        Pipeline ID = 1\r\n        Command Name = Write-Host\r\n        Command Type = Cmdlet\r\n        Script Name = Z:\\blue_team\\2x02_eyes_on_endpoint\\2-powershell_logging_validation.ps1\r\n        Command Path = \r\n        Sequence Number = 140\r\n        User = MEDDEFENSE\\analyst\r\n        Connected User = \r\n        Shell ID = Microsoft.PowerShell\r\n\r\n\r\nUser Data:\r\n\r\n"
                   },
                   {
                       "timestamp":  "2026-08-08T12:09:03.0665655Z",
                       "hostname":  "DC01",
                       "platform":  "Windows",
                       "source_type":  "PowerShell",
                       "channel":  "Microsoft-Windows-PowerShell/Operational",
                       "event_id":  4103,
                       "event_category":  "powershell_module_logging",
                       "provider":  "Microsoft-Windows-PowerShell",
                       "raw_message":  "CommandInvocation(Write-Host): \"Write-Host\"\r\nParameterBinding(Write-Host): name=\"Object\"; value=\"\"\r\n\r\n\r\nContext:\r\n        Severity = Informational\r\n        Host Name = ConsoleHost\r\n        Host Version = 5.1.20348.558\r\n        Host ID = 09ddc6a8-f7b9-4d2c-8d79-fe55fa60dfb7\r\n        Host Application = C:\\Windows\\System32\\WindowsPowerShell\\v1.0\\powershell.exe -ExecutionPolicy Bypass -File .\\2-powershell_logging_validation.ps1\r\n        Engine Version = 5.1.20348.558\r\n        Runspace ID = 27088b9b-a646-4de7-834a-2ce43101715d\r\n        Pipeline ID = 1\r\n        Command Name = Write-Host\r\n        Command Type = Cmdlet\r\n        Script Name = Z:\\blue_team\\2x02_eyes_on_endpoint\\2-powershell_logging_validation.ps1\r\n        Command Path = \r\n        Sequence Number = 142\r\n        User = MEDDEFENSE\\analyst\r\n        Connected User = \r\n        Shell ID = Microsoft.PowerShell\r\n\r\n\r\nUser Data:\r\n\r\n"
                   },
                   {
                       "timestamp":  "2026-08-08T12:09:03.0760637Z",
                       "hostname":  "DC01",
                       "platform":  "Windows",
                       "source_type":  "PowerShell",
                       "channel":  "Microsoft-Windows-PowerShell/Operational",
                       "event_id":  4103,
                       "event_category":  "powershell_module_logging",
                       "provider":  "Microsoft-Windows-PowerShell",
                       "raw_message":  "CommandInvocation(Write-Host): \"Write-Host\"\r\nParameterBinding(Write-Host): name=\"Object\"; value=\"Tests: 5 | Captured: 5 | Missed: 0\"\r\n\r\n\r\nContext:\r\n        Severity = Informational\r\n        Host Name = ConsoleHost\r\n        Host Version = 5.1.20348.558\r\n        Host ID = 09ddc6a8-f7b9-4d2c-8d79-fe55fa60dfb7\r\n        Host Application = C:\\Windows\\System32\\WindowsPowerShell\\v1.0\\powershell.exe -ExecutionPolicy Bypass -File .\\2-powershell_logging_validation.ps1\r\n        Engine Version = 5.1.20348.558\r\n        Runspace ID = 27088b9b-a646-4de7-834a-2ce43101715d\r\n        Pipeline ID = 1\r\n        Command Name = Write-Host\r\n        Command Type = Cmdlet\r\n        Script Name = Z:\\blue_team\\2x02_eyes_on_endpoint\\2-powershell_logging_validation.ps1\r\n        Command Path = \r\n        Sequence Number = 144\r\n        User = MEDDEFENSE\\analyst\r\n        Connected User = \r\n        Shell ID = Microsoft.PowerShell\r\n\r\n\r\nUser Data:\r\n\r\n"
                   },
                   {
                       "timestamp":  "2026-08-08T12:09:03.0816235Z",
                       "hostname":  "DC01",
                       "platform":  "Windows",
                       "source_type":  "PowerShell",
                       "channel":  "Microsoft-Windows-PowerShell/Operational",
                       "event_id":  4103,
                       "event_category":  "powershell_module_logging",
                       "provider":  "Microsoft-Windows-PowerShell",
                       "raw_message":  "CommandInvocation(Write-Host): \"Write-Host\"\r\nParameterBinding(Write-Host): name=\"Object\"; value=\"\"\r\n\r\n\r\nContext:\r\n        Severity = Informational\r\n        Host Name = ConsoleHost\r\n        Host Version = 5.1.20348.558\r\n        Host ID = 09ddc6a8-f7b9-4d2c-8d79-fe55fa60dfb7\r\n        Host Application = C:\\Windows\\System32\\WindowsPowerShell\\v1.0\\powershell.exe -ExecutionPolicy Bypass -File .\\2-powershell_logging_validation.ps1\r\n        Engine Version = 5.1.20348.558\r\n        Runspace ID = 27088b9b-a646-4de7-834a-2ce43101715d\r\n        Pipeline ID = 1\r\n        Command Name = Write-Host\r\n        Command Type = Cmdlet\r\n        Script Name = Z:\\blue_team\\2x02_eyes_on_endpoint\\2-powershell_logging_validation.ps1\r\n        Command Path = \r\n        Sequence Number = 146\r\n        User = MEDDEFENSE\\analyst\r\n        Connected User = \r\n        Shell ID = Microsoft.PowerShell\r\n\r\n\r\nUser Data:\r\n\r\n"
                   },
                   {
                       "timestamp":  "2026-08-08T12:09:03.0937674Z",
                       "hostname":  "DC01",
                       "platform":  "Windows",
                       "source_type":  "PowerShell",
                       "channel":  "Microsoft-Windows-PowerShell/Operational",
                       "event_id":  4103,
                       "event_category":  "powershell_module_logging",
                       "provider":  "Microsoft-Windows-PowerShell",
                       "raw_message":  "CommandInvocation(Write-Host): \"Write-Host\"\r\nParameterBinding(Write-Host): name=\"Object\"; value=\"[PASS] PowerShell logging coverage validated.\"\r\n\r\n\r\nContext:\r\n        Severity = Informational\r\n        Host Name = ConsoleHost\r\n        Host Version = 5.1.20348.558\r\n        Host ID = 09ddc6a8-f7b9-4d2c-8d79-fe55fa60dfb7\r\n        Host Application = C:\\Windows\\System32\\WindowsPowerShell\\v1.0\\powershell.exe -ExecutionPolicy Bypass -File .\\2-powershell_logging_validation.ps1\r\n        Engine Version = 5.1.20348.558\r\n        Runspace ID = 27088b9b-a646-4de7-834a-2ce43101715d\r\n        Pipeline ID = 1\r\n        Command Name = Write-Host\r\n        Command Type = Cmdlet\r\n        Script Name = Z:\\blue_team\\2x02_eyes_on_endpoint\\2-powershell_logging_validation.ps1\r\n        Command Path = \r\n        Sequence Number = 148\r\n        User = MEDDEFENSE\\analyst\r\n        Connected User = \r\n        Shell ID = Microsoft.PowerShell\r\n\r\n\r\nUser Data:\r\n\r\n"
                   },
                   {
                       "timestamp":  "2026-08-08T12:09:03.0944129Z",
                       "hostname":  "DC01",
                       "platform":  "Windows",
                       "source_type":  "PowerShell",
                       "channel":  "Microsoft-Windows-PowerShell/Operational",
                       "event_id":  4103,
                       "event_category":  "powershell_module_logging",
                       "provider":  "Microsoft-Windows-PowerShell",
                       "raw_message":  "CommandInvocation(2-powershell_logging_validation.ps1): \"2-powershell_logging_validation.ps1\"\r\nCommandInvocation(Out-Default): \"Out-Default\"\r\n\r\n\r\nContext:\r\n        Severity = Informational\r\n        Host Name = ConsoleHost\r\n        Host Version = 5.1.20348.558\r\n        Host ID = 09ddc6a8-f7b9-4d2c-8d79-fe55fa60dfb7\r\n        Host Application = C:\\Windows\\System32\\WindowsPowerShell\\v1.0\\powershell.exe -ExecutionPolicy Bypass -File .\\2-powershell_logging_validation.ps1\r\n        Engine Version = 5.1.20348.558\r\n        Runspace ID = 27088b9b-a646-4de7-834a-2ce43101715d\r\n        Pipeline ID = 1\r\n        Command Name = 2-powershell_logging_validation.ps1\r\n        Command Type = ExternalScript\r\n        Script Name = \r\n        Command Path = Z:\\blue_team\\2x02_eyes_on_endpoint\\2-powershell_logging_validation.ps1\r\n        Sequence Number = 150\r\n        User = MEDDEFENSE\\analyst\r\n        Connected User = \r\n        Shell ID = Microsoft.PowerShell\r\n\r\n\r\nUser Data:\r\n\r\n"
                   },
                   {
                       "timestamp":  "2026-08-08T12:09:38.9931151Z",
                       "hostname":  "DC01",
                       "platform":  "Windows",
                       "source_type":  "Security",
                       "channel":  "Security",
                       "event_id":  4624,
                       "event_category":  "authentication_success",
                       "provider":  "Microsoft-Windows-Security-Auditing",
                       "raw_message":  "An account was successfully logged on.\r\n\r\nSubject:\r\n\tSecurity ID:\t\tS-1-0-0\r\n\tAccount Name:\t\t-\r\n\tAccount Domain:\t\t-\r\n\tLogon ID:\t\t0x0\r\n\r\nLogon Information:\r\n\tLogon Type:\t\t3\r\n\tRestricted Admin Mode:\t-\r\n\tVirtual Account:\t\tNo\r\n\tElevated Token:\t\tYes\r\n\r\nImpersonation Level:\t\tImpersonation\r\n\r\nNew Logon:\r\n\tSecurity ID:\t\tS-1-5-18\r\n\tAccount Name:\t\tDC01$\r\n\tAccount Domain:\t\tMEDDEFENSE.LOCAL\r\n\tLogon ID:\t\t0x1693A6\r\n\tLinked Logon ID:\t\t0x0\r\n\tNetwork Account Name:\t-\r\n\tNetwork Account Domain:\t-\r\n\tLogon GUID:\t\t{541e211e-37db-6b1b-a555-4e291879b12e}\r\n\r\nProcess Information:\r\n\tProcess ID:\t\t0x0\r\n\tProcess Name:\t\t-\r\n\r\nNetwork Information:\r\n\tWorkstation Name:\t-\r\n\tSource Network Address:\t::1\r\n\tSource Port:\t\t55964\r\n\r\nDetailed Authentication Information:\r\n\tLogon Process:\t\tKerberos\r\n\tAuthentication Package:\tKerberos\r\n\tTransited Services:\t-\r\n\tPackage Name (NTLM only):\t-\r\n\tKey Length:\t\t0\r\n\r\nThis event is generated when a logon session is created. It is generated on the computer that was accessed.\r\n\r\nThe subject fields indicate the account on the local system which requested the logon. This is most commonly a service such as the Server service, or a local process such as Winlogon.exe or Services.exe.\r\n\r\nThe logon type field indicates the kind of logon that occurred. The most common types are 2 (interactive) and 3 (network).\r\n\r\nThe New Logon fields indicate the account for whom the new logon was created, i.e. the account that was logged on.\r\n\r\nThe network fields indicate where a remote logon request originated. Workstation name is not always available and may be left blank in some cases.\r\n\r\nThe impersonation level field indicates the extent to which a process in the logon session can impersonate.\r\n\r\nThe authentication information fields provide detailed information about this specific logon request.\r\n\t- Logon GUID is a unique identifier that can be used to correlate this event with a KDC event.\r\n\t- Transited services indicate which intermediate services have participated in this logon request.\r\n\t- Package name indicates which sub-protocol was used among the NTLM protocols.\r\n\t- Key length indicates the length of the generated session key. This will be 0 if no session key was requested.",
                       "target_user":  "DC01$",
                       "logon_type":  "3",
                       "source_ip":  "::1",
                       "workstation":  "-"
                   },
                   {
                       "timestamp":  "2026-08-08T12:10:39.8533124Z",
                       "hostname":  "DC01",
                       "platform":  "Windows",
                       "source_type":  "Security",
                       "channel":  "Security",
                       "event_id":  4624,
                       "event_category":  "authentication_success",
                       "provider":  "Microsoft-Windows-Security-Auditing",
                       "raw_message":  "An account was successfully logged on.\r\n\r\nSubject:\r\n\tSecurity ID:\t\tS-1-0-0\r\n\tAccount Name:\t\t-\r\n\tAccount Domain:\t\t-\r\n\tLogon ID:\t\t0x0\r\n\r\nLogon Information:\r\n\tLogon Type:\t\t3\r\n\tRestricted Admin Mode:\t-\r\n\tVirtual Account:\t\tNo\r\n\tElevated Token:\t\tYes\r\n\r\nImpersonation Level:\t\tImpersonation\r\n\r\nNew Logon:\r\n\tSecurity ID:\t\tS-1-5-18\r\n\tAccount Name:\t\tDC01$\r\n\tAccount Domain:\t\tMEDDEFENSE.LOCAL\r\n\tLogon ID:\t\t0x16B3D7\r\n\tLinked Logon ID:\t\t0x0\r\n\tNetwork Account Name:\t-\r\n\tNetwork Account Domain:\t-\r\n\tLogon GUID:\t\t{541e211e-37db-6b1b-a555-4e291879b12e}\r\n\r\nProcess Information:\r\n\tProcess ID:\t\t0x0\r\n\tProcess Name:\t\t-\r\n\r\nNetwork Information:\r\n\tWorkstation Name:\t-\r\n\tSource Network Address:\t::1\r\n\tSource Port:\t\t55965\r\n\r\nDetailed Authentication Information:\r\n\tLogon Process:\t\tKerberos\r\n\tAuthentication Package:\tKerberos\r\n\tTransited Services:\t-\r\n\tPackage Name (NTLM only):\t-\r\n\tKey Length:\t\t0\r\n\r\nThis event is generated when a logon session is created. It is generated on the computer that was accessed.\r\n\r\nThe subject fields indicate the account on the local system which requested the logon. This is most commonly a service such as the Server service, or a local process such as Winlogon.exe or Services.exe.\r\n\r\nThe logon type field indicates the kind of logon that occurred. The most common types are 2 (interactive) and 3 (network).\r\n\r\nThe New Logon fields indicate the account for whom the new logon was created, i.e. the account that was logged on.\r\n\r\nThe network fields indicate where a remote logon request originated. Workstation name is not always available and may be left blank in some cases.\r\n\r\nThe impersonation level field indicates the extent to which a process in the logon session can impersonate.\r\n\r\nThe authentication information fields provide detailed information about this specific logon request.\r\n\t- Logon GUID is a unique identifier that can be used to correlate this event with a KDC event.\r\n\t- Transited services indicate which intermediate services have participated in this logon request.\r\n\t- Package name indicates which sub-protocol was used among the NTLM protocols.\r\n\t- Key length indicates the length of the generated session key. This will be 0 if no session key was requested.",
                       "target_user":  "DC01$",
                       "logon_type":  "3",
                       "source_ip":  "::1",
                       "workstation":  "-"
                   },
