                   {
                       "timestamp":  "2026-08-08T12:08:54.4041974Z",
                       "hostname":  "DC01",
                       "platform":  "Windows",
                       "source_type":  "PowerShell",
                       "channel":  "Microsoft-Windows-PowerShell/Operational",
                       "event_id":  4104,
                       "event_category":  "powershell_script_block",
                       "provider":  "Microsoft-Windows-PowerShell",
                       "raw_message":  "Creating Scriptblock text (1 of 1):\r\n# name: 2-powershell_logging_validation.ps1\n# purpose: Validate PowerShell Script Block Logging, Module Logging and Transcription using controlled commands.\n# author: Pedro Cabral\n#\n# Project: 2x02 - Eyes on Endpoint\n# Task: 2 - PowerShell Logging Validation\n#\n# Required validation:\n# 1. Simple command Get-Process -\u003e Event ID 4104\n# 2. Encoded command -\u003e decoded content in Event ID 4104\n# 3. Import-Module ActiveDirectory -\u003e Event ID 4103\n# 4. Multi-line script block -\u003e full content in Event ID 4104\n# 5. PowerShell transcription -\u003e C:\\PSTranscripts\\*.txt\n#\n# Event IDs:\n# 4103 = PowerShell Module Logging\n# 4104 = PowerShell Script Block Logging\n#\n# Safety:\n# READ-ONLY with respect to security configuration.\n# The script only executes benign validation commands and reads logs/transcripts.\n\nSet-StrictMode -Version Latest\n$ErrorActionPreference = \"Stop\"\n\n# ===========================================================================\n# Configuration\n# ===========================================================================\n\n$PowerShellLog = \"Microsoft-Windows-PowerShell/Operational\"\n$TranscriptRoot = \"C:\\PSTranscripts\"\n\n$TotalTests = 5\n$CapturedTests = 0\n$MissedTests = 0\n\n$ScriptStartTimestamp = Get-Date\n\n# Unique markers prevent old log entries from producing false PASS results.\n$RunId = [guid]::NewGuid().ToString(\"N\")\n\n$SimpleMarker = \"MEDDEFENSE_SIMPLE_$RunId\"\n$EncodedMarker = \"MEDDEFENSE_ENCODED_$RunId\"\n$ModuleMarker = \"MEDDEFENSE_MODULE_$RunId\"\n$MultiLineMarkerStart = \"MEDDEFENSE_MULTILINE_START_$RunId\"\n$MultiLineMarkerEnd = \"MEDDEFENSE_MULTILINE_END_$RunId\"\n$TranscriptMarker = \"MEDDEFENSE_TRANSCRIPT_$RunId\"\n\n# Literal encoded command requested in the project example:\n# Write-Host \"Test\"\n$ExpectedExampleEncodedCommand = `\n    \"VwByAGkAdABlAC0ASABvAHMAdAAgACIAVABlAHMAdAAi\"\n\n# ===========================================================================\n# Helper functions\n# ===========================================================================\n\nfunction Write-TestResult {\n\n    param(\n        [Parameter(Mandatory = $true)]\n        [bool]$Passed,\n\n        [Parameter(Mandatory = $true)]\n        [string]$Message\n    )\n\n    if ($Passed) {\n\n        $script:CapturedTests++\n\n        Write-Host \"          $Message [PASS]\"\n    }\n    else {\n\n        $script:MissedTests++\n\n        Write-Host \"          $Message [FAIL]\"\n    }\n}\n\n\nfunction Test-PowerShellOperationalLog {\n\n    try {\n\n        $Log = Get-WinEvent `\n            -ListLog $PowerShellLog `\n            -ErrorAction Stop\n\n        return [bool]$Log.IsEnabled\n    }\n    catch {\n\n        return $false\n    }\n}\n\n\nfunction Get-PowerShellEvents {\n\n    param(\n        [Parameter(Mandatory = $true)]\n        [int]$EventId,\n\n        [Parameter(Mandatory = $true)]\n        [datetime]$StartTime\n    )\n\n    return @(\n        Get-WinEvent `\n            -FilterHashtable @{\n                LogName   = $PowerShellLog\n                Id        = $EventId\n                StartTime = $StartTime\n            } `\n            -ErrorAction SilentlyContinue\n    )\n}\n\n\nfunction Wait-ForEventMatch {\n\n    param(\n        [Parameter(Mandatory = $true)]\n        [int]$EventId,\n\n        [Parameter(Mandatory = $true)]\n        [datetime]$StartTime,\n\n        [Parameter(Mandatory = $true)]\n        [string[]]$RequiredPatterns,\n\n        [int]$TimeoutSeconds = 12\n    )\n\n    $Deadline = (Get-Date).AddSeconds($TimeoutSeconds)\n\n    do {\n\n        $Events = @(\n            Get-PowerShellEvents `\n                -EventId $EventId `\n                -StartTime $StartTime\n        )\n\n        foreach ($Event in $Events) {\n\n            $Message = [string]$Event.Message\n\n            $AllPatternsFound = $true\n\n            foreach ($Pattern in $RequiredPatterns) {\n\n                if (\n                    $Message -notmatch\n                    [regex]::Escape($Pattern)\n                ) {\n\n                    $AllPatternsFound = $false\n                    break\n                }\n            }\n\n            if ($AllPatternsFound) {\n\n                return $Event\n            }\n        }\n\n        Start-Sleep -Milliseconds 750\n\n    } while ((Get-Date) -lt $Deadline)\n\n    return $null\n}\n\n\nfunction Convert-ToEncodedPowerShellCommand {\n\n    param(\n        [Parameter(Mandatory = $true)]\n        [string]$Command\n    )\n\n    return [Convert]::ToBase64String(\n        [System.Text.Encoding]::Unicode.GetBytes(\n            $Command\n        )\n    )\n}\n\n\nfunction Get-NewTranscriptFiles {\n\n    param(\n        [Parameter(Mandatory = $true)]\n        [datetime]$StartTime\n    )\n\n    if (-not (Test-Path $TranscriptRoot)) {\n        return @()\n    }\n\n    return @(\n        Get-ChildItem `\n            -Path $TranscriptRoot `\n            -Filter \"*.txt\" `\n            -File `\n            -Recurse `\n            -ErrorAction SilentlyContinue |\n        Where-Object {\n            $_.LastWriteTime -ge $StartTime\n        } |\n        Sort-Object LastWriteTime -Descending\n    )\n}\n\n\nfunction Find-TranscriptMarker {\n\n    param(\n        [Parameter(Mandatory = $true)]\n        [datetime]$StartTime,\n\n        [Parameter(Mandatory = $true)]\n        [string]$Marker,\n\n        [int]$TimeoutSeconds = 12\n    )\n\n    $Deadline = (Get-Date).AddSeconds($TimeoutSeconds)\n\n    do {\n\n        $TranscriptFiles = @(\n            Get-NewTranscriptFiles `\n                -StartTime $StartTime\n        )\n\n        foreach ($Transcript in $TranscriptFiles) {\n\n            try {\n\n                $Content = Get-Content `\n                    -Path $Transcript.FullName `\n                    -Raw `\n                    -ErrorAction Stop\n\n                if (\n                    $Content -match\n                    [regex]::Escape($Marker)\n                ) {\n\n                    return $Transcript\n                }\n            }\n            catch {\n                # Transcript may still be open; retry until timeout.\n            }\n        }\n\n        Start-Sleep -Milliseconds 750\n\n    } while ((Get-Date) -lt $Deadline)\n\n    return $null\n}\n\n# ===========================================================================\n# Start\n# ===========================================================================\n\nWrite-Host \"\"\nWrite-Host \"==============================================\"\nWrite-Host \"MedDefense PowerShell Logging Validation\"\nWrite-Host \"==============================================\"\nWrite-Host \"\"\n\nWrite-Host \"[*] Testing PowerShell logging coverage...\"\nWrite-Host \"    timestamp: $($ScriptStartTimestamp.ToString(\u0027yyyy-MM-dd HH:mm:ss\u0027))\"\n\n# ===========================================================================\n# Validate PowerShell Operational log\n# ===========================================================================\n\nif (-not (Test-PowerShellOperationalLog)) {\n\n    Write-Host \"[FAIL] PowerShell Operational log is unavailable or disabled.\"\n    exit 1\n}\n\n# ===========================================================================\n# [1/5] Simple command - Event ID 4104\n# ===========================================================================\n\nWrite-Host \"\"\nWrite-Host \"    [1/5] Simple command (Get-Process)...\"\n\n$SimpleTimestamp = Get-Date\n\nWrite-Host `\n    \"          timestamp: $($SimpleTimestamp.ToString(\u0027yyyy-MM-dd HH:mm:ss\u0027))\"\n\n$SimpleCommand = @\"\n`$null = Get-Process\nWrite-Output \u0027$SimpleMarker\u0027\n\"@\n\n$SimpleEncoded = Convert-ToEncodedPowerShellCommand `\n    -Command $SimpleCommand\n\n\u0026 powershell.exe `\n    -NoProfile `\n    -NonInteractive `\n    -EncodedCommand $SimpleEncoded `\n    *\u003e $null\n\n$SimpleEvent = Wait-ForEventMatch `\n    -EventId 4104 `\n    -StartTime $SimpleTimestamp `\n    -RequiredPatterns @(\n        \"Get-Process\",\n        $SimpleMarker\n    )\n\nif ($null -ne $SimpleEvent) {\n\n    Write-TestResult `\n        -Passed $true `\n        -Message \u0027EID 4104: \"Get-Process\" captured - full content\u0027\n}\nelse {\n\n    Write-TestResult `\n        -Passed $false `\n        -Message \u0027EID 4104: \"Get-Process\" MISSED\u0027\n}\n\n# ===========================================================================\n# [2/5] Encoded command - Event ID 4104\n# ===========================================================================\n\nWrite-Host \"\"\nWrite-Host \"    [2/5] Encoded command...\"\n\n$EncodedTimestamp = Get-Date\n\nWrite-Host `\n    \"          timestamp: $($EncodedTimestamp.ToString(\u0027yyyy-MM-dd HH:mm:ss\u0027))\"\n\n# Requirement:\n# powershell -enc [base64 of Write-Host \"Test\"]\n#\n# A unique marker is added so this run cannot match an old Event ID 4104.\n\n$DecodedCommand = @\"\nWrite-Host \"Test\"\nWrite-Output \"$EncodedMarker\"\n\"@\n\n$EncodedCommand = Convert-ToEncodedPowerShellCommand `\n    -Command $DecodedCommand\n\nWrite-Host \"          Input: -enc $EncodedCommand\"\nWrite-Host `\n    \"          Reference example: -enc $ExpectedExampleEncodedCommand\"\n\n\u0026 powershell.exe `\n    -NoProfile `\n    -NonInteractive `\n    -enc $EncodedCommand `\n    *\u003e $null\n\n$EncodedEvent = Wait-ForEventMatch `\n    -EventId 4104 `\n    -StartTime $EncodedTimestamp `\n    -RequiredPatterns @(\n        \u0027Write-Host \"Test\"\u0027,\n        $EncodedMarker\n    )\n\nif ($null -ne $EncodedEvent) {\n\n    Write-TestResult `\n        -Passed $true `\n        -Message \u0027EID 4104: \"Write-Host `\"Test`\"\" decoded content captured - full content\u0027\n}\nelse {\n\n    Write-TestResult `\n        -Passed $false `\n        -Message \"EID 4104: encoded command decoded content MISSED\"\n}\n\n# ===========================================================================\n# [3/5] Module Logging - Event ID 4103\n# ===========================================================================\n\nWrite-Host \"\"\nWrite-Host \"    [3/5] Module import (Import-Module ActiveDirectory)...\"\n\n$ModuleTimestamp = Get-Date\n\nWrite-Host `\n    \"          timestamp: $($ModuleTimestamp.ToString(\u0027yyyy-MM-dd HH:mm:ss\u0027))\"\n\n# Execute a real ActiveDirectory module command after import.\n# This improves the probability of Module Logging generating useful 4103 data.\n\n$ModuleCommand = @\"\nImport-Module ActiveDirectory\n`$null = Get-ADDomain\nWrite-Output \"$ModuleMarker\"\n\"@\n\n$ModuleEncoded = Convert-ToEncodedPowerShellCommand `\n    -Command $ModuleCommand\n\n\u0026 powershell.exe `\n    -NoProfile `\n    -NonInteractive `\n    -EncodedCommand $ModuleEncoded `\n    *\u003e $null\n\n# First attempt: exact Import-Module ActiveDirectory evidence.\n$ModuleEvent = Wait-ForEventMatch `\n    -EventId 4103 `\n    -StartTime $ModuleTimestamp `\n    -RequiredPatterns @(\n        \"ActiveDirectory\"\n    )\n\nif ($null -ne $ModuleEvent) {\n\n    $ModuleMessage = [string]$ModuleEvent.Message\n\n    if (\n        $ModuleMessage -match\n        \"(?i)Import-Module\"\n    ) {\n\n        Write-TestResult `\n            -Passed $true `\n            -Message \u0027EID 4103: \"Import-Module ActiveDirectory\" captured - full detail\u0027\n    }\n    else {\n\n        Write-TestResult `\n            -Passed $true `\n            -Message \"EID 4103: ActiveDirectory module activity captured - partial command detail\"\n    }\n}\nelse {\n\n    Write-TestResult `\n        -Passed $false `\n        -Message \u0027EID 4103: \"Import-Module ActiveDirectory\" MISSED\u0027\n}\n\n# ===========================================================================\n# [4/5] Multi-line Script Block - Event ID 4104\n# ===========================================================================\n\nWrite-Host \"\"\nWrite-Host \"    [4/5] Multi-line script block...\"\n\n$MultiLineTimestamp = Get-Date\n\nWrite-Host `\n    \"          timestamp: $($MultiLineTimestamp.ToString(\u0027yyyy-MM-dd HH:mm:ss\u0027))\"\n\n# Exactly 12 controlled script lines.\n$MultiLineScript = @\"\nWrite-Output \"$MultiLineMarkerStart\"\n`$ProcessCount = (Get-Process).Count\n`$ServiceCount = (Get-Service).Count\n`$ComputerName = `$env:COMPUTERNAME\n`$CurrentUser = [System.Security.Principal.WindowsIdentity]::GetCurrent().Name\n`$CurrentDate = Get-Date\n`$PowerShellVersion = `$PSVersionTable.PSVersion.ToString()\n`$Domain = `$env:USERDOMAIN\n`$PathValue = `$env:PATH\n`$Result = \"`$ComputerName|`$ProcessCount|`$ServiceCount\"\nWrite-Output `$Result\nWrite-Output \"$MultiLineMarkerEnd\"\n\"@\n\n$MultiLineEncoded = Convert-ToEncodedPowerShellCommand `\n    -Command $MultiLineScript\n\n\u0026 powershell.exe `\n    -NoProfile `\n    -NonInteractive `\n    -EncodedCommand $MultiLineEncoded `\n    *\u003e $null\n\n$MultiLineEvent = Wait-ForEventMatch `\n    -EventId 4104 `\n    -StartTime $MultiLineTimestamp `\n    -RequiredPatterns @(\n        $MultiLineMarkerStart,\n        \u0027$ProcessCount\u0027,\n        \u0027$ServiceCount\u0027,\n        \u0027$ComputerName\u0027,\n        $MultiLineMarkerEnd\n    )\n\nif ($null -ne $MultiLineEvent) {\n\n    $CapturedScriptText = [string]$MultiLineEvent.Message\n\n    $ImportantLines = @(\n        $MultiLineMarkerStart,\n        \u0027$ProcessCount\u0027,\n        \u0027$ServiceCount\u0027,\n        \u0027$ComputerName\u0027,\n        \u0027$CurrentUser\u0027,\n        \u0027$CurrentDate\u0027,\n        \u0027$PowerShellVersion\u0027,\n        \u0027$Domain\u0027,\n        \u0027$PathValue\u0027,\n        \u0027$Result\u0027,\n        \u0027Write-Output $Result\u0027,\n        $MultiLineMarkerEnd\n    )\n\n    $FoundLineCount = 0\n\n    foreach ($ExpectedLine in $ImportantLines) {\n\n        if (\n            $CapturedScriptText -match\n            [regex]::Escape($ExpectedLine)\n        ) {\n\n            $FoundLineCount++\n        }\n    }\n\n    if ($FoundLineCount -eq 12) {\n\n        Write-TestResult `\n            -Passed $true `\n            -Message \"EID 4104: Full block captured (12 lines) - full content\"\n    }\n    else {\n\n        Write-TestResult `\n            -Passed $true `\n            -Message \"EID 4104: Block captured ($FoundLineCount/12 expected elements) - partial content\"\n    }\n}\nelse {\n\n    Write-TestResult `\n        -Passed $false `\n        -Message \"EID 4104: Multi-line script block MISSED\"\n}\n\n# ===========================================================================\n# [5/5] PowerShell Transcription\n# ===========================================================================\n\nWrite-Host \"\"\nWrite-Host \"    [5/5] Transcription file...\"\n\n$TranscriptTimestamp = Get-Date\n\nWrite-Host `\n    \"          timestamp: $($TranscriptTimestamp.ToString(\u0027yyyy-MM-dd HH:mm:ss\u0027))\"\n\n# A separate PowerShell session is intentionally started after the timestamp.\n# If transcription is configured by policy, this child session should create\n# a transcript containing this unique marker.\n\n$TranscriptCommand = @\"\nWrite-Output \"$TranscriptMarker\"\nGet-Date\nGet-Process -Id `$PID | Select-Object Id, ProcessName\n\"@\n\n$TranscriptEncoded = Convert-ToEncodedPowerShellCommand `\n    -Command $TranscriptCommand\n\n\u0026 powershell.exe `\n    -NoProfile `\n    -EncodedCommand $TranscriptEncoded `\n    *\u003e $null\n\n$TranscriptFile = Find-TranscriptMarker `\n    -StartTime $TranscriptTimestamp `\n    -Marker $TranscriptMarker\n\nif ($null -ne $TranscriptFile) {\n\n    Write-TestResult `\n        -Passed $true `\n        -Message \"C:\\PSTranscripts\\*.txt exists, session recorded - full content\"\n\n    Write-Host `\n        \"          Transcript: $($TranscriptFile.FullName)\"\n}\nelse {\n\n    $NewTranscripts = @(\n        Get-NewTranscriptFiles `\n            -StartTime $TranscriptTimestamp\n    )\n\n    if ($NewTranscripts.Count -gt 0) {\n\n        Write-TestResult `\n            -Passed $true `\n            -Message \"C:\\PSTranscripts\\*.txt created - transcript present, marker detail partial\"\n    }\n    else {\n\n        Write-TestResult `\n            -Passed $false `\n            -Message \"C:\\PSTranscripts\\*.txt MISSED\"\n    }\n}\n\n# ===========================================================================\n# Summary\n# ===========================================================================\n\nWrite-Host \"\"\nWrite-Host \"==============================================\"\nWrite-Host \"PowerShell Logging Validation Summary\"\nWrite-Host \"==============================================\"\nWrite-Host \"\"\n\nWrite-Host `\n    \"Tests: $TotalTests | Captured: $CapturedTests | Missed: $MissedTests\"\n\nWrite-Host \"\"\n\nif (\n    $CapturedTests -eq $TotalTests -and\n    $MissedTests -eq 0\n) {\n\n    Write-Host \"[PASS] PowerShell logging coverage validated.\"\n    exit 0\n}\nelse {\n\n    Write-Host \"[FAIL] One or more PowerShell logging layers missed expected telemetry.\"\n    exit 1\n}\r\n\r\nScriptBlock ID: f0cbc94b-1583-43aa-9293-c0efc1cc0cbd\r\nPath: Z:\\blue_team\\2x02_eyes_on_endpoint\\2-powershell_logging_validation.ps1",
                       "script_block_text":  "# name: 2-powershell_logging_validation.ps1\n# purpose: Validate PowerShell Script Block Logging, Module Logging and Transcription using controlled commands.\n# author: Pedro Cabral\n#\n# Project: 2x02 - Eyes on Endpoint\n# Task: 2 - PowerShell Logging Validation\n#\n# Required validation:\n# 1. Simple command Get-Process -\u003e Event ID 4104\n# 2. Encoded command -\u003e decoded content in Event ID 4104\n# 3. Import-Module ActiveDirectory -\u003e Event ID 4103\n# 4. Multi-line script block -\u003e full content in Event ID 4104\n# 5. PowerShell transcription -\u003e C:\\PSTranscripts\\*.txt\n#\n# Event IDs:\n# 4103 = PowerShell Module Logging\n# 4104 = PowerShell Script Block Logging\n#\n# Safety:\n# READ-ONLY with respect to security configuration.\n# The script only executes benign validation commands and reads logs/transcripts.\n\nSet-StrictMode -Version Latest\n$ErrorActionPreference = \"Stop\"\n\n# ===========================================================================\n# Configuration\n# ===========================================================================\n\n$PowerShellLog = \"Microsoft-Windows-PowerShell/Operational\"\n$TranscriptRoot = \"C:\\PSTranscripts\"\n\n$TotalTests = 5\n$CapturedTests = 0\n$MissedTests = 0\n\n$ScriptStartTimestamp = Get-Date\n\n# Unique markers prevent old log entries from producing false PASS results.\n$RunId = [guid]::NewGuid().ToString(\"N\")\n\n$SimpleMarker = \"MEDDEFENSE_SIMPLE_$RunId\"\n$EncodedMarker = \"MEDDEFENSE_ENCODED_$RunId\"\n$ModuleMarker = \"MEDDEFENSE_MODULE_$RunId\"\n$MultiLineMarkerStart = \"MEDDEFENSE_MULTILINE_START_$RunId\"\n$MultiLineMarkerEnd = \"MEDDEFENSE_MULTILINE_END_$RunId\"\n$TranscriptMarker = \"MEDDEFENSE_TRANSCRIPT_$RunId\"\n\n# Literal encoded command requested in the project example:\n# Write-Host \"Test\"\n$ExpectedExampleEncodedCommand = `\n    \"VwByAGkAdABlAC0ASABvAHMAdAAgACIAVABlAHMAdAAi\"\n\n# ===========================================================================\n# Helper functions\n# ===========================================================================\n\nfunction Write-TestResult {\n\n    param(\n        [Parameter(Mandatory = $true)]\n        [bool]$Passed,\n\n        [Parameter(Mandatory = $true)]\n        [string]$Message\n    )\n\n    if ($Passed) {\n\n        $script:CapturedTests++\n\n        Write-Host \"          $Message [PASS]\"\n    }\n    else {\n\n        $script:MissedTests++\n\n        Write-Host \"          $Message [FAIL]\"\n    }\n}\n\n\nfunction Test-PowerShellOperationalLog {\n\n    try {\n\n        $Log = Get-WinEvent `\n            -ListLog $PowerShellLog `\n            -ErrorAction Stop\n\n        return [bool]$Log.IsEnabled\n    }\n    catch {\n\n        return $false\n    }\n}\n\n\nfunction Get-PowerShellEvents {\n\n    param(\n        [Parameter(Mandatory = $true)]\n        [int]$EventId,\n\n        [Parameter(Mandatory = $true)]\n        [datetime]$StartTime\n    )\n\n    return @(\n        Get-WinEvent `\n            -FilterHashtable @{\n                LogName   = $PowerShellLog\n                Id        = $EventId\n                StartTime = $StartTime\n            } `\n            -ErrorAction SilentlyContinue\n    )\n}\n\n\nfunction Wait-ForEventMatch {\n\n    param(\n        [Parameter(Mandatory = $true)]\n        [int]$EventId,\n\n        [Parameter(Mandatory = $true)]\n        [datetime]$StartTime,\n\n        [Parameter(Mandatory = $true)]\n        [string[]]$RequiredPatterns,\n\n        [int]$TimeoutSeconds = 12\n    )\n\n    $Deadline = (Get-Date).AddSeconds($TimeoutSeconds)\n\n    do {\n\n        $Events = @(\n            Get-PowerShellEvents `\n                -EventId $EventId `\n                -StartTime $StartTime\n        )\n\n        foreach ($Event in $Events) {\n\n            $Message = [string]$Event.Message\n\n            $AllPatternsFound = $true\n\n            foreach ($Pattern in $RequiredPatterns) {\n\n                if (\n                    $Message -notmatch\n                    [regex]::Escape($Pattern)\n                ) {\n\n                    $AllPatternsFound = $false\n                    break\n                }\n            }\n\n            if ($AllPatternsFound) {\n\n                return $Event\n            }\n        }\n\n        Start-Sleep -Milliseconds 750\n\n    } while ((Get-Date) -lt $Deadline)\n\n    return $null\n}\n\n\nfunction Convert-ToEncodedPowerShellCommand {\n\n    param(\n        [Parameter(Mandatory = $true)]\n        [string]$Command\n    )\n\n    return [Convert]::ToBase64String(\n        [System.Text.Encoding]::Unicode.GetBytes(\n            $Command\n        )\n    )\n}\n\n\nfunction Get-NewTranscriptFiles {\n\n    param(\n        [Parameter(Mandatory = $true)]\n        [datetime]$StartTime\n    )\n\n    if (-not (Test-Path $TranscriptRoot)) {\n        return @()\n    }\n\n    return @(\n        Get-ChildItem `\n            -Path $TranscriptRoot `\n            -Filter \"*.txt\" `\n            -File `\n            -Recurse `\n            -ErrorAction SilentlyContinue |\n        Where-Object {\n            $_.LastWriteTime -ge $StartTime\n        } |\n        Sort-Object LastWriteTime -Descending\n    )\n}\n\n\nfunction Find-TranscriptMarker {\n\n    param(\n        [Parameter(Mandatory = $true)]\n        [datetime]$StartTime,\n\n        [Parameter(Mandatory = $true)]\n        [string]$Marker,\n\n        [int]$TimeoutSeconds = 12\n    )\n\n    $Deadline = (Get-Date).AddSeconds($TimeoutSeconds)\n\n    do {\n\n        $TranscriptFiles = @(\n            Get-NewTranscriptFiles `\n                -StartTime $StartTime\n        )\n\n        foreach ($Transcript in $TranscriptFiles) {\n\n            try {\n\n                $Content = Get-Content `\n                    -Path $Transcript.FullName `\n                    -Raw `\n                    -ErrorAction Stop\n\n                if (\n                    $Content -match\n                    [regex]::Escape($Marker)\n                ) {\n\n                    return $Transcript\n                }\n            }\n            catch {\n                # Transcript may still be open; retry until timeout.\n            }\n        }\n\n        Start-Sleep -Milliseconds 750\n\n    } while ((Get-Date) -lt $Deadline)\n\n    return $null\n}\n\n# ===========================================================================\n# Start\n# ===========================================================================\n\nWrite-Host \"\"\nWrite-Host \"==============================================\"\nWrite-Host \"MedDefense PowerShell Logging Validation\"\nWrite-Host \"==============================================\"\nWrite-Host \"\"\n\nWrite-Host \"[*] Testing PowerShell logging coverage...\"\nWrite-Host \"    timestamp: $($ScriptStartTimestamp.ToString(\u0027yyyy-MM-dd HH:mm:ss\u0027))\"\n\n# ===========================================================================\n# Validate PowerShell Operational log\n# ===========================================================================\n\nif (-not (Test-PowerShellOperationalLog)) {\n\n    Write-Host \"[FAIL] PowerShell Operational log is unavailable or disabled.\"\n    exit 1\n}\n\n# ===========================================================================\n# [1/5] Simple command - Event ID 4104\n# ===========================================================================\n\nWrite-Host \"\"\nWrite-Host \"    [1/5] Simple command (Get-Process)...\"\n\n$SimpleTimestamp = Get-Date\n\nWrite-Host `\n    \"          timestamp: $($SimpleTimestamp.ToString(\u0027yyyy-MM-dd HH:mm:ss\u0027))\"\n\n$SimpleCommand = @\"\n`$null = Get-Process\nWrite-Output \u0027$SimpleMarker\u0027\n\"@\n\n$SimpleEncoded = Convert-ToEncodedPowerShellCommand `\n    -Command $SimpleCommand\n\n\u0026 powershell.exe `\n    -NoProfile `\n    -NonInteractive `\n    -EncodedCommand $SimpleEncoded `\n    *\u003e $null\n\n$SimpleEvent = Wait-ForEventMatch `\n    -EventId 4104 `\n    -StartTime $SimpleTimestamp `\n    -RequiredPatterns @(\n        \"Get-Process\",\n        $SimpleMarker\n    )\n\nif ($null -ne $SimpleEvent) {\n\n    Write-TestResult `\n        -Passed $true `\n        -Message \u0027EID 4104: \"Get-Process\" captured - full content\u0027\n}\nelse {\n\n    Write-TestResult `\n        -Passed $false `\n        -Message \u0027EID 4104: \"Get-Process\" MISSED\u0027\n}\n\n# ===========================================================================\n# [2/5] Encoded command - Event ID 4104\n# ===========================================================================\n\nWrite-Host \"\"\nWrite-Host \"    [2/5] Encoded command...\"\n\n$EncodedTimestamp = Get-Date\n\nWrite-Host `\n    \"          timestamp: $($EncodedTimestamp.ToString(\u0027yyyy-MM-dd HH:mm:ss\u0027))\"\n\n# Requirement:\n# powershell -enc [base64 of Write-Host \"Test\"]\n#\n# A unique marker is added so this run cannot match an old Event ID 4104.\n\n$DecodedCommand = @\"\nWrite-Host \"Test\"\nWrite-Output \"$EncodedMarker\"\n\"@\n\n$EncodedCommand = Convert-ToEncodedPowerShellCommand `\n    -Command $DecodedCommand\n\nWrite-Host \"          Input: -enc $EncodedCommand\"\nWrite-Host `\n    \"          Reference example: -enc $ExpectedExampleEncodedCommand\"\n\n\u0026 powershell.exe `\n    -NoProfile `\n    -NonInteractive `\n    -enc $EncodedCommand `\n    *\u003e $null\n\n$EncodedEvent = Wait-ForEventMatch `\n    -EventId 4104 `\n    -StartTime $EncodedTimestamp `\n    -RequiredPatterns @(\n        \u0027Write-Host \"Test\"\u0027,\n        $EncodedMarker\n    )\n\nif ($null -ne $EncodedEvent) {\n\n    Write-TestResult `\n        -Passed $true `\n        -Message \u0027EID 4104: \"Write-Host `\"Test`\"\" decoded content captured - full content\u0027\n}\nelse {\n\n    Write-TestResult `\n        -Passed $false `\n        -Message \"EID 4104: encoded command decoded content MISSED\"\n}\n\n# ===========================================================================\n# [3/5] Module Logging - Event ID 4103\n# ===========================================================================\n\nWrite-Host \"\"\nWrite-Host \"    [3/5] Module import (Import-Module ActiveDirectory)...\"\n\n$ModuleTimestamp = Get-Date\n\nWrite-Host `\n    \"          timestamp: $($ModuleTimestamp.ToString(\u0027yyyy-MM-dd HH:mm:ss\u0027))\"\n\n# Execute a real ActiveDirectory module command after import.\n# This improves the probability of Module Logging generating useful 4103 data.\n\n$ModuleCommand = @\"\nImport-Module ActiveDirectory\n`$null = Get-ADDomain\nWrite-Output \"$ModuleMarker\"\n\"@\n\n$ModuleEncoded = Convert-ToEncodedPowerShellCommand `\n    -Command $ModuleCommand\n\n\u0026 powershell.exe `\n    -NoProfile `\n    -NonInteractive `\n    -EncodedCommand $ModuleEncoded `\n    *\u003e $null\n\n# First attempt: exact Import-Module ActiveDirectory evidence.\n$ModuleEvent = Wait-ForEventMatch `\n    -EventId 4103 `\n    -StartTime $ModuleTimestamp `\n    -RequiredPatterns @(\n        \"ActiveDirectory\"\n    )\n\nif ($null -ne $ModuleEvent) {\n\n    $ModuleMessage = [string]$ModuleEvent.Message\n\n    if (\n        $ModuleMessage -match\n        \"(?i)Import-Module\"\n    ) {\n\n        Write-TestResult `\n            -Passed $true `\n            -Message \u0027EID 4103: \"Import-Module ActiveDirectory\" captured - full detail\u0027\n    }\n    else {\n\n        Write-TestResult `\n            -Passed $true `\n            -Message \"EID 4103: ActiveDirectory module activity captured - partial command detail\"\n    }\n}\nelse {\n\n    Write-TestResult `\n        -Passed $false `\n        -Message \u0027EID 4103: \"Import-Module ActiveDirectory\" MISSED\u0027\n}\n\n# ===========================================================================\n# [4/5] Multi-line Script Block - Event ID 4104\n# ===========================================================================\n\nWrite-Host \"\"\nWrite-Host \"    [4/5] Multi-line script block...\"\n\n$MultiLineTimestamp = Get-Date\n\nWrite-Host `\n    \"          timestamp: $($MultiLineTimestamp.ToString(\u0027yyyy-MM-dd HH:mm:ss\u0027))\"\n\n# Exactly 12 controlled script lines.\n$MultiLineScript = @\"\nWrite-Output \"$MultiLineMarkerStart\"\n`$ProcessCount = (Get-Process).Count\n`$ServiceCount = (Get-Service).Count\n`$ComputerName = `$env:COMPUTERNAME\n`$CurrentUser = [System.Security.Principal.WindowsIdentity]::GetCurrent().Name\n`$CurrentDate = Get-Date\n`$PowerShellVersion = `$PSVersionTable.PSVersion.ToString()\n`$Domain = `$env:USERDOMAIN\n`$PathValue = `$env:PATH\n`$Result = \"`$ComputerName|`$ProcessCount|`$ServiceCount\"\nWrite-Output `$Result\nWrite-Output \"$MultiLineMarkerEnd\"\n\"@\n\n$MultiLineEncoded = Convert-ToEncodedPowerShellCommand `\n    -Command $MultiLineScript\n\n\u0026 powershell.exe `\n    -NoProfile `\n    -NonInteractive `\n    -EncodedCommand $MultiLineEncoded `\n    *\u003e $null\n\n$MultiLineEvent = Wait-ForEventMatch `\n    -EventId 4104 `\n    -StartTime $MultiLineTimestamp `\n    -RequiredPatterns @(\n        $MultiLineMarkerStart,\n        \u0027$ProcessCount\u0027,\n        \u0027$ServiceCount\u0027,\n        \u0027$ComputerName\u0027,\n        $MultiLineMarkerEnd\n    )\n\nif ($null -ne $MultiLineEvent) {\n\n    $CapturedScriptText = [string]$MultiLineEvent.Message\n\n    $ImportantLines = @(\n        $MultiLineMarkerStart,\n        \u0027$ProcessCount\u0027,\n        \u0027$ServiceCount\u0027,\n        \u0027$ComputerName\u0027,\n        \u0027$CurrentUser\u0027,\n        \u0027$CurrentDate\u0027,\n        \u0027$PowerShellVersion\u0027,\n        \u0027$Domain\u0027,\n        \u0027$PathValue\u0027,\n        \u0027$Result\u0027,\n        \u0027Write-Output $Result\u0027,\n        $MultiLineMarkerEnd\n    )\n\n    $FoundLineCount = 0\n\n    foreach ($ExpectedLine in $ImportantLines) {\n\n        if (\n            $CapturedScriptText -match\n            [regex]::Escape($ExpectedLine)\n        ) {\n\n            $FoundLineCount++\n        }\n    }\n\n    if ($FoundLineCount -eq 12) {\n\n        Write-TestResult `\n            -Passed $true `\n            -Message \"EID 4104: Full block captured (12 lines) - full content\"\n    }\n    else {\n\n        Write-TestResult `\n            -Passed $true `\n            -Message \"EID 4104: Block captured ($FoundLineCount/12 expected elements) - partial content\"\n    }\n}\nelse {\n\n    Write-TestResult `\n        -Passed $false `\n        -Message \"EID 4104: Multi-line script block MISSED\"\n}\n\n# ===========================================================================\n# [5/5] PowerShell Transcription\n# ===========================================================================\n\nWrite-Host \"\"\nWrite-Host \"    [5/5] Transcription file...\"\n\n$TranscriptTimestamp = Get-Date\n\nWrite-Host `\n    \"          timestamp: $($TranscriptTimestamp.ToString(\u0027yyyy-MM-dd HH:mm:ss\u0027))\"\n\n# A separate PowerShell session is intentionally started after the timestamp.\n# If transcription is configured by policy, this child session should create\n# a transcript containing this unique marker.\n\n$TranscriptCommand = @\"\nWrite-Output \"$TranscriptMarker\"\nGet-Date\nGet-Process -Id `$PID | Select-Object Id, ProcessName\n\"@\n\n$TranscriptEncoded = Convert-ToEncodedPowerShellCommand `\n    -Command $TranscriptCommand\n\n\u0026 powershell.exe `\n    -NoProfile `\n    -EncodedCommand $TranscriptEncoded `\n    *\u003e $null\n\n$TranscriptFile = Find-TranscriptMarker `\n    -StartTime $TranscriptTimestamp `\n    -Marker $TranscriptMarker\n\nif ($null -ne $TranscriptFile) {\n\n    Write-TestResult `\n        -Passed $true `\n        -Message \"C:\\PSTranscripts\\*.txt exists, session recorded - full content\"\n\n    Write-Host `\n        \"          Transcript: $($TranscriptFile.FullName)\"\n}\nelse {\n\n    $NewTranscripts = @(\n        Get-NewTranscriptFiles `\n            -StartTime $TranscriptTimestamp\n    )\n\n    if ($NewTranscripts.Count -gt 0) {\n\n        Write-TestResult `\n            -Passed $true `\n            -Message \"C:\\PSTranscripts\\*.txt created - transcript present, marker detail partial\"\n    }\n    else {\n\n        Write-TestResult `\n            -Passed $false `\n            -Message \"C:\\PSTranscripts\\*.txt MISSED\"\n    }\n}\n\n# ===========================================================================\n# Summary\n# ===========================================================================\n\nWrite-Host \"\"\nWrite-Host \"==============================================\"\nWrite-Host \"PowerShell Logging Validation Summary\"\nWrite-Host \"==============================================\"\nWrite-Host \"\"\n\nWrite-Host `\n    \"Tests: $TotalTests | Captured: $CapturedTests | Missed: $MissedTests\"\n\nWrite-Host \"\"\n\nif (\n    $CapturedTests -eq $TotalTests -and\n    $MissedTests -eq 0\n) {\n\n    Write-Host \"[PASS] PowerShell logging coverage validated.\"\n    exit 0\n}\nelse {\n\n    Write-Host \"[FAIL] One or more PowerShell logging layers missed expected telemetry.\"\n    exit 1\n}",
                       "script_block_decoded":  true
                   },
                   {
                       "timestamp":  "2026-08-08T12:08:54.4089406Z",
                       "hostname":  "DC01",
                       "platform":  "Windows",
                       "source_type":  "PowerShell",
                       "channel":  "Microsoft-Windows-PowerShell/Operational",
                       "event_id":  4103,
                       "event_category":  "powershell_module_logging",
                       "provider":  "Microsoft-Windows-PowerShell",
                       "raw_message":  "CommandInvocation(Set-StrictMode): \"Set-StrictMode\"\r\nParameterBinding(Set-StrictMode): name=\"Version\"; value=\"5.1.20348.558\"\r\n\r\n\r\nContext:\r\n        Severity = Informational\r\n        Host Name = ConsoleHost\r\n        Host Version = 5.1.20348.558\r\n        Host ID = 09ddc6a8-f7b9-4d2c-8d79-fe55fa60dfb7\r\n        Host Application = C:\\Windows\\System32\\WindowsPowerShell\\v1.0\\powershell.exe -ExecutionPolicy Bypass -File .\\2-powershell_logging_validation.ps1\r\n        Engine Version = 5.1.20348.558\r\n        Runspace ID = 27088b9b-a646-4de7-834a-2ce43101715d\r\n        Pipeline ID = 1\r\n        Command Name = Set-StrictMode\r\n        Command Type = Cmdlet\r\n        Script Name = Z:\\blue_team\\2x02_eyes_on_endpoint\\2-powershell_logging_validation.ps1\r\n        Command Path = \r\n        Sequence Number = 16\r\n        User = MEDDEFENSE\\analyst\r\n        Connected User = \r\n        Shell ID = Microsoft.PowerShell\r\n\r\n\r\nUser Data:\r\n\r\n"
                   },
                   {
                       "timestamp":  "2026-08-08T12:08:54.4923418Z",
                       "hostname":  "DC01",
                       "platform":  "Windows",
                       "source_type":  "PowerShell",
                       "channel":  "Microsoft-Windows-PowerShell/Operational",
                       "event_id":  4103,
                       "event_category":  "powershell_module_logging",
                       "provider":  "Microsoft-Windows-PowerShell",
                       "raw_message":  "CommandInvocation(Get-Date): \"Get-Date\"\r\n\r\n\r\nContext:\r\n        Severity = Informational\r\n        Host Name = ConsoleHost\r\n        Host Version = 5.1.20348.558\r\n        Host ID = 09ddc6a8-f7b9-4d2c-8d79-fe55fa60dfb7\r\n        Host Application = C:\\Windows\\System32\\WindowsPowerShell\\v1.0\\powershell.exe -ExecutionPolicy Bypass -File .\\2-powershell_logging_validation.ps1\r\n        Engine Version = 5.1.20348.558\r\n        Runspace ID = 27088b9b-a646-4de7-834a-2ce43101715d\r\n        Pipeline ID = 1\r\n        Command Name = Get-Date\r\n        Command Type = Cmdlet\r\n        Script Name = Z:\\blue_team\\2x02_eyes_on_endpoint\\2-powershell_logging_validation.ps1\r\n        Command Path = \r\n        Sequence Number = 18\r\n        User = MEDDEFENSE\\analyst\r\n        Connected User = \r\n        Shell ID = Microsoft.PowerShell\r\n\r\n\r\nUser Data:\r\n\r\n"
                   },
                   {
                       "timestamp":  "2026-08-08T12:08:54.5240446Z",
                       "hostname":  "DC01",
                       "platform":  "Windows",
                       "source_type":  "PowerShell",
                       "channel":  "Microsoft-Windows-PowerShell/Operational",
                       "event_id":  4103,
                       "event_category":  "powershell_module_logging",
                       "provider":  "Microsoft-Windows-PowerShell",
                       "raw_message":  "CommandInvocation(Write-Host): \"Write-Host\"\r\nParameterBinding(Write-Host): name=\"Object\"; value=\"\"\r\n\r\n\r\nContext:\r\n        Severity = Informational\r\n        Host Name = ConsoleHost\r\n        Host Version = 5.1.20348.558\r\n        Host ID = 09ddc6a8-f7b9-4d2c-8d79-fe55fa60dfb7\r\n        Host Application = C:\\Windows\\System32\\WindowsPowerShell\\v1.0\\powershell.exe -ExecutionPolicy Bypass -File .\\2-powershell_logging_validation.ps1\r\n        Engine Version = 5.1.20348.558\r\n        Runspace ID = 27088b9b-a646-4de7-834a-2ce43101715d\r\n        Pipeline ID = 1\r\n        Command Name = Write-Host\r\n        Command Type = Cmdlet\r\n        Script Name = Z:\\blue_team\\2x02_eyes_on_endpoint\\2-powershell_logging_validation.ps1\r\n        Command Path = \r\n        Sequence Number = 20\r\n        User = MEDDEFENSE\\analyst\r\n        Connected User = \r\n        Shell ID = Microsoft.PowerShell\r\n\r\n\r\nUser Data:\r\n\r\n"
                   },
                   {
                       "timestamp":  "2026-08-08T12:08:54.5338112Z",
                       "hostname":  "DC01",
                       "platform":  "Windows",
                       "source_type":  "PowerShell",
                       "channel":  "Microsoft-Windows-PowerShell/Operational",
                       "event_id":  4103,
                       "event_category":  "powershell_module_logging",
                       "provider":  "Microsoft-Windows-PowerShell",
                       "raw_message":  "CommandInvocation(Write-Host): \"Write-Host\"\r\nParameterBinding(Write-Host): name=\"Object\"; value=\"==============================================\"\r\n\r\n\r\nContext:\r\n        Severity = Informational\r\n        Host Name = ConsoleHost\r\n        Host Version = 5.1.20348.558\r\n        Host ID = 09ddc6a8-f7b9-4d2c-8d79-fe55fa60dfb7\r\n        Host Application = C:\\Windows\\System32\\WindowsPowerShell\\v1.0\\powershell.exe -ExecutionPolicy Bypass -File .\\2-powershell_logging_validation.ps1\r\n        Engine Version = 5.1.20348.558\r\n        Runspace ID = 27088b9b-a646-4de7-834a-2ce43101715d\r\n        Pipeline ID = 1\r\n        Command Name = Write-Host\r\n        Command Type = Cmdlet\r\n        Script Name = Z:\\blue_team\\2x02_eyes_on_endpoint\\2-powershell_logging_validation.ps1\r\n        Command Path = \r\n        Sequence Number = 22\r\n        User = MEDDEFENSE\\analyst\r\n        Connected User = \r\n        Shell ID = Microsoft.PowerShell\r\n\r\n\r\nUser Data:\r\n\r\n"
                   },
                   {
                       "timestamp":  "2026-08-08T12:08:54.5439337Z",
                       "hostname":  "DC01",
                       "platform":  "Windows",
                       "source_type":  "PowerShell",
                       "channel":  "Microsoft-Windows-PowerShell/Operational",
                       "event_id":  4103,
                       "event_category":  "powershell_module_logging",
                       "provider":  "Microsoft-Windows-PowerShell",
                       "raw_message":  "CommandInvocation(Write-Host): \"Write-Host\"\r\nParameterBinding(Write-Host): name=\"Object\"; value=\"MedDefense PowerShell Logging Validation\"\r\n\r\n\r\nContext:\r\n        Severity = Informational\r\n        Host Name = ConsoleHost\r\n        Host Version = 5.1.20348.558\r\n        Host ID = 09ddc6a8-f7b9-4d2c-8d79-fe55fa60dfb7\r\n        Host Application = C:\\Windows\\System32\\WindowsPowerShell\\v1.0\\powershell.exe -ExecutionPolicy Bypass -File .\\2-powershell_logging_validation.ps1\r\n        Engine Version = 5.1.20348.558\r\n        Runspace ID = 27088b9b-a646-4de7-834a-2ce43101715d\r\n        Pipeline ID = 1\r\n        Command Name = Write-Host\r\n        Command Type = Cmdlet\r\n        Script Name = Z:\\blue_team\\2x02_eyes_on_endpoint\\2-powershell_logging_validation.ps1\r\n        Command Path = \r\n        Sequence Number = 24\r\n        User = MEDDEFENSE\\analyst\r\n        Connected User = \r\n        Shell ID = Microsoft.PowerShell\r\n\r\n\r\nUser Data:\r\n\r\n"
                   },
                   {
                       "timestamp":  "2026-08-08T12:08:54.5531996Z",
                       "hostname":  "DC01",
                       "platform":  "Windows",
                       "source_type":  "PowerShell",
                       "channel":  "Microsoft-Windows-PowerShell/Operational",
                       "event_id":  4103,
                       "event_category":  "powershell_module_logging",
                       "provider":  "Microsoft-Windows-PowerShell",
                       "raw_message":  "CommandInvocation(Write-Host): \"Write-Host\"\r\nParameterBinding(Write-Host): name=\"Object\"; value=\"==============================================\"\r\n\r\n\r\nContext:\r\n        Severity = Informational\r\n        Host Name = ConsoleHost\r\n        Host Version = 5.1.20348.558\r\n        Host ID = 09ddc6a8-f7b9-4d2c-8d79-fe55fa60dfb7\r\n        Host Application = C:\\Windows\\System32\\WindowsPowerShell\\v1.0\\powershell.exe -ExecutionPolicy Bypass -File .\\2-powershell_logging_validation.ps1\r\n        Engine Version = 5.1.20348.558\r\n        Runspace ID = 27088b9b-a646-4de7-834a-2ce43101715d\r\n        Pipeline ID = 1\r\n        Command Name = Write-Host\r\n        Command Type = Cmdlet\r\n        Script Name = Z:\\blue_team\\2x02_eyes_on_endpoint\\2-powershell_logging_validation.ps1\r\n        Command Path = \r\n        Sequence Number = 26\r\n        User = MEDDEFENSE\\analyst\r\n        Connected User = \r\n        Shell ID = Microsoft.PowerShell\r\n\r\n\r\nUser Data:\r\n\r\n"
                   },
                   {
                       "timestamp":  "2026-08-08T12:08:54.5564365Z",
                       "hostname":  "DC01",
                       "platform":  "Windows",
                       "source_type":  "PowerShell",
                       "channel":  "Microsoft-Windows-PowerShell/Operational",
                       "event_id":  4103,
                       "event_category":  "powershell_module_logging",
                       "provider":  "Microsoft-Windows-PowerShell",
                       "raw_message":  "CommandInvocation(Write-Host): \"Write-Host\"\r\nParameterBinding(Write-Host): name=\"Object\"; value=\"\"\r\n\r\n\r\nContext:\r\n        Severity = Informational\r\n        Host Name = ConsoleHost\r\n        Host Version = 5.1.20348.558\r\n        Host ID = 09ddc6a8-f7b9-4d2c-8d79-fe55fa60dfb7\r\n        Host Application = C:\\Windows\\System32\\WindowsPowerShell\\v1.0\\powershell.exe -ExecutionPolicy Bypass -File .\\2-powershell_logging_validation.ps1\r\n        Engine Version = 5.1.20348.558\r\n        Runspace ID = 27088b9b-a646-4de7-834a-2ce43101715d\r\n        Pipeline ID = 1\r\n        Command Name = Write-Host\r\n        Command Type = Cmdlet\r\n        Script Name = Z:\\blue_team\\2x02_eyes_on_endpoint\\2-powershell_logging_validation.ps1\r\n        Command Path = \r\n        Sequence Number = 28\r\n        User = MEDDEFENSE\\analyst\r\n        Connected User = \r\n        Shell ID = Microsoft.PowerShell\r\n\r\n\r\nUser Data:\r\n\r\n"
                   },
                   {
                       "timestamp":  "2026-08-08T12:08:54.5661865Z",
                       "hostname":  "DC01",
                       "platform":  "Windows",
                       "source_type":  "PowerShell",
                       "channel":  "Microsoft-Windows-PowerShell/Operational",
                       "event_id":  4103,
                       "event_category":  "powershell_module_logging",
                       "provider":  "Microsoft-Windows-PowerShell",
                       "raw_message":  "CommandInvocation(Write-Host): \"Write-Host\"\r\nParameterBinding(Write-Host): name=\"Object\"; value=\"[*] Testing PowerShell logging coverage...\"\r\n\r\n\r\nContext:\r\n        Severity = Informational\r\n        Host Name = ConsoleHost\r\n        Host Version = 5.1.20348.558\r\n        Host ID = 09ddc6a8-f7b9-4d2c-8d79-fe55fa60dfb7\r\n        Host Application = C:\\Windows\\System32\\WindowsPowerShell\\v1.0\\powershell.exe -ExecutionPolicy Bypass -File .\\2-powershell_logging_validation.ps1\r\n        Engine Version = 5.1.20348.558\r\n        Runspace ID = 27088b9b-a646-4de7-834a-2ce43101715d\r\n        Pipeline ID = 1\r\n        Command Name = Write-Host\r\n        Command Type = Cmdlet\r\n        Script Name = Z:\\blue_team\\2x02_eyes_on_endpoint\\2-powershell_logging_validation.ps1\r\n        Command Path = \r\n        Sequence Number = 30\r\n        User = MEDDEFENSE\\analyst\r\n        Connected User = \r\n        Shell ID = Microsoft.PowerShell\r\n\r\n\r\nUser Data:\r\n\r\n"
                   },
                   {
                       "timestamp":  "2026-08-08T12:08:54.5821073Z",
                       "hostname":  "DC01",
                       "platform":  "Windows",
                       "source_type":  "PowerShell",
                       "channel":  "Microsoft-Windows-PowerShell/Operational",
                       "event_id":  4103,
                       "event_category":  "powershell_module_logging",
                       "provider":  "Microsoft-Windows-PowerShell",
                       "raw_message":  "CommandInvocation(Write-Host): \"Write-Host\"\r\nParameterBinding(Write-Host): name=\"Object\"; value=\"    timestamp: 2026-08-08 14:08:54\"\r\n\r\n\r\nContext:\r\n        Severity = Informational\r\n        Host Name = ConsoleHost\r\n        Host Version = 5.1.20348.558\r\n        Host ID = 09ddc6a8-f7b9-4d2c-8d79-fe55fa60dfb7\r\n        Host Application = C:\\Windows\\System32\\WindowsPowerShell\\v1.0\\powershell.exe -ExecutionPolicy Bypass -File .\\2-powershell_logging_validation.ps1\r\n        Engine Version = 5.1.20348.558\r\n        Runspace ID = 27088b9b-a646-4de7-834a-2ce43101715d\r\n        Pipeline ID = 1\r\n        Command Name = Write-Host\r\n        Command Type = Cmdlet\r\n        Script Name = Z:\\blue_team\\2x02_eyes_on_endpoint\\2-powershell_logging_validation.ps1\r\n        Command Path = \r\n        Sequence Number = 32\r\n        User = MEDDEFENSE\\analyst\r\n        Connected User = \r\n        Shell ID = Microsoft.PowerShell\r\n\r\n\r\nUser Data:\r\n\r\n"
                   },
