                   {
                       "timestamp":  "2026-08-08T11:47:19.2820415Z",
                       "hostname":  "DC01",
                       "platform":  "Windows",
                       "source_type":  "Sysmon",
                       "channel":  "Microsoft-Windows-Sysmon/Operational",
                       "event_id":  13,
                       "event_category":  "registry_modification",
                       "provider":  "Microsoft-Windows-Sysmon",
                       "raw_message":  "Registry value set:\r\nRuleName: Suspicious,ImageBeginWithBackslash\r\nEventType: SetValue\r\nUtcTime: 2026-08-08 11:47:19.261\r\nProcessGuid: {62784320-1727-6a77-b300-000000001300}\r\nProcessId: 7164\r\nImage: \\\\?\\C:\\Windows\\system32\\wbem\\WMIADAP.EXE\r\nTargetObject: HKLM\\SOFTWARE\\Microsoft\\Windows NT\\CurrentVersion\\Perflib\\Last Help\r\nDetails: DWORD (0x00002e0f)\r\nUser: NT AUTHORITY\\SYSTEM",
                       "registry_key":  "HKLM\\SOFTWARE\\Microsoft\\Windows NT\\CurrentVersion\\Perflib\\Last Help",
                       "registry_value_name":  "Last Help",
                       "registry_operation":  "SetValue"
                   },
                   {
                       "timestamp":  "2026-08-08T11:47:19.2821461Z",
                       "hostname":  "DC01",
                       "platform":  "Windows",
                       "source_type":  "Sysmon",
                       "channel":  "Microsoft-Windows-Sysmon/Operational",
                       "event_id":  13,
                       "event_category":  "registry_modification",
                       "provider":  "Microsoft-Windows-Sysmon",
                       "raw_message":  "Registry value set:\r\nRuleName: Suspicious,ImageBeginWithBackslash\r\nEventType: SetValue\r\nUtcTime: 2026-08-08 11:47:19.261\r\nProcessGuid: {62784320-1727-6a77-b300-000000001300}\r\nProcessId: 7164\r\nImage: \\\\?\\C:\\Windows\\system32\\wbem\\WMIADAP.EXE\r\nTargetObject: HKLM\\System\\CurrentControlSet\\Services\\WmiApRpl\\Performance\\Last Counter\r\nDetails: DWORD (0x00002e0e)\r\nUser: NT AUTHORITY\\SYSTEM",
                       "registry_key":  "HKLM\\System\\CurrentControlSet\\Services\\WmiApRpl\\Performance\\Last Counter",
                       "registry_value_name":  "Last Counter",
                       "registry_operation":  "SetValue"
                   },
                   {
                       "timestamp":  "2026-08-08T11:47:19.2822845Z",
                       "hostname":  "DC01",
                       "platform":  "Windows",
                       "source_type":  "Sysmon",
                       "channel":  "Microsoft-Windows-Sysmon/Operational",
                       "event_id":  13,
                       "event_category":  "registry_modification",
                       "provider":  "Microsoft-Windows-Sysmon",
                       "raw_message":  "Registry value set:\r\nRuleName: Suspicious,ImageBeginWithBackslash\r\nEventType: SetValue\r\nUtcTime: 2026-08-08 11:47:19.261\r\nProcessGuid: {62784320-1727-6a77-b300-000000001300}\r\nProcessId: 7164\r\nImage: \\\\?\\C:\\Windows\\system32\\wbem\\WMIADAP.EXE\r\nTargetObject: HKLM\\System\\CurrentControlSet\\Services\\WmiApRpl\\Performance\\Last Help\r\nDetails: DWORD (0x00002e0f)\r\nUser: NT AUTHORITY\\SYSTEM",
                       "registry_key":  "HKLM\\System\\CurrentControlSet\\Services\\WmiApRpl\\Performance\\Last Help",
                       "registry_value_name":  "Last Help",
                       "registry_operation":  "SetValue"
                   },
                   {
                       "timestamp":  "2026-08-08T11:47:19.2823880Z",
                       "hostname":  "DC01",
                       "platform":  "Windows",
                       "source_type":  "Sysmon",
                       "channel":  "Microsoft-Windows-Sysmon/Operational",
                       "event_id":  13,
                       "event_category":  "registry_modification",
                       "provider":  "Microsoft-Windows-Sysmon",
                       "raw_message":  "Registry value set:\r\nRuleName: Suspicious,ImageBeginWithBackslash\r\nEventType: SetValue\r\nUtcTime: 2026-08-08 11:47:19.261\r\nProcessGuid: {62784320-1727-6a77-b300-000000001300}\r\nProcessId: 7164\r\nImage: \\\\?\\C:\\Windows\\system32\\wbem\\WMIADAP.EXE\r\nTargetObject: HKLM\\System\\CurrentControlSet\\Services\\WmiApRpl\\Performance\\First Counter\r\nDetails: DWORD (0x00002d5c)\r\nUser: NT AUTHORITY\\SYSTEM",
                       "registry_key":  "HKLM\\System\\CurrentControlSet\\Services\\WmiApRpl\\Performance\\First Counter",
                       "registry_value_name":  "First Counter",
                       "registry_operation":  "SetValue"
                   },
                   {
                       "timestamp":  "2026-08-08T11:47:19.2824842Z",
                       "hostname":  "DC01",
                       "platform":  "Windows",
                       "source_type":  "Sysmon",
                       "channel":  "Microsoft-Windows-Sysmon/Operational",
                       "event_id":  13,
                       "event_category":  "registry_modification",
                       "provider":  "Microsoft-Windows-Sysmon",
                       "raw_message":  "Registry value set:\r\nRuleName: Suspicious,ImageBeginWithBackslash\r\nEventType: SetValue\r\nUtcTime: 2026-08-08 11:47:19.261\r\nProcessGuid: {62784320-1727-6a77-b300-000000001300}\r\nProcessId: 7164\r\nImage: \\\\?\\C:\\Windows\\system32\\wbem\\WMIADAP.EXE\r\nTargetObject: HKLM\\System\\CurrentControlSet\\Services\\WmiApRpl\\Performance\\First Help\r\nDetails: DWORD (0x00002d5d)\r\nUser: NT AUTHORITY\\SYSTEM",
                       "registry_key":  "HKLM\\System\\CurrentControlSet\\Services\\WmiApRpl\\Performance\\First Help",
                       "registry_value_name":  "First Help",
                       "registry_operation":  "SetValue"
                   },
                   {
                       "timestamp":  "2026-08-08T11:47:19.2825799Z",
                       "hostname":  "DC01",
                       "platform":  "Windows",
                       "source_type":  "Sysmon",
                       "channel":  "Microsoft-Windows-Sysmon/Operational",
                       "event_id":  13,
                       "event_category":  "registry_modification",
                       "provider":  "Microsoft-Windows-Sysmon",
                       "raw_message":  "Registry value set:\r\nRuleName: Suspicious,ImageBeginWithBackslash\r\nEventType: SetValue\r\nUtcTime: 2026-08-08 11:47:19.261\r\nProcessGuid: {62784320-1727-6a77-b300-000000001300}\r\nProcessId: 7164\r\nImage: \\\\?\\C:\\Windows\\system32\\wbem\\WMIADAP.EXE\r\nTargetObject: HKLM\\System\\CurrentControlSet\\Services\\WmiApRpl\\Performance\\Object List\r\nDetails: 11612 11618 11630 11640 11650 11670 11714 11724 11762 11768 11784\r\nUser: NT AUTHORITY\\SYSTEM",
                       "registry_key":  "HKLM\\System\\CurrentControlSet\\Services\\WmiApRpl\\Performance\\Object List",
                       "registry_value_name":  "Object List",
                       "registry_operation":  "SetValue"
                   },
                   {
                       "timestamp":  "2026-08-08T11:47:19.2826748Z",
                       "hostname":  "DC01",
                       "platform":  "Windows",
                       "source_type":  "Sysmon",
                       "channel":  "Microsoft-Windows-Sysmon/Operational",
                       "event_id":  12,
                       "event_category":  "sysmon",
                       "provider":  "Microsoft-Windows-Sysmon",
                       "raw_message":  "Registry object added or deleted:\r\nRuleName: Suspicious,ImageBeginWithBackslash\r\nEventType: DeleteValue\r\nUtcTime: 2026-08-08 11:47:19.261\r\nProcessGuid: {62784320-1727-6a77-b300-000000001300}\r\nProcessId: 7164\r\nImage: \\\\?\\C:\\Windows\\system32\\wbem\\WMIADAP.EXE\r\nTargetObject: HKLM\\SOFTWARE\\Microsoft\\Windows NT\\CurrentVersion\\Perflib\\Updating\r\nUser: NT AUTHORITY\\SYSTEM"
                   },
                   {
                       "timestamp":  "2026-08-08T11:47:25.5404114Z",
                       "hostname":  "DC01",
                       "platform":  "Windows",
                       "source_type":  "Sysmon",
                       "channel":  "Microsoft-Windows-Sysmon/Operational",
                       "event_id":  13,
                       "event_category":  "registry_modification",
                       "provider":  "Microsoft-Windows-Sysmon",
                       "raw_message":  "Registry value set:\r\nRuleName: Suspicious,ImageBeginWithBackslash\r\nEventType: SetValue\r\nUtcTime: 2026-08-08 11:47:25.539\r\nProcessGuid: {62784320-1727-6a77-b300-000000001300}\r\nProcessId: 7164\r\nImage: \\\\?\\C:\\Windows\\system32\\wbem\\WMIADAP.EXE\r\nTargetObject: HKLM\\SOFTWARE\\Microsoft\\Wbem\\PROVIDERS\\Performance\\Performance Data\r\nDetails: Binary Data\r\nUser: NT AUTHORITY\\SYSTEM",
                       "registry_key":  "HKLM\\SOFTWARE\\Microsoft\\Wbem\\PROVIDERS\\Performance\\Performance Data",
                       "registry_value_name":  "Performance Data",
                       "registry_operation":  "SetValue"
                   },
                   {
                       "timestamp":  "2026-08-08T11:47:25.5405683Z",
                       "hostname":  "DC01",
                       "platform":  "Windows",
                       "source_type":  "Sysmon",
                       "channel":  "Microsoft-Windows-Sysmon/Operational",
                       "event_id":  12,
                       "event_category":  "sysmon",
                       "provider":  "Microsoft-Windows-Sysmon",
                       "raw_message":  "Registry object added or deleted:\r\nRuleName: Suspicious,ImageBeginWithBackslash\r\nEventType: DeleteKey\r\nUtcTime: 2026-08-08 11:47:25.539\r\nProcessGuid: {62784320-1727-6a77-b300-000000001300}\r\nProcessId: 7164\r\nImage: \\\\?\\C:\\Windows\\system32\\wbem\\WMIADAP.EXE\r\nTargetObject: HKLM\\SOFTWARE\\Microsoft\\Wbem\\WDM\\DREDGE\r\nUser: NT AUTHORITY\\SYSTEM"
                   },
                   {
                       "timestamp":  "2026-08-08T11:47:25.5424485Z",
                       "hostname":  "DC01",
                       "platform":  "Windows",
                       "source_type":  "Sysmon",
                       "channel":  "Microsoft-Windows-Sysmon/Operational",
                       "event_id":  13,
                       "event_category":  "registry_modification",
                       "provider":  "Microsoft-Windows-Sysmon",
                       "raw_message":  "Registry value set:\r\nRuleName: Suspicious,ImageBeginWithBackslash\r\nEventType: SetValue\r\nUtcTime: 2026-08-08 11:47:25.539\r\nProcessGuid: {62784320-1727-6a77-b300-000000001300}\r\nProcessId: 7164\r\nImage: \\\\?\\C:\\Windows\\system32\\wbem\\WMIADAP.EXE\r\nTargetObject: HKLM\\SOFTWARE\\Microsoft\\Wbem\\WDM\\DREDGE\\C:\\Windows\\system32\\kernelbase.dll[MofResourceName]\r\nDetails: LowDateTime:320146480,HighDateTime:30944963***Binary mof compiled successfully\r\nUser: NT AUTHORITY\\SYSTEM",
                       "registry_key":  "HKLM\\SOFTWARE\\Microsoft\\Wbem\\WDM\\DREDGE\\C:\\Windows\\system32\\kernelbase.dll[MofResourceName]",
                       "registry_value_name":  "kernelbase.dll[MofResourceName]",
                       "registry_operation":  "SetValue"
                   },
                   {
                       "timestamp":  "2026-08-08T11:47:25.5426095Z",
                       "hostname":  "DC01",
                       "platform":  "Windows",
                       "source_type":  "Sysmon",
                       "channel":  "Microsoft-Windows-Sysmon/Operational",
                       "event_id":  13,
                       "event_category":  "registry_modification",
                       "provider":  "Microsoft-Windows-Sysmon",
                       "raw_message":  "Registry value set:\r\nRuleName: Suspicious,ImageBeginWithBackslash\r\nEventType: SetValue\r\nUtcTime: 2026-08-08 11:47:25.539\r\nProcessGuid: {62784320-1727-6a77-b300-000000001300}\r\nProcessId: 7164\r\nImage: \\\\?\\C:\\Windows\\system32\\wbem\\WMIADAP.EXE\r\nTargetObject: HKLM\\SOFTWARE\\Microsoft\\Wbem\\WDM\\DREDGE\\C:\\Windows\\system32\\en-US\\kernelbase.dll.mui[MofResourceName]\r\nDetails: LowDateTime:748272790,HighDateTime:30944963***Binary mof compiled successfully\r\nUser: NT AUTHORITY\\SYSTEM",
                       "registry_key":  "HKLM\\SOFTWARE\\Microsoft\\Wbem\\WDM\\DREDGE\\C:\\Windows\\system32\\en-US\\kernelbase.dll.mui[MofResourceName]",
                       "registry_value_name":  "kernelbase.dll.mui[MofResourceName]",
                       "registry_operation":  "SetValue"
                   },
                   {
                       "timestamp":  "2026-08-08T11:47:25.5427298Z",
                       "hostname":  "DC01",
                       "platform":  "Windows",
                       "source_type":  "Sysmon",
                       "channel":  "Microsoft-Windows-Sysmon/Operational",
                       "event_id":  13,
                       "event_category":  "registry_modification",
                       "provider":  "Microsoft-Windows-Sysmon",
                       "raw_message":  "Registry value set:\r\nRuleName: Suspicious,ImageBeginWithBackslash\r\nEventType: SetValue\r\nUtcTime: 2026-08-08 11:47:25.539\r\nProcessGuid: {62784320-1727-6a77-b300-000000001300}\r\nProcessId: 7164\r\nImage: \\\\?\\C:\\Windows\\system32\\wbem\\WMIADAP.EXE\r\nTargetObject: HKLM\\SOFTWARE\\Microsoft\\Wbem\\WDM\\DREDGE\\C:\\Windows\\System32\\drivers\\ACPI.sys[ACPIMOFResource]\r\nDetails: LowDateTime:-649945923,HighDateTime:30884850***Binary mof compiled successfully\r\nUser: NT AUTHORITY\\SYSTEM",
                       "registry_key":  "HKLM\\SOFTWARE\\Microsoft\\Wbem\\WDM\\DREDGE\\C:\\Windows\\System32\\drivers\\ACPI.sys[ACPIMOFResource]",
                       "registry_value_name":  "ACPI.sys[ACPIMOFResource]",
                       "registry_operation":  "SetValue"
                   },
                   {
                       "timestamp":  "2026-08-08T11:47:25.5429870Z",
                       "hostname":  "DC01",
                       "platform":  "Windows",
                       "source_type":  "Sysmon",
                       "channel":  "Microsoft-Windows-Sysmon/Operational",
                       "event_id":  13,
                       "event_category":  "registry_modification",
                       "provider":  "Microsoft-Windows-Sysmon",
                       "raw_message":  "Registry value set:\r\nRuleName: Suspicious,ImageBeginWithBackslash\r\nEventType: SetValue\r\nUtcTime: 2026-08-08 11:47:25.539\r\nProcessGuid: {62784320-1727-6a77-b300-000000001300}\r\nProcessId: 7164\r\nImage: \\\\?\\C:\\Windows\\system32\\wbem\\WMIADAP.EXE\r\nTargetObject: HKLM\\SOFTWARE\\Microsoft\\Wbem\\WDM\\DREDGE\\C:\\Windows\\System32\\drivers\\en-US\\ACPI.sys.mui[ACPIMOFResource]\r\nDetails: LowDateTime:689609562,HighDateTime:30884862***Binary mof compiled successfully\r\nUser: NT AUTHORITY\\SYSTEM",
                       "registry_key":  "HKLM\\SOFTWARE\\Microsoft\\Wbem\\WDM\\DREDGE\\C:\\Windows\\System32\\drivers\\en-US\\ACPI.sys.mui[ACPIMOFResource]",
                       "registry_value_name":  "ACPI.sys.mui[ACPIMOFResource]",
                       "registry_operation":  "SetValue"
                   },
                   {
                       "timestamp":  "2026-08-08T11:47:25.5432014Z",
                       "hostname":  "DC01",
                       "platform":  "Windows",
                       "source_type":  "Sysmon",
                       "channel":  "Microsoft-Windows-Sysmon/Operational",
                       "event_id":  13,
                       "event_category":  "registry_modification",
                       "provider":  "Microsoft-Windows-Sysmon",
                       "raw_message":  "Registry value set:\r\nRuleName: Suspicious,ImageBeginWithBackslash\r\nEventType: SetValue\r\nUtcTime: 2026-08-08 11:47:25.539\r\nProcessGuid: {62784320-1727-6a77-b300-000000001300}\r\nProcessId: 7164\r\nImage: \\\\?\\C:\\Windows\\system32\\wbem\\WMIADAP.EXE\r\nTargetObject: HKLM\\SOFTWARE\\Microsoft\\Wbem\\WDM\\DREDGE\\C:\\Windows\\System32\\drivers\\mssmbios.sys[MofResource]\r\nDetails: LowDateTime:-642445747,HighDateTime:30884850***Binary mof compiled successfully\r\nUser: NT AUTHORITY\\SYSTEM",
                       "registry_key":  "HKLM\\SOFTWARE\\Microsoft\\Wbem\\WDM\\DREDGE\\C:\\Windows\\System32\\drivers\\mssmbios.sys[MofResource]",
                       "registry_value_name":  "mssmbios.sys[MofResource]",
                       "registry_operation":  "SetValue"
                   },
                   {
                       "timestamp":  "2026-08-08T11:47:25.5433971Z",
                       "hostname":  "DC01",
                       "platform":  "Windows",
                       "source_type":  "Sysmon",
                       "channel":  "Microsoft-Windows-Sysmon/Operational",
                       "event_id":  13,
                       "event_category":  "registry_modification",
                       "provider":  "Microsoft-Windows-Sysmon",
                       "raw_message":  "Registry value set:\r\nRuleName: Suspicious,ImageBeginWithBackslash\r\nEventType: SetValue\r\nUtcTime: 2026-08-08 11:47:25.539\r\nProcessGuid: {62784320-1727-6a77-b300-000000001300}\r\nProcessId: 7164\r\nImage: \\\\?\\C:\\Windows\\system32\\wbem\\WMIADAP.EXE\r\nTargetObject: HKLM\\SOFTWARE\\Microsoft\\Wbem\\WDM\\DREDGE\\C:\\Windows\\System32\\drivers\\processr.sys[PROCESSORWMI]\r\nDetails: LowDateTime:-649945923,HighDateTime:30884850***Binary mof compiled successfully\r\nUser: NT AUTHORITY\\SYSTEM",
                       "registry_key":  "HKLM\\SOFTWARE\\Microsoft\\Wbem\\WDM\\DREDGE\\C:\\Windows\\System32\\drivers\\processr.sys[PROCESSORWMI]",
                       "registry_value_name":  "processr.sys[PROCESSORWMI]",
                       "registry_operation":  "SetValue"
                   },
                   {
                       "timestamp":  "2026-08-08T11:47:25.5436239Z",
                       "hostname":  "DC01",
                       "platform":  "Windows",
                       "source_type":  "Sysmon",
                       "channel":  "Microsoft-Windows-Sysmon/Operational",
                       "event_id":  13,
                       "event_category":  "registry_modification",
                       "provider":  "Microsoft-Windows-Sysmon",
                       "raw_message":  "Registry value set:\r\nRuleName: Suspicious,ImageBeginWithBackslash\r\nEventType: SetValue\r\nUtcTime: 2026-08-08 11:47:25.539\r\nProcessGuid: {62784320-1727-6a77-b300-000000001300}\r\nProcessId: 7164\r\nImage: \\\\?\\C:\\Windows\\system32\\wbem\\WMIADAP.EXE\r\nTargetObject: HKLM\\SOFTWARE\\Microsoft\\Wbem\\WDM\\DREDGE\\C:\\Windows\\System32\\drivers\\en-US\\processr.sys.mui[PROCESSORWMI]\r\nDetails: LowDateTime:550842631,HighDateTime:30884862***Binary mof compiled successfully\r\nUser: NT AUTHORITY\\SYSTEM",
                       "registry_key":  "HKLM\\SOFTWARE\\Microsoft\\Wbem\\WDM\\DREDGE\\C:\\Windows\\System32\\drivers\\en-US\\processr.sys.mui[PROCESSORWMI]",
                       "registry_value_name":  "processr.sys.mui[PROCESSORWMI]",
                       "registry_operation":  "SetValue"
                   },
                   {
                       "timestamp":  "2026-08-08T11:47:25.5438159Z",
                       "hostname":  "DC01",
                       "platform":  "Windows",
                       "source_type":  "Sysmon",
                       "channel":  "Microsoft-Windows-Sysmon/Operational",
                       "event_id":  13,
                       "event_category":  "registry_modification",
                       "provider":  "Microsoft-Windows-Sysmon",
                       "raw_message":  "Registry value set:\r\nRuleName: Suspicious,ImageBeginWithBackslash\r\nEventType: SetValue\r\nUtcTime: 2026-08-08 11:47:25.539\r\nProcessGuid: {62784320-1727-6a77-b300-000000001300}\r\nProcessId: 7164\r\nImage: \\\\?\\C:\\Windows\\system32\\wbem\\WMIADAP.EXE\r\nTargetObject: HKLM\\SOFTWARE\\Microsoft\\Wbem\\WDM\\DREDGE\\C:\\Windows\\System32\\drivers\\HDAudBus.sys[HDAudioMofName]\r\nDetails: LowDateTime:-665258564,HighDateTime:30884850***Binary mof compiled successfully\r\nUser: NT AUTHORITY\\SYSTEM",
                       "registry_key":  "HKLM\\SOFTWARE\\Microsoft\\Wbem\\WDM\\DREDGE\\C:\\Windows\\System32\\drivers\\HDAudBus.sys[HDAudioMofName]",
                       "registry_value_name":  "HDAudBus.sys[HDAudioMofName]",
                       "registry_operation":  "SetValue"
                   },
                   {
                       "timestamp":  "2026-08-08T11:47:25.5452298Z",
                       "hostname":  "DC01",
                       "platform":  "Windows",
                       "source_type":  "Sysmon",
                       "channel":  "Microsoft-Windows-Sysmon/Operational",
                       "event_id":  13,
                       "event_category":  "registry_modification",
                       "provider":  "Microsoft-Windows-Sysmon",
                       "raw_message":  "Registry value set:\r\nRuleName: Suspicious,ImageBeginWithBackslash\r\nEventType: SetValue\r\nUtcTime: 2026-08-08 11:47:25.539\r\nProcessGuid: {62784320-1727-6a77-b300-000000001300}\r\nProcessId: 7164\r\nImage: \\\\?\\C:\\Windows\\system32\\wbem\\WMIADAP.EXE\r\nTargetObject: HKLM\\SOFTWARE\\Microsoft\\Wbem\\WDM\\DREDGE\\C:\\Windows\\System32\\Drivers\\portcls.SYS[PortclsMof]\r\nDetails: LowDateTime:-658852262,HighDateTime:30884850***Binary mof compiled successfully\r\nUser: NT AUTHORITY\\SYSTEM",
                       "registry_key":  "HKLM\\SOFTWARE\\Microsoft\\Wbem\\WDM\\DREDGE\\C:\\Windows\\System32\\Drivers\\portcls.SYS[PortclsMof]",
                       "registry_value_name":  "portcls.SYS[PortclsMof]",
                       "registry_operation":  "SetValue"
                   },
                   {
                       "timestamp":  "2026-08-08T11:47:25.5453771Z",
                       "hostname":  "DC01",
                       "platform":  "Windows",
                       "source_type":  "Sysmon",
                       "channel":  "Microsoft-Windows-Sysmon/Operational",
                       "event_id":  13,
                       "event_category":  "registry_modification",
                       "provider":  "Microsoft-Windows-Sysmon",
                       "raw_message":  "Registry value set:\r\nRuleName: Suspicious,ImageBeginWithBackslash\r\nEventType: SetValue\r\nUtcTime: 2026-08-08 11:47:25.539\r\nProcessGuid: {62784320-1727-6a77-b300-000000001300}\r\nProcessId: 7164\r\nImage: \\\\?\\C:\\Windows\\system32\\wbem\\WMIADAP.EXE\r\nTargetObject: HKLM\\SOFTWARE\\Microsoft\\Wbem\\WDM\\DREDGE\\C:\\Windows\\system32\\drivers\\battc.sys[BATTCWMI]\r\nDetails: LowDateTime:-648383346,HighDateTime:30884850***Binary mof compiled successfully\r\nUser: NT AUTHORITY\\SYSTEM",
                       "registry_key":  "HKLM\\SOFTWARE\\Microsoft\\Wbem\\WDM\\DREDGE\\C:\\Windows\\system32\\drivers\\battc.sys[BATTCWMI]",
                       "registry_value_name":  "battc.sys[BATTCWMI]",
                       "registry_operation":  "SetValue"
                   },
                   {
                       "timestamp":  "2026-08-08T11:47:25.5454917Z",
                       "hostname":  "DC01",
                       "platform":  "Windows",
                       "source_type":  "Sysmon",
                       "channel":  "Microsoft-Windows-Sysmon/Operational",
                       "event_id":  13,
                       "event_category":  "registry_modification",
                       "provider":  "Microsoft-Windows-Sysmon",
                       "raw_message":  "Registry value set:\r\nRuleName: Suspicious,ImageBeginWithBackslash\r\nEventType: SetValue\r\nUtcTime: 2026-08-08 11:47:25.539\r\nProcessGuid: {62784320-1727-6a77-b300-000000001300}\r\nProcessId: 7164\r\nImage: \\\\?\\C:\\Windows\\system32\\wbem\\WMIADAP.EXE\r\nTargetObject: HKLM\\SOFTWARE\\Microsoft\\Wbem\\WDM\\DREDGE\\C:\\Windows\\System32\\drivers\\monitor.sys[MonitorWMI]\r\nDetails: LowDateTime:-657602216,HighDateTime:30884850***Binary mof failed, see WMIPROV.LOG\r\nUser: NT AUTHORITY\\SYSTEM",
                       "registry_key":  "HKLM\\SOFTWARE\\Microsoft\\Wbem\\WDM\\DREDGE\\C:\\Windows\\System32\\drivers\\monitor.sys[MonitorWMI]",
                       "registry_value_name":  "monitor.sys[MonitorWMI]",
                       "registry_operation":  "SetValue"
                   },
                   {
                       "timestamp":  "2026-08-08T11:47:25.5459032Z",
                       "hostname":  "DC01",
                       "platform":  "Windows",
                       "source_type":  "Sysmon",
                       "channel":  "Microsoft-Windows-Sysmon/Operational",
                       "event_id":  13,
                       "event_category":  "registry_modification",
                       "provider":  "Microsoft-Windows-Sysmon",
                       "raw_message":  "Registry value set:\r\nRuleName: Suspicious,ImageBeginWithBackslash\r\nEventType: SetValue\r\nUtcTime: 2026-08-08 11:47:25.539\r\nProcessGuid: {62784320-1727-6a77-b300-000000001300}\r\nProcessId: 7164\r\nImage: \\\\?\\C:\\Windows\\system32\\wbem\\WMIADAP.EXE\r\nTargetObject: HKLM\\SOFTWARE\\Microsoft\\Wbem\\PROVIDERS\\Performance\\Performance Refresh\r\nDetails: DWORD (0x00000000)\r\nUser: NT AUTHORITY\\SYSTEM",
                       "registry_key":  "HKLM\\SOFTWARE\\Microsoft\\Wbem\\PROVIDERS\\Performance\\Performance Refresh",
                       "registry_value_name":  "Performance Refresh",
                       "registry_operation":  "SetValue"
                   },
                   {
                       "timestamp":  "2026-08-08T11:47:25.5460220Z",
                       "hostname":  "DC01",
                       "platform":  "Windows",
                       "source_type":  "Sysmon",
                       "channel":  "Microsoft-Windows-Sysmon/Operational",
                       "event_id":  13,
                       "event_category":  "registry_modification",
                       "provider":  "Microsoft-Windows-Sysmon",
                       "raw_message":  "Registry value set:\r\nRuleName: Suspicious,ImageBeginWithBackslash\r\nEventType: SetValue\r\nUtcTime: 2026-08-08 11:47:25.539\r\nProcessGuid: {62784320-1727-6a77-b300-000000001300}\r\nProcessId: 7164\r\nImage: \\\\?\\C:\\Windows\\system32\\wbem\\WMIADAP.EXE\r\nTargetObject: HKLM\\SOFTWARE\\Microsoft\\Wbem\\PROVIDERS\\Performance\\Performance Refreshed\r\nDetails: DWORD (0x00000001)\r\nUser: NT AUTHORITY\\SYSTEM",
                       "registry_key":  "HKLM\\SOFTWARE\\Microsoft\\Wbem\\PROVIDERS\\Performance\\Performance Refreshed",
                       "registry_value_name":  "Performance Refreshed",
                       "registry_operation":  "SetValue"
                   },
                   {
                       "timestamp":  "2026-08-08T11:47:26.8382709Z",
                       "hostname":  "DC01",
                       "platform":  "Windows",
                       "source_type":  "Security",
                       "channel":  "Security",
                       "event_id":  4624,
                       "event_category":  "authentication_success",
                       "provider":  "Microsoft-Windows-Security-Auditing",
                       "raw_message":  "An account was successfully logged on.\r\n\r\nSubject:\r\n\tSecurity ID:\t\tS-1-0-0\r\n\tAccount Name:\t\t-\r\n\tAccount Domain:\t\t-\r\n\tLogon ID:\t\t0x0\r\n\r\nLogon Information:\r\n\tLogon Type:\t\t3\r\n\tRestricted Admin Mode:\t-\r\n\tVirtual Account:\t\tNo\r\n\tElevated Token:\t\tYes\r\n\r\nImpersonation Level:\t\tImpersonation\r\n\r\nNew Logon:\r\n\tSecurity ID:\t\tS-1-5-18\r\n\tAccount Name:\t\tDC01$\r\n\tAccount Domain:\t\tMEDDEFENSE.LOCAL\r\n\tLogon ID:\t\t0xBE7C5\r\n\tLinked Logon ID:\t\t0x0\r\n\tNetwork Account Name:\t-\r\n\tNetwork Account Domain:\t-\r\n\tLogon GUID:\t\t{541e211e-37db-6b1b-a555-4e291879b12e}\r\n\r\nProcess Information:\r\n\tProcess ID:\t\t0x0\r\n\tProcess Name:\t\t-\r\n\r\nNetwork Information:\r\n\tWorkstation Name:\t-\r\n\tSource Network Address:\t::1\r\n\tSource Port:\t\t55774\r\n\r\nDetailed Authentication Information:\r\n\tLogon Process:\t\tKerberos\r\n\tAuthentication Package:\tKerberos\r\n\tTransited Services:\t-\r\n\tPackage Name (NTLM only):\t-\r\n\tKey Length:\t\t0\r\n\r\nThis event is generated when a logon session is created. It is generated on the computer that was accessed.\r\n\r\nThe subject fields indicate the account on the local system which requested the logon. This is most commonly a service such as the Server service, or a local process such as Winlogon.exe or Services.exe.\r\n\r\nThe logon type field indicates the kind of logon that occurred. The most common types are 2 (interactive) and 3 (network).\r\n\r\nThe New Logon fields indicate the account for whom the new logon was created, i.e. the account that was logged on.\r\n\r\nThe network fields indicate where a remote logon request originated. Workstation name is not always available and may be left blank in some cases.\r\n\r\nThe impersonation level field indicates the extent to which a process in the logon session can impersonate.\r\n\r\nThe authentication information fields provide detailed information about this specific logon request.\r\n\t- Logon GUID is a unique identifier that can be used to correlate this event with a KDC event.\r\n\t- Transited services indicate which intermediate services have participated in this logon request.\r\n\t- Package name indicates which sub-protocol was used among the NTLM protocols.\r\n\t- Key length indicates the length of the generated session key. This will be 0 if no session key was requested.",
                       "target_user":  "DC01$",
                       "logon_type":  "3",
                       "source_ip":  "::1",
                       "workstation":  "-"
                   },
                   {
                       "timestamp":  "2026-08-08T11:48:34.2347837Z",
                       "hostname":  "DC01",
                       "platform":  "Windows",
                       "source_type":  "Security",
                       "channel":  "Security",
                       "event_id":  4624,
                       "event_category":  "authentication_success",
                       "provider":  "Microsoft-Windows-Security-Auditing",
                       "raw_message":  "An account was successfully logged on.\r\n\r\nSubject:\r\n\tSecurity ID:\t\tS-1-0-0\r\n\tAccount Name:\t\t-\r\n\tAccount Domain:\t\t-\r\n\tLogon ID:\t\t0x0\r\n\r\nLogon Information:\r\n\tLogon Type:\t\t3\r\n\tRestricted Admin Mode:\t-\r\n\tVirtual Account:\t\tNo\r\n\tElevated Token:\t\tYes\r\n\r\nImpersonation Level:\t\tImpersonation\r\n\r\nNew Logon:\r\n\tSecurity ID:\t\tS-1-5-18\r\n\tAccount Name:\t\tDC01$\r\n\tAccount Domain:\t\tMEDDEFENSE.LOCAL\r\n\tLogon ID:\t\t0xC4DCB\r\n\tLinked Logon ID:\t\t0x0\r\n\tNetwork Account Name:\t-\r\n\tNetwork Account Domain:\t-\r\n\tLogon GUID:\t\t{541e211e-37db-6b1b-a555-4e291879b12e}\r\n\r\nProcess Information:\r\n\tProcess ID:\t\t0x0\r\n\tProcess Name:\t\t-\r\n\r\nNetwork Information:\r\n\tWorkstation Name:\t-\r\n\tSource Network Address:\t::1\r\n\tSource Port:\t\t55775\r\n\r\nDetailed Authentication Information:\r\n\tLogon Process:\t\tKerberos\r\n\tAuthentication Package:\tKerberos\r\n\tTransited Services:\t-\r\n\tPackage Name (NTLM only):\t-\r\n\tKey Length:\t\t0\r\n\r\nThis event is generated when a logon session is created. It is generated on the computer that was accessed.\r\n\r\nThe subject fields indicate the account on the local system which requested the logon. This is most commonly a service such as the Server service, or a local process such as Winlogon.exe or Services.exe.\r\n\r\nThe logon type field indicates the kind of logon that occurred. The most common types are 2 (interactive) and 3 (network).\r\n\r\nThe New Logon fields indicate the account for whom the new logon was created, i.e. the account that was logged on.\r\n\r\nThe network fields indicate where a remote logon request originated. Workstation name is not always available and may be left blank in some cases.\r\n\r\nThe impersonation level field indicates the extent to which a process in the logon session can impersonate.\r\n\r\nThe authentication information fields provide detailed information about this specific logon request.\r\n\t- Logon GUID is a unique identifier that can be used to correlate this event with a KDC event.\r\n\t- Transited services indicate which intermediate services have participated in this logon request.\r\n\t- Package name indicates which sub-protocol was used among the NTLM protocols.\r\n\t- Key length indicates the length of the generated session key. This will be 0 if no session key was requested.",
                       "target_user":  "DC01$",
                       "logon_type":  "3",
                       "source_ip":  "::1",
                       "workstation":  "-"
                   },
                   {
                       "timestamp":  "2026-08-08T11:48:35.2593969Z",
                       "hostname":  "DC01",
                       "platform":  "Windows",
                       "source_type":  "Security",
                       "channel":  "Security",
                       "event_id":  4624,
                       "event_category":  "authentication_success",
                       "provider":  "Microsoft-Windows-Security-Auditing",
                       "raw_message":  "An account was successfully logged on.\r\n\r\nSubject:\r\n\tSecurity ID:\t\tS-1-0-0\r\n\tAccount Name:\t\t-\r\n\tAccount Domain:\t\t-\r\n\tLogon ID:\t\t0x0\r\n\r\nLogon Information:\r\n\tLogon Type:\t\t3\r\n\tRestricted Admin Mode:\t-\r\n\tVirtual Account:\t\tNo\r\n\tElevated Token:\t\tYes\r\n\r\nImpersonation Level:\t\tImpersonation\r\n\r\nNew Logon:\r\n\tSecurity ID:\t\tS-1-5-18\r\n\tAccount Name:\t\tDC01$\r\n\tAccount Domain:\t\tMEDDEFENSE.LOCAL\r\n\tLogon ID:\t\t0xC509D\r\n\tLinked Logon ID:\t\t0x0\r\n\tNetwork Account Name:\t-\r\n\tNetwork Account Domain:\t-\r\n\tLogon GUID:\t\t{541e211e-37db-6b1b-a555-4e291879b12e}\r\n\r\nProcess Information:\r\n\tProcess ID:\t\t0x0\r\n\tProcess Name:\t\t-\r\n\r\nNetwork Information:\r\n\tWorkstation Name:\t-\r\n\tSource Network Address:\tfe80::590c:793e:9ffd:17e7\r\n\tSource Port:\t\t55777\r\n\r\nDetailed Authentication Information:\r\n\tLogon Process:\t\tKerberos\r\n\tAuthentication Package:\tKerberos\r\n\tTransited Services:\t-\r\n\tPackage Name (NTLM only):\t-\r\n\tKey Length:\t\t0\r\n\r\nThis event is generated when a logon session is created. It is generated on the computer that was accessed.\r\n\r\nThe subject fields indicate the account on the local system which requested the logon. This is most commonly a service such as the Server service, or a local process such as Winlogon.exe or Services.exe.\r\n\r\nThe logon type field indicates the kind of logon that occurred. The most common types are 2 (interactive) and 3 (network).\r\n\r\nThe New Logon fields indicate the account for whom the new logon was created, i.e. the account that was logged on.\r\n\r\nThe network fields indicate where a remote logon request originated. Workstation name is not always available and may be left blank in some cases.\r\n\r\nThe impersonation level field indicates the extent to which a process in the logon session can impersonate.\r\n\r\nThe authentication information fields provide detailed information about this specific logon request.\r\n\t- Logon GUID is a unique identifier that can be used to correlate this event with a KDC event.\r\n\t- Transited services indicate which intermediate services have participated in this logon request.\r\n\t- Package name indicates which sub-protocol was used among the NTLM protocols.\r\n\t- Key length indicates the length of the generated session key. This will be 0 if no session key was requested.",
                       "target_user":  "DC01$",
                       "logon_type":  "3",
                       "source_ip":  "fe80::590c:793e:9ffd:17e7",
                       "workstation":  "-"
                   },
                   {
                       "timestamp":  "2026-08-08T11:48:35.2775524Z",
                       "hostname":  "DC01",
                       "platform":  "Windows",
                       "source_type":  "Security",
                       "channel":  "Security",
                       "event_id":  4624,
                       "event_category":  "authentication_success",
                       "provider":  "Microsoft-Windows-Security-Auditing",
                       "raw_message":  "An account was successfully logged on.\r\n\r\nSubject:\r\n\tSecurity ID:\t\tS-1-0-0\r\n\tAccount Name:\t\t-\r\n\tAccount Domain:\t\t-\r\n\tLogon ID:\t\t0x0\r\n\r\nLogon Information:\r\n\tLogon Type:\t\t3\r\n\tRestricted Admin Mode:\t-\r\n\tVirtual Account:\t\tNo\r\n\tElevated Token:\t\tYes\r\n\r\nImpersonation Level:\t\tImpersonation\r\n\r\nNew Logon:\r\n\tSecurity ID:\t\tS-1-5-18\r\n\tAccount Name:\t\tDC01$\r\n\tAccount Domain:\t\tMEDDEFENSE.LOCAL\r\n\tLogon ID:\t\t0xC511D\r\n\tLinked Logon ID:\t\t0x0\r\n\tNetwork Account Name:\t-\r\n\tNetwork Account Domain:\t-\r\n\tLogon GUID:\t\t{541e211e-37db-6b1b-a555-4e291879b12e}\r\n\r\nProcess Information:\r\n\tProcess ID:\t\t0x0\r\n\tProcess Name:\t\t-\r\n\r\nNetwork Information:\r\n\tWorkstation Name:\t-\r\n\tSource Network Address:\tfe80::590c:793e:9ffd:17e7\r\n\tSource Port:\t\t55778\r\n\r\nDetailed Authentication Information:\r\n\tLogon Process:\t\tKerberos\r\n\tAuthentication Package:\tKerberos\r\n\tTransited Services:\t-\r\n\tPackage Name (NTLM only):\t-\r\n\tKey Length:\t\t0\r\n\r\nThis event is generated when a logon session is created. It is generated on the computer that was accessed.\r\n\r\nThe subject fields indicate the account on the local system which requested the logon. This is most commonly a service such as the Server service, or a local process such as Winlogon.exe or Services.exe.\r\n\r\nThe logon type field indicates the kind of logon that occurred. The most common types are 2 (interactive) and 3 (network).\r\n\r\nThe New Logon fields indicate the account for whom the new logon was created, i.e. the account that was logged on.\r\n\r\nThe network fields indicate where a remote logon request originated. Workstation name is not always available and may be left blank in some cases.\r\n\r\nThe impersonation level field indicates the extent to which a process in the logon session can impersonate.\r\n\r\nThe authentication information fields provide detailed information about this specific logon request.\r\n\t- Logon GUID is a unique identifier that can be used to correlate this event with a KDC event.\r\n\t- Transited services indicate which intermediate services have participated in this logon request.\r\n\t- Package name indicates which sub-protocol was used among the NTLM protocols.\r\n\t- Key length indicates the length of the generated session key. This will be 0 if no session key was requested.",
                       "target_user":  "DC01$",
                       "logon_type":  "3",
                       "source_ip":  "fe80::590c:793e:9ffd:17e7",
                       "workstation":  "-"
                   },
                   {
                       "timestamp":  "2026-08-08T11:48:36.0758570Z",
                       "hostname":  "DC01",
                       "platform":  "Windows",
                       "source_type":  "Security",
                       "channel":  "Security",
                       "event_id":  4624,
                       "event_category":  "authentication_success",
                       "provider":  "Microsoft-Windows-Security-Auditing",
                       "raw_message":  "An account was successfully logged on.\r\n\r\nSubject:\r\n\tSecurity ID:\t\tS-1-0-0\r\n\tAccount Name:\t\t-\r\n\tAccount Domain:\t\t-\r\n\tLogon ID:\t\t0x0\r\n\r\nLogon Information:\r\n\tLogon Type:\t\t3\r\n\tRestricted Admin Mode:\t-\r\n\tVirtual Account:\t\tNo\r\n\tElevated Token:\t\tYes\r\n\r\nImpersonation Level:\t\tImpersonation\r\n\r\nNew Logon:\r\n\tSecurity ID:\t\tS-1-5-18\r\n\tAccount Name:\t\tDC01$\r\n\tAccount Domain:\t\tMEDDEFENSE.LOCAL\r\n\tLogon ID:\t\t0xC51CE\r\n\tLinked Logon ID:\t\t0x0\r\n\tNetwork Account Name:\t-\r\n\tNetwork Account Domain:\t-\r\n\tLogon GUID:\t\t{541e211e-37db-6b1b-a555-4e291879b12e}\r\n\r\nProcess Information:\r\n\tProcess ID:\t\t0x0\r\n\tProcess Name:\t\t-\r\n\r\nNetwork Information:\r\n\tWorkstation Name:\t-\r\n\tSource Network Address:\tfe80::590c:793e:9ffd:17e7\r\n\tSource Port:\t\t55780\r\n\r\nDetailed Authentication Information:\r\n\tLogon Process:\t\tKerberos\r\n\tAuthentication Package:\tKerberos\r\n\tTransited Services:\t-\r\n\tPackage Name (NTLM only):\t-\r\n\tKey Length:\t\t0\r\n\r\nThis event is generated when a logon session is created. It is generated on the computer that was accessed.\r\n\r\nThe subject fields indicate the account on the local system which requested the logon. This is most commonly a service such as the Server service, or a local process such as Winlogon.exe or Services.exe.\r\n\r\nThe logon type field indicates the kind of logon that occurred. The most common types are 2 (interactive) and 3 (network).\r\n\r\nThe New Logon fields indicate the account for whom the new logon was created, i.e. the account that was logged on.\r\n\r\nThe network fields indicate where a remote logon request originated. Workstation name is not always available and may be left blank in some cases.\r\n\r\nThe impersonation level field indicates the extent to which a process in the logon session can impersonate.\r\n\r\nThe authentication information fields provide detailed information about this specific logon request.\r\n\t- Logon GUID is a unique identifier that can be used to correlate this event with a KDC event.\r\n\t- Transited services indicate which intermediate services have participated in this logon request.\r\n\t- Package name indicates which sub-protocol was used among the NTLM protocols.\r\n\t- Key length indicates the length of the generated session key. This will be 0 if no session key was requested.",
                       "target_user":  "DC01$",
                       "logon_type":  "3",
                       "source_ip":  "fe80::590c:793e:9ffd:17e7",
                       "workstation":  "-"
                   },
                   {
                       "timestamp":  "2026-08-08T11:48:36.4373740Z",
                       "hostname":  "DC01",
                       "platform":  "Windows",
                       "source_type":  "Security",
                       "channel":  "Security",
                       "event_id":  4624,
                       "event_category":  "authentication_success",
                       "provider":  "Microsoft-Windows-Security-Auditing",
                       "raw_message":  "An account was successfully logged on.\r\n\r\nSubject:\r\n\tSecurity ID:\t\tS-1-0-0\r\n\tAccount Name:\t\t-\r\n\tAccount Domain:\t\t-\r\n\tLogon ID:\t\t0x0\r\n\r\nLogon Information:\r\n\tLogon Type:\t\t3\r\n\tRestricted Admin Mode:\t-\r\n\tVirtual Account:\t\tNo\r\n\tElevated Token:\t\tYes\r\n\r\nImpersonation Level:\t\tImpersonation\r\n\r\nNew Logon:\r\n\tSecurity ID:\t\tS-1-5-18\r\n\tAccount Name:\t\tDC01$\r\n\tAccount Domain:\t\tMEDDEFENSE.LOCAL\r\n\tLogon ID:\t\t0xC55A0\r\n\tLinked Logon ID:\t\t0x0\r\n\tNetwork Account Name:\t-\r\n\tNetwork Account Domain:\t-\r\n\tLogon GUID:\t\t{97e0fb93-ac63-c64b-1c8b-69d77750a68c}\r\n\r\nProcess Information:\r\n\tProcess ID:\t\t0x0\r\n\tProcess Name:\t\t-\r\n\r\nNetwork Information:\r\n\tWorkstation Name:\t-\r\n\tSource Network Address:\tfe80::590c:793e:9ffd:17e7\r\n\tSource Port:\t\t55781\r\n\r\nDetailed Authentication Information:\r\n\tLogon Process:\t\tKerberos\r\n\tAuthentication Package:\tKerberos\r\n\tTransited Services:\t-\r\n\tPackage Name (NTLM only):\t-\r\n\tKey Length:\t\t0\r\n\r\nThis event is generated when a logon session is created. It is generated on the computer that was accessed.\r\n\r\nThe subject fields indicate the account on the local system which requested the logon. This is most commonly a service such as the Server service, or a local process such as Winlogon.exe or Services.exe.\r\n\r\nThe logon type field indicates the kind of logon that occurred. The most common types are 2 (interactive) and 3 (network).\r\n\r\nThe New Logon fields indicate the account for whom the new logon was created, i.e. the account that was logged on.\r\n\r\nThe network fields indicate where a remote logon request originated. Workstation name is not always available and may be left blank in some cases.\r\n\r\nThe impersonation level field indicates the extent to which a process in the logon session can impersonate.\r\n\r\nThe authentication information fields provide detailed information about this specific logon request.\r\n\t- Logon GUID is a unique identifier that can be used to correlate this event with a KDC event.\r\n\t- Transited services indicate which intermediate services have participated in this logon request.\r\n\t- Package name indicates which sub-protocol was used among the NTLM protocols.\r\n\t- Key length indicates the length of the generated session key. This will be 0 if no session key was requested.",
                       "target_user":  "DC01$",
                       "logon_type":  "3",
                       "source_ip":  "fe80::590c:793e:9ffd:17e7",
                       "workstation":  "-"
                   },
                   {
                       "timestamp":  "2026-08-08T11:48:36.4480251Z",
                       "hostname":  "DC01",
                       "platform":  "Windows",
                       "source_type":  "Security",
                       "channel":  "Security",
                       "event_id":  4624,
                       "event_category":  "authentication_success",
                       "provider":  "Microsoft-Windows-Security-Auditing",
                       "raw_message":  "An account was successfully logged on.\r\n\r\nSubject:\r\n\tSecurity ID:\t\tS-1-0-0\r\n\tAccount Name:\t\t-\r\n\tAccount Domain:\t\t-\r\n\tLogon ID:\t\t0x0\r\n\r\nLogon Information:\r\n\tLogon Type:\t\t3\r\n\tRestricted Admin Mode:\t-\r\n\tVirtual Account:\t\tNo\r\n\tElevated Token:\t\tYes\r\n\r\nImpersonation Level:\t\tImpersonation\r\n\r\nNew Logon:\r\n\tSecurity ID:\t\tS-1-5-18\r\n\tAccount Name:\t\tDC01$\r\n\tAccount Domain:\t\tMEDDEFENSE.LOCAL\r\n\tLogon ID:\t\t0xC5693\r\n\tLinked Logon ID:\t\t0x0\r\n\tNetwork Account Name:\t-\r\n\tNetwork Account Domain:\t-\r\n\tLogon GUID:\t\t{757a8d81-828b-0a51-60b5-e955481e461a}\r\n\r\nProcess Information:\r\n\tProcess ID:\t\t0x0\r\n\tProcess Name:\t\t-\r\n\r\nNetwork Information:\r\n\tWorkstation Name:\t-\r\n\tSource Network Address:\t::1\r\n\tSource Port:\t\t0\r\n\r\nDetailed Authentication Information:\r\n\tLogon Process:\t\tKerberos\r\n\tAuthentication Package:\tKerberos\r\n\tTransited Services:\t-\r\n\tPackage Name (NTLM only):\t-\r\n\tKey Length:\t\t0\r\n\r\nThis event is generated when a logon session is created. It is generated on the computer that was accessed.\r\n\r\nThe subject fields indicate the account on the local system which requested the logon. This is most commonly a service such as the Server service, or a local process such as Winlogon.exe or Services.exe.\r\n\r\nThe logon type field indicates the kind of logon that occurred. The most common types are 2 (interactive) and 3 (network).\r\n\r\nThe New Logon fields indicate the account for whom the new logon was created, i.e. the account that was logged on.\r\n\r\nThe network fields indicate where a remote logon request originated. Workstation name is not always available and may be left blank in some cases.\r\n\r\nThe impersonation level field indicates the extent to which a process in the logon session can impersonate.\r\n\r\nThe authentication information fields provide detailed information about this specific logon request.\r\n\t- Logon GUID is a unique identifier that can be used to correlate this event with a KDC event.\r\n\t- Transited services indicate which intermediate services have participated in this logon request.\r\n\t- Package name indicates which sub-protocol was used among the NTLM protocols.\r\n\t- Key length indicates the length of the generated session key. This will be 0 if no session key was requested.",
                       "target_user":  "DC01$",
                       "logon_type":  "3",
                       "source_ip":  "::1",
                       "workstation":  "-"
                   },
