                   {
                       "timestamp":  "2026-08-08T11:39:53.9483811Z",
                       "hostname":  "DC01",
                       "platform":  "Windows",
                       "source_type":  "Sysmon",
                       "channel":  "Microsoft-Windows-Sysmon/Operational",
                       "event_id":  13,
                       "event_category":  "registry_modification",
                       "provider":  "Microsoft-Windows-Sysmon",
                       "raw_message":  "Registry value set:\r\nRuleName: T1031,T1050\r\nEventType: SetValue\r\nUtcTime: 2026-08-08 11:39:53.906\r\nProcessGuid: {62784320-14b4-6a77-0b00-000000001200}\r\nProcessId: 624\r\nImage: C:\\Windows\\system32\\services.exe\r\nTargetObject: HKLM\\System\\CurrentControlSet\\Services\\UdkUserSvc_1344c5\\ImagePath\r\nDetails: C:\\Windows\\system32\\svchost.exe -k UdkSvcGroup\r\nUser: NT AUTHORITY\\SYSTEM",
                       "registry_key":  "HKLM\\System\\CurrentControlSet\\Services\\UdkUserSvc_1344c5\\ImagePath",
                       "registry_value_name":  "ImagePath",
                       "registry_operation":  "SetValue"
                   },
                   {
                       "timestamp":  "2026-08-08T11:39:53.9489958Z",
                       "hostname":  "DC01",
                       "platform":  "Windows",
                       "source_type":  "Sysmon",
                       "channel":  "Microsoft-Windows-Sysmon/Operational",
                       "event_id":  13,
                       "event_category":  "registry_modification",
                       "provider":  "Microsoft-Windows-Sysmon",
                       "raw_message":  "Registry value set:\r\nRuleName: T1031,T1050\r\nEventType: SetValue\r\nUtcTime: 2026-08-08 11:39:53.906\r\nProcessGuid: {62784320-14b4-6a77-0b00-000000001200}\r\nProcessId: 624\r\nImage: C:\\Windows\\system32\\services.exe\r\nTargetObject: HKLM\\System\\CurrentControlSet\\Services\\UnistoreSvc_1344c5\\Start\r\nDetails: DWORD (0x00000003)\r\nUser: NT AUTHORITY\\SYSTEM",
                       "registry_key":  "HKLM\\System\\CurrentControlSet\\Services\\UnistoreSvc_1344c5\\Start",
                       "registry_value_name":  "Start",
                       "registry_operation":  "SetValue"
                   },
                   {
                       "timestamp":  "2026-08-08T11:39:53.9491439Z",
                       "hostname":  "DC01",
                       "platform":  "Windows",
                       "source_type":  "Sysmon",
                       "channel":  "Microsoft-Windows-Sysmon/Operational",
                       "event_id":  13,
                       "event_category":  "registry_modification",
                       "provider":  "Microsoft-Windows-Sysmon",
                       "raw_message":  "Registry value set:\r\nRuleName: T1031,T1050\r\nEventType: SetValue\r\nUtcTime: 2026-08-08 11:39:53.906\r\nProcessGuid: {62784320-14b4-6a77-0b00-000000001200}\r\nProcessId: 624\r\nImage: C:\\Windows\\system32\\services.exe\r\nTargetObject: HKLM\\System\\CurrentControlSet\\Services\\UnistoreSvc_1344c5\\ImagePath\r\nDetails: C:\\Windows\\System32\\svchost.exe -k UnistackSvcGroup\r\nUser: NT AUTHORITY\\SYSTEM",
                       "registry_key":  "HKLM\\System\\CurrentControlSet\\Services\\UnistoreSvc_1344c5\\ImagePath",
                       "registry_value_name":  "ImagePath",
                       "registry_operation":  "SetValue"
                   },
                   {
                       "timestamp":  "2026-08-08T11:39:53.9497626Z",
                       "hostname":  "DC01",
                       "platform":  "Windows",
                       "source_type":  "Sysmon",
                       "channel":  "Microsoft-Windows-Sysmon/Operational",
                       "event_id":  13,
                       "event_category":  "registry_modification",
                       "provider":  "Microsoft-Windows-Sysmon",
                       "raw_message":  "Registry value set:\r\nRuleName: T1031,T1050\r\nEventType: SetValue\r\nUtcTime: 2026-08-08 11:39:53.935\r\nProcessGuid: {62784320-14b4-6a77-0b00-000000001200}\r\nProcessId: 624\r\nImage: C:\\Windows\\system32\\services.exe\r\nTargetObject: HKLM\\System\\CurrentControlSet\\Services\\UserDataSvc_1344c5\\Start\r\nDetails: DWORD (0x00000003)\r\nUser: NT AUTHORITY\\SYSTEM",
                       "registry_key":  "HKLM\\System\\CurrentControlSet\\Services\\UserDataSvc_1344c5\\Start",
                       "registry_value_name":  "Start",
                       "registry_operation":  "SetValue"
                   },
                   {
                       "timestamp":  "2026-08-08T11:39:53.9499089Z",
                       "hostname":  "DC01",
                       "platform":  "Windows",
                       "source_type":  "Sysmon",
                       "channel":  "Microsoft-Windows-Sysmon/Operational",
                       "event_id":  13,
                       "event_category":  "registry_modification",
                       "provider":  "Microsoft-Windows-Sysmon",
                       "raw_message":  "Registry value set:\r\nRuleName: T1031,T1050\r\nEventType: SetValue\r\nUtcTime: 2026-08-08 11:39:53.935\r\nProcessGuid: {62784320-14b4-6a77-0b00-000000001200}\r\nProcessId: 624\r\nImage: C:\\Windows\\system32\\services.exe\r\nTargetObject: HKLM\\System\\CurrentControlSet\\Services\\UserDataSvc_1344c5\\ImagePath\r\nDetails: C:\\Windows\\system32\\svchost.exe -k UnistackSvcGroup\r\nUser: NT AUTHORITY\\SYSTEM",
                       "registry_key":  "HKLM\\System\\CurrentControlSet\\Services\\UserDataSvc_1344c5\\ImagePath",
                       "registry_value_name":  "ImagePath",
                       "registry_operation":  "SetValue"
                   },
                   {
                       "timestamp":  "2026-08-08T11:39:53.9507816Z",
                       "hostname":  "DC01",
                       "platform":  "Windows",
                       "source_type":  "Sysmon",
                       "channel":  "Microsoft-Windows-Sysmon/Operational",
                       "event_id":  13,
                       "event_category":  "registry_modification",
                       "provider":  "Microsoft-Windows-Sysmon",
                       "raw_message":  "Registry value set:\r\nRuleName: T1031,T1050\r\nEventType: SetValue\r\nUtcTime: 2026-08-08 11:39:53.935\r\nProcessGuid: {62784320-14b4-6a77-0b00-000000001200}\r\nProcessId: 624\r\nImage: C:\\Windows\\system32\\services.exe\r\nTargetObject: HKLM\\System\\CurrentControlSet\\Services\\WpnUserService_1344c5\\Start\r\nDetails: DWORD (0x00000002)\r\nUser: NT AUTHORITY\\SYSTEM",
                       "registry_key":  "HKLM\\System\\CurrentControlSet\\Services\\WpnUserService_1344c5\\Start",
                       "registry_value_name":  "Start",
                       "registry_operation":  "SetValue"
                   },
                   {
                       "timestamp":  "2026-08-08T11:39:53.9509350Z",
                       "hostname":  "DC01",
                       "platform":  "Windows",
                       "source_type":  "Sysmon",
                       "channel":  "Microsoft-Windows-Sysmon/Operational",
                       "event_id":  13,
                       "event_category":  "registry_modification",
                       "provider":  "Microsoft-Windows-Sysmon",
                       "raw_message":  "Registry value set:\r\nRuleName: T1031,T1050\r\nEventType: SetValue\r\nUtcTime: 2026-08-08 11:39:53.935\r\nProcessGuid: {62784320-14b4-6a77-0b00-000000001200}\r\nProcessId: 624\r\nImage: C:\\Windows\\system32\\services.exe\r\nTargetObject: HKLM\\System\\CurrentControlSet\\Services\\WpnUserService_1344c5\\ImagePath\r\nDetails: C:\\Windows\\system32\\svchost.exe -k UnistackSvcGroup\r\nUser: NT AUTHORITY\\SYSTEM",
                       "registry_key":  "HKLM\\System\\CurrentControlSet\\Services\\WpnUserService_1344c5\\ImagePath",
                       "registry_value_name":  "ImagePath",
                       "registry_operation":  "SetValue"
                   },
                   {
                       "timestamp":  "2026-08-08T11:39:56.1653600Z",
                       "hostname":  "DC01",
                       "platform":  "Windows",
                       "source_type":  "Security",
                       "channel":  "Security",
                       "event_id":  4624,
                       "event_category":  "authentication_success",
                       "provider":  "Microsoft-Windows-Security-Auditing",
                       "raw_message":  "An account was successfully logged on.\r\n\r\nSubject:\r\n\tSecurity ID:\t\tS-1-0-0\r\n\tAccount Name:\t\t-\r\n\tAccount Domain:\t\t-\r\n\tLogon ID:\t\t0x0\r\n\r\nLogon Information:\r\n\tLogon Type:\t\t3\r\n\tRestricted Admin Mode:\t-\r\n\tVirtual Account:\t\tNo\r\n\tElevated Token:\t\tYes\r\n\r\nImpersonation Level:\t\tImpersonation\r\n\r\nNew Logon:\r\n\tSecurity ID:\t\tS-1-5-18\r\n\tAccount Name:\t\tDC01$\r\n\tAccount Domain:\t\tMEDDEFENSE.LOCAL\r\n\tLogon ID:\t\t0x13BEB7\r\n\tLinked Logon ID:\t\t0x0\r\n\tNetwork Account Name:\t-\r\n\tNetwork Account Domain:\t-\r\n\tLogon GUID:\t\t{0cd0a05e-ad5b-b971-ef97-c166c3ca6207}\r\n\r\nProcess Information:\r\n\tProcess ID:\t\t0x0\r\n\tProcess Name:\t\t-\r\n\r\nNetwork Information:\r\n\tWorkstation Name:\t-\r\n\tSource Network Address:\tfe80::590c:793e:9ffd:17e7\r\n\tSource Port:\t\t50578\r\n\r\nDetailed Authentication Information:\r\n\tLogon Process:\t\tKerberos\r\n\tAuthentication Package:\tKerberos\r\n\tTransited Services:\t-\r\n\tPackage Name (NTLM only):\t-\r\n\tKey Length:\t\t0\r\n\r\nThis event is generated when a logon session is created. It is generated on the computer that was accessed.\r\n\r\nThe subject fields indicate the account on the local system which requested the logon. This is most commonly a service such as the Server service, or a local process such as Winlogon.exe or Services.exe.\r\n\r\nThe logon type field indicates the kind of logon that occurred. The most common types are 2 (interactive) and 3 (network).\r\n\r\nThe New Logon fields indicate the account for whom the new logon was created, i.e. the account that was logged on.\r\n\r\nThe network fields indicate where a remote logon request originated. Workstation name is not always available and may be left blank in some cases.\r\n\r\nThe impersonation level field indicates the extent to which a process in the logon session can impersonate.\r\n\r\nThe authentication information fields provide detailed information about this specific logon request.\r\n\t- Logon GUID is a unique identifier that can be used to correlate this event with a KDC event.\r\n\t- Transited services indicate which intermediate services have participated in this logon request.\r\n\t- Package name indicates which sub-protocol was used among the NTLM protocols.\r\n\t- Key length indicates the length of the generated session key. This will be 0 if no session key was requested.",
                       "target_user":  "DC01$",
                       "logon_type":  "3",
                       "source_ip":  "fe80::590c:793e:9ffd:17e7",
                       "workstation":  "-"
                   },
                   {
                       "timestamp":  "2026-08-08T11:39:56.2022678Z",
                       "hostname":  "DC01",
                       "platform":  "Windows",
                       "source_type":  "Security",
                       "channel":  "Security",
                       "event_id":  4624,
                       "event_category":  "authentication_success",
                       "provider":  "Microsoft-Windows-Security-Auditing",
                       "raw_message":  "An account was successfully logged on.\r\n\r\nSubject:\r\n\tSecurity ID:\t\tS-1-0-0\r\n\tAccount Name:\t\t-\r\n\tAccount Domain:\t\t-\r\n\tLogon ID:\t\t0x0\r\n\r\nLogon Information:\r\n\tLogon Type:\t\t3\r\n\tRestricted Admin Mode:\t-\r\n\tVirtual Account:\t\tNo\r\n\tElevated Token:\t\tYes\r\n\r\nImpersonation Level:\t\tImpersonation\r\n\r\nNew Logon:\r\n\tSecurity ID:\t\tS-1-5-18\r\n\tAccount Name:\t\tDC01$\r\n\tAccount Domain:\t\tMEDDEFENSE.LOCAL\r\n\tLogon ID:\t\t0x13C03C\r\n\tLinked Logon ID:\t\t0x0\r\n\tNetwork Account Name:\t-\r\n\tNetwork Account Domain:\t-\r\n\tLogon GUID:\t\t{89b9d94c-6b1a-69d8-4bf0-e6b1f684136a}\r\n\r\nProcess Information:\r\n\tProcess ID:\t\t0x0\r\n\tProcess Name:\t\t-\r\n\r\nNetwork Information:\r\n\tWorkstation Name:\t-\r\n\tSource Network Address:\t::1\r\n\tSource Port:\t\t50579\r\n\r\nDetailed Authentication Information:\r\n\tLogon Process:\t\tKerberos\r\n\tAuthentication Package:\tKerberos\r\n\tTransited Services:\t-\r\n\tPackage Name (NTLM only):\t-\r\n\tKey Length:\t\t0\r\n\r\nThis event is generated when a logon session is created. It is generated on the computer that was accessed.\r\n\r\nThe subject fields indicate the account on the local system which requested the logon. This is most commonly a service such as the Server service, or a local process such as Winlogon.exe or Services.exe.\r\n\r\nThe logon type field indicates the kind of logon that occurred. The most common types are 2 (interactive) and 3 (network).\r\n\r\nThe New Logon fields indicate the account for whom the new logon was created, i.e. the account that was logged on.\r\n\r\nThe network fields indicate where a remote logon request originated. Workstation name is not always available and may be left blank in some cases.\r\n\r\nThe impersonation level field indicates the extent to which a process in the logon session can impersonate.\r\n\r\nThe authentication information fields provide detailed information about this specific logon request.\r\n\t- Logon GUID is a unique identifier that can be used to correlate this event with a KDC event.\r\n\t- Transited services indicate which intermediate services have participated in this logon request.\r\n\t- Package name indicates which sub-protocol was used among the NTLM protocols.\r\n\t- Key length indicates the length of the generated session key. This will be 0 if no session key was requested.",
                       "target_user":  "DC01$",
                       "logon_type":  "3",
                       "source_ip":  "::1",
                       "workstation":  "-"
                   },
                   {
                       "timestamp":  "2026-08-08T11:39:56.2219482Z",
                       "hostname":  "DC01",
                       "platform":  "Windows",
                       "source_type":  "Security",
                       "channel":  "Security",
                       "event_id":  4624,
                       "event_category":  "authentication_success",
                       "provider":  "Microsoft-Windows-Security-Auditing",
                       "raw_message":  "An account was successfully logged on.\r\n\r\nSubject:\r\n\tSecurity ID:\t\tS-1-0-0\r\n\tAccount Name:\t\t-\r\n\tAccount Domain:\t\t-\r\n\tLogon ID:\t\t0x0\r\n\r\nLogon Information:\r\n\tLogon Type:\t\t3\r\n\tRestricted Admin Mode:\t-\r\n\tVirtual Account:\t\tNo\r\n\tElevated Token:\t\tYes\r\n\r\nImpersonation Level:\t\tImpersonation\r\n\r\nNew Logon:\r\n\tSecurity ID:\t\tS-1-5-18\r\n\tAccount Name:\t\tDC01$\r\n\tAccount Domain:\t\tMEDDEFENSE.LOCAL\r\n\tLogon ID:\t\t0x13C09C\r\n\tLinked Logon ID:\t\t0x0\r\n\tNetwork Account Name:\t-\r\n\tNetwork Account Domain:\t-\r\n\tLogon GUID:\t\t{0cd0a05e-ad5b-b971-ef97-c166c3ca6207}\r\n\r\nProcess Information:\r\n\tProcess ID:\t\t0x0\r\n\tProcess Name:\t\t-\r\n\r\nNetwork Information:\r\n\tWorkstation Name:\t-\r\n\tSource Network Address:\t10.10.3.10\r\n\tSource Port:\t\t50580\r\n\r\nDetailed Authentication Information:\r\n\tLogon Process:\t\tKerberos\r\n\tAuthentication Package:\tKerberos\r\n\tTransited Services:\t-\r\n\tPackage Name (NTLM only):\t-\r\n\tKey Length:\t\t0\r\n\r\nThis event is generated when a logon session is created. It is generated on the computer that was accessed.\r\n\r\nThe subject fields indicate the account on the local system which requested the logon. This is most commonly a service such as the Server service, or a local process such as Winlogon.exe or Services.exe.\r\n\r\nThe logon type field indicates the kind of logon that occurred. The most common types are 2 (interactive) and 3 (network).\r\n\r\nThe New Logon fields indicate the account for whom the new logon was created, i.e. the account that was logged on.\r\n\r\nThe network fields indicate where a remote logon request originated. Workstation name is not always available and may be left blank in some cases.\r\n\r\nThe impersonation level field indicates the extent to which a process in the logon session can impersonate.\r\n\r\nThe authentication information fields provide detailed information about this specific logon request.\r\n\t- Logon GUID is a unique identifier that can be used to correlate this event with a KDC event.\r\n\t- Transited services indicate which intermediate services have participated in this logon request.\r\n\t- Package name indicates which sub-protocol was used among the NTLM protocols.\r\n\t- Key length indicates the length of the generated session key. This will be 0 if no session key was requested.",
                       "target_user":  "DC01$",
                       "logon_type":  "3",
                       "source_ip":  "10.10.3.10",
                       "workstation":  "-"
                   },
                   {
                       "timestamp":  "2026-08-08T11:39:56.3849049Z",
                       "hostname":  "DC01",
                       "platform":  "Windows",
                       "source_type":  "Sysmon",
                       "channel":  "Microsoft-Windows-Sysmon/Operational",
                       "event_id":  22,
                       "event_category":  "dns_query",
                       "provider":  "Microsoft-Windows-Sysmon",
                       "raw_message":  "Dns query:\r\nRuleName: -\r\nUtcTime: 2026-08-08 11:39:58.269\r\nProcessGuid: {00000000-0000-0000-0000-000000000000}\r\nProcessId: 6464\r\nQueryName: DC01.meddefense.local\r\nQueryStatus: 0\r\nQueryResults: fe80::590c:793e:9ffd:17e7;::ffff:10.10.3.10;\r\nImage: \u003cunknown process\u003e\r\nUser: NT AUTHORITY\\SYSTEM",
                       "query_name":  "DC01.meddefense.local",
                       "query_results":  "fe80::590c:793e:9ffd:17e7;::ffff:10.10.3.10;"
                   },
                   {
                       "timestamp":  "2026-08-08T11:40:01.0633539Z",
                       "hostname":  "DC01",
                       "platform":  "Windows",
                       "source_type":  "Security",
                       "channel":  "Security",
                       "event_id":  4648,
                       "event_category":  "windows_security",
                       "provider":  "Microsoft-Windows-Security-Auditing",
                       "raw_message":  "A logon was attempted using explicit credentials.\r\n\r\nSubject:\r\n\tSecurity ID:\t\tS-1-5-18\r\n\tAccount Name:\t\tDC01$\r\n\tAccount Domain:\t\tMEDDEFENSE\r\n\tLogon ID:\t\t0x3E7\r\n\tLogon GUID:\t\t{00000000-0000-0000-0000-000000000000}\r\n\r\nAccount Whose Credentials Were Used:\r\n\tAccount Name:\t\tDWM-2\r\n\tAccount Domain:\t\tWindow Manager\r\n\tLogon GUID:\t\t{00000000-0000-0000-0000-000000000000}\r\n\r\nTarget Server:\r\n\tTarget Server Name:\tlocalhost\r\n\tAdditional Information:\tlocalhost\r\n\r\nProcess Information:\r\n\tProcess ID:\t\t0x182c\r\n\tProcess Name:\t\tC:\\Windows\\System32\\winlogon.exe\r\n\r\nNetwork Information:\r\n\tNetwork Address:\t-\r\n\tPort:\t\t\t-\r\n\r\nThis event is generated when a process attempts to log on an account by explicitly specifying that account’s credentials.  This most commonly occurs in batch-type configurations such as scheduled tasks, or when using the RUNAS command."
                   },
                   {
                       "timestamp":  "2026-08-08T11:40:01.0634106Z",
                       "hostname":  "DC01",
                       "platform":  "Windows",
                       "source_type":  "Security",
                       "channel":  "Security",
                       "event_id":  4624,
                       "event_category":  "authentication_success",
                       "provider":  "Microsoft-Windows-Security-Auditing",
                       "raw_message":  "An account was successfully logged on.\r\n\r\nSubject:\r\n\tSecurity ID:\t\tS-1-5-18\r\n\tAccount Name:\t\tDC01$\r\n\tAccount Domain:\t\tMEDDEFENSE\r\n\tLogon ID:\t\t0x3E7\r\n\r\nLogon Information:\r\n\tLogon Type:\t\t2\r\n\tRestricted Admin Mode:\t-\r\n\tVirtual Account:\t\tYes\r\n\tElevated Token:\t\tYes\r\n\r\nImpersonation Level:\t\tImpersonation\r\n\r\nNew Logon:\r\n\tSecurity ID:\t\tS-1-5-90-0-2\r\n\tAccount Name:\t\tDWM-2\r\n\tAccount Domain:\t\tWindow Manager\r\n\tLogon ID:\t\t0x13C9E4\r\n\tLinked Logon ID:\t\t0x13C9F7\r\n\tNetwork Account Name:\t-\r\n\tNetwork Account Domain:\t-\r\n\tLogon GUID:\t\t{00000000-0000-0000-0000-000000000000}\r\n\r\nProcess Information:\r\n\tProcess ID:\t\t0x182c\r\n\tProcess Name:\t\tC:\\Windows\\System32\\winlogon.exe\r\n\r\nNetwork Information:\r\n\tWorkstation Name:\t-\r\n\tSource Network Address:\t-\r\n\tSource Port:\t\t-\r\n\r\nDetailed Authentication Information:\r\n\tLogon Process:\t\tAdvapi  \r\n\tAuthentication Package:\tNegotiate\r\n\tTransited Services:\t-\r\n\tPackage Name (NTLM only):\t-\r\n\tKey Length:\t\t0\r\n\r\nThis event is generated when a logon session is created. It is generated on the computer that was accessed.\r\n\r\nThe subject fields indicate the account on the local system which requested the logon. This is most commonly a service such as the Server service, or a local process such as Winlogon.exe or Services.exe.\r\n\r\nThe logon type field indicates the kind of logon that occurred. The most common types are 2 (interactive) and 3 (network).\r\n\r\nThe New Logon fields indicate the account for whom the new logon was created, i.e. the account that was logged on.\r\n\r\nThe network fields indicate where a remote logon request originated. Workstation name is not always available and may be left blank in some cases.\r\n\r\nThe impersonation level field indicates the extent to which a process in the logon session can impersonate.\r\n\r\nThe authentication information fields provide detailed information about this specific logon request.\r\n\t- Logon GUID is a unique identifier that can be used to correlate this event with a KDC event.\r\n\t- Transited services indicate which intermediate services have participated in this logon request.\r\n\t- Package name indicates which sub-protocol was used among the NTLM protocols.\r\n\t- Key length indicates the length of the generated session key. This will be 0 if no session key was requested.",
                       "target_user":  "DWM-2",
                       "logon_type":  "2",
                       "source_ip":  "-",
                       "workstation":  "-"
                   },
                   {
                       "timestamp":  "2026-08-08T11:40:01.0634494Z",
                       "hostname":  "DC01",
                       "platform":  "Windows",
                       "source_type":  "Security",
                       "channel":  "Security",
                       "event_id":  4624,
                       "event_category":  "authentication_success",
                       "provider":  "Microsoft-Windows-Security-Auditing",
                       "raw_message":  "An account was successfully logged on.\r\n\r\nSubject:\r\n\tSecurity ID:\t\tS-1-5-18\r\n\tAccount Name:\t\tDC01$\r\n\tAccount Domain:\t\tMEDDEFENSE\r\n\tLogon ID:\t\t0x3E7\r\n\r\nLogon Information:\r\n\tLogon Type:\t\t2\r\n\tRestricted Admin Mode:\t-\r\n\tVirtual Account:\t\tYes\r\n\tElevated Token:\t\tNo\r\n\r\nImpersonation Level:\t\tImpersonation\r\n\r\nNew Logon:\r\n\tSecurity ID:\t\tS-1-5-90-0-2\r\n\tAccount Name:\t\tDWM-2\r\n\tAccount Domain:\t\tWindow Manager\r\n\tLogon ID:\t\t0x13C9F7\r\n\tLinked Logon ID:\t\t0x13C9E4\r\n\tNetwork Account Name:\t-\r\n\tNetwork Account Domain:\t-\r\n\tLogon GUID:\t\t{00000000-0000-0000-0000-000000000000}\r\n\r\nProcess Information:\r\n\tProcess ID:\t\t0x182c\r\n\tProcess Name:\t\tC:\\Windows\\System32\\winlogon.exe\r\n\r\nNetwork Information:\r\n\tWorkstation Name:\t-\r\n\tSource Network Address:\t-\r\n\tSource Port:\t\t-\r\n\r\nDetailed Authentication Information:\r\n\tLogon Process:\t\tAdvapi  \r\n\tAuthentication Package:\tNegotiate\r\n\tTransited Services:\t-\r\n\tPackage Name (NTLM only):\t-\r\n\tKey Length:\t\t0\r\n\r\nThis event is generated when a logon session is created. It is generated on the computer that was accessed.\r\n\r\nThe subject fields indicate the account on the local system which requested the logon. This is most commonly a service such as the Server service, or a local process such as Winlogon.exe or Services.exe.\r\n\r\nThe logon type field indicates the kind of logon that occurred. The most common types are 2 (interactive) and 3 (network).\r\n\r\nThe New Logon fields indicate the account for whom the new logon was created, i.e. the account that was logged on.\r\n\r\nThe network fields indicate where a remote logon request originated. Workstation name is not always available and may be left blank in some cases.\r\n\r\nThe impersonation level field indicates the extent to which a process in the logon session can impersonate.\r\n\r\nThe authentication information fields provide detailed information about this specific logon request.\r\n\t- Logon GUID is a unique identifier that can be used to correlate this event with a KDC event.\r\n\t- Transited services indicate which intermediate services have participated in this logon request.\r\n\t- Package name indicates which sub-protocol was used among the NTLM protocols.\r\n\t- Key length indicates the length of the generated session key. This will be 0 if no session key was requested.",
                       "target_user":  "DWM-2",
                       "logon_type":  "2",
                       "source_ip":  "-",
                       "workstation":  "-"
                   },
                   {
                       "timestamp":  "2026-08-08T11:40:01.8964813Z",
                       "hostname":  "DC01",
                       "platform":  "Windows",
                       "source_type":  "Sysmon",
                       "channel":  "Microsoft-Windows-Sysmon/Operational",
                       "event_id":  11,
                       "event_category":  "file_creation",
                       "provider":  "Microsoft-Windows-Sysmon",
                       "raw_message":  "File created:\r\nRuleName: -\r\nUtcTime: 2026-08-08 11:40:01.876\r\nProcessGuid: {62784320-1591-6a77-2901-000000001200}\r\nProcessId: 5236\r\nImage: C:\\Windows\\system32\\WerFault.exe\r\nTargetFilename: C:\\ProgramData\\Microsoft\\Windows\\WER\\Temp\\WER.0b6cc60b-5ea4-4dc7-90f3-ed48b0b79f96.tmp.dmp\r\nCreationUtcTime: 2026-08-08 11:40:01.876\r\nUser: Window Manager\\DWM-2",
                       "target_filename":  "C:\\ProgramData\\Microsoft\\Windows\\WER\\Temp\\WER.0b6cc60b-5ea4-4dc7-90f3-ed48b0b79f96.tmp.dmp",
                       "creating_process":  "C:\\Windows\\system32\\WerFault.exe"
                   },
                   {
                       "timestamp":  "2026-08-08T11:40:02.7506302Z",
                       "hostname":  "DC01",
                       "platform":  "Windows",
                       "source_type":  "Security",
                       "channel":  "Security",
                       "event_id":  4648,
                       "event_category":  "windows_security",
                       "provider":  "Microsoft-Windows-Security-Auditing",
                       "raw_message":  "A logon was attempted using explicit credentials.\r\n\r\nSubject:\r\n\tSecurity ID:\t\tS-1-5-18\r\n\tAccount Name:\t\tDC01$\r\n\tAccount Domain:\t\tMEDDEFENSE\r\n\tLogon ID:\t\t0x3E7\r\n\tLogon GUID:\t\t{00000000-0000-0000-0000-000000000000}\r\n\r\nAccount Whose Credentials Were Used:\r\n\tAccount Name:\t\tDWM-2\r\n\tAccount Domain:\t\tWindow Manager\r\n\tLogon GUID:\t\t{00000000-0000-0000-0000-000000000000}\r\n\r\nTarget Server:\r\n\tTarget Server Name:\tlocalhost\r\n\tAdditional Information:\tlocalhost\r\n\r\nProcess Information:\r\n\tProcess ID:\t\t0x182c\r\n\tProcess Name:\t\tC:\\Windows\\System32\\winlogon.exe\r\n\r\nNetwork Information:\r\n\tNetwork Address:\t-\r\n\tPort:\t\t\t-\r\n\r\nThis event is generated when a process attempts to log on an account by explicitly specifying that account’s credentials.  This most commonly occurs in batch-type configurations such as scheduled tasks, or when using the RUNAS command."
                   },
                   {
                       "timestamp":  "2026-08-08T11:40:02.7506665Z",
                       "hostname":  "DC01",
                       "platform":  "Windows",
                       "source_type":  "Security",
                       "channel":  "Security",
                       "event_id":  4624,
                       "event_category":  "authentication_success",
                       "provider":  "Microsoft-Windows-Security-Auditing",
                       "raw_message":  "An account was successfully logged on.\r\n\r\nSubject:\r\n\tSecurity ID:\t\tS-1-5-18\r\n\tAccount Name:\t\tDC01$\r\n\tAccount Domain:\t\tMEDDEFENSE\r\n\tLogon ID:\t\t0x3E7\r\n\r\nLogon Information:\r\n\tLogon Type:\t\t2\r\n\tRestricted Admin Mode:\t-\r\n\tVirtual Account:\t\tYes\r\n\tElevated Token:\t\tYes\r\n\r\nImpersonation Level:\t\tImpersonation\r\n\r\nNew Logon:\r\n\tSecurity ID:\t\tS-1-5-90-0-2\r\n\tAccount Name:\t\tDWM-2\r\n\tAccount Domain:\t\tWindow Manager\r\n\tLogon ID:\t\t0x1409A6\r\n\tLinked Logon ID:\t\t0x1409B6\r\n\tNetwork Account Name:\t-\r\n\tNetwork Account Domain:\t-\r\n\tLogon GUID:\t\t{00000000-0000-0000-0000-000000000000}\r\n\r\nProcess Information:\r\n\tProcess ID:\t\t0x182c\r\n\tProcess Name:\t\tC:\\Windows\\System32\\winlogon.exe\r\n\r\nNetwork Information:\r\n\tWorkstation Name:\t-\r\n\tSource Network Address:\t-\r\n\tSource Port:\t\t-\r\n\r\nDetailed Authentication Information:\r\n\tLogon Process:\t\tAdvapi  \r\n\tAuthentication Package:\tNegotiate\r\n\tTransited Services:\t-\r\n\tPackage Name (NTLM only):\t-\r\n\tKey Length:\t\t0\r\n\r\nThis event is generated when a logon session is created. It is generated on the computer that was accessed.\r\n\r\nThe subject fields indicate the account on the local system which requested the logon. This is most commonly a service such as the Server service, or a local process such as Winlogon.exe or Services.exe.\r\n\r\nThe logon type field indicates the kind of logon that occurred. The most common types are 2 (interactive) and 3 (network).\r\n\r\nThe New Logon fields indicate the account for whom the new logon was created, i.e. the account that was logged on.\r\n\r\nThe network fields indicate where a remote logon request originated. Workstation name is not always available and may be left blank in some cases.\r\n\r\nThe impersonation level field indicates the extent to which a process in the logon session can impersonate.\r\n\r\nThe authentication information fields provide detailed information about this specific logon request.\r\n\t- Logon GUID is a unique identifier that can be used to correlate this event with a KDC event.\r\n\t- Transited services indicate which intermediate services have participated in this logon request.\r\n\t- Package name indicates which sub-protocol was used among the NTLM protocols.\r\n\t- Key length indicates the length of the generated session key. This will be 0 if no session key was requested.",
                       "target_user":  "DWM-2",
                       "logon_type":  "2",
                       "source_ip":  "-",
                       "workstation":  "-"
                   },
                   {
                       "timestamp":  "2026-08-08T11:40:02.7506989Z",
                       "hostname":  "DC01",
                       "platform":  "Windows",
                       "source_type":  "Security",
                       "channel":  "Security",
                       "event_id":  4624,
                       "event_category":  "authentication_success",
                       "provider":  "Microsoft-Windows-Security-Auditing",
                       "raw_message":  "An account was successfully logged on.\r\n\r\nSubject:\r\n\tSecurity ID:\t\tS-1-5-18\r\n\tAccount Name:\t\tDC01$\r\n\tAccount Domain:\t\tMEDDEFENSE\r\n\tLogon ID:\t\t0x3E7\r\n\r\nLogon Information:\r\n\tLogon Type:\t\t2\r\n\tRestricted Admin Mode:\t-\r\n\tVirtual Account:\t\tYes\r\n\tElevated Token:\t\tNo\r\n\r\nImpersonation Level:\t\tImpersonation\r\n\r\nNew Logon:\r\n\tSecurity ID:\t\tS-1-5-90-0-2\r\n\tAccount Name:\t\tDWM-2\r\n\tAccount Domain:\t\tWindow Manager\r\n\tLogon ID:\t\t0x1409B6\r\n\tLinked Logon ID:\t\t0x1409A6\r\n\tNetwork Account Name:\t-\r\n\tNetwork Account Domain:\t-\r\n\tLogon GUID:\t\t{00000000-0000-0000-0000-000000000000}\r\n\r\nProcess Information:\r\n\tProcess ID:\t\t0x182c\r\n\tProcess Name:\t\tC:\\Windows\\System32\\winlogon.exe\r\n\r\nNetwork Information:\r\n\tWorkstation Name:\t-\r\n\tSource Network Address:\t-\r\n\tSource Port:\t\t-\r\n\r\nDetailed Authentication Information:\r\n\tLogon Process:\t\tAdvapi  \r\n\tAuthentication Package:\tNegotiate\r\n\tTransited Services:\t-\r\n\tPackage Name (NTLM only):\t-\r\n\tKey Length:\t\t0\r\n\r\nThis event is generated when a logon session is created. It is generated on the computer that was accessed.\r\n\r\nThe subject fields indicate the account on the local system which requested the logon. This is most commonly a service such as the Server service, or a local process such as Winlogon.exe or Services.exe.\r\n\r\nThe logon type field indicates the kind of logon that occurred. The most common types are 2 (interactive) and 3 (network).\r\n\r\nThe New Logon fields indicate the account for whom the new logon was created, i.e. the account that was logged on.\r\n\r\nThe network fields indicate where a remote logon request originated. Workstation name is not always available and may be left blank in some cases.\r\n\r\nThe impersonation level field indicates the extent to which a process in the logon session can impersonate.\r\n\r\nThe authentication information fields provide detailed information about this specific logon request.\r\n\t- Logon GUID is a unique identifier that can be used to correlate this event with a KDC event.\r\n\t- Transited services indicate which intermediate services have participated in this logon request.\r\n\t- Package name indicates which sub-protocol was used among the NTLM protocols.\r\n\t- Key length indicates the length of the generated session key. This will be 0 if no session key was requested.",
                       "target_user":  "DWM-2",
                       "logon_type":  "2",
                       "source_ip":  "-",
                       "workstation":  "-"
                   },
                   {
                       "timestamp":  "2026-08-08T11:40:04.1945955Z",
                       "hostname":  "DC01",
                       "platform":  "Windows",
                       "source_type":  "Sysmon",
                       "channel":  "Microsoft-Windows-Sysmon/Operational",
                       "event_id":  11,
                       "event_category":  "file_creation",
                       "provider":  "Microsoft-Windows-Sysmon",
                       "raw_message":  "File created:\r\nRuleName: -\r\nUtcTime: 2026-08-08 11:40:04.181\r\nProcessGuid: {62784320-1593-6a77-2f01-000000001200}\r\nProcessId: 2356\r\nImage: C:\\Windows\\system32\\WerFault.exe\r\nTargetFilename: C:\\ProgramData\\Microsoft\\Windows\\WER\\Temp\\WER.84e90117-0b97-4da0-8a6d-fc56000ca417.tmp.dmp\r\nCreationUtcTime: 2026-08-08 11:40:04.181\r\nUser: Window Manager\\DWM-2",
                       "target_filename":  "C:\\ProgramData\\Microsoft\\Windows\\WER\\Temp\\WER.84e90117-0b97-4da0-8a6d-fc56000ca417.tmp.dmp",
                       "creating_process":  "C:\\Windows\\system32\\WerFault.exe"
                   },
                   {
                       "timestamp":  "2026-08-08T11:40:05.1697709Z",
                       "hostname":  "DC01",
                       "platform":  "Windows",
                       "source_type":  "Security",
                       "channel":  "Security",
                       "event_id":  4648,
                       "event_category":  "windows_security",
                       "provider":  "Microsoft-Windows-Security-Auditing",
                       "raw_message":  "A logon was attempted using explicit credentials.\r\n\r\nSubject:\r\n\tSecurity ID:\t\tS-1-5-18\r\n\tAccount Name:\t\tDC01$\r\n\tAccount Domain:\t\tMEDDEFENSE\r\n\tLogon ID:\t\t0x3E7\r\n\tLogon GUID:\t\t{00000000-0000-0000-0000-000000000000}\r\n\r\nAccount Whose Credentials Were Used:\r\n\tAccount Name:\t\tDWM-2\r\n\tAccount Domain:\t\tWindow Manager\r\n\tLogon GUID:\t\t{00000000-0000-0000-0000-000000000000}\r\n\r\nTarget Server:\r\n\tTarget Server Name:\tlocalhost\r\n\tAdditional Information:\tlocalhost\r\n\r\nProcess Information:\r\n\tProcess ID:\t\t0x182c\r\n\tProcess Name:\t\tC:\\Windows\\System32\\winlogon.exe\r\n\r\nNetwork Information:\r\n\tNetwork Address:\t-\r\n\tPort:\t\t\t-\r\n\r\nThis event is generated when a process attempts to log on an account by explicitly specifying that account’s credentials.  This most commonly occurs in batch-type configurations such as scheduled tasks, or when using the RUNAS command."
                   },
                   {
                       "timestamp":  "2026-08-08T11:40:05.1698009Z",
                       "hostname":  "DC01",
                       "platform":  "Windows",
                       "source_type":  "Security",
                       "channel":  "Security",
                       "event_id":  4624,
                       "event_category":  "authentication_success",
                       "provider":  "Microsoft-Windows-Security-Auditing",
                       "raw_message":  "An account was successfully logged on.\r\n\r\nSubject:\r\n\tSecurity ID:\t\tS-1-5-18\r\n\tAccount Name:\t\tDC01$\r\n\tAccount Domain:\t\tMEDDEFENSE\r\n\tLogon ID:\t\t0x3E7\r\n\r\nLogon Information:\r\n\tLogon Type:\t\t2\r\n\tRestricted Admin Mode:\t-\r\n\tVirtual Account:\t\tYes\r\n\tElevated Token:\t\tYes\r\n\r\nImpersonation Level:\t\tImpersonation\r\n\r\nNew Logon:\r\n\tSecurity ID:\t\tS-1-5-90-0-2\r\n\tAccount Name:\t\tDWM-2\r\n\tAccount Domain:\t\tWindow Manager\r\n\tLogon ID:\t\t0x1476D6\r\n\tLinked Logon ID:\t\t0x1476E8\r\n\tNetwork Account Name:\t-\r\n\tNetwork Account Domain:\t-\r\n\tLogon GUID:\t\t{00000000-0000-0000-0000-000000000000}\r\n\r\nProcess Information:\r\n\tProcess ID:\t\t0x182c\r\n\tProcess Name:\t\tC:\\Windows\\System32\\winlogon.exe\r\n\r\nNetwork Information:\r\n\tWorkstation Name:\t-\r\n\tSource Network Address:\t-\r\n\tSource Port:\t\t-\r\n\r\nDetailed Authentication Information:\r\n\tLogon Process:\t\tAdvapi  \r\n\tAuthentication Package:\tNegotiate\r\n\tTransited Services:\t-\r\n\tPackage Name (NTLM only):\t-\r\n\tKey Length:\t\t0\r\n\r\nThis event is generated when a logon session is created. It is generated on the computer that was accessed.\r\n\r\nThe subject fields indicate the account on the local system which requested the logon. This is most commonly a service such as the Server service, or a local process such as Winlogon.exe or Services.exe.\r\n\r\nThe logon type field indicates the kind of logon that occurred. The most common types are 2 (interactive) and 3 (network).\r\n\r\nThe New Logon fields indicate the account for whom the new logon was created, i.e. the account that was logged on.\r\n\r\nThe network fields indicate where a remote logon request originated. Workstation name is not always available and may be left blank in some cases.\r\n\r\nThe impersonation level field indicates the extent to which a process in the logon session can impersonate.\r\n\r\nThe authentication information fields provide detailed information about this specific logon request.\r\n\t- Logon GUID is a unique identifier that can be used to correlate this event with a KDC event.\r\n\t- Transited services indicate which intermediate services have participated in this logon request.\r\n\t- Package name indicates which sub-protocol was used among the NTLM protocols.\r\n\t- Key length indicates the length of the generated session key. This will be 0 if no session key was requested.",
                       "target_user":  "DWM-2",
                       "logon_type":  "2",
                       "source_ip":  "-",
                       "workstation":  "-"
                   },
                   {
                       "timestamp":  "2026-08-08T11:40:05.1698236Z",
                       "hostname":  "DC01",
                       "platform":  "Windows",
                       "source_type":  "Security",
                       "channel":  "Security",
                       "event_id":  4624,
                       "event_category":  "authentication_success",
                       "provider":  "Microsoft-Windows-Security-Auditing",
                       "raw_message":  "An account was successfully logged on.\r\n\r\nSubject:\r\n\tSecurity ID:\t\tS-1-5-18\r\n\tAccount Name:\t\tDC01$\r\n\tAccount Domain:\t\tMEDDEFENSE\r\n\tLogon ID:\t\t0x3E7\r\n\r\nLogon Information:\r\n\tLogon Type:\t\t2\r\n\tRestricted Admin Mode:\t-\r\n\tVirtual Account:\t\tYes\r\n\tElevated Token:\t\tNo\r\n\r\nImpersonation Level:\t\tImpersonation\r\n\r\nNew Logon:\r\n\tSecurity ID:\t\tS-1-5-90-0-2\r\n\tAccount Name:\t\tDWM-2\r\n\tAccount Domain:\t\tWindow Manager\r\n\tLogon ID:\t\t0x1476E8\r\n\tLinked Logon ID:\t\t0x1476D6\r\n\tNetwork Account Name:\t-\r\n\tNetwork Account Domain:\t-\r\n\tLogon GUID:\t\t{00000000-0000-0000-0000-000000000000}\r\n\r\nProcess Information:\r\n\tProcess ID:\t\t0x182c\r\n\tProcess Name:\t\tC:\\Windows\\System32\\winlogon.exe\r\n\r\nNetwork Information:\r\n\tWorkstation Name:\t-\r\n\tSource Network Address:\t-\r\n\tSource Port:\t\t-\r\n\r\nDetailed Authentication Information:\r\n\tLogon Process:\t\tAdvapi  \r\n\tAuthentication Package:\tNegotiate\r\n\tTransited Services:\t-\r\n\tPackage Name (NTLM only):\t-\r\n\tKey Length:\t\t0\r\n\r\nThis event is generated when a logon session is created. It is generated on the computer that was accessed.\r\n\r\nThe subject fields indicate the account on the local system which requested the logon. This is most commonly a service such as the Server service, or a local process such as Winlogon.exe or Services.exe.\r\n\r\nThe logon type field indicates the kind of logon that occurred. The most common types are 2 (interactive) and 3 (network).\r\n\r\nThe New Logon fields indicate the account for whom the new logon was created, i.e. the account that was logged on.\r\n\r\nThe network fields indicate where a remote logon request originated. Workstation name is not always available and may be left blank in some cases.\r\n\r\nThe impersonation level field indicates the extent to which a process in the logon session can impersonate.\r\n\r\nThe authentication information fields provide detailed information about this specific logon request.\r\n\t- Logon GUID is a unique identifier that can be used to correlate this event with a KDC event.\r\n\t- Transited services indicate which intermediate services have participated in this logon request.\r\n\t- Package name indicates which sub-protocol was used among the NTLM protocols.\r\n\t- Key length indicates the length of the generated session key. This will be 0 if no session key was requested.",
                       "target_user":  "DWM-2",
                       "logon_type":  "2",
                       "source_ip":  "-",
                       "workstation":  "-"
                   },
                   {
                       "timestamp":  "2026-08-08T11:40:07.5367751Z",
                       "hostname":  "DC01",
                       "platform":  "Windows",
                       "source_type":  "Sysmon",
                       "channel":  "Microsoft-Windows-Sysmon/Operational",
                       "event_id":  11,
                       "event_category":  "file_creation",
                       "provider":  "Microsoft-Windows-Sysmon",
                       "raw_message":  "File created:\r\nRuleName: -\r\nUtcTime: 2026-08-08 11:40:07.505\r\nProcessGuid: {62784320-1597-6a77-3501-000000001200}\r\nProcessId: 6712\r\nImage: C:\\Windows\\system32\\WerFault.exe\r\nTargetFilename: C:\\ProgramData\\Microsoft\\Windows\\WER\\Temp\\WER.061ebb95-9d07-41d5-99d1-9dd3763e7b9c.tmp.dmp\r\nCreationUtcTime: 2026-08-08 11:40:07.505\r\nUser: Window Manager\\DWM-2",
                       "target_filename":  "C:\\ProgramData\\Microsoft\\Windows\\WER\\Temp\\WER.061ebb95-9d07-41d5-99d1-9dd3763e7b9c.tmp.dmp",
                       "creating_process":  "C:\\Windows\\system32\\WerFault.exe"
                   },
                   {
                       "timestamp":  "2026-08-08T11:40:17.0695863Z",
                       "hostname":  "DC01",
                       "platform":  "Windows",
                       "source_type":  "Security",
                       "channel":  "Security",
                       "event_id":  4648,
                       "event_category":  "windows_security",
                       "provider":  "Microsoft-Windows-Security-Auditing",
                       "raw_message":  "A logon was attempted using explicit credentials.\r\n\r\nSubject:\r\n\tSecurity ID:\t\tS-1-5-18\r\n\tAccount Name:\t\tDC01$\r\n\tAccount Domain:\t\tMEDDEFENSE\r\n\tLogon ID:\t\t0x3E7\r\n\tLogon GUID:\t\t{00000000-0000-0000-0000-000000000000}\r\n\r\nAccount Whose Credentials Were Used:\r\n\tAccount Name:\t\tDWM-2\r\n\tAccount Domain:\t\tWindow Manager\r\n\tLogon GUID:\t\t{00000000-0000-0000-0000-000000000000}\r\n\r\nTarget Server:\r\n\tTarget Server Name:\tlocalhost\r\n\tAdditional Information:\tlocalhost\r\n\r\nProcess Information:\r\n\tProcess ID:\t\t0x182c\r\n\tProcess Name:\t\tC:\\Windows\\System32\\winlogon.exe\r\n\r\nNetwork Information:\r\n\tNetwork Address:\t-\r\n\tPort:\t\t\t-\r\n\r\nThis event is generated when a process attempts to log on an account by explicitly specifying that account’s credentials.  This most commonly occurs in batch-type configurations such as scheduled tasks, or when using the RUNAS command."
                   },
                   {
                       "timestamp":  "2026-08-08T11:40:17.0696169Z",
                       "hostname":  "DC01",
                       "platform":  "Windows",
                       "source_type":  "Security",
                       "channel":  "Security",
                       "event_id":  4624,
                       "event_category":  "authentication_success",
                       "provider":  "Microsoft-Windows-Security-Auditing",
                       "raw_message":  "An account was successfully logged on.\r\n\r\nSubject:\r\n\tSecurity ID:\t\tS-1-5-18\r\n\tAccount Name:\t\tDC01$\r\n\tAccount Domain:\t\tMEDDEFENSE\r\n\tLogon ID:\t\t0x3E7\r\n\r\nLogon Information:\r\n\tLogon Type:\t\t2\r\n\tRestricted Admin Mode:\t-\r\n\tVirtual Account:\t\tYes\r\n\tElevated Token:\t\tYes\r\n\r\nImpersonation Level:\t\tImpersonation\r\n\r\nNew Logon:\r\n\tSecurity ID:\t\tS-1-5-90-0-2\r\n\tAccount Name:\t\tDWM-2\r\n\tAccount Domain:\t\tWindow Manager\r\n\tLogon ID:\t\t0x15DEFE\r\n\tLinked Logon ID:\t\t0x15DF0E\r\n\tNetwork Account Name:\t-\r\n\tNetwork Account Domain:\t-\r\n\tLogon GUID:\t\t{00000000-0000-0000-0000-000000000000}\r\n\r\nProcess Information:\r\n\tProcess ID:\t\t0x182c\r\n\tProcess Name:\t\tC:\\Windows\\System32\\winlogon.exe\r\n\r\nNetwork Information:\r\n\tWorkstation Name:\t-\r\n\tSource Network Address:\t-\r\n\tSource Port:\t\t-\r\n\r\nDetailed Authentication Information:\r\n\tLogon Process:\t\tAdvapi  \r\n\tAuthentication Package:\tNegotiate\r\n\tTransited Services:\t-\r\n\tPackage Name (NTLM only):\t-\r\n\tKey Length:\t\t0\r\n\r\nThis event is generated when a logon session is created. It is generated on the computer that was accessed.\r\n\r\nThe subject fields indicate the account on the local system which requested the logon. This is most commonly a service such as the Server service, or a local process such as Winlogon.exe or Services.exe.\r\n\r\nThe logon type field indicates the kind of logon that occurred. The most common types are 2 (interactive) and 3 (network).\r\n\r\nThe New Logon fields indicate the account for whom the new logon was created, i.e. the account that was logged on.\r\n\r\nThe network fields indicate where a remote logon request originated. Workstation name is not always available and may be left blank in some cases.\r\n\r\nThe impersonation level field indicates the extent to which a process in the logon session can impersonate.\r\n\r\nThe authentication information fields provide detailed information about this specific logon request.\r\n\t- Logon GUID is a unique identifier that can be used to correlate this event with a KDC event.\r\n\t- Transited services indicate which intermediate services have participated in this logon request.\r\n\t- Package name indicates which sub-protocol was used among the NTLM protocols.\r\n\t- Key length indicates the length of the generated session key. This will be 0 if no session key was requested.",
                       "target_user":  "DWM-2",
                       "logon_type":  "2",
                       "source_ip":  "-",
                       "workstation":  "-"
                   },
