                   {
                       "timestamp":  "2026-08-08T12:38:57.6012660Z",
                       "hostname":  "DC01",
                       "platform":  "Windows",
                       "source_type":  "PowerShell",
                       "channel":  "Microsoft-Windows-PowerShell/Operational",
                       "event_id":  4103,
                       "event_category":  "powershell_module_logging",
                       "provider":  "Microsoft-Windows-PowerShell",
                       "raw_message":  "CommandInvocation(Select-Object): \"Select-Object\"\r\nParameterBinding(Select-Object): name=\"First\"; value=\"1\"\r\nParameterBinding(Select-Object): name=\"InputObject\"; value=\"@{timestamp=2026-08-08T09:50:37.5817056Z; hostname=DC01; platform=Windows; source_type=PowerShell; channel=Microsoft-Windows-PowerShell/Operational; event_id=4104; event_category=powershell_script_block; provider=Microsoft-Windows-PowerShell; raw_message=Creating Scriptblock text (1 of 1):\r\n# Copyright © 2008, Microsoft Corporation. All rights reserved.\r\n\r\n\r\n#Common utility functions\r\nImport-LocalizedData -BindingVariable localizationString -FileName CL_LocalizationData\r\n\r\n# Function to get user troubleshooting history\r\nfunction Get-UserTSHistoryPath {\r\n    return \"${env:localappdata}\\diagnostics\"\r\n}\r\n\r\n# Function to get admin troubleshooting history\r\nfunction Get-AdminTSHistoryPath {\r\n    return \"${env:localappdata}\\elevateddiagnostics\"\r\n}\r\n\r\n# Function to get user report folder path\r\nfunction Get-UserReportPath {\r\n    return \"${env:localappdata}\\Microsoft\\Windows\\WER\\ReportQueue\"\r\n}\r\n\r\n# Function to get system report folder path\r\nfunction Get-MachineReportPath {\r\n    return \"${env:AllUsersProfile}\\Microsoft\\Windows\\WER\\ReportQueue\"\r\n}\r\n\r\n# Function to get threshold to check whether a folder is old\r\nfunction Get-ThresholdForCheckOlderFile {\r\n    [int]$threshold = -1\r\n    return $threshold\r\n}\r\n\r\n# Function to get threshold for deleting WER folder\r\nfunction Get-ThresholdForFileDeleting() {\r\n    [string]$registryEntryPath = \"HKLM:\\SOFTWARE\\Microsoft\\Windows\\Windows Error Reporting\"\r\n    [string]$registryEntryName = \"PurgeThreshholdValueInKB\"\r\n    [double]$defaultValue = 10.0\r\n\r\n    return Get-RegistryValue $registryEntryPath $registryEntryName $defaultValue\r\n}\r\n\r\n# Function to get the size of a directory in kb\r\nfunction Get-FolderSize([string]$folder = $(throw \"No folder is specified\")) {\r\n    if([String]::IsNullOrEmpty($folder) -or (-not(Test-Path $folder))) {\r\n        return 0\r\n    }\r\n\r\n    if(-not $Global:DirectoryObject) {\r\n        $Global:DirectoryObject = New-Object -comobject \"Scripting.FileSystemObject\"\r\n    }\r\n\r\n    return ($Global:DirectoryObject.GetFolder($folder).Size) / 1kb\r\n}\r\n\r\n# Function to delete a folder\r\nfunction Delete-Folder([string]$folder = $(throw \"No folder is specified\")) {\r\n    if([String]::IsNullOrEmpty($folder) -or (-not(Test-Path $folder))) {\r\n        return\r\n    }\r\n\r\n    Remove-Item -literalPath $folder -Recurse -Force\r\n}\r\n\r\n# Function to delete old folders\r\nfunction Delete-OldFolders($folder=$(throw \"No folder is specified\")) {\r\n    if(($folder -eq $null) -or (-not(Test-Path $folder))) {\r\n        return\r\n    }\r\n\r\n    [int]$threshold = Get-ThresholdForCheckOlderFile\r\n    $folders = Get-ChildItem -LiteralPath ($folder.FullName) -Force | Where-Object {$_.PSIsContainer}\r\n    if($folders -ne $null) {\r\n        foreach($folder in $folders) {\r\n            if((($folder.CreationTime).CompareTo((Get-Date).AddMonths($threshold))) -lt 0) {\r\n                Delete-Folder ($folder.FullName)\r\n            } else {\r\n                Delete-OldFolders (Get-Item ($folder.FullName))\r\n            }\r\n        }\r\n    }\r\n}\r\n\r\n# Function to get registry value\r\nfunction Get-RegistryValue([string]$registryEntryPath = $(throw \"No registry entry path is specified\"), [string]$registryEntryName = $(throw \"No registry entry name is specified\"), [double]$defaultValue = 0.0) {\r\n    [double]$registryEntryValue = $defaultValue\r\n\r\n    $registryEntry = Get-ItemProperty -Path $registryEntryPath -Name $registryEntryName\r\n    if($registryEntry -ne $null) {\r\n        $registryEntryValue = $registryEntry.$registryEntryName\r\n    }\r\n\r\n\treturn $registryEntryValue\r\n}\r\n\r\n# Function to get the percentage that WER queue can take up\r\nfunction Get-Percentage() {\r\n    [string]$registryEntryPath = \"HKLM:\\SOFTWARE\\Microsoft\\Windows\\Windows Error Reporting\"\r\n    [string]$registryEntryName = \"MaxQueueSizePercentage\"\r\n    [double]$defaultValue = 100.0\r\n\r\n    return Get-RegistryValue $registryEntryPath $registryEntryName $defaultValue\r\n}\r\n\r\n# Function to get free disk space on machine\r\nfunction Get-FreeSpace {\r\n    [double]$freeSpace = 0.0\r\n    [string]$wql = \"SELECT * FROM Win32_LogicalDisk WHERE MediaType=12\"\r\n    $drives = Get-WmiObject -query $wql\r\n    if($null -ne $drives) {\r\n        foreach($drive in $drives) {\r\n            $freeSpace += ($drive.freeSpace)\r\n        }\r\n    }\r\n\r\n    return ($freeSpace / 1KB)\r\n}\r\n\r\n# Function to get all unnecessary files\r\nfunction Get-UnnecessaryFiles([string]$folder = $(throw \"No folder is specified\")) {\r\n    if([String]::IsNullOrEmpty($folder) -or (-not(Test-Path $folder))) {\r\n        return $null\r\n    }\r\n\r\n    [int]$threshold = Get-ThresholdForCheckOlderFile\r\n\r\n    return (Get-ChildItem -literalPath $folder -Recurse -Force | Where-Object {($_.PSIsContainer) -and ((($_.CreationTime).CompareTo((Get-Date).AddMonths($threshold))) -lt 0)})\r\n}\r\n\r\n# Function to format disk space (KB -\u003e MB)\r\nfunction Format-DiskSpaceMB([double]$space = $(throw \"No space is specified\")) {\r\n    return [string]([Math]::Round(($space / 1KB), 3))\r\n}\r\n\r\n# Function to format disk space (B -\u003e GB)\r\nFunction Format-DiskSpaceGB([double]$space = $(throw \"No space is specified\")) {\r\n    return [string]([Math]::Round(($space / 1GB), 3))\r\n}\r\n\r\n# Function to attach item to the list with delimiter \"/\"\r\nfunction AttachTo-List([string]$list = $(throw \"No list is specified\"), [string]$item = $(throw \"No item is specified\"))\r\n{\r\n    if([String]::IsNullOrEmpty($list))\r\n    {\r\n        return $item\r\n    }\r\n\r\n    if([String]::IsNullOrEmpty($item))\r\n    {\r\n        return $list\r\n    }\r\n\r\n    return $list + \"/\" + $item\r\n}\r\n\r\n# Function to parse the the list with delimiter \"/\"\r\nfunction Parse-List([string]$list = $(throw \"No list is specified\"))\r\n{\r\n    if($list -eq $null)\r\n    {\r\n        return $null\r\n    }\r\n\r\n    return $list.Split(\"/\", [StringSplitOptions]::RemoveEmptyEntries)\r\n}\r\n\r\n# Function to get list length\r\nfunction Get-ListLength([string]$list = $(throw \"No list is specified\"))\r\n{\r\n    if($list -eq $null)\r\n    {\r\n        return 0\r\n    }\r\n\r\n    $result = Parse-List $list\r\n\r\n    if($result -is [string])\r\n    {\r\n        return 1\r\n    }\r\n    elseif($result -is [object[]])\r\n    {\r\n        return $result.count\r\n    }\r\n    else\r\n    {\r\n        return 0\r\n    }\r\n}\r\n\r\n# Function to convert to WQL path\r\nfunction ConvertTo-WQLPath([string]$wqlPath = $(throw \"No WQL path is specified\"))\r\n{\r\n    if($wqlPath -eq $null)\r\n    {\r\n        return \"\"\r\n    }\r\n\r\n    return $wqlPath.Replace(\"\\\", \"\\\\\")\r\n}\r\n\r\n# Function to check whether the shortcut is valid\r\nfunction Test-ValidLink([Wmi]$wmiLinkFile = $(throw \"No WMI link file is specified\"))\r\n{\r\n    if(($wmiLinkFile -eq $null) -or ([String]::IsNullOrEmpty($wmiLinkFile.Target)))\r\n    {\r\n        return $false\r\n    }\r\n\r\n    return Test-Path $wmiLinkFile.Target\r\n}\r\n\r\n# Function to chech whether have permission to delete the shortcut file\r\nfunction Test-Delete([Wmi]$wmiLinkFile = $(throw \"No WMI link file is specified\"))\r\n{\r\n    if($wmiLinkFile -eq $null)\r\n    {\r\n        return $false\r\n    }\r\n\r\n    return ($wmiLinkFile.AccessMask -band 0x10000) -eq 0x10000\r\n}\r\n\r\n# Function to get desktop path\r\nfunction Get-DesktopPath()\r\n{\r\n$methodDefinition = @\"\r\n    public static string GetDesktopPath\r\n    {\r\n        get\r\n        {\r\n            return Environment.GetFolderPath(Environment.SpecialFolder.DesktopDirectory);\r\n        }\r\n    }\r\n\"@\r\n\r\n    $type = Add-Type -MemberDefinition $methodDefinition -Name \"DesktopPath\" -PassThru\r\n\r\n    return $type::GetDesktopPath\r\n}\r\n\r\n# Function to get startup path\r\nfunction Get-StartupPath()\r\n{\r\n$methodDefinition = @\"\r\n    public static string GetStartupPath\r\n    {\r\n        get\r\n        {\r\n            return Environment.GetFolderPath(Environment.SpecialFolder.Startup);\r\n        }\r\n    }\r\n\"@\r\n\r\n    $type = Add-Type -MemberDefinition $methodDefinition -Name \"StartupPath\" -PassThru\r\n\r\n    return $type::GetStartupPath\r\n}\r\n\r\n# Function to remove all files in the list\r\nfunction Remove-FileList([string]$list = $(throw \"No list is specified\"))\r\n{\r\n    if([String]::IsNullOrEmpty($list))\r\n    {\r\n        return\r\n    }\r\n\r\n    try\r\n    {\r\n        Parse-List $list | Foreach-Object {\r\n            if(-not([String]::IsNullOrEmpty($_)))\r\n            {\r\n                Remove-Item $_ -Force\r\n            }\r\n        }\r\n    }\r\n    catch\r\n    {\r\n        $_ | ConvertTo-Xml | Update-DiagReport -id DeleteFileExceptions -Name $localizationString.filesFailToRemove_name -Description $localizationString.filesFailToRemove_description -Verbosity Warning\r\n    }\r\n}\r\n\r\n# Function to get the last access time of an Icon\r\nfunction Get-LastAccessTime([string]$filePath = $(throw \"No file path is specified\"))\r\n{\r\n    if([String]::IsNullOrEmpty($filePath) -or -not(Test-Path $filePath))\r\n    {\r\n        throw \"No file path found\"\r\n    }\r\n\r\n$typeDefinition = @\"\r\n\r\nusing System;\r\nusing System.Collections.Generic;\r\nusing System.Runtime.InteropServices;\r\nusing ComType = System.Runtime.InteropServices.ComTypes;\r\n\r\npublic sealed class FileInfo\r\n{\r\n    private FileInfo()\r\n    {\r\n    }\r\n\r\n    [StructLayout(LayoutKind.Sequential, CharSet = CharSet.Unicode)]\r\n    struct UAINFO\r\n    {\r\n        internal int cbSize;\r\n        internal int dwMask;\r\n        internal float R;\r\n        internal uint cLaunches;\r\n        internal uint cSwitches;\r\n        internal int dwTime;\r\n        internal ComType.FILETIME ftExecute;\r\n        [MarshalAs(UnmanagedType.Bool)] internal bool fExcludeFromMFU;\r\n\r\n        internal UAINFO(int dwMask)\r\n        {\r\n            this.cbSize = Marshal.SizeOf(typeof(UAINFO));\r\n            this.dwMask = dwMask;\r\n            this.R = 0;\r\n            this.cLaunches = 0;\r\n            this.cSwitches = 0;\r\n            this.dwTime = 0;\r\n            this.ftExecute = new ComType.FILETIME();\r\n            this.fExcludeFromMFU = false;\r\n        }\r\n    }\r\n\r\n    internal const int UAIM_FILETIME = 1;\r\n    internal static Guid UAIID_SHORTCUTS = new Guid(\"F4E57C4B-2036-45F0-A9AB-443BCFE33D9F\");\r\n\r\n    [ComImport, Guid(\"90D75131-43A6-4664-9AF8-DCCEB85A7462\"), InterfaceType(ComInterfaceType.InterfaceIsIUnknown)]\r\n    interface IShellUserAssist\r\n    {\r\n        int FireEvent(ref Guid pguidGrp, int eCmd, string pszPath, int dwTimeElapsed);\r\n        int QueryEntry(ref Guid pguidGrp, string pszPath, ref UAINFO pui);\r\n        int SetEntry(ref Guid pguidGrp, string pszPath, ref UAINFO pui);\r\n        int RenameEntry(ref Guid pguidGrp, string pszFrom, string pszTo);\r\n        int DeleteEntry(ref Guid pguidGrp, string pszPath);\r\n        int Enable(bool fEnable);\r\n    }\r\n\r\n    [ComImport, Guid(\"DD313E04-FEFF-11d1-8ECD-0000F87A470C\")]\r\n    internal class UserAssist { }\r\n\r\n    public static DateTime GetLastAccessTime(string filePath)\r\n    {\r\n        if(String.IsNullOrEmpty(filePath))\r\n        {\r\n            throw new ArgumentException(\"The file path is null or empty\");\r\n        }\r\n\r\n        UAINFO uaInfo = new UAINFO(UAIM_FILETIME);\r\n        IShellUserAssist iShellUserAssist = new UserAssist() as IShellUserAssist;\r\n        if (iShellUserAssist == null)\r\n        {\r\n            throw new InvalidOperationException(\"Can\u0027t get iShellUserAssist interface\");\r\n        }\r\n\r\n        try\r\n        {\r\n            Marshal.ThrowExceptionForHR(iShellUserAssist.QueryEntry(ref UAIID_SHORTCUTS, filePath, ref uaInfo));\r\n        }\r\n        catch\r\n        {\r\n            throw new InvalidOperationException(\"Can\u0027t query info about\" + filePath);\r\n        }\r\n\r\n        long fileTime = (((long)uaInfo.ftExecute.dwHighDateTime) \u003c\u003c 32) + uaInfo.ftExecute.dwLowDateTime;\r\n\r\n        return DateTime.FromFileTime(fileTime);\r\n    }\r\n}\r\n\"@\r\n\r\n    $type = Add-Type -TypeDefinition $typeDefinition -PassThru\r\n\r\n    return $type[0]::GetLastAccessTime($filePath)\r\n}\r\n\r\n# Function to check whether the icon is pointing to a file\r\nfunction Test-FileShortcut([Wmi]$wmiLinkFile = $(throw \"No wmi link file is specified\"))\r\n{\r\n    if($wmiLinkFile -eq $null)\r\n    {\r\n        return $false\r\n    }\r\n\r\n    [string]$target = $wmiLinkFile.Target\r\n    if([String]::IsNullOrEmpty($target) -or -not(Test-Path $target))\r\n    {\r\n        return $false\r\n    }\r\n\r\n    return -not((Get-Item $target).PSIsContainer)\r\n}\r\n\r\n# Function to create a choice in interaction page\r\nfunction Get-Choice([string]$name = $(throw \"No choice name is specified\"), [string]$description = $(throw \"No choice description is specified\"),\r\n                   [string]$value = $(throw \"No choice value is specified\"), [xml]$extension)\r\n{\r\n    return @{\"Name\"=$name;\"Description\"=$description;\"Value\"=$value;\"ExtensionPoint\"=$extension.InnerXml}\r\n}\r\n\r\n# Function to check whether the current machine is domain joined\r\nFunction Test-DomainJoined()\r\n{\r\n    return (Get-WmiObject -query \"select * from win32_ntdomain where Status =\u0027OK\u0027\") -ne $null\r\n}\r\n\r\n# Function to update time source\r\nFunction Update-TimeSource([string]$timeSource = $(throw \"No time source is specified\"))\r\n{\r\n    w32tm.exe /config /update /manualpeerlist:\"$timeSource\"\r\n}\r\n\r\n# Function to get system drive info\r\nfunction Get-SystemDriveInfo() {\r\n    [string]$wql = \"SELECT * FROM Win32_LogicalDisk WHERE MediaType=12 AND Name = \u0027\" + ${env:systemdrive} + \"\u0027\"\r\n    return Get-WmiObject -query $wql\r\n}\r\n\r\n# Function to get time service status\r\nfunction Get-ServiceStatus([string]$serviceName=$(throw \"No service name is specified\")) {\r\n   [bool]$startService = $true\r\n\r\n   [WMI]$timeService = @(Get-WmiObject -Query \"Select * From Win32_Service Where Name = `\"$serviceName`\"\")[0]\r\n   if($null -ne $timeService) {\r\n      [ServiceProcess.ServiceControllerStatus]$timeServicesStatus = (Get-Service $serviceName).Status\r\n      if(([ServiceProcess.ServiceControllerStatus]::Stopped -eq $timeServicesStatus) -or ([ServiceProcess.ServiceControllerStatus]::StopPending -eq $timeServicesStatus)) {\r\n         $startService = $false\r\n      }\r\n   }\r\n\r\n   return $startService\r\n}\r\n\r\n# Function to wait for expected service status\r\nfunction WaitFor-ServiceStatus([string]$serviceName=$(throw \"No service name is specified\"), [ServiceProcess.ServiceControllerStatus]$serviceStatus=$(throw \"No service status is specified\")) {\r\n    [ServiceProcess.ServiceController]$sc = New-Object \"ServiceProcess.ServiceController\" $serviceName\r\n    [TimeSpan]$timeOut = New-Object TimeSpan(0,0,0,5,0)\r\n    $sc.WaitForStatus($serviceStatus, $timeOut)\r\n}\r\n\r\nScriptBlock ID: 288ac369-55ba-4e05-9f10-55185f94b39a\r\nPath: C:\\Windows\\TEMP\\SDIAG_811862a3-d554-4887-9a92-1898c2dfdd48\\CL_Utility.ps1; script_block_text=# Copyright © 2008, Microsoft Corporation. All rights reserved.\n\n\n#Common utility functions\nImport-LocalizedData -BindingVariable localizationString -FileName CL_LocalizationData\n\n# Function to get user troubleshooting history\nfunction Get-UserTSHistoryPath {\n    return \"${env:localappdata}\\diagnostics\"\n}\n\n# Function to get admin troubleshooting history\nfunction Get-AdminTSHistoryPath {\n    return \"${env:localappdata}\\elevateddiagnostics\"\n}\n\n# Function to get user report folder path\nfunction Get-UserReportPath {\n    return \"${env:localappdata}\\Microsoft\\Windows\\WER\\ReportQueue\"\n}\n\n# Function to get system report folder path\nfunction Get-MachineReportPath {\n    return \"${env:AllUsersProfile}\\Microsoft\\Windows\\WER\\ReportQueue\"\n}\n\n# Function to get threshold to check whether a folder is old\nfunction Get-ThresholdForCheckOlderFile {\n    [int]$threshold = -1\n    return $threshold\n}\n\n# Function to get threshold for deleting WER folder\nfunction Get-ThresholdForFileDeleting() {\n    [string]$registryEntryPath = \"HKLM:\\SOFTWARE\\Microsoft\\Windows\\Windows Error Reporting\"\n    [string]$registryEntryName = \"PurgeThreshholdValueInKB\"\n    [double]$defaultValue = 10.0\n\n    return Get-RegistryValue $registryEntryPath $registryEntryName $defaultValue\n}\n\n# Function to get the size of a directory in kb\nfunction Get-FolderSize([string]$folder = $(throw \"No folder is specified\")) {\n    if([String]::IsNullOrEmpty($folder) -or (-not(Test-Path $folder))) {\n        return 0\n    }\n\n    if(-not $Global:DirectoryObject) {\n        $Global:DirectoryObject = New-Object -comobject \"Scripting.FileSystemObject\"\n    }\n\n    return ($Global:DirectoryObject.GetFolder($folder).Size) / 1kb\n}\n\n# Function to delete a folder\nfunction Delete-Folder([string]$folder = $(throw \"No folder is specified\")) {\n    if([String]::IsNullOrEmpty($folder) -or (-not(Test-Path $folder))) {\n        return\n    }\n\n    Remove-Item -literalPath $folder -Recurse -Force\n}\n\n# Function to delete old folders\nfunction Delete-OldFolders($folder=$(throw \"No folder is specified\")) {\n    if(($folder -eq $null) -or (-not(Test-Path $folder))) {\n        return\n    }\n\n    [int]$threshold = Get-ThresholdForCheckOlderFile\n    $folders = Get-ChildItem -LiteralPath ($folder.FullName) -Force | Where-Object {$_.PSIsContainer}\n    if($folders -ne $null) {\n        foreach($folder in $folders) {\n            if((($folder.CreationTime).CompareTo((Get-Date).AddMonths($threshold))) -lt 0) {\n                Delete-Folder ($folder.FullName)\n            } else {\n                Delete-OldFolders (Get-Item ($folder.FullName))\n            }\n        }\n    }\n}\n\n# Function to get registry value\nfunction Get-RegistryValue([string]$registryEntryPath = $(throw \"No registry entry path is specified\"), [string]$registryEntryName = $(throw \"No registry entry name is specified\"), [double]$defaultValue = 0.0) {\n    [double]$registryEntryValue = $defaultValue\n\n    $registryEntry = Get-ItemProperty -Path $registryEntryPath -Name $registryEntryName\n    if($registryEntry -ne $null) {\n        $registryEntryValue = $registryEntry.$registryEntryName\n    }\n\n\treturn $registryEntryValue\n}\n\n# Function to get the percentage that WER queue can take up\nfunction Get-Percentage() {\n    [string]$registryEntryPath = \"HKLM:\\SOFTWARE\\Microsoft\\Windows\\Windows Error Reporting\"\n    [string]$registryEntryName = \"MaxQueueSizePercentage\"\n    [double]$defaultValue = 100.0\n\n    return Get-RegistryValue $registryEntryPath $registryEntryName $defaultValue\n}\n\n# Function to get free disk space on machine\nfunction Get-FreeSpace {\n    [double]$freeSpace = 0.0\n    [string]$wql = \"SELECT * FROM Win32_LogicalDisk WHERE MediaType=12\"\n    $drives = Get-WmiObject -query $wql\n    if($null -ne $drives) {\n        foreach($drive in $drives) {\n            $freeSpace += ($drive.freeSpace)\n        }\n    }\n\n    return ($freeSpace / 1KB)\n}\n\n# Function to get all unnecessary files\nfunction Get-UnnecessaryFiles([string]$folder = $(throw \"No folder is specified\")) {\n    if([String]::IsNullOrEmpty($folder) -or (-not(Test-Path $folder))) {\n        return $null\n    }\n\n    [int]$threshold = Get-ThresholdForCheckOlderFile\n\n    return (Get-ChildItem -literalPath $folder -Recurse -Force | Where-Object {($_.PSIsContainer) -and ((($_.CreationTime).CompareTo((Get-Date).AddMonths($threshold))) -lt 0)})\n}\n\n# Function to format disk space (KB -\u003e MB)\nfunction Format-DiskSpaceMB([double]$space = $(throw \"No space is specified\")) {\n    return [string]([Math]::Round(($space / 1KB), 3))\n}\n\n# Function to format disk space (B -\u003e GB)\nFunction Format-DiskSpaceGB([double]$space = $(throw \"No space is specified\")) {\n    return [string]([Math]::Round(($space / 1GB), 3))\n}\n\n# Function to attach item to the list with delimiter \"/\"\nfunction AttachTo-List([string]$list = $(throw \"No list is specified\"), [string]$item = $(throw \"No item is specified\"))\n{\n    if([String]::IsNullOrEmpty($list))\n    {\n        return $item\n    }\n\n    if([String]::IsNullOrEmpty($item))\n    {\n        return $list\n    }\n\n    return $list + \"/\" + $item\n}\n\n# Function to parse the the list with delimiter \"/\"\nfunction Parse-List([string]$list = $(throw \"No list is specified\"))\n{\n    if($list -eq $null)\n    {\n        return $null\n    }\n\n    return $list.Split(\"/\", [StringSplitOptions]::RemoveEmptyEntries)\n}\n\n# Function to get list length\nfunction Get-ListLength([string]$list = $(throw \"No list is specified\"))\n{\n    if($list -eq $null)\n    {\n        return 0\n    }\n\n    $result = Parse-List $list\n\n    if($result -is [string])\n    {\n        return 1\n    }\n    elseif($result -is [object[]])\n    {\n        return $result.count\n    }\n    else\n    {\n        return 0\n    }\n}\n\n# Function to convert to WQL path\nfunction ConvertTo-WQLPath([string]$wqlPath = $(throw \"No WQL path is specified\"))\n{\n    if($wqlPath -eq $null)\n    {\n        return \"\"\n    }\n\n    return $wqlPath.Replace(\"\\\", \"\\\\\")\n}\n\n# Function to check whether the shortcut is valid\nfunction Test-ValidLink([Wmi]$wmiLinkFile = $(throw \"No WMI link file is specified\"))\n{\n    if(($wmiLinkFile -eq $null) -or ([String]::IsNullOrEmpty($wmiLinkFile.Target)))\n    {\n        return $false\n    }\n\n    return Test-Path $wmiLinkFile.Target\n}\n\n# Function to chech whether have permission to delete the shortcut file\nfunction Test-Delete([Wmi]$wmiLinkFile = $(throw \"No WMI link file is specified\"))\n{\n    if($wmiLinkFile -eq $null)\n    {\n        return $false\n    }\n\n    return ($wmiLinkFile.AccessMask -band 0x10000) -eq 0x10000\n}\n\n# Function to get desktop path\nfunction Get-DesktopPath()\n{\n$methodDefinition = @\"\n    public static string GetDesktopPath\n    {\n        get\n        {\n            return Environment.GetFolderPath(Environment.SpecialFolder.DesktopDirectory);\n        }\n    }\n\"@\n\n    $type = Add-Type -MemberDefinition $methodDefinition -Name \"DesktopPath\" -PassThru\n\n    return $type::GetDesktopPath\n}\n\n# Function to get startup path\nfunction Get-StartupPath()\n{\n$methodDefinition = @\"\n    public static string GetStartupPath\n    {\n        get\n        {\n            return Environment.GetFolderPath(Environment.SpecialFolder.Startup);\n        }\n    }\n\"@\n\n    $type = Add-Type -MemberDefinition $methodDefinition -Name \"StartupPath\" -PassThru\n\n    return $type::GetStartupPath\n}\n\n# Function to remove all files in the list\nfunction Remove-FileList([string]$list = $(throw \"No list is specified\"))\n{\n    if([String]::IsNullOrEmpty($list))\n    {\n        return\n    }\n\n    try\n    {\n        Parse-List $list | Foreach-Object {\n            if(-not([String]::IsNullOrEmpty($_)))\n            {\n                Remove-Item $_ -Force\n            }\n        }\n    }\n    catch\n    {\n        $_ | ConvertTo-Xml | Update-DiagReport -id DeleteFileExceptions -Name $localizationString.filesFailToRemove_name -Description $localizationString.filesFailToRemove_description -Verbosity Warning\n    }\n}\n\n# Function to get the last access time of an Icon\nfunction Get-LastAccessTime([string]$filePath = $(throw \"No file path is specified\"))\n{\n    if([String]::IsNullOrEmpty($filePath) -or -not(Test-Path $filePath))\n    {\n        throw \"No file path found\"\n    }\n\n$typeDefinition = @\"\n\nusing System;\nusing System.Collections.Generic;\nusing System.Runtime.InteropServices;\nusing ComType = System.Runtime.InteropServices.ComTypes;\n\npublic sealed class FileInfo\n{\n    private FileInfo()\n    {\n    }\n\n    [StructLayout(LayoutKind.Sequential, CharSet = CharSet.Unicode)]\n    struct UAINFO\n    {\n        internal int cbSize;\n        internal int dwMask;\n        internal float R;\n        internal uint cLaunches;\n        internal uint cSwitches;\n        internal int dwTime;\n        internal ComType.FILETIME ftExecute;\n        [MarshalAs(UnmanagedType.Bool)] internal bool fExcludeFromMFU;\n\n        internal UAINFO(int dwMask)\n        {\n            this.cbSize = Marshal.SizeOf(typeof(UAINFO));\n            this.dwMask = dwMask;\n            this.R = 0;\n            this.cLaunches = 0;\n            this.cSwitches = 0;\n            this.dwTime = 0;\n            this.ftExecute = new ComType.FILETIME();\n            this.fExcludeFromMFU = false;\n        }\n    }\n\n    internal const int UAIM_FILETIME = 1;\n    internal static Guid UAIID_SHORTCUTS = new Guid(\"F4E57C4B-2036-45F0-A9AB-443BCFE33D9F\");\n\n    [ComImport, Guid(\"90D75131-43A6-4664-9AF8-DCCEB85A7462\"), InterfaceType(ComInterfaceType.InterfaceIsIUnknown)]\n    interface IShellUserAssist\n    {\n        int FireEvent(ref Guid pguidGrp, int eCmd, string pszPath, int dwTimeElapsed);\n        int QueryEntry(ref Guid pguidGrp, string pszPath, ref UAINFO pui);\n        int SetEntry(ref Guid pguidGrp, string pszPath, ref UAINFO pui);\n        int RenameEntry(ref Guid pguidGrp, string pszFrom, string pszTo);\n        int DeleteEntry(ref Guid pguidGrp, string pszPath);\n        int Enable(bool fEnable);\n    }\n\n    [ComImport, Guid(\"DD313E04-FEFF-11d1-8ECD-0000F87A470C\")]\n    internal class UserAssist { }\n\n    public static DateTime GetLastAccessTime(string filePath)\n    {\n        if(String.IsNullOrEmpty(filePath))\n        {\n            throw new ArgumentException(\"The file path is null or empty\");\n        }\n\n        UAINFO uaInfo = new UAINFO(UAIM_FILETIME);\n        IShellUserAssist iShellUserAssist = new UserAssist() as IShellUserAssist;\n        if (iShellUserAssist == null)\n        {\n            throw new InvalidOperationException(\"Can\u0027t get iShellUserAssist interface\");\n        }\n\n        try\n        {\n            Marshal.ThrowExceptionForHR(iShellUserAssist.QueryEntry(ref UAIID_SHORTCUTS, filePath, ref uaInfo));\n        }\n        catch\n        {\n            throw new InvalidOperationException(\"Can\u0027t query info about\" + filePath);\n        }\n\n        long fileTime = (((long)uaInfo.ftExecute.dwHighDateTime) \u003c\u003c 32) + uaInfo.ftExecute.dwLowDateTime;\n\n        return DateTime.FromFileTime(fileTime);\n    }\n}\n\"@\n\n    $type = Add-Type -TypeDefinition $typeDefinition -PassThru\n\n    return $type[0]::GetLastAccessTime($filePath)\n}\n\n# Function to check whether the icon is pointing to a file\nfunction Test-FileShortcut([Wmi]$wmiLinkFile = $(throw \"No wmi link file is specified\"))\n{\n    if($wmiLinkFile -eq $null)\n    {\n        return $false\n    }\n\n    [string]$target = $wmiLinkFile.Target\n    if([String]::IsNullOrEmpty($target) -or -not(Test-Path $target))\n    {\n        return $false\n    }\n\n    return -not((Get-Item $target).PSIsContainer)\n}\n\n# Function to create a choice in interaction page\nfunction Get-Choice([string]$name = $(throw \"No choice name is specified\"), [string]$description = $(throw \"No choice description is specified\"),\n                   [string]$value = $(throw \"No choice value is specified\"), [xml]$extension)\n{\n    return @{\"Name\"=$name;\"Description\"=$description;\"Value\"=$value;\"ExtensionPoint\"=$extension.InnerXml}\n}\n\n# Function to check whether the current machine is domain joined\nFunction Test-DomainJoined()\n{\n    return (Get-WmiObject -query \"select * from win32_ntdomain where Status =\u0027OK\u0027\") -ne $null\n}\n\n# Function to update time source\nFunction Update-TimeSource([string]$timeSource = $(throw \"No time source is specified\"))\n{\n    w32tm.exe /config /update /manualpeerlist:\"$timeSource\"\n}\n\n# Function to get system drive info\nfunction Get-SystemDriveInfo() {\n    [string]$wql = \"SELECT * FROM Win32_LogicalDisk WHERE MediaType=12 AND Name = \u0027\" + ${env:systemdrive} + \"\u0027\"\n    return Get-WmiObject -query $wql\n}\n\n# Function to get time service status\nfunction Get-ServiceStatus([string]$serviceName=$(throw \"No service name is specified\")) {\n   [bool]$startService = $true\n\n   [WMI]$timeService = @(Get-WmiObject -Query \"Select * From Win32_Service Where Name = `\"$serviceName`\"\")[0]\n   if($null -ne $timeService) {\n      [ServiceProcess.ServiceControllerStatus]$timeServicesStatus = (Get-Service $serviceName).Status\n      if(([ServiceProcess.ServiceControllerStatus]::Stopped -eq $timeServicesStatus) -or ([ServiceProcess.ServiceControllerStatus]::StopPending -eq $timeServicesStatus)) {\n         $startService = $false\n      }\n   }\n\n   return $startService\n}\n\n# Function to wait for expected service status\nfunction WaitFor-ServiceStatus([string]$serviceName=$(throw \"No service name is specified\"), [ServiceProcess.ServiceControllerStatus]$serviceStatus=$(throw \"No service status is specified\")) {\n    [ServiceProcess.ServiceController]$sc = New-Object \"ServiceProcess.ServiceController\" $serviceName\n    [TimeSpan]$timeOut = New-Object TimeSpan(0,0,0,5,0)\n    $sc.WaitForStatus($serviceStatus, $timeOut)\n}; script_block_decoded=True}\"\r\n\r\n\r\nContext:\r\n        Severity = Informational\r\n        Host Name = ConsoleHost\r\n        Host Version = 5.1.20348.558\r\n        Host ID = 881cdb74-05ea-4e7b-b3f2-00e9e2fb1b98\r\n        Host Application = C:\\Windows\\System32\\WindowsPowerShell\\v1.0\\powershell.exe -ExecutionPolicy Bypass -File .\\3-windows_telemetry_export.ps1\r\n        Engine Version = 5.1.20348.558\r\n        Runspace ID = e79c3581-59af-4cb4-a0d2-814a92940a2b\r\n        Pipeline ID = 1\r\n        Command Name = Select-Object\r\n        Command Type = Cmdlet\r\n        Script Name = Z:\\blue_team\\2x02_eyes_on_endpoint\\3-windows_telemetry_export.ps1\r\n        Command Path = \r\n        Sequence Number = 63\r\n        User = MEDDEFENSE\\analyst\r\n        Connected User = \r\n        Shell ID = Microsoft.PowerShell\r\n\r\n\r\nUser Data:\r\n\r\n"
                   },
                   {
                       "timestamp":  "2026-08-08T12:38:57.6053196Z",
                       "hostname":  "DC01",
                       "platform":  "Windows",
                       "source_type":  "PowerShell",
                       "channel":  "Microsoft-Windows-PowerShell/Operational",
                       "event_id":  4100,
                       "event_category":  "powershell",
                       "provider":  "Microsoft-Windows-PowerShell",
                       "raw_message":  "Error Message = System error.\r\n\r\n\r\nContext:\r\n        Severity = Warning\r\n        Host Name = ConsoleHost\r\n        Host Version = 5.1.20348.558\r\n        Host ID = 881cdb74-05ea-4e7b-b3f2-00e9e2fb1b98\r\n        Host Application = C:\\Windows\\System32\\WindowsPowerShell\\v1.0\\powershell.exe -ExecutionPolicy Bypass -File .\\3-windows_telemetry_export.ps1\r\n        Engine Version = 5.1.20348.558\r\n        Runspace ID = e79c3581-59af-4cb4-a0d2-814a92940a2b\r\n        Pipeline ID = 1\r\n        Command Name = \r\n        Command Type = \r\n        Script Name = \r\n        Command Path = \r\n        Sequence Number = 64\r\n        User = MEDDEFENSE\\analyst\r\n        Connected User = \r\n        Shell ID = Microsoft.PowerShell\r\n\r\n\r\nUser Data:\r\n\r\n"
                   },
                   {
                       "timestamp":  "2026-08-08T12:38:57.6063581Z",
                       "hostname":  "DC01",
                       "platform":  "Windows",
                       "source_type":  "PowerShell",
                       "channel":  "Microsoft-Windows-PowerShell/Operational",
                       "event_id":  4103,
                       "event_category":  "powershell_module_logging",
                       "provider":  "Microsoft-Windows-PowerShell",
                       "raw_message":  "CommandInvocation(Select-Object): \"Select-Object\"\r\nParameterBinding(Select-Object): name=\"First\"; value=\"1\"\r\nParameterBinding(Select-Object): name=\"InputObject\"; value=\"@{timestamp=2026-08-08T11:36:38.7510768Z; hostname=DC01; platform=Windows; source_type=Sysmon; channel=Microsoft-Windows-Sysmon/Operational; event_id=13; event_category=registry_modification; provider=Microsoft-Windows-Sysmon; raw_message=Registry value set:\r\nRuleName: Context,DeviceConnectedOrUpdated\r\nEventType: SetValue\r\nUtcTime: 2026-08-08 11:36:17.500\r\nProcessGuid: {62784320-14b0-6a77-eb03-000000000000}\r\nProcessId: 4\r\nImage: System\r\nTargetObject: HKLM\\System\\CurrentControlSet\\Control\\DeviceClasses\\{0a4252a0-7e70-11d0-a5d6-28db04c10000}\\##?#ROOT#SYSTEM#0000#{0a4252a0-7e70-11d0-a5d6-28db04c10000}\\#{cfd669f1-9bc2-11d0-8299-0000f822fe8a}\u0026{0A4252A0-7E70-11D0-A5D6-28DB04C10000}\\Device Parameters\\FriendlyName\r\nDetails: Tee/Sink-to-Sink Converter\r\nUser: NT AUTHORITY\\SYSTEM; registry_key=HKLM\\System\\CurrentControlSet\\Control\\DeviceClasses\\{0a4252a0-7e70-11d0-a5d6-28db04c10000}\\##?#ROOT#SYSTEM#0000#{0a4252a0-7e70-11d0-a5d6-28db04c10000}\\#{cfd669f1-9bc2-11d0-8299-0000f822fe8a}\u0026{0A4252A0-7E70-11D0-A5D6-28DB04C10000}\\Device Parameters\\FriendlyName; registry_value_name=FriendlyName; registry_operation=SetValue}\"\r\n\r\n\r\nContext:\r\n        Severity = Informational\r\n        Host Name = ConsoleHost\r\n        Host Version = 5.1.20348.558\r\n        Host ID = 881cdb74-05ea-4e7b-b3f2-00e9e2fb1b98\r\n        Host Application = C:\\Windows\\System32\\WindowsPowerShell\\v1.0\\powershell.exe -ExecutionPolicy Bypass -File .\\3-windows_telemetry_export.ps1\r\n        Engine Version = 5.1.20348.558\r\n        Runspace ID = e79c3581-59af-4cb4-a0d2-814a92940a2b\r\n        Pipeline ID = 1\r\n        Command Name = Select-Object\r\n        Command Type = Cmdlet\r\n        Script Name = Z:\\blue_team\\2x02_eyes_on_endpoint\\3-windows_telemetry_export.ps1\r\n        Command Path = \r\n        Sequence Number = 66\r\n        User = MEDDEFENSE\\analyst\r\n        Connected User = \r\n        Shell ID = Microsoft.PowerShell\r\n\r\n\r\nUser Data:\r\n\r\n"
                   },
                   {
                       "timestamp":  "2026-08-08T12:38:57.6069132Z",
                       "hostname":  "DC01",
                       "platform":  "Windows",
                       "source_type":  "PowerShell",
                       "channel":  "Microsoft-Windows-PowerShell/Operational",
                       "event_id":  4100,
                       "event_category":  "powershell",
                       "provider":  "Microsoft-Windows-PowerShell",
                       "raw_message":  "Error Message = System error.\r\n\r\n\r\nContext:\r\n        Severity = Warning\r\n        Host Name = ConsoleHost\r\n        Host Version = 5.1.20348.558\r\n        Host ID = 881cdb74-05ea-4e7b-b3f2-00e9e2fb1b98\r\n        Host Application = C:\\Windows\\System32\\WindowsPowerShell\\v1.0\\powershell.exe -ExecutionPolicy Bypass -File .\\3-windows_telemetry_export.ps1\r\n        Engine Version = 5.1.20348.558\r\n        Runspace ID = e79c3581-59af-4cb4-a0d2-814a92940a2b\r\n        Pipeline ID = 1\r\n        Command Name = \r\n        Command Type = \r\n        Script Name = \r\n        Command Path = \r\n        Sequence Number = 67\r\n        User = MEDDEFENSE\\analyst\r\n        Connected User = \r\n        Shell ID = Microsoft.PowerShell\r\n\r\n\r\nUser Data:\r\n\r\n"
                   },
                   {
                       "timestamp":  "2026-08-08T12:38:57.6077269Z",
                       "hostname":  "DC01",
                       "platform":  "Windows",
                       "source_type":  "PowerShell",
                       "channel":  "Microsoft-Windows-PowerShell/Operational",
                       "event_id":  4103,
                       "event_category":  "powershell_module_logging",
                       "provider":  "Microsoft-Windows-PowerShell",
                       "raw_message":  "CommandInvocation(Select-Object): \"Select-Object\"\r\nParameterBinding(Select-Object): name=\"First\"; value=\"1\"\r\nParameterBinding(Select-Object): name=\"InputObject\"; value=\"@{timestamp=2026-08-08T10:40:51.1289834Z; hostname=DC01; platform=Windows; source_type=Sysmon; channel=Microsoft-Windows-Sysmon/Operational; event_id=22; event_category=dns_query; provider=Microsoft-Windows-Sysmon; raw_message=Dns query:\r\nRuleName: -\r\nUtcTime: 2026-08-08 10:40:49.345\r\nProcessGuid: {62784320-0392-6a77-4100-000000001100}\r\nProcessId: 3004\r\nQueryName: DC01.meddefense.local\r\nQueryStatus: 0\r\nQueryResults: fe80::590c:793e:9ffd:17e7;::ffff:10.10.3.10;\r\nImage: C:\\Windows\\ADWS\\Microsoft.ActiveDirectory.WebServices.exe\r\nUser: NT AUTHORITY\\SYSTEM; query_name=DC01.meddefense.local; query_results=fe80::590c:793e:9ffd:17e7;::ffff:10.10.3.10;}\"\r\n\r\n\r\nContext:\r\n        Severity = Informational\r\n        Host Name = ConsoleHost\r\n        Host Version = 5.1.20348.558\r\n        Host ID = 881cdb74-05ea-4e7b-b3f2-00e9e2fb1b98\r\n        Host Application = C:\\Windows\\System32\\WindowsPowerShell\\v1.0\\powershell.exe -ExecutionPolicy Bypass -File .\\3-windows_telemetry_export.ps1\r\n        Engine Version = 5.1.20348.558\r\n        Runspace ID = e79c3581-59af-4cb4-a0d2-814a92940a2b\r\n        Pipeline ID = 1\r\n        Command Name = Select-Object\r\n        Command Type = Cmdlet\r\n        Script Name = Z:\\blue_team\\2x02_eyes_on_endpoint\\3-windows_telemetry_export.ps1\r\n        Command Path = \r\n        Sequence Number = 69\r\n        User = MEDDEFENSE\\analyst\r\n        Connected User = \r\n        Shell ID = Microsoft.PowerShell\r\n\r\n\r\nUser Data:\r\n\r\n"
                   },
                   {
                       "timestamp":  "2026-08-08T12:38:57.6083688Z",
                       "hostname":  "DC01",
                       "platform":  "Windows",
                       "source_type":  "PowerShell",
                       "channel":  "Microsoft-Windows-PowerShell/Operational",
                       "event_id":  4100,
                       "event_category":  "powershell",
                       "provider":  "Microsoft-Windows-PowerShell",
                       "raw_message":  "Error Message = System error.\r\n\r\n\r\nContext:\r\n        Severity = Warning\r\n        Host Name = ConsoleHost\r\n        Host Version = 5.1.20348.558\r\n        Host ID = 881cdb74-05ea-4e7b-b3f2-00e9e2fb1b98\r\n        Host Application = C:\\Windows\\System32\\WindowsPowerShell\\v1.0\\powershell.exe -ExecutionPolicy Bypass -File .\\3-windows_telemetry_export.ps1\r\n        Engine Version = 5.1.20348.558\r\n        Runspace ID = e79c3581-59af-4cb4-a0d2-814a92940a2b\r\n        Pipeline ID = 1\r\n        Command Name = \r\n        Command Type = \r\n        Script Name = \r\n        Command Path = \r\n        Sequence Number = 70\r\n        User = MEDDEFENSE\\analyst\r\n        Connected User = \r\n        Shell ID = Microsoft.PowerShell\r\n\r\n\r\nUser Data:\r\n\r\n"
                   },
                   {
                       "timestamp":  "2026-08-08T12:38:57.6092437Z",
                       "hostname":  "DC01",
                       "platform":  "Windows",
                       "source_type":  "PowerShell",
                       "channel":  "Microsoft-Windows-PowerShell/Operational",
                       "event_id":  4103,
                       "event_category":  "powershell_module_logging",
                       "provider":  "Microsoft-Windows-PowerShell",
                       "raw_message":  "CommandInvocation(Select-Object): \"Select-Object\"\r\nParameterBinding(Select-Object): name=\"First\"; value=\"1\"\r\nParameterBinding(Select-Object): name=\"InputObject\"; value=\"@{timestamp=2026-08-08T10:40:06.9047633Z; hostname=DC01; platform=Windows; source_type=PowerShell; channel=Microsoft-Windows-PowerShell/Operational; event_id=4103; event_category=powershell_module_logging; provider=Microsoft-Windows-PowerShell; raw_message=CommandInvocation(Add-Type): \"Add-Type\"\r\nParameterBinding(Add-Type): name=\"AssemblyName\"; value=\"System.IO.Compression\"\r\n\r\n\r\nContext:\r\n        Severity = Informational\r\n        Host Name = ConsoleHost\r\n        Host Version = 5.1.20348.558\r\n        Host ID = 8e99a15b-06c9-4483-8727-d31b54a8871a\r\n        Host Application = C:\\Windows\\System32\\WindowsPowerShell\\v1.0\\powershell.exe -ExecutionPolicy Bypass -File .\\9-sysmon_deploy.ps1 -Apply\r\n        Engine Version = 5.1.20348.558\r\n        Runspace ID = 2172db71-7ca5-4fa6-9db3-7273bb91fc5c\r\n        Pipeline ID = 1\r\n        Command Name = Add-Type\r\n        Command Type = Cmdlet\r\n        Script Name = C:\\Windows\\system32\\WindowsPowerShell\\v1.0\\Modules\\Microsoft.PowerShell.Archive\\Microsoft.PowerShell.Archive.psm1\r\n        Command Path = \r\n        Sequence Number = 16\r\n        User = MEDDEFENSE\\analyst\r\n        Connected User = \r\n        Shell ID = Microsoft.PowerShell\r\n\r\n\r\nUser Data:\r\n\r\n}\"\r\n\r\n\r\nContext:\r\n        Severity = Informational\r\n        Host Name = ConsoleHost\r\n        Host Version = 5.1.20348.558\r\n        Host ID = 881cdb74-05ea-4e7b-b3f2-00e9e2fb1b98\r\n        Host Application = C:\\Windows\\System32\\WindowsPowerShell\\v1.0\\powershell.exe -ExecutionPolicy Bypass -File .\\3-windows_telemetry_export.ps1\r\n        Engine Version = 5.1.20348.558\r\n        Runspace ID = e79c3581-59af-4cb4-a0d2-814a92940a2b\r\n        Pipeline ID = 1\r\n        Command Name = Select-Object\r\n        Command Type = Cmdlet\r\n        Script Name = Z:\\blue_team\\2x02_eyes_on_endpoint\\3-windows_telemetry_export.ps1\r\n        Command Path = \r\n        Sequence Number = 72\r\n        User = MEDDEFENSE\\analyst\r\n        Connected User = \r\n        Shell ID = Microsoft.PowerShell\r\n\r\n\r\nUser Data:\r\n\r\n"
                   },
                   {
                       "timestamp":  "2026-08-08T12:38:57.6100583Z",
                       "hostname":  "DC01",
                       "platform":  "Windows",
                       "source_type":  "PowerShell",
                       "channel":  "Microsoft-Windows-PowerShell/Operational",
                       "event_id":  4100,
                       "event_category":  "powershell",
                       "provider":  "Microsoft-Windows-PowerShell",
                       "raw_message":  "Error Message = System error.\r\n\r\n\r\nContext:\r\n        Severity = Warning\r\n        Host Name = ConsoleHost\r\n        Host Version = 5.1.20348.558\r\n        Host ID = 881cdb74-05ea-4e7b-b3f2-00e9e2fb1b98\r\n        Host Application = C:\\Windows\\System32\\WindowsPowerShell\\v1.0\\powershell.exe -ExecutionPolicy Bypass -File .\\3-windows_telemetry_export.ps1\r\n        Engine Version = 5.1.20348.558\r\n        Runspace ID = e79c3581-59af-4cb4-a0d2-814a92940a2b\r\n        Pipeline ID = 1\r\n        Command Name = \r\n        Command Type = \r\n        Script Name = \r\n        Command Path = \r\n        Sequence Number = 73\r\n        User = MEDDEFENSE\\analyst\r\n        Connected User = \r\n        Shell ID = Microsoft.PowerShell\r\n\r\n\r\nUser Data:\r\n\r\n"
                   },
                   {
                       "timestamp":  "2026-08-08T12:38:57.6110439Z",
                       "hostname":  "DC01",
                       "platform":  "Windows",
                       "source_type":  "PowerShell",
                       "channel":  "Microsoft-Windows-PowerShell/Operational",
                       "event_id":  4103,
                       "event_category":  "powershell_module_logging",
                       "provider":  "Microsoft-Windows-PowerShell",
                       "raw_message":  "CommandInvocation(Select-Object): \"Select-Object\"\r\nParameterBinding(Select-Object): name=\"First\"; value=\"1\"\r\nParameterBinding(Select-Object): name=\"InputObject\"; value=\"@{timestamp=2026-08-08T09:39:09.8465431Z; hostname=DC01; platform=Windows; source_type=Security; channel=Security; event_id=4648; event_category=windows_security; provider=Microsoft-Windows-Security-Auditing; raw_message=A logon was attempted using explicit credentials.\r\n\r\nSubject:\r\n\tSecurity ID:\t\tS-1-5-18\r\n\tAccount Name:\t\tDC01$\r\n\tAccount Domain:\t\tMEDDEFENSE\r\n\tLogon ID:\t\t0x3E7\r\n\tLogon GUID:\t\t{00000000-0000-0000-0000-000000000000}\r\n\r\nAccount Whose Credentials Were Used:\r\n\tAccount Name:\t\tUMFD-1\r\n\tAccount Domain:\t\tFont Driver Host\r\n\tLogon GUID:\t\t{00000000-0000-0000-0000-000000000000}\r\n\r\nTarget Server:\r\n\tTarget Server Name:\tlocalhost\r\n\tAdditional Information:\tlocalhost\r\n\r\nProcess Information:\r\n\tProcess ID:\t\t0x234\r\n\tProcess Name:\t\tC:\\Windows\\System32\\winlogon.exe\r\n\r\nNetwork Information:\r\n\tNetwork Address:\t-\r\n\tPort:\t\t\t-\r\n\r\nThis event is generated when a process attempts to log on an account by explicitly specifying that account’s credentials.  This most commonly occurs in batch-type configurations such as scheduled tasks, or when using the RUNAS command.}\"\r\n\r\n\r\nContext:\r\n        Severity = Informational\r\n        Host Name = ConsoleHost\r\n        Host Version = 5.1.20348.558\r\n        Host ID = 881cdb74-05ea-4e7b-b3f2-00e9e2fb1b98\r\n        Host Application = C:\\Windows\\System32\\WindowsPowerShell\\v1.0\\powershell.exe -ExecutionPolicy Bypass -File .\\3-windows_telemetry_export.ps1\r\n        Engine Version = 5.1.20348.558\r\n        Runspace ID = e79c3581-59af-4cb4-a0d2-814a92940a2b\r\n        Pipeline ID = 1\r\n        Command Name = Select-Object\r\n        Command Type = Cmdlet\r\n        Script Name = Z:\\blue_team\\2x02_eyes_on_endpoint\\3-windows_telemetry_export.ps1\r\n        Command Path = \r\n        Sequence Number = 75\r\n        User = MEDDEFENSE\\analyst\r\n        Connected User = \r\n        Shell ID = Microsoft.PowerShell\r\n\r\n\r\nUser Data:\r\n\r\n"
                   },
                   {
                       "timestamp":  "2026-08-08T12:38:57.6116873Z",
                       "hostname":  "DC01",
                       "platform":  "Windows",
                       "source_type":  "PowerShell",
                       "channel":  "Microsoft-Windows-PowerShell/Operational",
                       "event_id":  4100,
                       "event_category":  "powershell",
                       "provider":  "Microsoft-Windows-PowerShell",
                       "raw_message":  "Error Message = System error.\r\n\r\n\r\nContext:\r\n        Severity = Warning\r\n        Host Name = ConsoleHost\r\n        Host Version = 5.1.20348.558\r\n        Host ID = 881cdb74-05ea-4e7b-b3f2-00e9e2fb1b98\r\n        Host Application = C:\\Windows\\System32\\WindowsPowerShell\\v1.0\\powershell.exe -ExecutionPolicy Bypass -File .\\3-windows_telemetry_export.ps1\r\n        Engine Version = 5.1.20348.558\r\n        Runspace ID = e79c3581-59af-4cb4-a0d2-814a92940a2b\r\n        Pipeline ID = 1\r\n        Command Name = \r\n        Command Type = \r\n        Script Name = \r\n        Command Path = \r\n        Sequence Number = 76\r\n        User = MEDDEFENSE\\analyst\r\n        Connected User = \r\n        Shell ID = Microsoft.PowerShell\r\n\r\n\r\nUser Data:\r\n\r\n"
                   },
