                   {
                       "timestamp":  "2026-08-08T12:38:30.0749233Z",
                       "hostname":  "DC01",
                       "platform":  "Windows",
                       "source_type":  "PowerShell",
                       "channel":  "Microsoft-Windows-PowerShell/Operational",
                       "event_id":  4103,
                       "event_category":  "powershell_module_logging",
                       "provider":  "Microsoft-Windows-PowerShell",
                       "raw_message":  "CommandInvocation(Write-Host): \"Write-Host\"\r\nParameterBinding(Write-Host): name=\"Object\"; value=\"\"\r\n\r\n\r\nContext:\r\n        Severity = Informational\r\n        Host Name = ConsoleHost\r\n        Host Version = 5.1.20348.558\r\n        Host ID = 881cdb74-05ea-4e7b-b3f2-00e9e2fb1b98\r\n        Host Application = C:\\Windows\\System32\\WindowsPowerShell\\v1.0\\powershell.exe -ExecutionPolicy Bypass -File .\\3-windows_telemetry_export.ps1\r\n        Engine Version = 5.1.20348.558\r\n        Runspace ID = e79c3581-59af-4cb4-a0d2-814a92940a2b\r\n        Pipeline ID = 1\r\n        Command Name = Write-Host\r\n        Command Type = Cmdlet\r\n        Script Name = Z:\\blue_team\\2x02_eyes_on_endpoint\\3-windows_telemetry_export.ps1\r\n        Command Path = \r\n        Sequence Number = 34\r\n        User = MEDDEFENSE\\analyst\r\n        Connected User = \r\n        Shell ID = Microsoft.PowerShell\r\n\r\n\r\nUser Data:\r\n\r\n"
                   },
                   {
                       "timestamp":  "2026-08-08T12:38:30.0944347Z",
                       "hostname":  "DC01",
                       "platform":  "Windows",
                       "source_type":  "PowerShell",
                       "channel":  "Microsoft-Windows-PowerShell/Operational",
                       "event_id":  4103,
                       "event_category":  "powershell_module_logging",
                       "provider":  "Microsoft-Windows-PowerShell",
                       "raw_message":  "CommandInvocation(Write-Host): \"Write-Host\"\r\nParameterBinding(Write-Host): name=\"Object\"; value=\"[*] Exporting Windows telemetry from last 24 hours...\"\r\n\r\n\r\nContext:\r\n        Severity = Informational\r\n        Host Name = ConsoleHost\r\n        Host Version = 5.1.20348.558\r\n        Host ID = 881cdb74-05ea-4e7b-b3f2-00e9e2fb1b98\r\n        Host Application = C:\\Windows\\System32\\WindowsPowerShell\\v1.0\\powershell.exe -ExecutionPolicy Bypass -File .\\3-windows_telemetry_export.ps1\r\n        Engine Version = 5.1.20348.558\r\n        Runspace ID = e79c3581-59af-4cb4-a0d2-814a92940a2b\r\n        Pipeline ID = 1\r\n        Command Name = Write-Host\r\n        Command Type = Cmdlet\r\n        Script Name = Z:\\blue_team\\2x02_eyes_on_endpoint\\3-windows_telemetry_export.ps1\r\n        Command Path = \r\n        Sequence Number = 36\r\n        User = MEDDEFENSE\\analyst\r\n        Connected User = \r\n        Shell ID = Microsoft.PowerShell\r\n\r\n\r\nUser Data:\r\n\r\n"
                   },
                   {
                       "timestamp":  "2026-08-08T12:38:30.1348606Z",
                       "hostname":  "DC01",
                       "platform":  "Windows",
                       "source_type":  "PowerShell",
                       "channel":  "Microsoft-Windows-PowerShell/Operational",
                       "event_id":  4103,
                       "event_category":  "powershell_module_logging",
                       "provider":  "Microsoft-Windows-PowerShell",
                       "raw_message":  "CommandInvocation(Write-Host): \"Write-Host\"\r\nParameterBinding(Write-Host): name=\"Object\"; value=\"    Start timestamp: 2026-08-07T14:38:29.9647436+02:00\"\r\n\r\n\r\nContext:\r\n        Severity = Informational\r\n        Host Name = ConsoleHost\r\n        Host Version = 5.1.20348.558\r\n        Host ID = 881cdb74-05ea-4e7b-b3f2-00e9e2fb1b98\r\n        Host Application = C:\\Windows\\System32\\WindowsPowerShell\\v1.0\\powershell.exe -ExecutionPolicy Bypass -File .\\3-windows_telemetry_export.ps1\r\n        Engine Version = 5.1.20348.558\r\n        Runspace ID = e79c3581-59af-4cb4-a0d2-814a92940a2b\r\n        Pipeline ID = 1\r\n        Command Name = Write-Host\r\n        Command Type = Cmdlet\r\n        Script Name = Z:\\blue_team\\2x02_eyes_on_endpoint\\3-windows_telemetry_export.ps1\r\n        Command Path = \r\n        Sequence Number = 38\r\n        User = MEDDEFENSE\\analyst\r\n        Connected User = \r\n        Shell ID = Microsoft.PowerShell\r\n\r\n\r\nUser Data:\r\n\r\n"
                   },
                   {
                       "timestamp":  "2026-08-08T12:38:30.1474884Z",
                       "hostname":  "DC01",
                       "platform":  "Windows",
                       "source_type":  "PowerShell",
                       "channel":  "Microsoft-Windows-PowerShell/Operational",
                       "event_id":  4103,
                       "event_category":  "powershell_module_logging",
                       "provider":  "Microsoft-Windows-PowerShell",
                       "raw_message":  "CommandInvocation(Write-Host): \"Write-Host\"\r\nParameterBinding(Write-Host): name=\"Object\"; value=\"    Export timestamp: 2026-08-08T14:38:29.9647436+02:00\"\r\n\r\n\r\nContext:\r\n        Severity = Informational\r\n        Host Name = ConsoleHost\r\n        Host Version = 5.1.20348.558\r\n        Host ID = 881cdb74-05ea-4e7b-b3f2-00e9e2fb1b98\r\n        Host Application = C:\\Windows\\System32\\WindowsPowerShell\\v1.0\\powershell.exe -ExecutionPolicy Bypass -File .\\3-windows_telemetry_export.ps1\r\n        Engine Version = 5.1.20348.558\r\n        Runspace ID = e79c3581-59af-4cb4-a0d2-814a92940a2b\r\n        Pipeline ID = 1\r\n        Command Name = Write-Host\r\n        Command Type = Cmdlet\r\n        Script Name = Z:\\blue_team\\2x02_eyes_on_endpoint\\3-windows_telemetry_export.ps1\r\n        Command Path = \r\n        Sequence Number = 40\r\n        User = MEDDEFENSE\\analyst\r\n        Connected User = \r\n        Shell ID = Microsoft.PowerShell\r\n\r\n\r\nUser Data:\r\n\r\n"
                   },
                   {
                       "timestamp":  "2026-08-08T12:38:30.2276660Z",
                       "hostname":  "DC01",
                       "platform":  "Windows",
                       "source_type":  "PowerShell",
                       "channel":  "Microsoft-Windows-PowerShell/Operational",
                       "event_id":  4103,
                       "event_category":  "powershell_module_logging",
                       "provider":  "Microsoft-Windows-PowerShell",
                       "raw_message":  "CommandInvocation(Get-WinEvent): \"Get-WinEvent\"\r\nParameterBinding(Get-WinEvent): name=\"ListLog\"; value=\"Security\"\r\nParameterBinding(Get-WinEvent): name=\"ErrorAction\"; value=\"Stop\"\r\n\r\n\r\nContext:\r\n        Severity = Informational\r\n        Host Name = ConsoleHost\r\n        Host Version = 5.1.20348.558\r\n        Host ID = 881cdb74-05ea-4e7b-b3f2-00e9e2fb1b98\r\n        Host Application = C:\\Windows\\System32\\WindowsPowerShell\\v1.0\\powershell.exe -ExecutionPolicy Bypass -File .\\3-windows_telemetry_export.ps1\r\n        Engine Version = 5.1.20348.558\r\n        Runspace ID = e79c3581-59af-4cb4-a0d2-814a92940a2b\r\n        Pipeline ID = 1\r\n        Command Name = Get-WinEvent\r\n        Command Type = Cmdlet\r\n        Script Name = Z:\\blue_team\\2x02_eyes_on_endpoint\\3-windows_telemetry_export.ps1\r\n        Command Path = \r\n        Sequence Number = 42\r\n        User = MEDDEFENSE\\analyst\r\n        Connected User = \r\n        Shell ID = Microsoft.PowerShell\r\n\r\n\r\nUser Data:\r\n\r\n"
                   },
                   {
                       "timestamp":  "2026-08-08T12:38:42.6082585Z",
                       "hostname":  "DC01",
                       "platform":  "Windows",
                       "source_type":  "Security",
                       "channel":  "Security",
                       "event_id":  4624,
                       "event_category":  "authentication_success",
                       "provider":  "Microsoft-Windows-Security-Auditing",
                       "raw_message":  "An account was successfully logged on.\r\n\r\nSubject:\r\n\tSecurity ID:\t\tS-1-0-0\r\n\tAccount Name:\t\t-\r\n\tAccount Domain:\t\t-\r\n\tLogon ID:\t\t0x0\r\n\r\nLogon Information:\r\n\tLogon Type:\t\t3\r\n\tRestricted Admin Mode:\t-\r\n\tVirtual Account:\t\tNo\r\n\tElevated Token:\t\tYes\r\n\r\nImpersonation Level:\t\tImpersonation\r\n\r\nNew Logon:\r\n\tSecurity ID:\t\tS-1-5-18\r\n\tAccount Name:\t\tDC01$\r\n\tAccount Domain:\t\tMEDDEFENSE.LOCAL\r\n\tLogon ID:\t\t0x1DCC6A\r\n\tLinked Logon ID:\t\t0x0\r\n\tNetwork Account Name:\t-\r\n\tNetwork Account Domain:\t-\r\n\tLogon GUID:\t\t{541e211e-37db-6b1b-a555-4e291879b12e}\r\n\r\nProcess Information:\r\n\tProcess ID:\t\t0x0\r\n\tProcess Name:\t\t-\r\n\r\nNetwork Information:\r\n\tWorkstation Name:\t-\r\n\tSource Network Address:\t::1\r\n\tSource Port:\t\t56045\r\n\r\nDetailed Authentication Information:\r\n\tLogon Process:\t\tKerberos\r\n\tAuthentication Package:\tKerberos\r\n\tTransited Services:\t-\r\n\tPackage Name (NTLM only):\t-\r\n\tKey Length:\t\t0\r\n\r\nThis event is generated when a logon session is created. It is generated on the computer that was accessed.\r\n\r\nThe subject fields indicate the account on the local system which requested the logon. This is most commonly a service such as the Server service, or a local process such as Winlogon.exe or Services.exe.\r\n\r\nThe logon type field indicates the kind of logon that occurred. The most common types are 2 (interactive) and 3 (network).\r\n\r\nThe New Logon fields indicate the account for whom the new logon was created, i.e. the account that was logged on.\r\n\r\nThe network fields indicate where a remote logon request originated. Workstation name is not always available and may be left blank in some cases.\r\n\r\nThe impersonation level field indicates the extent to which a process in the logon session can impersonate.\r\n\r\nThe authentication information fields provide detailed information about this specific logon request.\r\n\t- Logon GUID is a unique identifier that can be used to correlate this event with a KDC event.\r\n\t- Transited services indicate which intermediate services have participated in this logon request.\r\n\t- Package name indicates which sub-protocol was used among the NTLM protocols.\r\n\t- Key length indicates the length of the generated session key. This will be 0 if no session key was requested.",
                       "target_user":  "DC01$",
                       "logon_type":  "3",
                       "source_ip":  "::1",
                       "workstation":  "-"
                   },
                   {
                       "timestamp":  "2026-08-08T12:38:42.7639069Z",
                       "hostname":  "DC01",
                       "platform":  "Windows",
                       "source_type":  "PowerShell",
                       "channel":  "Microsoft-Windows-PowerShell/Operational",
                       "event_id":  4103,
                       "event_category":  "powershell_module_logging",
                       "provider":  "Microsoft-Windows-PowerShell",
                       "raw_message":  "CommandInvocation(Get-WinEvent): \"Get-WinEvent\"\r\nParameterBinding(Get-WinEvent): name=\"FilterHashtable\"; value=\"System.Collections.Hashtable\"\r\nParameterBinding(Get-WinEvent): name=\"ErrorAction\"; value=\"SilentlyContinue\"\r\n\r\n\r\nContext:\r\n        Severity = Informational\r\n        Host Name = ConsoleHost\r\n        Host Version = 5.1.20348.558\r\n        Host ID = 881cdb74-05ea-4e7b-b3f2-00e9e2fb1b98\r\n        Host Application = C:\\Windows\\System32\\WindowsPowerShell\\v1.0\\powershell.exe -ExecutionPolicy Bypass -File .\\3-windows_telemetry_export.ps1\r\n        Engine Version = 5.1.20348.558\r\n        Runspace ID = e79c3581-59af-4cb4-a0d2-814a92940a2b\r\n        Pipeline ID = 1\r\n        Command Name = Get-WinEvent\r\n        Command Type = Cmdlet\r\n        Script Name = Z:\\blue_team\\2x02_eyes_on_endpoint\\3-windows_telemetry_export.ps1\r\n        Command Path = \r\n        Sequence Number = 44\r\n        User = MEDDEFENSE\\analyst\r\n        Connected User = \r\n        Shell ID = Microsoft.PowerShell\r\n\r\n\r\nUser Data:\r\n\r\n"
                   },
                   {
                       "timestamp":  "2026-08-08T12:38:42.7904552Z",
                       "hostname":  "DC01",
                       "platform":  "Windows",
                       "source_type":  "PowerShell",
                       "channel":  "Microsoft-Windows-PowerShell/Operational",
                       "event_id":  4103,
                       "event_category":  "powershell_module_logging",
                       "provider":  "Microsoft-Windows-PowerShell",
                       "raw_message":  "CommandInvocation(Get-WinEvent): \"Get-WinEvent\"\r\nParameterBinding(Get-WinEvent): name=\"ListLog\"; value=\"Microsoft-Windows-Sysmon/Operational\"\r\nParameterBinding(Get-WinEvent): name=\"ErrorAction\"; value=\"Stop\"\r\n\r\n\r\nContext:\r\n        Severity = Informational\r\n        Host Name = ConsoleHost\r\n        Host Version = 5.1.20348.558\r\n        Host ID = 881cdb74-05ea-4e7b-b3f2-00e9e2fb1b98\r\n        Host Application = C:\\Windows\\System32\\WindowsPowerShell\\v1.0\\powershell.exe -ExecutionPolicy Bypass -File .\\3-windows_telemetry_export.ps1\r\n        Engine Version = 5.1.20348.558\r\n        Runspace ID = e79c3581-59af-4cb4-a0d2-814a92940a2b\r\n        Pipeline ID = 1\r\n        Command Name = Get-WinEvent\r\n        Command Type = Cmdlet\r\n        Script Name = Z:\\blue_team\\2x02_eyes_on_endpoint\\3-windows_telemetry_export.ps1\r\n        Command Path = \r\n        Sequence Number = 46\r\n        User = MEDDEFENSE\\analyst\r\n        Connected User = \r\n        Shell ID = Microsoft.PowerShell\r\n\r\n\r\nUser Data:\r\n\r\n"
                   },
                   {
                       "timestamp":  "2026-08-08T12:38:45.1944037Z",
                       "hostname":  "DC01",
                       "platform":  "Windows",
                       "source_type":  "PowerShell",
                       "channel":  "Microsoft-Windows-PowerShell/Operational",
                       "event_id":  4103,
                       "event_category":  "powershell_module_logging",
                       "provider":  "Microsoft-Windows-PowerShell",
                       "raw_message":  "CommandInvocation(Get-WinEvent): \"Get-WinEvent\"\r\nParameterBinding(Get-WinEvent): name=\"FilterHashtable\"; value=\"System.Collections.Hashtable\"\r\nParameterBinding(Get-WinEvent): name=\"ErrorAction\"; value=\"SilentlyContinue\"\r\n\r\n\r\nContext:\r\n        Severity = Informational\r\n        Host Name = ConsoleHost\r\n        Host Version = 5.1.20348.558\r\n        Host ID = 881cdb74-05ea-4e7b-b3f2-00e9e2fb1b98\r\n        Host Application = C:\\Windows\\System32\\WindowsPowerShell\\v1.0\\powershell.exe -ExecutionPolicy Bypass -File .\\3-windows_telemetry_export.ps1\r\n        Engine Version = 5.1.20348.558\r\n        Runspace ID = e79c3581-59af-4cb4-a0d2-814a92940a2b\r\n        Pipeline ID = 1\r\n        Command Name = Get-WinEvent\r\n        Command Type = Cmdlet\r\n        Script Name = Z:\\blue_team\\2x02_eyes_on_endpoint\\3-windows_telemetry_export.ps1\r\n        Command Path = \r\n        Sequence Number = 48\r\n        User = MEDDEFENSE\\analyst\r\n        Connected User = \r\n        Shell ID = Microsoft.PowerShell\r\n\r\n\r\nUser Data:\r\n\r\n"
                   },
                   {
                       "timestamp":  "2026-08-08T12:38:45.2256015Z",
                       "hostname":  "DC01",
                       "platform":  "Windows",
                       "source_type":  "PowerShell",
                       "channel":  "Microsoft-Windows-PowerShell/Operational",
                       "event_id":  4103,
                       "event_category":  "powershell_module_logging",
                       "provider":  "Microsoft-Windows-PowerShell",
                       "raw_message":  "CommandInvocation(Get-WinEvent): \"Get-WinEvent\"\r\nParameterBinding(Get-WinEvent): name=\"ListLog\"; value=\"Microsoft-Windows-PowerShell/Operational\"\r\nParameterBinding(Get-WinEvent): name=\"ErrorAction\"; value=\"Stop\"\r\n\r\n\r\nContext:\r\n        Severity = Informational\r\n        Host Name = ConsoleHost\r\n        Host Version = 5.1.20348.558\r\n        Host ID = 881cdb74-05ea-4e7b-b3f2-00e9e2fb1b98\r\n        Host Application = C:\\Windows\\System32\\WindowsPowerShell\\v1.0\\powershell.exe -ExecutionPolicy Bypass -File .\\3-windows_telemetry_export.ps1\r\n        Engine Version = 5.1.20348.558\r\n        Runspace ID = e79c3581-59af-4cb4-a0d2-814a92940a2b\r\n        Pipeline ID = 1\r\n        Command Name = Get-WinEvent\r\n        Command Type = Cmdlet\r\n        Script Name = Z:\\blue_team\\2x02_eyes_on_endpoint\\3-windows_telemetry_export.ps1\r\n        Command Path = \r\n        Sequence Number = 50\r\n        User = MEDDEFENSE\\analyst\r\n        Connected User = \r\n        Shell ID = Microsoft.PowerShell\r\n\r\n\r\nUser Data:\r\n\r\n"
                   },
                   {
                       "timestamp":  "2026-08-08T12:38:48.0393160Z",
                       "hostname":  "DC01",
                       "platform":  "Windows",
                       "source_type":  "PowerShell",
                       "channel":  "Microsoft-Windows-PowerShell/Operational",
                       "event_id":  4103,
                       "event_category":  "powershell_module_logging",
                       "provider":  "Microsoft-Windows-PowerShell",
                       "raw_message":  "CommandInvocation(Get-WinEvent): \"Get-WinEvent\"\r\nParameterBinding(Get-WinEvent): name=\"FilterHashtable\"; value=\"System.Collections.Hashtable\"\r\nParameterBinding(Get-WinEvent): name=\"ErrorAction\"; value=\"SilentlyContinue\"\r\n\r\n\r\nContext:\r\n        Severity = Informational\r\n        Host Name = ConsoleHost\r\n        Host Version = 5.1.20348.558\r\n        Host ID = 881cdb74-05ea-4e7b-b3f2-00e9e2fb1b98\r\n        Host Application = C:\\Windows\\System32\\WindowsPowerShell\\v1.0\\powershell.exe -ExecutionPolicy Bypass -File .\\3-windows_telemetry_export.ps1\r\n        Engine Version = 5.1.20348.558\r\n        Runspace ID = e79c3581-59af-4cb4-a0d2-814a92940a2b\r\n        Pipeline ID = 1\r\n        Command Name = Get-WinEvent\r\n        Command Type = Cmdlet\r\n        Script Name = Z:\\blue_team\\2x02_eyes_on_endpoint\\3-windows_telemetry_export.ps1\r\n        Command Path = \r\n        Sequence Number = 52\r\n        User = MEDDEFENSE\\analyst\r\n        Connected User = \r\n        Shell ID = Microsoft.PowerShell\r\n\r\n\r\nUser Data:\r\n\r\n"
                   },
                   {
                       "timestamp":  "2026-08-08T12:38:56.6692306Z",
                       "hostname":  "DC01",
                       "platform":  "Windows",
                       "source_type":  "PowerShell",
                       "channel":  "Microsoft-Windows-PowerShell/Operational",
                       "event_id":  4100,
                       "event_category":  "powershell",
                       "provider":  "Microsoft-Windows-PowerShell",
                       "raw_message":  "Error Message = System error.\r\n\r\n\r\nContext:\r\n        Severity = Warning\r\n        Host Name = ConsoleHost\r\n        Host Version = 5.1.20348.558\r\n        Host ID = 881cdb74-05ea-4e7b-b3f2-00e9e2fb1b98\r\n        Host Application = C:\\Windows\\System32\\WindowsPowerShell\\v1.0\\powershell.exe -ExecutionPolicy Bypass -File .\\3-windows_telemetry_export.ps1\r\n        Engine Version = 5.1.20348.558\r\n        Runspace ID = e79c3581-59af-4cb4-a0d2-814a92940a2b\r\n        Pipeline ID = 1\r\n        Command Name = \r\n        Command Type = \r\n        Script Name = \r\n        Command Path = \r\n        Sequence Number = 55\r\n        User = MEDDEFENSE\\analyst\r\n        Connected User = \r\n        Shell ID = Microsoft.PowerShell\r\n\r\n\r\nUser Data:\r\n\r\n"
                   },
                   {
                       "timestamp":  "2026-08-08T12:38:57.5854013Z",
                       "hostname":  "DC01",
                       "platform":  "Windows",
                       "source_type":  "PowerShell",
                       "channel":  "Microsoft-Windows-PowerShell/Operational",
                       "event_id":  4100,
                       "event_category":  "powershell",
                       "provider":  "Microsoft-Windows-PowerShell",
                       "raw_message":  "Error Message = System error.\r\n\r\n\r\nContext:\r\n        Severity = Warning\r\n        Host Name = ConsoleHost\r\n        Host Version = 5.1.20348.558\r\n        Host ID = 881cdb74-05ea-4e7b-b3f2-00e9e2fb1b98\r\n        Host Application = C:\\Windows\\System32\\WindowsPowerShell\\v1.0\\powershell.exe -ExecutionPolicy Bypass -File .\\3-windows_telemetry_export.ps1\r\n        Engine Version = 5.1.20348.558\r\n        Runspace ID = e79c3581-59af-4cb4-a0d2-814a92940a2b\r\n        Pipeline ID = 1\r\n        Command Name = \r\n        Command Type = \r\n        Script Name = \r\n        Command Path = \r\n        Sequence Number = 58\r\n        User = MEDDEFENSE\\analyst\r\n        Connected User = \r\n        Shell ID = Microsoft.PowerShell\r\n\r\n\r\nUser Data:\r\n\r\n"
                   },
                   {
                       "timestamp":  "2026-08-08T12:38:57.5861870Z",
                       "hostname":  "DC01",
                       "platform":  "Windows",
                       "source_type":  "PowerShell",
                       "channel":  "Microsoft-Windows-PowerShell/Operational",
                       "event_id":  4103,
                       "event_category":  "powershell_module_logging",
                       "provider":  "Microsoft-Windows-PowerShell",
                       "raw_message":  "CommandInvocation(Select-Object): \"Select-Object\"\r\nParameterBinding(Select-Object): name=\"First\"; value=\"1\"\r\nParameterBinding(Select-Object): name=\"InputObject\"; value=\"@{timestamp=2026-08-08T09:39:07.0555406Z; hostname=DC01; platform=Windows; source_type=Security; channel=Security; event_id=4624; event_category=authentication_success; provider=Microsoft-Windows-Security-Auditing; raw_message=An account was successfully logged on.\r\n\r\nSubject:\r\n\tSecurity ID:\t\tS-1-0-0\r\n\tAccount Name:\t\t-\r\n\tAccount Domain:\t\t-\r\n\tLogon ID:\t\t0x0\r\n\r\nLogon Information:\r\n\tLogon Type:\t\t0\r\n\tRestricted Admin Mode:\t-\r\n\tVirtual Account:\t\tNo\r\n\tElevated Token:\t\tYes\r\n\r\nImpersonation Level:\t\t-\r\n\r\nNew Logon:\r\n\tSecurity ID:\t\tS-1-5-18\r\n\tAccount Name:\t\tSYSTEM\r\n\tAccount Domain:\t\tNT AUTHORITY\r\n\tLogon ID:\t\t0x3E7\r\n\tLinked Logon ID:\t\t0x0\r\n\tNetwork Account Name:\t-\r\n\tNetwork Account Domain:\t-\r\n\tLogon GUID:\t\t{00000000-0000-0000-0000-000000000000}\r\n\r\nProcess Information:\r\n\tProcess ID:\t\t0x4\r\n\tProcess Name:\t\t\r\n\r\nNetwork Information:\r\n\tWorkstation Name:\t-\r\n\tSource Network Address:\t-\r\n\tSource Port:\t\t-\r\n\r\nDetailed Authentication Information:\r\n\tLogon Process:\t\t-\r\n\tAuthentication Package:\t-\r\n\tTransited Services:\t-\r\n\tPackage Name (NTLM only):\t-\r\n\tKey Length:\t\t0\r\n\r\nThis event is generated when a logon session is created. It is generated on the computer that was accessed.\r\n\r\nThe subject fields indicate the account on the local system which requested the logon. This is most commonly a service such as the Server service, or a local process such as Winlogon.exe or Services.exe.\r\n\r\nThe logon type field indicates the kind of logon that occurred. The most common types are 2 (interactive) and 3 (network).\r\n\r\nThe New Logon fields indicate the account for whom the new logon was created, i.e. the account that was logged on.\r\n\r\nThe network fields indicate where a remote logon request originated. Workstation name is not always available and may be left blank in some cases.\r\n\r\nThe impersonation level field indicates the extent to which a process in the logon session can impersonate.\r\n\r\nThe authentication information fields provide detailed information about this specific logon request.\r\n\t- Logon GUID is a unique identifier that can be used to correlate this event with a KDC event.\r\n\t- Transited services indicate which intermediate services have participated in this logon request.\r\n\t- Package name indicates which sub-protocol was used among the NTLM protocols.\r\n\t- Key length indicates the length of the generated session key. This will be 0 if no session key was requested.; target_user=SYSTEM; logon_type=0; source_ip=; workstation=-}\"\r\n\r\n\r\nContext:\r\n        Severity = Informational\r\n        Host Name = ConsoleHost\r\n        Host Version = 5.1.20348.558\r\n        Host ID = 881cdb74-05ea-4e7b-b3f2-00e9e2fb1b98\r\n        Host Application = C:\\Windows\\System32\\WindowsPowerShell\\v1.0\\powershell.exe -ExecutionPolicy Bypass -File .\\3-windows_telemetry_export.ps1\r\n        Engine Version = 5.1.20348.558\r\n        Runspace ID = e79c3581-59af-4cb4-a0d2-814a92940a2b\r\n        Pipeline ID = 1\r\n        Command Name = Select-Object\r\n        Command Type = Cmdlet\r\n        Script Name = Z:\\blue_team\\2x02_eyes_on_endpoint\\3-windows_telemetry_export.ps1\r\n        Command Path = \r\n        Sequence Number = 60\r\n        User = MEDDEFENSE\\analyst\r\n        Connected User = \r\n        Shell ID = Microsoft.PowerShell\r\n\r\n\r\nUser Data:\r\n\r\n"
                   },
                   {
                       "timestamp":  "2026-08-08T12:38:57.5986894Z",
                       "hostname":  "DC01",
                       "platform":  "Windows",
                       "source_type":  "PowerShell",
                       "channel":  "Microsoft-Windows-PowerShell/Operational",
                       "event_id":  4100,
                       "event_category":  "powershell",
                       "provider":  "Microsoft-Windows-PowerShell",
                       "raw_message":  "Error Message = System error.\r\n\r\n\r\nContext:\r\n        Severity = Warning\r\n        Host Name = ConsoleHost\r\n        Host Version = 5.1.20348.558\r\n        Host ID = 881cdb74-05ea-4e7b-b3f2-00e9e2fb1b98\r\n        Host Application = C:\\Windows\\System32\\WindowsPowerShell\\v1.0\\powershell.exe -ExecutionPolicy Bypass -File .\\3-windows_telemetry_export.ps1\r\n        Engine Version = 5.1.20348.558\r\n        Runspace ID = e79c3581-59af-4cb4-a0d2-814a92940a2b\r\n        Pipeline ID = 1\r\n        Command Name = \r\n        Command Type = \r\n        Script Name = \r\n        Command Path = \r\n        Sequence Number = 61\r\n        User = MEDDEFENSE\\analyst\r\n        Connected User = \r\n        Shell ID = Microsoft.PowerShell\r\n\r\n\r\nUser Data:\r\n\r\n"
                   },
