                   {
                       "timestamp":  "2026-08-08T12:36:24.9646597Z",
                       "hostname":  "DC01",
                       "platform":  "Windows",
                       "source_type":  "Security",
                       "channel":  "Security",
                       "event_id":  4624,
                       "event_category":  "authentication_success",
                       "provider":  "Microsoft-Windows-Security-Auditing",
                       "raw_message":  "An account was successfully logged on.\r\n\r\nSubject:\r\n\tSecurity ID:\t\tS-1-0-0\r\n\tAccount Name:\t\t-\r\n\tAccount Domain:\t\t-\r\n\tLogon ID:\t\t0x0\r\n\r\nLogon Information:\r\n\tLogon Type:\t\t3\r\n\tRestricted Admin Mode:\t-\r\n\tVirtual Account:\t\tNo\r\n\tElevated Token:\t\tYes\r\n\r\nImpersonation Level:\t\tImpersonation\r\n\r\nNew Logon:\r\n\tSecurity ID:\t\tS-1-5-18\r\n\tAccount Name:\t\tDC01$\r\n\tAccount Domain:\t\tMEDDEFENSE.LOCAL\r\n\tLogon ID:\t\t0x1D56F6\r\n\tLinked Logon ID:\t\t0x0\r\n\tNetwork Account Name:\t-\r\n\tNetwork Account Domain:\t-\r\n\tLogon GUID:\t\t{541e211e-37db-6b1b-a555-4e291879b12e}\r\n\r\nProcess Information:\r\n\tProcess ID:\t\t0x0\r\n\tProcess Name:\t\t-\r\n\r\nNetwork Information:\r\n\tWorkstation Name:\t-\r\n\tSource Network Address:\t::1\r\n\tSource Port:\t\t56035\r\n\r\nDetailed Authentication Information:\r\n\tLogon Process:\t\tKerberos\r\n\tAuthentication Package:\tKerberos\r\n\tTransited Services:\t-\r\n\tPackage Name (NTLM only):\t-\r\n\tKey Length:\t\t0\r\n\r\nThis event is generated when a logon session is created. It is generated on the computer that was accessed.\r\n\r\nThe subject fields indicate the account on the local system which requested the logon. This is most commonly a service such as the Server service, or a local process such as Winlogon.exe or Services.exe.\r\n\r\nThe logon type field indicates the kind of logon that occurred. The most common types are 2 (interactive) and 3 (network).\r\n\r\nThe New Logon fields indicate the account for whom the new logon was created, i.e. the account that was logged on.\r\n\r\nThe network fields indicate where a remote logon request originated. Workstation name is not always available and may be left blank in some cases.\r\n\r\nThe impersonation level field indicates the extent to which a process in the logon session can impersonate.\r\n\r\nThe authentication information fields provide detailed information about this specific logon request.\r\n\t- Logon GUID is a unique identifier that can be used to correlate this event with a KDC event.\r\n\t- Transited services indicate which intermediate services have participated in this logon request.\r\n\t- Package name indicates which sub-protocol was used among the NTLM protocols.\r\n\t- Key length indicates the length of the generated session key. This will be 0 if no session key was requested.",
                       "target_user":  "DC01$",
                       "logon_type":  "3",
                       "source_ip":  "::1",
                       "workstation":  "-"
                   },
                   {
                       "timestamp":  "2026-08-08T12:36:49.1640123Z",
                       "hostname":  "DC01",
                       "platform":  "Windows",
                       "source_type":  "Security",
                       "channel":  "Security",
                       "event_id":  4624,
                       "event_category":  "authentication_success",
                       "provider":  "Microsoft-Windows-Security-Auditing",
                       "raw_message":  "An account was successfully logged on.\r\n\r\nSubject:\r\n\tSecurity ID:\t\tS-1-0-0\r\n\tAccount Name:\t\t-\r\n\tAccount Domain:\t\t-\r\n\tLogon ID:\t\t0x0\r\n\r\nLogon Information:\r\n\tLogon Type:\t\t3\r\n\tRestricted Admin Mode:\t-\r\n\tVirtual Account:\t\tNo\r\n\tElevated Token:\t\tYes\r\n\r\nImpersonation Level:\t\tImpersonation\r\n\r\nNew Logon:\r\n\tSecurity ID:\t\tS-1-5-18\r\n\tAccount Name:\t\tDC01$\r\n\tAccount Domain:\t\tMEDDEFENSE.LOCAL\r\n\tLogon ID:\t\t0x1D59EA\r\n\tLinked Logon ID:\t\t0x0\r\n\tNetwork Account Name:\t-\r\n\tNetwork Account Domain:\t-\r\n\tLogon GUID:\t\t{97e0fb93-ac63-c64b-1c8b-69d77750a68c}\r\n\r\nProcess Information:\r\n\tProcess ID:\t\t0x0\r\n\tProcess Name:\t\t-\r\n\r\nNetwork Information:\r\n\tWorkstation Name:\t-\r\n\tSource Network Address:\tfe80::590c:793e:9ffd:17e7\r\n\tSource Port:\t\t56037\r\n\r\nDetailed Authentication Information:\r\n\tLogon Process:\t\tKerberos\r\n\tAuthentication Package:\tKerberos\r\n\tTransited Services:\t-\r\n\tPackage Name (NTLM only):\t-\r\n\tKey Length:\t\t0\r\n\r\nThis event is generated when a logon session is created. It is generated on the computer that was accessed.\r\n\r\nThe subject fields indicate the account on the local system which requested the logon. This is most commonly a service such as the Server service, or a local process such as Winlogon.exe or Services.exe.\r\n\r\nThe logon type field indicates the kind of logon that occurred. The most common types are 2 (interactive) and 3 (network).\r\n\r\nThe New Logon fields indicate the account for whom the new logon was created, i.e. the account that was logged on.\r\n\r\nThe network fields indicate where a remote logon request originated. Workstation name is not always available and may be left blank in some cases.\r\n\r\nThe impersonation level field indicates the extent to which a process in the logon session can impersonate.\r\n\r\nThe authentication information fields provide detailed information about this specific logon request.\r\n\t- Logon GUID is a unique identifier that can be used to correlate this event with a KDC event.\r\n\t- Transited services indicate which intermediate services have participated in this logon request.\r\n\t- Package name indicates which sub-protocol was used among the NTLM protocols.\r\n\t- Key length indicates the length of the generated session key. This will be 0 if no session key was requested.",
                       "target_user":  "DC01$",
                       "logon_type":  "3",
                       "source_ip":  "fe80::590c:793e:9ffd:17e7",
                       "workstation":  "-"
                   },
                   {
                       "timestamp":  "2026-08-08T12:36:49.1758468Z",
                       "hostname":  "DC01",
                       "platform":  "Windows",
                       "source_type":  "Security",
                       "channel":  "Security",
                       "event_id":  4624,
                       "event_category":  "authentication_success",
                       "provider":  "Microsoft-Windows-Security-Auditing",
                       "raw_message":  "An account was successfully logged on.\r\n\r\nSubject:\r\n\tSecurity ID:\t\tS-1-0-0\r\n\tAccount Name:\t\t-\r\n\tAccount Domain:\t\t-\r\n\tLogon ID:\t\t0x0\r\n\r\nLogon Information:\r\n\tLogon Type:\t\t3\r\n\tRestricted Admin Mode:\t-\r\n\tVirtual Account:\t\tNo\r\n\tElevated Token:\t\tYes\r\n\r\nImpersonation Level:\t\tImpersonation\r\n\r\nNew Logon:\r\n\tSecurity ID:\t\tS-1-5-18\r\n\tAccount Name:\t\tDC01$\r\n\tAccount Domain:\t\tMEDDEFENSE.LOCAL\r\n\tLogon ID:\t\t0x1D5A30\r\n\tLinked Logon ID:\t\t0x0\r\n\tNetwork Account Name:\t-\r\n\tNetwork Account Domain:\t-\r\n\tLogon GUID:\t\t{97e0fb93-ac63-c64b-1c8b-69d77750a68c}\r\n\r\nProcess Information:\r\n\tProcess ID:\t\t0x0\r\n\tProcess Name:\t\t-\r\n\r\nNetwork Information:\r\n\tWorkstation Name:\t-\r\n\tSource Network Address:\tfe80::590c:793e:9ffd:17e7\r\n\tSource Port:\t\t56038\r\n\r\nDetailed Authentication Information:\r\n\tLogon Process:\t\tKerberos\r\n\tAuthentication Package:\tKerberos\r\n\tTransited Services:\t-\r\n\tPackage Name (NTLM only):\t-\r\n\tKey Length:\t\t0\r\n\r\nThis event is generated when a logon session is created. It is generated on the computer that was accessed.\r\n\r\nThe subject fields indicate the account on the local system which requested the logon. This is most commonly a service such as the Server service, or a local process such as Winlogon.exe or Services.exe.\r\n\r\nThe logon type field indicates the kind of logon that occurred. The most common types are 2 (interactive) and 3 (network).\r\n\r\nThe New Logon fields indicate the account for whom the new logon was created, i.e. the account that was logged on.\r\n\r\nThe network fields indicate where a remote logon request originated. Workstation name is not always available and may be left blank in some cases.\r\n\r\nThe impersonation level field indicates the extent to which a process in the logon session can impersonate.\r\n\r\nThe authentication information fields provide detailed information about this specific logon request.\r\n\t- Logon GUID is a unique identifier that can be used to correlate this event with a KDC event.\r\n\t- Transited services indicate which intermediate services have participated in this logon request.\r\n\t- Package name indicates which sub-protocol was used among the NTLM protocols.\r\n\t- Key length indicates the length of the generated session key. This will be 0 if no session key was requested.",
                       "target_user":  "DC01$",
                       "logon_type":  "3",
                       "source_ip":  "fe80::590c:793e:9ffd:17e7",
                       "workstation":  "-"
                   },
                   {
                       "timestamp":  "2026-08-08T12:36:49.2188306Z",
                       "hostname":  "DC01",
                       "platform":  "Windows",
                       "source_type":  "Security",
                       "channel":  "Security",
                       "event_id":  4624,
                       "event_category":  "authentication_success",
                       "provider":  "Microsoft-Windows-Security-Auditing",
                       "raw_message":  "An account was successfully logged on.\r\n\r\nSubject:\r\n\tSecurity ID:\t\tS-1-0-0\r\n\tAccount Name:\t\t-\r\n\tAccount Domain:\t\t-\r\n\tLogon ID:\t\t0x0\r\n\r\nLogon Information:\r\n\tLogon Type:\t\t3\r\n\tRestricted Admin Mode:\t-\r\n\tVirtual Account:\t\tNo\r\n\tElevated Token:\t\tYes\r\n\r\nImpersonation Level:\t\tImpersonation\r\n\r\nNew Logon:\r\n\tSecurity ID:\t\tS-1-5-18\r\n\tAccount Name:\t\tDC01$\r\n\tAccount Domain:\t\tMEDDEFENSE.LOCAL\r\n\tLogon ID:\t\t0x1D5C2E\r\n\tLinked Logon ID:\t\t0x0\r\n\tNetwork Account Name:\t-\r\n\tNetwork Account Domain:\t-\r\n\tLogon GUID:\t\t{757a8d81-828b-0a51-60b5-e955481e461a}\r\n\r\nProcess Information:\r\n\tProcess ID:\t\t0x0\r\n\tProcess Name:\t\t-\r\n\r\nNetwork Information:\r\n\tWorkstation Name:\t-\r\n\tSource Network Address:\t::1\r\n\tSource Port:\t\t0\r\n\r\nDetailed Authentication Information:\r\n\tLogon Process:\t\tKerberos\r\n\tAuthentication Package:\tKerberos\r\n\tTransited Services:\t-\r\n\tPackage Name (NTLM only):\t-\r\n\tKey Length:\t\t0\r\n\r\nThis event is generated when a logon session is created. It is generated on the computer that was accessed.\r\n\r\nThe subject fields indicate the account on the local system which requested the logon. This is most commonly a service such as the Server service, or a local process such as Winlogon.exe or Services.exe.\r\n\r\nThe logon type field indicates the kind of logon that occurred. The most common types are 2 (interactive) and 3 (network).\r\n\r\nThe New Logon fields indicate the account for whom the new logon was created, i.e. the account that was logged on.\r\n\r\nThe network fields indicate where a remote logon request originated. Workstation name is not always available and may be left blank in some cases.\r\n\r\nThe impersonation level field indicates the extent to which a process in the logon session can impersonate.\r\n\r\nThe authentication information fields provide detailed information about this specific logon request.\r\n\t- Logon GUID is a unique identifier that can be used to correlate this event with a KDC event.\r\n\t- Transited services indicate which intermediate services have participated in this logon request.\r\n\t- Package name indicates which sub-protocol was used among the NTLM protocols.\r\n\t- Key length indicates the length of the generated session key. This will be 0 if no session key was requested.",
                       "target_user":  "DC01$",
                       "logon_type":  "3",
                       "source_ip":  "::1",
                       "workstation":  "-"
                   },
                   {
                       "timestamp":  "2026-08-08T12:36:49.2327230Z",
                       "hostname":  "DC01",
                       "platform":  "Windows",
                       "source_type":  "Security",
                       "channel":  "Security",
                       "event_id":  4624,
                       "event_category":  "authentication_success",
                       "provider":  "Microsoft-Windows-Security-Auditing",
                       "raw_message":  "An account was successfully logged on.\r\n\r\nSubject:\r\n\tSecurity ID:\t\tS-1-0-0\r\n\tAccount Name:\t\t-\r\n\tAccount Domain:\t\t-\r\n\tLogon ID:\t\t0x0\r\n\r\nLogon Information:\r\n\tLogon Type:\t\t3\r\n\tRestricted Admin Mode:\t-\r\n\tVirtual Account:\t\tNo\r\n\tElevated Token:\t\tYes\r\n\r\nImpersonation Level:\t\tImpersonation\r\n\r\nNew Logon:\r\n\tSecurity ID:\t\tS-1-5-18\r\n\tAccount Name:\t\tDC01$\r\n\tAccount Domain:\t\tMEDDEFENSE.LOCAL\r\n\tLogon ID:\t\t0x1D5C84\r\n\tLinked Logon ID:\t\t0x0\r\n\tNetwork Account Name:\t-\r\n\tNetwork Account Domain:\t-\r\n\tLogon GUID:\t\t{97e0fb93-ac63-c64b-1c8b-69d77750a68c}\r\n\r\nProcess Information:\r\n\tProcess ID:\t\t0x0\r\n\tProcess Name:\t\t-\r\n\r\nNetwork Information:\r\n\tWorkstation Name:\t-\r\n\tSource Network Address:\t10.10.3.10\r\n\tSource Port:\t\t56039\r\n\r\nDetailed Authentication Information:\r\n\tLogon Process:\t\tKerberos\r\n\tAuthentication Package:\tKerberos\r\n\tTransited Services:\t-\r\n\tPackage Name (NTLM only):\t-\r\n\tKey Length:\t\t0\r\n\r\nThis event is generated when a logon session is created. It is generated on the computer that was accessed.\r\n\r\nThe subject fields indicate the account on the local system which requested the logon. This is most commonly a service such as the Server service, or a local process such as Winlogon.exe or Services.exe.\r\n\r\nThe logon type field indicates the kind of logon that occurred. The most common types are 2 (interactive) and 3 (network).\r\n\r\nThe New Logon fields indicate the account for whom the new logon was created, i.e. the account that was logged on.\r\n\r\nThe network fields indicate where a remote logon request originated. Workstation name is not always available and may be left blank in some cases.\r\n\r\nThe impersonation level field indicates the extent to which a process in the logon session can impersonate.\r\n\r\nThe authentication information fields provide detailed information about this specific logon request.\r\n\t- Logon GUID is a unique identifier that can be used to correlate this event with a KDC event.\r\n\t- Transited services indicate which intermediate services have participated in this logon request.\r\n\t- Package name indicates which sub-protocol was used among the NTLM protocols.\r\n\t- Key length indicates the length of the generated session key. This will be 0 if no session key was requested.",
                       "target_user":  "DC01$",
                       "logon_type":  "3",
                       "source_ip":  "10.10.3.10",
                       "workstation":  "-"
                   },
                   {
                       "timestamp":  "2026-08-08T12:36:49.2977407Z",
                       "hostname":  "DC01",
                       "platform":  "Windows",
                       "source_type":  "Security",
                       "channel":  "Security",
                       "event_id":  4624,
                       "event_category":  "authentication_success",
                       "provider":  "Microsoft-Windows-Security-Auditing",
                       "raw_message":  "An account was successfully logged on.\r\n\r\nSubject:\r\n\tSecurity ID:\t\tS-1-0-0\r\n\tAccount Name:\t\t-\r\n\tAccount Domain:\t\t-\r\n\tLogon ID:\t\t0x0\r\n\r\nLogon Information:\r\n\tLogon Type:\t\t3\r\n\tRestricted Admin Mode:\t-\r\n\tVirtual Account:\t\tNo\r\n\tElevated Token:\t\tYes\r\n\r\nImpersonation Level:\t\tDelegation\r\n\r\nNew Logon:\r\n\tSecurity ID:\t\tS-1-5-18\r\n\tAccount Name:\t\tDC01$\r\n\tAccount Domain:\t\tMEDDEFENSE.LOCAL\r\n\tLogon ID:\t\t0x1D5F4A\r\n\tLinked Logon ID:\t\t0x0\r\n\tNetwork Account Name:\t-\r\n\tNetwork Account Domain:\t-\r\n\tLogon GUID:\t\t{ae36f938-8273-2311-ce4d-3bb377a61c49}\r\n\r\nProcess Information:\r\n\tProcess ID:\t\t0x0\r\n\tProcess Name:\t\t-\r\n\r\nNetwork Information:\r\n\tWorkstation Name:\t-\r\n\tSource Network Address:\tfe80::590c:793e:9ffd:17e7\r\n\tSource Port:\t\t56040\r\n\r\nDetailed Authentication Information:\r\n\tLogon Process:\t\tKerberos\r\n\tAuthentication Package:\tKerberos\r\n\tTransited Services:\t-\r\n\tPackage Name (NTLM only):\t-\r\n\tKey Length:\t\t0\r\n\r\nThis event is generated when a logon session is created. It is generated on the computer that was accessed.\r\n\r\nThe subject fields indicate the account on the local system which requested the logon. This is most commonly a service such as the Server service, or a local process such as Winlogon.exe or Services.exe.\r\n\r\nThe logon type field indicates the kind of logon that occurred. The most common types are 2 (interactive) and 3 (network).\r\n\r\nThe New Logon fields indicate the account for whom the new logon was created, i.e. the account that was logged on.\r\n\r\nThe network fields indicate where a remote logon request originated. Workstation name is not always available and may be left blank in some cases.\r\n\r\nThe impersonation level field indicates the extent to which a process in the logon session can impersonate.\r\n\r\nThe authentication information fields provide detailed information about this specific logon request.\r\n\t- Logon GUID is a unique identifier that can be used to correlate this event with a KDC event.\r\n\t- Transited services indicate which intermediate services have participated in this logon request.\r\n\t- Package name indicates which sub-protocol was used among the NTLM protocols.\r\n\t- Key length indicates the length of the generated session key. This will be 0 if no session key was requested.",
                       "target_user":  "DC01$",
                       "logon_type":  "3",
                       "source_ip":  "fe80::590c:793e:9ffd:17e7",
                       "workstation":  "-"
                   },
                   {
                       "timestamp":  "2026-08-08T12:36:49.3715044Z",
                       "hostname":  "DC01",
                       "platform":  "Windows",
                       "source_type":  "Security",
                       "channel":  "Security",
                       "event_id":  4624,
                       "event_category":  "authentication_success",
                       "provider":  "Microsoft-Windows-Security-Auditing",
                       "raw_message":  "An account was successfully logged on.\r\n\r\nSubject:\r\n\tSecurity ID:\t\tS-1-0-0\r\n\tAccount Name:\t\t-\r\n\tAccount Domain:\t\t-\r\n\tLogon ID:\t\t0x0\r\n\r\nLogon Information:\r\n\tLogon Type:\t\t3\r\n\tRestricted Admin Mode:\t-\r\n\tVirtual Account:\t\tNo\r\n\tElevated Token:\t\tYes\r\n\r\nImpersonation Level:\t\tImpersonation\r\n\r\nNew Logon:\r\n\tSecurity ID:\t\tS-1-5-18\r\n\tAccount Name:\t\tDC01$\r\n\tAccount Domain:\t\tMEDDEFENSE.LOCAL\r\n\tLogon ID:\t\t0x1D6088\r\n\tLinked Logon ID:\t\t0x0\r\n\tNetwork Account Name:\t-\r\n\tNetwork Account Domain:\t-\r\n\tLogon GUID:\t\t{757a8d81-828b-0a51-60b5-e955481e461a}\r\n\r\nProcess Information:\r\n\tProcess ID:\t\t0x0\r\n\tProcess Name:\t\t-\r\n\r\nNetwork Information:\r\n\tWorkstation Name:\t-\r\n\tSource Network Address:\t::1\r\n\tSource Port:\t\t0\r\n\r\nDetailed Authentication Information:\r\n\tLogon Process:\t\tKerberos\r\n\tAuthentication Package:\tKerberos\r\n\tTransited Services:\t-\r\n\tPackage Name (NTLM only):\t-\r\n\tKey Length:\t\t0\r\n\r\nThis event is generated when a logon session is created. It is generated on the computer that was accessed.\r\n\r\nThe subject fields indicate the account on the local system which requested the logon. This is most commonly a service such as the Server service, or a local process such as Winlogon.exe or Services.exe.\r\n\r\nThe logon type field indicates the kind of logon that occurred. The most common types are 2 (interactive) and 3 (network).\r\n\r\nThe New Logon fields indicate the account for whom the new logon was created, i.e. the account that was logged on.\r\n\r\nThe network fields indicate where a remote logon request originated. Workstation name is not always available and may be left blank in some cases.\r\n\r\nThe impersonation level field indicates the extent to which a process in the logon session can impersonate.\r\n\r\nThe authentication information fields provide detailed information about this specific logon request.\r\n\t- Logon GUID is a unique identifier that can be used to correlate this event with a KDC event.\r\n\t- Transited services indicate which intermediate services have participated in this logon request.\r\n\t- Package name indicates which sub-protocol was used among the NTLM protocols.\r\n\t- Key length indicates the length of the generated session key. This will be 0 if no session key was requested.",
                       "target_user":  "DC01$",
                       "logon_type":  "3",
                       "source_ip":  "::1",
                       "workstation":  "-"
                   },
                   {
                       "timestamp":  "2026-08-08T12:37:35.8569433Z",
                       "hostname":  "DC01",
                       "platform":  "Windows",
                       "source_type":  "Security",
                       "channel":  "Security",
                       "event_id":  4624,
                       "event_category":  "authentication_success",
                       "provider":  "Microsoft-Windows-Security-Auditing",
                       "raw_message":  "An account was successfully logged on.\r\n\r\nSubject:\r\n\tSecurity ID:\t\tS-1-0-0\r\n\tAccount Name:\t\t-\r\n\tAccount Domain:\t\t-\r\n\tLogon ID:\t\t0x0\r\n\r\nLogon Information:\r\n\tLogon Type:\t\t3\r\n\tRestricted Admin Mode:\t-\r\n\tVirtual Account:\t\tNo\r\n\tElevated Token:\t\tYes\r\n\r\nImpersonation Level:\t\tImpersonation\r\n\r\nNew Logon:\r\n\tSecurity ID:\t\tS-1-5-18\r\n\tAccount Name:\t\tDC01$\r\n\tAccount Domain:\t\tMEDDEFENSE.LOCAL\r\n\tLogon ID:\t\t0x1D834C\r\n\tLinked Logon ID:\t\t0x0\r\n\tNetwork Account Name:\t-\r\n\tNetwork Account Domain:\t-\r\n\tLogon GUID:\t\t{541e211e-37db-6b1b-a555-4e291879b12e}\r\n\r\nProcess Information:\r\n\tProcess ID:\t\t0x0\r\n\tProcess Name:\t\t-\r\n\r\nNetwork Information:\r\n\tWorkstation Name:\t-\r\n\tSource Network Address:\t::1\r\n\tSource Port:\t\t56041\r\n\r\nDetailed Authentication Information:\r\n\tLogon Process:\t\tKerberos\r\n\tAuthentication Package:\tKerberos\r\n\tTransited Services:\t-\r\n\tPackage Name (NTLM only):\t-\r\n\tKey Length:\t\t0\r\n\r\nThis event is generated when a logon session is created. It is generated on the computer that was accessed.\r\n\r\nThe subject fields indicate the account on the local system which requested the logon. This is most commonly a service such as the Server service, or a local process such as Winlogon.exe or Services.exe.\r\n\r\nThe logon type field indicates the kind of logon that occurred. The most common types are 2 (interactive) and 3 (network).\r\n\r\nThe New Logon fields indicate the account for whom the new logon was created, i.e. the account that was logged on.\r\n\r\nThe network fields indicate where a remote logon request originated. Workstation name is not always available and may be left blank in some cases.\r\n\r\nThe impersonation level field indicates the extent to which a process in the logon session can impersonate.\r\n\r\nThe authentication information fields provide detailed information about this specific logon request.\r\n\t- Logon GUID is a unique identifier that can be used to correlate this event with a KDC event.\r\n\t- Transited services indicate which intermediate services have participated in this logon request.\r\n\t- Package name indicates which sub-protocol was used among the NTLM protocols.\r\n\t- Key length indicates the length of the generated session key. This will be 0 if no session key was requested.",
                       "target_user":  "DC01$",
                       "logon_type":  "3",
                       "source_ip":  "::1",
                       "workstation":  "-"
                   },
                   {
                       "timestamp":  "2026-08-08T12:37:57.8973910Z",
                       "hostname":  "DC01",
                       "platform":  "Windows",
                       "source_type":  "Security",
                       "channel":  "Security",
                       "event_id":  4624,
                       "event_category":  "authentication_success",
                       "provider":  "Microsoft-Windows-Security-Auditing",
                       "raw_message":  "An account was successfully logged on.\r\n\r\nSubject:\r\n\tSecurity ID:\t\tS-1-0-0\r\n\tAccount Name:\t\t-\r\n\tAccount Domain:\t\t-\r\n\tLogon ID:\t\t0x0\r\n\r\nLogon Information:\r\n\tLogon Type:\t\t3\r\n\tRestricted Admin Mode:\t-\r\n\tVirtual Account:\t\tNo\r\n\tElevated Token:\t\tYes\r\n\r\nImpersonation Level:\t\tImpersonation\r\n\r\nNew Logon:\r\n\tSecurity ID:\t\tS-1-5-18\r\n\tAccount Name:\t\tDC01$\r\n\tAccount Domain:\t\tMEDDEFENSE.LOCAL\r\n\tLogon ID:\t\t0x1D8EC7\r\n\tLinked Logon ID:\t\t0x0\r\n\tNetwork Account Name:\t-\r\n\tNetwork Account Domain:\t-\r\n\tLogon GUID:\t\t{541e211e-37db-6b1b-a555-4e291879b12e}\r\n\r\nProcess Information:\r\n\tProcess ID:\t\t0x0\r\n\tProcess Name:\t\t-\r\n\r\nNetwork Information:\r\n\tWorkstation Name:\t-\r\n\tSource Network Address:\tfe80::590c:793e:9ffd:17e7\r\n\tSource Port:\t\t56043\r\n\r\nDetailed Authentication Information:\r\n\tLogon Process:\t\tKerberos\r\n\tAuthentication Package:\tKerberos\r\n\tTransited Services:\t-\r\n\tPackage Name (NTLM only):\t-\r\n\tKey Length:\t\t0\r\n\r\nThis event is generated when a logon session is created. It is generated on the computer that was accessed.\r\n\r\nThe subject fields indicate the account on the local system which requested the logon. This is most commonly a service such as the Server service, or a local process such as Winlogon.exe or Services.exe.\r\n\r\nThe logon type field indicates the kind of logon that occurred. The most common types are 2 (interactive) and 3 (network).\r\n\r\nThe New Logon fields indicate the account for whom the new logon was created, i.e. the account that was logged on.\r\n\r\nThe network fields indicate where a remote logon request originated. Workstation name is not always available and may be left blank in some cases.\r\n\r\nThe impersonation level field indicates the extent to which a process in the logon session can impersonate.\r\n\r\nThe authentication information fields provide detailed information about this specific logon request.\r\n\t- Logon GUID is a unique identifier that can be used to correlate this event with a KDC event.\r\n\t- Transited services indicate which intermediate services have participated in this logon request.\r\n\t- Package name indicates which sub-protocol was used among the NTLM protocols.\r\n\t- Key length indicates the length of the generated session key. This will be 0 if no session key was requested.",
                       "target_user":  "DC01$",
                       "logon_type":  "3",
                       "source_ip":  "fe80::590c:793e:9ffd:17e7",
                       "workstation":  "-"
                   },
                   {
                       "timestamp":  "2026-08-08T12:37:57.9473477Z",
                       "hostname":  "DC01",
                       "platform":  "Windows",
                       "source_type":  "Security",
                       "channel":  "Security",
                       "event_id":  4624,
                       "event_category":  "authentication_success",
                       "provider":  "Microsoft-Windows-Security-Auditing",
                       "raw_message":  "An account was successfully logged on.\r\n\r\nSubject:\r\n\tSecurity ID:\t\tS-1-0-0\r\n\tAccount Name:\t\t-\r\n\tAccount Domain:\t\t-\r\n\tLogon ID:\t\t0x0\r\n\r\nLogon Information:\r\n\tLogon Type:\t\t3\r\n\tRestricted Admin Mode:\t-\r\n\tVirtual Account:\t\tNo\r\n\tElevated Token:\t\tYes\r\n\r\nImpersonation Level:\t\tImpersonation\r\n\r\nNew Logon:\r\n\tSecurity ID:\t\tS-1-5-18\r\n\tAccount Name:\t\tDC01$\r\n\tAccount Domain:\t\tMEDDEFENSE.LOCAL\r\n\tLogon ID:\t\t0x1D8F47\r\n\tLinked Logon ID:\t\t0x0\r\n\tNetwork Account Name:\t-\r\n\tNetwork Account Domain:\t-\r\n\tLogon GUID:\t\t{541e211e-37db-6b1b-a555-4e291879b12e}\r\n\r\nProcess Information:\r\n\tProcess ID:\t\t0x0\r\n\tProcess Name:\t\t-\r\n\r\nNetwork Information:\r\n\tWorkstation Name:\t-\r\n\tSource Network Address:\tfe80::590c:793e:9ffd:17e7\r\n\tSource Port:\t\t56044\r\n\r\nDetailed Authentication Information:\r\n\tLogon Process:\t\tKerberos\r\n\tAuthentication Package:\tKerberos\r\n\tTransited Services:\t-\r\n\tPackage Name (NTLM only):\t-\r\n\tKey Length:\t\t0\r\n\r\nThis event is generated when a logon session is created. It is generated on the computer that was accessed.\r\n\r\nThe subject fields indicate the account on the local system which requested the logon. This is most commonly a service such as the Server service, or a local process such as Winlogon.exe or Services.exe.\r\n\r\nThe logon type field indicates the kind of logon that occurred. The most common types are 2 (interactive) and 3 (network).\r\n\r\nThe New Logon fields indicate the account for whom the new logon was created, i.e. the account that was logged on.\r\n\r\nThe network fields indicate where a remote logon request originated. Workstation name is not always available and may be left blank in some cases.\r\n\r\nThe impersonation level field indicates the extent to which a process in the logon session can impersonate.\r\n\r\nThe authentication information fields provide detailed information about this specific logon request.\r\n\t- Logon GUID is a unique identifier that can be used to correlate this event with a KDC event.\r\n\t- Transited services indicate which intermediate services have participated in this logon request.\r\n\t- Package name indicates which sub-protocol was used among the NTLM protocols.\r\n\t- Key length indicates the length of the generated session key. This will be 0 if no session key was requested.",
                       "target_user":  "DC01$",
                       "logon_type":  "3",
                       "source_ip":  "fe80::590c:793e:9ffd:17e7",
                       "workstation":  "-"
                   },
                   {
                       "timestamp":  "2026-08-08T12:38:28.9574897Z",
                       "hostname":  "DC01",
                       "platform":  "Windows",
                       "source_type":  "PowerShell",
                       "channel":  "Microsoft-Windows-PowerShell/Operational",
                       "event_id":  4104,
                       "event_category":  "powershell_script_block",
                       "provider":  "Microsoft-Windows-PowerShell",
                       "raw_message":  "Creating Scriptblock text (1 of 1):\r\npowershell.exe -ExecutionPolicy Bypass -File .\\3-windows_telemetry_export.ps1\r\n\r\nScriptBlock ID: c4941775-d222-4375-b45a-428ca2993246\r\nPath: ",
                       "script_block_text":  "powershell.exe -ExecutionPolicy Bypass -File .\\3-windows_telemetry_export.ps1",
                       "script_block_decoded":  true
                   },
                   {
                       "timestamp":  "2026-08-08T12:38:29.1214962Z",
                       "hostname":  "DC01",
                       "platform":  "Windows",
                       "source_type":  "PowerShell",
                       "channel":  "Microsoft-Windows-PowerShell/Operational",
                       "event_id":  40961,
                       "event_category":  "powershell",
                       "provider":  "Microsoft-Windows-PowerShell",
                       "raw_message":  "PowerShell console is starting up"
                   },
                   {
                       "timestamp":  "2026-08-08T12:38:29.2815996Z",
                       "hostname":  "DC01",
                       "platform":  "Windows",
                       "source_type":  "Sysmon",
                       "channel":  "Microsoft-Windows-Sysmon/Operational",
                       "event_id":  11,
                       "event_category":  "file_creation",
                       "provider":  "Microsoft-Windows-Sysmon",
                       "raw_message":  "File created:\r\nRuleName: -\r\nUtcTime: 2026-08-08 12:38:29.201\r\nProcessGuid: {62784320-2344-6a77-1c01-000000001300}\r\nProcessId: 6604\r\nImage: C:\\Windows\\System32\\WindowsPowerShell\\v1.0\\powershell.exe\r\nTargetFilename: C:\\Users\\analyst\\AppData\\Local\\Temp\\__PSScriptPolicyTest_2cwl1cwg.1in.ps1\r\nCreationUtcTime: 2026-08-08 12:38:29.201\r\nUser: MEDDEFENSE\\analyst",
                       "target_filename":  "C:\\Users\\analyst\\AppData\\Local\\Temp\\__PSScriptPolicyTest_2cwl1cwg.1in.ps1",
                       "creating_process":  "C:\\Windows\\System32\\WindowsPowerShell\\v1.0\\powershell.exe"
                   },
                   {
                       "timestamp":  "2026-08-08T12:38:29.4375806Z",
                       "hostname":  "DC01",
                       "platform":  "Windows",
                       "source_type":  "PowerShell",
                       "channel":  "Microsoft-Windows-PowerShell/Operational",
                       "event_id":  53504,
                       "event_category":  "powershell",
                       "provider":  "Microsoft-Windows-PowerShell",
                       "raw_message":  "Windows PowerShell has started an IPC listening thread on process: 6604 in AppDomain: DefaultAppDomain."
                   },
                   {
                       "timestamp":  "2026-08-08T12:38:29.5789967Z",
                       "hostname":  "DC01",
                       "platform":  "Windows",
                       "source_type":  "PowerShell",
                       "channel":  "Microsoft-Windows-PowerShell/Operational",
                       "event_id":  40962,
                       "event_category":  "powershell",
                       "provider":  "Microsoft-Windows-PowerShell",
                       "raw_message":  "PowerShell console is ready for user input"
                   },
                   {
                       "timestamp":  "2026-08-08T12:38:29.7647101Z",
                       "hostname":  "DC01",
                       "platform":  "Windows",
                       "source_type":  "PowerShell",
                       "channel":  "Microsoft-Windows-PowerShell/Operational",
                       "event_id":  4103,
                       "event_category":  "powershell_module_logging",
                       "provider":  "Microsoft-Windows-PowerShell",
                       "raw_message":  "CommandInvocation(Set-StrictMode): \"Set-StrictMode\"\r\nParameterBinding(Set-StrictMode): name=\"Version\"; value=\"5.1.20348.558\"\r\n\r\n\r\nContext:\r\n        Severity = Informational\r\n        Host Name = ConsoleHost\r\n        Host Version = 5.1.20348.558\r\n        Host ID = 881cdb74-05ea-4e7b-b3f2-00e9e2fb1b98\r\n        Host Application = C:\\Windows\\System32\\WindowsPowerShell\\v1.0\\powershell.exe -ExecutionPolicy Bypass -File .\\3-windows_telemetry_export.ps1\r\n        Engine Version = 5.1.20348.558\r\n        Runspace ID = e79c3581-59af-4cb4-a0d2-814a92940a2b\r\n        Pipeline ID = 1\r\n        Command Name = Set-StrictMode\r\n        Command Type = Cmdlet\r\n        Script Name = Z:\\blue_team\\2x02_eyes_on_endpoint\\3-windows_telemetry_export.ps1\r\n        Command Path = \r\n        Sequence Number = 16\r\n        User = MEDDEFENSE\\analyst\r\n        Connected User = \r\n        Shell ID = Microsoft.PowerShell\r\n\r\n\r\nUser Data:\r\n\r\n"
                   },
                   {
                       "timestamp":  "2026-08-08T12:38:29.8556542Z",
                       "hostname":  "DC01",
                       "platform":  "Windows",
                       "source_type":  "PowerShell",
                       "channel":  "Microsoft-Windows-PowerShell/Operational",
                       "event_id":  4103,
                       "event_category":  "powershell_module_logging",
                       "provider":  "Microsoft-Windows-PowerShell",
                       "raw_message":  "CommandInvocation(Split-Path): \"Split-Path\"\r\nParameterBinding(Split-Path): name=\"Parent\"; value=\"True\"\r\nParameterBinding(Split-Path): name=\"Path\"; value=\"Z:\\blue_team\\2x02_eyes_on_endpoint\\3-windows_telemetry_export.ps1\"\r\n\r\n\r\nContext:\r\n        Severity = Informational\r\n        Host Name = ConsoleHost\r\n        Host Version = 5.1.20348.558\r\n        Host ID = 881cdb74-05ea-4e7b-b3f2-00e9e2fb1b98\r\n        Host Application = C:\\Windows\\System32\\WindowsPowerShell\\v1.0\\powershell.exe -ExecutionPolicy Bypass -File .\\3-windows_telemetry_export.ps1\r\n        Engine Version = 5.1.20348.558\r\n        Runspace ID = e79c3581-59af-4cb4-a0d2-814a92940a2b\r\n        Pipeline ID = 1\r\n        Command Name = Split-Path\r\n        Command Type = Cmdlet\r\n        Script Name = Z:\\blue_team\\2x02_eyes_on_endpoint\\3-windows_telemetry_export.ps1\r\n        Command Path = \r\n        Sequence Number = 18\r\n        User = MEDDEFENSE\\analyst\r\n        Connected User = \r\n        Shell ID = Microsoft.PowerShell\r\n\r\n\r\nUser Data:\r\n\r\n"
                   },
                   {
                       "timestamp":  "2026-08-08T12:38:29.8596744Z",
                       "hostname":  "DC01",
                       "platform":  "Windows",
                       "source_type":  "PowerShell",
                       "channel":  "Microsoft-Windows-PowerShell/Operational",
                       "event_id":  4103,
                       "event_category":  "powershell_module_logging",
                       "provider":  "Microsoft-Windows-PowerShell",
                       "raw_message":  "CommandInvocation(Join-Path): \"Join-Path\"\r\nParameterBinding(Join-Path): name=\"Path\"; value=\"Z:\\blue_team\\2x02_eyes_on_endpoint\"\r\nParameterBinding(Join-Path): name=\"ChildPath\"; value=\"windows_events_export.json\"\r\n\r\n\r\nContext:\r\n        Severity = Informational\r\n        Host Name = ConsoleHost\r\n        Host Version = 5.1.20348.558\r\n        Host ID = 881cdb74-05ea-4e7b-b3f2-00e9e2fb1b98\r\n        Host Application = C:\\Windows\\System32\\WindowsPowerShell\\v1.0\\powershell.exe -ExecutionPolicy Bypass -File .\\3-windows_telemetry_export.ps1\r\n        Engine Version = 5.1.20348.558\r\n        Runspace ID = e79c3581-59af-4cb4-a0d2-814a92940a2b\r\n        Pipeline ID = 1\r\n        Command Name = Join-Path\r\n        Command Type = Cmdlet\r\n        Script Name = Z:\\blue_team\\2x02_eyes_on_endpoint\\3-windows_telemetry_export.ps1\r\n        Command Path = \r\n        Sequence Number = 20\r\n        User = MEDDEFENSE\\analyst\r\n        Connected User = \r\n        Shell ID = Microsoft.PowerShell\r\n\r\n\r\nUser Data:\r\n\r\n"
                   },
                   {
                       "timestamp":  "2026-08-08T12:38:29.9735252Z",
                       "hostname":  "DC01",
                       "platform":  "Windows",
                       "source_type":  "PowerShell",
                       "channel":  "Microsoft-Windows-PowerShell/Operational",
                       "event_id":  4103,
                       "event_category":  "powershell_module_logging",
                       "provider":  "Microsoft-Windows-PowerShell",
                       "raw_message":  "CommandInvocation(Get-Date): \"Get-Date\"\r\n\r\n\r\nContext:\r\n        Severity = Informational\r\n        Host Name = ConsoleHost\r\n        Host Version = 5.1.20348.558\r\n        Host ID = 881cdb74-05ea-4e7b-b3f2-00e9e2fb1b98\r\n        Host Application = C:\\Windows\\System32\\WindowsPowerShell\\v1.0\\powershell.exe -ExecutionPolicy Bypass -File .\\3-windows_telemetry_export.ps1\r\n        Engine Version = 5.1.20348.558\r\n        Runspace ID = e79c3581-59af-4cb4-a0d2-814a92940a2b\r\n        Pipeline ID = 1\r\n        Command Name = Get-Date\r\n        Command Type = Cmdlet\r\n        Script Name = Z:\\blue_team\\2x02_eyes_on_endpoint\\3-windows_telemetry_export.ps1\r\n        Command Path = \r\n        Sequence Number = 22\r\n        User = MEDDEFENSE\\analyst\r\n        Connected User = \r\n        Shell ID = Microsoft.PowerShell\r\n\r\n\r\nUser Data:\r\n\r\n"
                   },
                   {
                       "timestamp":  "2026-08-08T12:38:29.9843350Z",
                       "hostname":  "DC01",
                       "platform":  "Windows",
                       "source_type":  "PowerShell",
                       "channel":  "Microsoft-Windows-PowerShell/Operational",
                       "event_id":  4103,
                       "event_category":  "powershell_module_logging",
                       "provider":  "Microsoft-Windows-PowerShell",
                       "raw_message":  "CommandInvocation(Get-Date): \"Get-Date\"\r\n\r\n\r\nContext:\r\n        Severity = Informational\r\n        Host Name = ConsoleHost\r\n        Host Version = 5.1.20348.558\r\n        Host ID = 881cdb74-05ea-4e7b-b3f2-00e9e2fb1b98\r\n        Host Application = C:\\Windows\\System32\\WindowsPowerShell\\v1.0\\powershell.exe -ExecutionPolicy Bypass -File .\\3-windows_telemetry_export.ps1\r\n        Engine Version = 5.1.20348.558\r\n        Runspace ID = e79c3581-59af-4cb4-a0d2-814a92940a2b\r\n        Pipeline ID = 1\r\n        Command Name = Get-Date\r\n        Command Type = Cmdlet\r\n        Script Name = Z:\\blue_team\\2x02_eyes_on_endpoint\\3-windows_telemetry_export.ps1\r\n        Command Path = \r\n        Sequence Number = 24\r\n        User = MEDDEFENSE\\analyst\r\n        Connected User = \r\n        Shell ID = Microsoft.PowerShell\r\n\r\n\r\nUser Data:\r\n\r\n"
                   },
                   {
                       "timestamp":  "2026-08-08T12:38:30.0297495Z",
                       "hostname":  "DC01",
                       "platform":  "Windows",
                       "source_type":  "PowerShell",
                       "channel":  "Microsoft-Windows-PowerShell/Operational",
                       "event_id":  4103,
                       "event_category":  "powershell_module_logging",
                       "provider":  "Microsoft-Windows-PowerShell",
                       "raw_message":  "CommandInvocation(Write-Host): \"Write-Host\"\r\nParameterBinding(Write-Host): name=\"Object\"; value=\"\"\r\n\r\n\r\nContext:\r\n        Severity = Informational\r\n        Host Name = ConsoleHost\r\n        Host Version = 5.1.20348.558\r\n        Host ID = 881cdb74-05ea-4e7b-b3f2-00e9e2fb1b98\r\n        Host Application = C:\\Windows\\System32\\WindowsPowerShell\\v1.0\\powershell.exe -ExecutionPolicy Bypass -File .\\3-windows_telemetry_export.ps1\r\n        Engine Version = 5.1.20348.558\r\n        Runspace ID = e79c3581-59af-4cb4-a0d2-814a92940a2b\r\n        Pipeline ID = 1\r\n        Command Name = Write-Host\r\n        Command Type = Cmdlet\r\n        Script Name = Z:\\blue_team\\2x02_eyes_on_endpoint\\3-windows_telemetry_export.ps1\r\n        Command Path = \r\n        Sequence Number = 26\r\n        User = MEDDEFENSE\\analyst\r\n        Connected User = \r\n        Shell ID = Microsoft.PowerShell\r\n\r\n\r\nUser Data:\r\n\r\n"
                   },
                   {
                       "timestamp":  "2026-08-08T12:38:30.0431761Z",
                       "hostname":  "DC01",
                       "platform":  "Windows",
                       "source_type":  "PowerShell",
                       "channel":  "Microsoft-Windows-PowerShell/Operational",
                       "event_id":  4103,
                       "event_category":  "powershell_module_logging",
                       "provider":  "Microsoft-Windows-PowerShell",
                       "raw_message":  "CommandInvocation(Write-Host): \"Write-Host\"\r\nParameterBinding(Write-Host): name=\"Object\"; value=\"==============================================\"\r\n\r\n\r\nContext:\r\n        Severity = Informational\r\n        Host Name = ConsoleHost\r\n        Host Version = 5.1.20348.558\r\n        Host ID = 881cdb74-05ea-4e7b-b3f2-00e9e2fb1b98\r\n        Host Application = C:\\Windows\\System32\\WindowsPowerShell\\v1.0\\powershell.exe -ExecutionPolicy Bypass -File .\\3-windows_telemetry_export.ps1\r\n        Engine Version = 5.1.20348.558\r\n        Runspace ID = e79c3581-59af-4cb4-a0d2-814a92940a2b\r\n        Pipeline ID = 1\r\n        Command Name = Write-Host\r\n        Command Type = Cmdlet\r\n        Script Name = Z:\\blue_team\\2x02_eyes_on_endpoint\\3-windows_telemetry_export.ps1\r\n        Command Path = \r\n        Sequence Number = 28\r\n        User = MEDDEFENSE\\analyst\r\n        Connected User = \r\n        Shell ID = Microsoft.PowerShell\r\n\r\n\r\nUser Data:\r\n\r\n"
                   },
                   {
                       "timestamp":  "2026-08-08T12:38:30.0556798Z",
                       "hostname":  "DC01",
                       "platform":  "Windows",
                       "source_type":  "PowerShell",
                       "channel":  "Microsoft-Windows-PowerShell/Operational",
                       "event_id":  4103,
                       "event_category":  "powershell_module_logging",
                       "provider":  "Microsoft-Windows-PowerShell",
                       "raw_message":  "CommandInvocation(Write-Host): \"Write-Host\"\r\nParameterBinding(Write-Host): name=\"Object\"; value=\"MedDefense Windows Telemetry Normalizer\"\r\n\r\n\r\nContext:\r\n        Severity = Informational\r\n        Host Name = ConsoleHost\r\n        Host Version = 5.1.20348.558\r\n        Host ID = 881cdb74-05ea-4e7b-b3f2-00e9e2fb1b98\r\n        Host Application = C:\\Windows\\System32\\WindowsPowerShell\\v1.0\\powershell.exe -ExecutionPolicy Bypass -File .\\3-windows_telemetry_export.ps1\r\n        Engine Version = 5.1.20348.558\r\n        Runspace ID = e79c3581-59af-4cb4-a0d2-814a92940a2b\r\n        Pipeline ID = 1\r\n        Command Name = Write-Host\r\n        Command Type = Cmdlet\r\n        Script Name = Z:\\blue_team\\2x02_eyes_on_endpoint\\3-windows_telemetry_export.ps1\r\n        Command Path = \r\n        Sequence Number = 30\r\n        User = MEDDEFENSE\\analyst\r\n        Connected User = \r\n        Shell ID = Microsoft.PowerShell\r\n\r\n\r\nUser Data:\r\n\r\n"
                   },
                   {
                       "timestamp":  "2026-08-08T12:38:30.0713367Z",
                       "hostname":  "DC01",
                       "platform":  "Windows",
                       "source_type":  "PowerShell",
                       "channel":  "Microsoft-Windows-PowerShell/Operational",
                       "event_id":  4103,
                       "event_category":  "powershell_module_logging",
                       "provider":  "Microsoft-Windows-PowerShell",
                       "raw_message":  "CommandInvocation(Write-Host): \"Write-Host\"\r\nParameterBinding(Write-Host): name=\"Object\"; value=\"==============================================\"\r\n\r\n\r\nContext:\r\n        Severity = Informational\r\n        Host Name = ConsoleHost\r\n        Host Version = 5.1.20348.558\r\n        Host ID = 881cdb74-05ea-4e7b-b3f2-00e9e2fb1b98\r\n        Host Application = C:\\Windows\\System32\\WindowsPowerShell\\v1.0\\powershell.exe -ExecutionPolicy Bypass -File .\\3-windows_telemetry_export.ps1\r\n        Engine Version = 5.1.20348.558\r\n        Runspace ID = e79c3581-59af-4cb4-a0d2-814a92940a2b\r\n        Pipeline ID = 1\r\n        Command Name = Write-Host\r\n        Command Type = Cmdlet\r\n        Script Name = Z:\\blue_team\\2x02_eyes_on_endpoint\\3-windows_telemetry_export.ps1\r\n        Command Path = \r\n        Sequence Number = 32\r\n        User = MEDDEFENSE\\analyst\r\n        Connected User = \r\n        Shell ID = Microsoft.PowerShell\r\n\r\n\r\nUser Data:\r\n\r\n"
                   },
