                   {
                       "timestamp":  "2026-08-08T12:08:54.5846574Z",
                       "hostname":  "DC01",
                       "platform":  "Windows",
                       "source_type":  "PowerShell",
                       "channel":  "Microsoft-Windows-PowerShell/Operational",
                       "event_id":  4104,
                       "event_category":  "powershell_script_block",
                       "provider":  "Microsoft-Windows-PowerShell",
                       "raw_message":  "Creating Scriptblock text (1 of 1):\r\nfunction Test-PowerShellOperationalLog {\n\n    try {\n\n        $Log = Get-WinEvent `\n            -ListLog $PowerShellLog `\n            -ErrorAction Stop\n\n        return [bool]$Log.IsEnabled\n    }\n    catch {\n\n        return $false\n    }\n}\r\n\r\nScriptBlock ID: a5a2fd6d-d197-4848-82a8-d7f580578ee6\r\nPath: Z:\\blue_team\\2x02_eyes_on_endpoint\\2-powershell_logging_validation.ps1",
                       "script_block_text":  "function Test-PowerShellOperationalLog {\n\n    try {\n\n        $Log = Get-WinEvent `\n            -ListLog $PowerShellLog `\n            -ErrorAction Stop\n\n        return [bool]$Log.IsEnabled\n    }\n    catch {\n\n        return $false\n    }\n}",
                       "script_block_decoded":  true
                   },
                   {
                       "timestamp":  "2026-08-08T12:08:54.6415813Z",
                       "hostname":  "DC01",
                       "platform":  "Windows",
                       "source_type":  "PowerShell",
                       "channel":  "Microsoft-Windows-PowerShell/Operational",
                       "event_id":  4103,
                       "event_category":  "powershell_module_logging",
                       "provider":  "Microsoft-Windows-PowerShell",
                       "raw_message":  "CommandInvocation(Get-WinEvent): \"Get-WinEvent\"\r\nParameterBinding(Get-WinEvent): name=\"ListLog\"; value=\"Microsoft-Windows-PowerShell/Operational\"\r\nParameterBinding(Get-WinEvent): name=\"ErrorAction\"; value=\"Stop\"\r\n\r\n\r\nContext:\r\n        Severity = Informational\r\n        Host Name = ConsoleHost\r\n        Host Version = 5.1.20348.558\r\n        Host ID = 09ddc6a8-f7b9-4d2c-8d79-fe55fa60dfb7\r\n        Host Application = C:\\Windows\\System32\\WindowsPowerShell\\v1.0\\powershell.exe -ExecutionPolicy Bypass -File .\\2-powershell_logging_validation.ps1\r\n        Engine Version = 5.1.20348.558\r\n        Runspace ID = 27088b9b-a646-4de7-834a-2ce43101715d\r\n        Pipeline ID = 1\r\n        Command Name = Get-WinEvent\r\n        Command Type = Cmdlet\r\n        Script Name = Z:\\blue_team\\2x02_eyes_on_endpoint\\2-powershell_logging_validation.ps1\r\n        Command Path = \r\n        Sequence Number = 34\r\n        User = MEDDEFENSE\\analyst\r\n        Connected User = \r\n        Shell ID = Microsoft.PowerShell\r\n\r\n\r\nUser Data:\r\n\r\n"
                   },
                   {
                       "timestamp":  "2026-08-08T12:08:54.6533402Z",
                       "hostname":  "DC01",
                       "platform":  "Windows",
                       "source_type":  "PowerShell",
                       "channel":  "Microsoft-Windows-PowerShell/Operational",
                       "event_id":  4103,
                       "event_category":  "powershell_module_logging",
                       "provider":  "Microsoft-Windows-PowerShell",
                       "raw_message":  "CommandInvocation(Write-Host): \"Write-Host\"\r\nParameterBinding(Write-Host): name=\"Object\"; value=\"\"\r\n\r\n\r\nContext:\r\n        Severity = Informational\r\n        Host Name = ConsoleHost\r\n        Host Version = 5.1.20348.558\r\n        Host ID = 09ddc6a8-f7b9-4d2c-8d79-fe55fa60dfb7\r\n        Host Application = C:\\Windows\\System32\\WindowsPowerShell\\v1.0\\powershell.exe -ExecutionPolicy Bypass -File .\\2-powershell_logging_validation.ps1\r\n        Engine Version = 5.1.20348.558\r\n        Runspace ID = 27088b9b-a646-4de7-834a-2ce43101715d\r\n        Pipeline ID = 1\r\n        Command Name = Write-Host\r\n        Command Type = Cmdlet\r\n        Script Name = Z:\\blue_team\\2x02_eyes_on_endpoint\\2-powershell_logging_validation.ps1\r\n        Command Path = \r\n        Sequence Number = 36\r\n        User = MEDDEFENSE\\analyst\r\n        Connected User = \r\n        Shell ID = Microsoft.PowerShell\r\n\r\n\r\nUser Data:\r\n\r\n"
                   },
                   {
                       "timestamp":  "2026-08-08T12:08:54.6654947Z",
                       "hostname":  "DC01",
                       "platform":  "Windows",
                       "source_type":  "PowerShell",
                       "channel":  "Microsoft-Windows-PowerShell/Operational",
                       "event_id":  4103,
                       "event_category":  "powershell_module_logging",
                       "provider":  "Microsoft-Windows-PowerShell",
                       "raw_message":  "CommandInvocation(Write-Host): \"Write-Host\"\r\nParameterBinding(Write-Host): name=\"Object\"; value=\"    [1/5] Simple command (Get-Process)...\"\r\n\r\n\r\nContext:\r\n        Severity = Informational\r\n        Host Name = ConsoleHost\r\n        Host Version = 5.1.20348.558\r\n        Host ID = 09ddc6a8-f7b9-4d2c-8d79-fe55fa60dfb7\r\n        Host Application = C:\\Windows\\System32\\WindowsPowerShell\\v1.0\\powershell.exe -ExecutionPolicy Bypass -File .\\2-powershell_logging_validation.ps1\r\n        Engine Version = 5.1.20348.558\r\n        Runspace ID = 27088b9b-a646-4de7-834a-2ce43101715d\r\n        Pipeline ID = 1\r\n        Command Name = Write-Host\r\n        Command Type = Cmdlet\r\n        Script Name = Z:\\blue_team\\2x02_eyes_on_endpoint\\2-powershell_logging_validation.ps1\r\n        Command Path = \r\n        Sequence Number = 38\r\n        User = MEDDEFENSE\\analyst\r\n        Connected User = \r\n        Shell ID = Microsoft.PowerShell\r\n\r\n\r\nUser Data:\r\n\r\n"
                   },
                   {
                       "timestamp":  "2026-08-08T12:08:54.6660700Z",
                       "hostname":  "DC01",
                       "platform":  "Windows",
                       "source_type":  "PowerShell",
                       "channel":  "Microsoft-Windows-PowerShell/Operational",
                       "event_id":  4103,
                       "event_category":  "powershell_module_logging",
                       "provider":  "Microsoft-Windows-PowerShell",
                       "raw_message":  "CommandInvocation(Get-Date): \"Get-Date\"\r\n\r\n\r\nContext:\r\n        Severity = Informational\r\n        Host Name = ConsoleHost\r\n        Host Version = 5.1.20348.558\r\n        Host ID = 09ddc6a8-f7b9-4d2c-8d79-fe55fa60dfb7\r\n        Host Application = C:\\Windows\\System32\\WindowsPowerShell\\v1.0\\powershell.exe -ExecutionPolicy Bypass -File .\\2-powershell_logging_validation.ps1\r\n        Engine Version = 5.1.20348.558\r\n        Runspace ID = 27088b9b-a646-4de7-834a-2ce43101715d\r\n        Pipeline ID = 1\r\n        Command Name = Get-Date\r\n        Command Type = Cmdlet\r\n        Script Name = Z:\\blue_team\\2x02_eyes_on_endpoint\\2-powershell_logging_validation.ps1\r\n        Command Path = \r\n        Sequence Number = 40\r\n        User = MEDDEFENSE\\analyst\r\n        Connected User = \r\n        Shell ID = Microsoft.PowerShell\r\n\r\n\r\nUser Data:\r\n\r\n"
                   },
                   {
                       "timestamp":  "2026-08-08T12:08:54.6756126Z",
                       "hostname":  "DC01",
                       "platform":  "Windows",
                       "source_type":  "PowerShell",
                       "channel":  "Microsoft-Windows-PowerShell/Operational",
                       "event_id":  4103,
                       "event_category":  "powershell_module_logging",
                       "provider":  "Microsoft-Windows-PowerShell",
                       "raw_message":  "CommandInvocation(Write-Host): \"Write-Host\"\r\nParameterBinding(Write-Host): name=\"Object\"; value=\"          timestamp: 2026-08-08 14:08:54\"\r\n\r\n\r\nContext:\r\n        Severity = Informational\r\n        Host Name = ConsoleHost\r\n        Host Version = 5.1.20348.558\r\n        Host ID = 09ddc6a8-f7b9-4d2c-8d79-fe55fa60dfb7\r\n        Host Application = C:\\Windows\\System32\\WindowsPowerShell\\v1.0\\powershell.exe -ExecutionPolicy Bypass -File .\\2-powershell_logging_validation.ps1\r\n        Engine Version = 5.1.20348.558\r\n        Runspace ID = 27088b9b-a646-4de7-834a-2ce43101715d\r\n        Pipeline ID = 1\r\n        Command Name = Write-Host\r\n        Command Type = Cmdlet\r\n        Script Name = Z:\\blue_team\\2x02_eyes_on_endpoint\\2-powershell_logging_validation.ps1\r\n        Command Path = \r\n        Sequence Number = 42\r\n        User = MEDDEFENSE\\analyst\r\n        Connected User = \r\n        Shell ID = Microsoft.PowerShell\r\n\r\n\r\nUser Data:\r\n\r\n"
                   },
                   {
                       "timestamp":  "2026-08-08T12:08:54.7102034Z",
                       "hostname":  "DC01",
                       "platform":  "Windows",
                       "source_type":  "Sysmon",
                       "channel":  "Microsoft-Windows-Sysmon/Operational",
                       "event_id":  1,
                       "event_category":  "process_creation",
                       "provider":  "Microsoft-Windows-Sysmon",
                       "raw_message":  "Process Create:\r\nRuleName: MedDefense Rule 3 - Encoded PowerShell\r\nUtcTime: 2026-08-08 12:08:54.690\r\nProcessGuid: {62784320-1c56-6a77-ee00-000000001300}\r\nProcessId: 592\r\nImage: C:\\Windows\\System32\\WindowsPowerShell\\v1.0\\powershell.exe\r\nFileVersion: 10.0.20348.1 (WinBuild.160101.0800)\r\nDescription: Windows PowerShell\r\nProduct: Microsoft® Windows® Operating System\r\nCompany: Microsoft Corporation\r\nOriginalFileName: PowerShell.EXE\r\nCommandLine: \"C:\\Windows\\System32\\WindowsPowerShell\\v1.0\\powershell.exe\" -NoProfile -NonInteractive -EncodedCommand JABuAHUAbABsACAAPQAgAEcAZQB0AC0AUAByAG8AYwBlAHMAcwAKAFcAcgBpAHQAZQAtAE8AdQB0AHAAdQB0ACAAJwBNAEUARABEAEUARgBFAE4AUwBFAF8AUwBJAE0AUABMAEUAXwA5ADkANQAxADMAMQAyADEAOQBhADEANwA0ADQAYwBjADgANABjAGMAOAAzADIAMwBmAGEANwBlAGMAZQAwADkAJwA=\r\nCurrentDirectory: Z:\\blue_team\\2x02_eyes_on_endpoint\\\r\nUser: MEDDEFENSE\\analyst\r\nLogonGuid: {62784320-16d5-6a77-5672-060000000000}\r\nLogonId: 0x67256\r\nTerminalSessionId: 1\r\nIntegrityLevel: High\r\nHashes: MD5=2E0CCB27064856E3D55017FA2D33A7B9,SHA256=1C84C8632C5269F24876ED9F49FA810B49F77E1E92E8918FC164C34B020F9A94,IMPHASH=BF7A6E7A62C3F5B2E8E069438AC1DD3D\r\nParentProcessGuid: {62784320-1c55-6a77-ed00-000000001300}\r\nParentProcessId: 2304\r\nParentImage: C:\\Windows\\System32\\WindowsPowerShell\\v1.0\\powershell.exe\r\nParentCommandLine: \"C:\\Windows\\System32\\WindowsPowerShell\\v1.0\\powershell.exe\" -ExecutionPolicy Bypass -File .\\2-powershell_logging_validation.ps1\r\nParentUser: MEDDEFENSE\\analyst",
                       "image":  "C:\\Windows\\System32\\WindowsPowerShell\\v1.0\\powershell.exe",
                       "command_line":  "\"C:\\Windows\\System32\\WindowsPowerShell\\v1.0\\powershell.exe\" -NoProfile -NonInteractive -EncodedCommand JABuAHUAbABsACAAPQAgAEcAZQB0AC0AUAByAG8AYwBlAHMAcwAKAFcAcgBpAHQAZQAtAE8AdQB0AHAAdQB0ACAAJwBNAEUARABEAEUARgBFAE4AUwBFAF8AUwBJAE0AUABMAEUAXwA5ADkANQAxADMAMQAyADEAOQBhADEANwA0ADQAYwBjADgANABjAGMAOAAzADIAMwBmAGEANwBlAGMAZQAwADkAJwA=",
                       "parent_image":  "C:\\Windows\\System32\\WindowsPowerShell\\v1.0\\powershell.exe",
                       "hashes":  "MD5=2E0CCB27064856E3D55017FA2D33A7B9,SHA256=1C84C8632C5269F24876ED9F49FA810B49F77E1E92E8918FC164C34B020F9A94,IMPHASH=BF7A6E7A62C3F5B2E8E069438AC1DD3D"
                   },
                   {
                       "timestamp":  "2026-08-08T12:08:54.7901729Z",
                       "hostname":  "DC01",
                       "platform":  "Windows",
                       "source_type":  "PowerShell",
                       "channel":  "Microsoft-Windows-PowerShell/Operational",
                       "event_id":  40961,
                       "event_category":  "powershell",
                       "provider":  "Microsoft-Windows-PowerShell",
                       "raw_message":  "PowerShell console is starting up"
                   },
                   {
                       "timestamp":  "2026-08-08T12:08:54.8674759Z",
                       "hostname":  "DC01",
                       "platform":  "Windows",
                       "source_type":  "Sysmon",
                       "channel":  "Microsoft-Windows-Sysmon/Operational",
                       "event_id":  11,
                       "event_category":  "file_creation",
                       "provider":  "Microsoft-Windows-Sysmon",
                       "raw_message":  "File created:\r\nRuleName: -\r\nUtcTime: 2026-08-08 12:08:54.858\r\nProcessGuid: {62784320-1c56-6a77-ee00-000000001300}\r\nProcessId: 592\r\nImage: C:\\Windows\\System32\\WindowsPowerShell\\v1.0\\powershell.exe\r\nTargetFilename: C:\\Users\\analyst\\AppData\\Local\\Temp\\__PSScriptPolicyTest_lnqro1l2.ywj.ps1\r\nCreationUtcTime: 2026-08-08 12:08:54.858\r\nUser: MEDDEFENSE\\analyst",
                       "target_filename":  "C:\\Users\\analyst\\AppData\\Local\\Temp\\__PSScriptPolicyTest_lnqro1l2.ywj.ps1",
                       "creating_process":  "C:\\Windows\\System32\\WindowsPowerShell\\v1.0\\powershell.exe"
                   },
                   {
                       "timestamp":  "2026-08-08T12:08:54.9374763Z",
                       "hostname":  "DC01",
                       "platform":  "Windows",
                       "source_type":  "PowerShell",
                       "channel":  "Microsoft-Windows-PowerShell/Operational",
                       "event_id":  53504,
                       "event_category":  "powershell",
                       "provider":  "Microsoft-Windows-PowerShell",
                       "raw_message":  "Windows PowerShell has started an IPC listening thread on process: 592 in AppDomain: DefaultAppDomain."
                   },
                   {
                       "timestamp":  "2026-08-08T12:08:55.0269782Z",
                       "hostname":  "DC01",
                       "platform":  "Windows",
                       "source_type":  "PowerShell",
                       "channel":  "Microsoft-Windows-PowerShell/Operational",
                       "event_id":  40962,
                       "event_category":  "powershell",
                       "provider":  "Microsoft-Windows-PowerShell",
                       "raw_message":  "PowerShell console is ready for user input"
                   },
                   {
                       "timestamp":  "2026-08-08T12:08:55.0739641Z",
                       "hostname":  "DC01",
                       "platform":  "Windows",
                       "source_type":  "PowerShell",
                       "channel":  "Microsoft-Windows-PowerShell/Operational",
                       "event_id":  4104,
                       "event_category":  "powershell_script_block",
                       "provider":  "Microsoft-Windows-PowerShell",
                       "raw_message":  "Creating Scriptblock text (1 of 1):\r\n$null = Get-Process\nWrite-Output \u0027MEDDEFENSE_SIMPLE_995131219a1744cc84cc8323fa7ece09\u0027\r\n\r\nScriptBlock ID: 8c20347e-4546-44a3-97e0-81fb121709c1\r\nPath: ",
                       "script_block_text":  "$null = Get-Process\nWrite-Output \u0027MEDDEFENSE_SIMPLE_995131219a1744cc84cc8323fa7ece09\u0027",
                       "script_block_decoded":  true
                   },
                   {
                       "timestamp":  "2026-08-08T12:08:55.1129160Z",
                       "hostname":  "DC01",
                       "platform":  "Windows",
                       "source_type":  "PowerShell",
                       "channel":  "Microsoft-Windows-PowerShell/Operational",
                       "event_id":  4103,
                       "event_category":  "powershell_module_logging",
                       "provider":  "Microsoft-Windows-PowerShell",
                       "raw_message":  "CommandInvocation(Get-Process): \"Get-Process\"\r\n\r\n\r\nContext:\r\n        Severity = Informational\r\n        Host Name = ConsoleHost\r\n        Host Version = 5.1.20348.558\r\n        Host ID = cfb5944d-5731-488f-8f70-56a322a7aaf2\r\n        Host Application = C:\\Windows\\System32\\WindowsPowerShell\\v1.0\\powershell.exe -NoProfile -NonInteractive -EncodedCommand JABuAHUAbABsACAAPQAgAEcAZQB0AC0AUAByAG8AYwBlAHMAcwAKAFcAcgBpAHQAZQAtAE8AdQB0AHAAdQB0ACAAJwBNAEUARABEAEUARgBFAE4AUwBFAF8AUwBJAE0AUABMAEUAXwA5ADkANQAxADMAMQAyADEAOQBhADEANwA0ADQAYwBjADgANABjAGMAOAAzADIAMwBmAGEANwBlAGMAZQAwADkAJwA=\r\n        Engine Version = 5.1.20348.558\r\n        Runspace ID = 6dc021c3-4fc5-45b9-8df5-6a5897d72b29\r\n        Pipeline ID = 1\r\n        Command Name = Get-Process\r\n        Command Type = Cmdlet\r\n        Script Name = \r\n        Command Path = \r\n        Sequence Number = 16\r\n        User = MEDDEFENSE\\analyst\r\n        Connected User = \r\n        Shell ID = Microsoft.PowerShell\r\n\r\n\r\nUser Data:\r\n\r\n"
                   },
                   {
                       "timestamp":  "2026-08-08T12:08:55.1577816Z",
                       "hostname":  "DC01",
                       "platform":  "Windows",
                       "source_type":  "PowerShell",
                       "channel":  "Microsoft-Windows-PowerShell/Operational",
                       "event_id":  4103,
                       "event_category":  "powershell_module_logging",
                       "provider":  "Microsoft-Windows-PowerShell",
                       "raw_message":  "CommandInvocation(Write-Output): \"Write-Output\"\r\nParameterBinding(Write-Output): name=\"InputObject\"; value=\"MEDDEFENSE_SIMPLE_995131219a1744cc84cc8323fa7ece09\"\r\n\r\n\r\nContext:\r\n        Severity = Informational\r\n        Host Name = ConsoleHost\r\n        Host Version = 5.1.20348.558\r\n        Host ID = cfb5944d-5731-488f-8f70-56a322a7aaf2\r\n        Host Application = C:\\Windows\\System32\\WindowsPowerShell\\v1.0\\powershell.exe -NoProfile -NonInteractive -EncodedCommand JABuAHUAbABsACAAPQAgAEcAZQB0AC0AUAByAG8AYwBlAHMAcwAKAFcAcgBpAHQAZQAtAE8AdQB0AHAAdQB0ACAAJwBNAEUARABEAEUARgBFAE4AUwBFAF8AUwBJAE0AUABMAEUAXwA5ADkANQAxADMAMQAyADEAOQBhADEANwA0ADQAYwBjADgANABjAGMAOAAzADIAMwBmAGEANwBlAGMAZQAwADkAJwA=\r\n        Engine Version = 5.1.20348.558\r\n        Runspace ID = 6dc021c3-4fc5-45b9-8df5-6a5897d72b29\r\n        Pipeline ID = 1\r\n        Command Name = Write-Output\r\n        Command Type = Cmdlet\r\n        Script Name = \r\n        Command Path = \r\n        Sequence Number = 18\r\n        User = MEDDEFENSE\\analyst\r\n        Connected User = \r\n        Shell ID = Microsoft.PowerShell\r\n\r\n\r\nUser Data:\r\n\r\n"
                   },
                   {
                       "timestamp":  "2026-08-08T12:08:55.1580942Z",
                       "hostname":  "DC01",
                       "platform":  "Windows",
                       "source_type":  "PowerShell",
                       "channel":  "Microsoft-Windows-PowerShell/Operational",
                       "event_id":  4103,
                       "event_category":  "powershell_module_logging",
                       "provider":  "Microsoft-Windows-PowerShell",
                       "raw_message":  "CommandInvocation(Out-Default): \"Out-Default\"\r\nParameterBinding(Out-Default): name=\"InputObject\"; value=\"MEDDEFENSE_SIMPLE_995131219a1744cc84cc8323fa7ece09\"\r\n\r\n\r\nContext:\r\n        Severity = Informational\r\n        Host Name = ConsoleHost\r\n        Host Version = 5.1.20348.558\r\n        Host ID = cfb5944d-5731-488f-8f70-56a322a7aaf2\r\n        Host Application = C:\\Windows\\System32\\WindowsPowerShell\\v1.0\\powershell.exe -NoProfile -NonInteractive -EncodedCommand JABuAHUAbABsACAAPQAgAEcAZQB0AC0AUAByAG8AYwBlAHMAcwAKAFcAcgBpAHQAZQAtAE8AdQB0AHAAdQB0ACAAJwBNAEUARABEAEUARgBFAE4AUwBFAF8AUwBJAE0AUABMAEUAXwA5ADkANQAxADMAMQAyADEAOQBhADEANwA0ADQAYwBjADgANABjAGMAOAAzADIAMwBmAGEANwBlAGMAZQAwADkAJwA=\r\n        Engine Version = 5.1.20348.558\r\n        Runspace ID = 6dc021c3-4fc5-45b9-8df5-6a5897d72b29\r\n        Pipeline ID = 1\r\n        Command Name = \r\n        Command Type = Script\r\n        Script Name = \r\n        Command Path = \r\n        Sequence Number = 20\r\n        User = MEDDEFENSE\\analyst\r\n        Connected User = \r\n        Shell ID = Microsoft.PowerShell\r\n\r\n\r\nUser Data:\r\n\r\n"
                   },
                   {
                       "timestamp":  "2026-08-08T12:08:55.1641089Z",
                       "hostname":  "DC01",
                       "platform":  "Windows",
                       "source_type":  "PowerShell",
                       "channel":  "Microsoft-Windows-PowerShell/Operational",
                       "event_id":  4104,
                       "event_category":  "powershell_script_block",
                       "provider":  "Microsoft-Windows-PowerShell",
                       "raw_message":  "Creating Scriptblock text (1 of 1):\r\n$global:?\r\n\r\nScriptBlock ID: 9fb03e5c-0e9d-4b90-9e0c-bbeb96a8bbad\r\nPath: ",
                       "script_block_text":  "$global:?",
                       "script_block_decoded":  true
                   },
                   {
                       "timestamp":  "2026-08-08T12:08:55.2828256Z",
                       "hostname":  "DC01",
                       "platform":  "Windows",
                       "source_type":  "PowerShell",
                       "channel":  "Microsoft-Windows-PowerShell/Operational",
                       "event_id":  4103,
                       "event_category":  "powershell_module_logging",
                       "provider":  "Microsoft-Windows-PowerShell",
                       "raw_message":  "CommandInvocation(Get-Date): \"Get-Date\"\r\n\r\n\r\nContext:\r\n        Severity = Informational\r\n        Host Name = ConsoleHost\r\n        Host Version = 5.1.20348.558\r\n        Host ID = 09ddc6a8-f7b9-4d2c-8d79-fe55fa60dfb7\r\n        Host Application = C:\\Windows\\System32\\WindowsPowerShell\\v1.0\\powershell.exe -ExecutionPolicy Bypass -File .\\2-powershell_logging_validation.ps1\r\n        Engine Version = 5.1.20348.558\r\n        Runspace ID = 27088b9b-a646-4de7-834a-2ce43101715d\r\n        Pipeline ID = 1\r\n        Command Name = Get-Date\r\n        Command Type = Cmdlet\r\n        Script Name = Z:\\blue_team\\2x02_eyes_on_endpoint\\2-powershell_logging_validation.ps1\r\n        Command Path = \r\n        Sequence Number = 44\r\n        User = MEDDEFENSE\\analyst\r\n        Connected User = \r\n        Shell ID = Microsoft.PowerShell\r\n\r\n\r\nUser Data:\r\n\r\n"
                   },
                   {
                       "timestamp":  "2026-08-08T12:08:55.3291715Z",
                       "hostname":  "DC01",
                       "platform":  "Windows",
                       "source_type":  "PowerShell",
                       "channel":  "Microsoft-Windows-PowerShell/Operational",
                       "event_id":  4103,
                       "event_category":  "powershell_module_logging",
                       "provider":  "Microsoft-Windows-PowerShell",
                       "raw_message":  "CommandInvocation(Get-WinEvent): \"Get-WinEvent\"\r\nParameterBinding(Get-WinEvent): name=\"FilterHashtable\"; value=\"System.Collections.Hashtable\"\r\nParameterBinding(Get-WinEvent): name=\"ErrorAction\"; value=\"SilentlyContinue\"\r\n\r\n\r\nContext:\r\n        Severity = Informational\r\n        Host Name = ConsoleHost\r\n        Host Version = 5.1.20348.558\r\n        Host ID = 09ddc6a8-f7b9-4d2c-8d79-fe55fa60dfb7\r\n        Host Application = C:\\Windows\\System32\\WindowsPowerShell\\v1.0\\powershell.exe -ExecutionPolicy Bypass -File .\\2-powershell_logging_validation.ps1\r\n        Engine Version = 5.1.20348.558\r\n        Runspace ID = 27088b9b-a646-4de7-834a-2ce43101715d\r\n        Pipeline ID = 1\r\n        Command Name = Get-WinEvent\r\n        Command Type = Cmdlet\r\n        Script Name = Z:\\blue_team\\2x02_eyes_on_endpoint\\2-powershell_logging_validation.ps1\r\n        Command Path = \r\n        Sequence Number = 46\r\n        User = MEDDEFENSE\\analyst\r\n        Connected User = \r\n        Shell ID = Microsoft.PowerShell\r\n\r\n\r\nUser Data:\r\n\r\n"
                   },
                   {
                       "timestamp":  "2026-08-08T12:08:55.8886768Z",
                       "hostname":  "DC01",
                       "platform":  "Windows",
                       "source_type":  "PowerShell",
                       "channel":  "Microsoft-Windows-PowerShell/Operational",
                       "event_id":  4103,
                       "event_category":  "powershell_module_logging",
                       "provider":  "Microsoft-Windows-PowerShell",
                       "raw_message":  "CommandInvocation(Start-Sleep): \"Start-Sleep\"\r\nParameterBinding(Start-Sleep): name=\"Milliseconds\"; value=\"750\"\r\n\r\n\r\nContext:\r\n        Severity = Informational\r\n        Host Name = ConsoleHost\r\n        Host Version = 5.1.20348.558\r\n        Host ID = 09ddc6a8-f7b9-4d2c-8d79-fe55fa60dfb7\r\n        Host Application = C:\\Windows\\System32\\WindowsPowerShell\\v1.0\\powershell.exe -ExecutionPolicy Bypass -File .\\2-powershell_logging_validation.ps1\r\n        Engine Version = 5.1.20348.558\r\n        Runspace ID = 27088b9b-a646-4de7-834a-2ce43101715d\r\n        Pipeline ID = 1\r\n        Command Name = Start-Sleep\r\n        Command Type = Cmdlet\r\n        Script Name = Z:\\blue_team\\2x02_eyes_on_endpoint\\2-powershell_logging_validation.ps1\r\n        Command Path = \r\n        Sequence Number = 48\r\n        User = MEDDEFENSE\\analyst\r\n        Connected User = \r\n        Shell ID = Microsoft.PowerShell\r\n\r\n\r\nUser Data:\r\n\r\n"
                   },
                   {
                       "timestamp":  "2026-08-08T12:08:55.8890765Z",
                       "hostname":  "DC01",
                       "platform":  "Windows",
                       "source_type":  "PowerShell",
                       "channel":  "Microsoft-Windows-PowerShell/Operational",
                       "event_id":  4103,
                       "event_category":  "powershell_module_logging",
                       "provider":  "Microsoft-Windows-PowerShell",
                       "raw_message":  "CommandInvocation(Get-Date): \"Get-Date\"\r\n\r\n\r\nContext:\r\n        Severity = Informational\r\n        Host Name = ConsoleHost\r\n        Host Version = 5.1.20348.558\r\n        Host ID = 09ddc6a8-f7b9-4d2c-8d79-fe55fa60dfb7\r\n        Host Application = C:\\Windows\\System32\\WindowsPowerShell\\v1.0\\powershell.exe -ExecutionPolicy Bypass -File .\\2-powershell_logging_validation.ps1\r\n        Engine Version = 5.1.20348.558\r\n        Runspace ID = 27088b9b-a646-4de7-834a-2ce43101715d\r\n        Pipeline ID = 1\r\n        Command Name = Get-Date\r\n        Command Type = Cmdlet\r\n        Script Name = Z:\\blue_team\\2x02_eyes_on_endpoint\\2-powershell_logging_validation.ps1\r\n        Command Path = \r\n        Sequence Number = 50\r\n        User = MEDDEFENSE\\analyst\r\n        Connected User = \r\n        Shell ID = Microsoft.PowerShell\r\n\r\n\r\nUser Data:\r\n\r\n"
                   },
                   {
                       "timestamp":  "2026-08-08T12:08:55.9396924Z",
                       "hostname":  "DC01",
                       "platform":  "Windows",
                       "source_type":  "PowerShell",
                       "channel":  "Microsoft-Windows-PowerShell/Operational",
                       "event_id":  4103,
                       "event_category":  "powershell_module_logging",
                       "provider":  "Microsoft-Windows-PowerShell",
                       "raw_message":  "CommandInvocation(Get-WinEvent): \"Get-WinEvent\"\r\nParameterBinding(Get-WinEvent): name=\"FilterHashtable\"; value=\"System.Collections.Hashtable\"\r\nParameterBinding(Get-WinEvent): name=\"ErrorAction\"; value=\"SilentlyContinue\"\r\n\r\n\r\nContext:\r\n        Severity = Informational\r\n        Host Name = ConsoleHost\r\n        Host Version = 5.1.20348.558\r\n        Host ID = 09ddc6a8-f7b9-4d2c-8d79-fe55fa60dfb7\r\n        Host Application = C:\\Windows\\System32\\WindowsPowerShell\\v1.0\\powershell.exe -ExecutionPolicy Bypass -File .\\2-powershell_logging_validation.ps1\r\n        Engine Version = 5.1.20348.558\r\n        Runspace ID = 27088b9b-a646-4de7-834a-2ce43101715d\r\n        Pipeline ID = 1\r\n        Command Name = Get-WinEvent\r\n        Command Type = Cmdlet\r\n        Script Name = Z:\\blue_team\\2x02_eyes_on_endpoint\\2-powershell_logging_validation.ps1\r\n        Command Path = \r\n        Sequence Number = 52\r\n        User = MEDDEFENSE\\analyst\r\n        Connected User = \r\n        Shell ID = Microsoft.PowerShell\r\n\r\n\r\nUser Data:\r\n\r\n"
                   },
                   {
                       "timestamp":  "2026-08-08T12:08:55.9638432Z",
                       "hostname":  "DC01",
                       "platform":  "Windows",
                       "source_type":  "PowerShell",
                       "channel":  "Microsoft-Windows-PowerShell/Operational",
                       "event_id":  4103,
                       "event_category":  "powershell_module_logging",
                       "provider":  "Microsoft-Windows-PowerShell",
                       "raw_message":  "CommandInvocation(Write-Host): \"Write-Host\"\r\nParameterBinding(Write-Host): name=\"Object\"; value=\"          EID 4104: \"Get-Process\" captured - full content [PASS]\"\r\n\r\n\r\nContext:\r\n        Severity = Informational\r\n        Host Name = ConsoleHost\r\n        Host Version = 5.1.20348.558\r\n        Host ID = 09ddc6a8-f7b9-4d2c-8d79-fe55fa60dfb7\r\n        Host Application = C:\\Windows\\System32\\WindowsPowerShell\\v1.0\\powershell.exe -ExecutionPolicy Bypass -File .\\2-powershell_logging_validation.ps1\r\n        Engine Version = 5.1.20348.558\r\n        Runspace ID = 27088b9b-a646-4de7-834a-2ce43101715d\r\n        Pipeline ID = 1\r\n        Command Name = Write-Host\r\n        Command Type = Cmdlet\r\n        Script Name = Z:\\blue_team\\2x02_eyes_on_endpoint\\2-powershell_logging_validation.ps1\r\n        Command Path = \r\n        Sequence Number = 54\r\n        User = MEDDEFENSE\\analyst\r\n        Connected User = \r\n        Shell ID = Microsoft.PowerShell\r\n\r\n\r\nUser Data:\r\n\r\n"
                   },
                   {
                       "timestamp":  "2026-08-08T12:08:55.9669661Z",
                       "hostname":  "DC01",
                       "platform":  "Windows",
                       "source_type":  "PowerShell",
                       "channel":  "Microsoft-Windows-PowerShell/Operational",
                       "event_id":  4103,
                       "event_category":  "powershell_module_logging",
                       "provider":  "Microsoft-Windows-PowerShell",
                       "raw_message":  "CommandInvocation(Write-Host): \"Write-Host\"\r\nParameterBinding(Write-Host): name=\"Object\"; value=\"\"\r\n\r\n\r\nContext:\r\n        Severity = Informational\r\n        Host Name = ConsoleHost\r\n        Host Version = 5.1.20348.558\r\n        Host ID = 09ddc6a8-f7b9-4d2c-8d79-fe55fa60dfb7\r\n        Host Application = C:\\Windows\\System32\\WindowsPowerShell\\v1.0\\powershell.exe -ExecutionPolicy Bypass -File .\\2-powershell_logging_validation.ps1\r\n        Engine Version = 5.1.20348.558\r\n        Runspace ID = 27088b9b-a646-4de7-834a-2ce43101715d\r\n        Pipeline ID = 1\r\n        Command Name = Write-Host\r\n        Command Type = Cmdlet\r\n        Script Name = Z:\\blue_team\\2x02_eyes_on_endpoint\\2-powershell_logging_validation.ps1\r\n        Command Path = \r\n        Sequence Number = 56\r\n        User = MEDDEFENSE\\analyst\r\n        Connected User = \r\n        Shell ID = Microsoft.PowerShell\r\n\r\n\r\nUser Data:\r\n\r\n"
                   },
                   {
                       "timestamp":  "2026-08-08T12:08:55.9750520Z",
                       "hostname":  "DC01",
                       "platform":  "Windows",
                       "source_type":  "PowerShell",
                       "channel":  "Microsoft-Windows-PowerShell/Operational",
                       "event_id":  4103,
                       "event_category":  "powershell_module_logging",
                       "provider":  "Microsoft-Windows-PowerShell",
                       "raw_message":  "CommandInvocation(Write-Host): \"Write-Host\"\r\nParameterBinding(Write-Host): name=\"Object\"; value=\"    [2/5] Encoded command...\"\r\n\r\n\r\nContext:\r\n        Severity = Informational\r\n        Host Name = ConsoleHost\r\n        Host Version = 5.1.20348.558\r\n        Host ID = 09ddc6a8-f7b9-4d2c-8d79-fe55fa60dfb7\r\n        Host Application = C:\\Windows\\System32\\WindowsPowerShell\\v1.0\\powershell.exe -ExecutionPolicy Bypass -File .\\2-powershell_logging_validation.ps1\r\n        Engine Version = 5.1.20348.558\r\n        Runspace ID = 27088b9b-a646-4de7-834a-2ce43101715d\r\n        Pipeline ID = 1\r\n        Command Name = Write-Host\r\n        Command Type = Cmdlet\r\n        Script Name = Z:\\blue_team\\2x02_eyes_on_endpoint\\2-powershell_logging_validation.ps1\r\n        Command Path = \r\n        Sequence Number = 58\r\n        User = MEDDEFENSE\\analyst\r\n        Connected User = \r\n        Shell ID = Microsoft.PowerShell\r\n\r\n\r\nUser Data:\r\n\r\n"
                   },
                   {
                       "timestamp":  "2026-08-08T12:08:55.9752918Z",
                       "hostname":  "DC01",
                       "platform":  "Windows",
                       "source_type":  "PowerShell",
                       "channel":  "Microsoft-Windows-PowerShell/Operational",
                       "event_id":  4103,
                       "event_category":  "powershell_module_logging",
                       "provider":  "Microsoft-Windows-PowerShell",
                       "raw_message":  "CommandInvocation(Get-Date): \"Get-Date\"\r\n\r\n\r\nContext:\r\n        Severity = Informational\r\n        Host Name = ConsoleHost\r\n        Host Version = 5.1.20348.558\r\n        Host ID = 09ddc6a8-f7b9-4d2c-8d79-fe55fa60dfb7\r\n        Host Application = C:\\Windows\\System32\\WindowsPowerShell\\v1.0\\powershell.exe -ExecutionPolicy Bypass -File .\\2-powershell_logging_validation.ps1\r\n        Engine Version = 5.1.20348.558\r\n        Runspace ID = 27088b9b-a646-4de7-834a-2ce43101715d\r\n        Pipeline ID = 1\r\n        Command Name = Get-Date\r\n        Command Type = Cmdlet\r\n        Script Name = Z:\\blue_team\\2x02_eyes_on_endpoint\\2-powershell_logging_validation.ps1\r\n        Command Path = \r\n        Sequence Number = 60\r\n        User = MEDDEFENSE\\analyst\r\n        Connected User = \r\n        Shell ID = Microsoft.PowerShell\r\n\r\n\r\nUser Data:\r\n\r\n"
                   },
                   {
                       "timestamp":  "2026-08-08T12:08:55.9870654Z",
                       "hostname":  "DC01",
                       "platform":  "Windows",
                       "source_type":  "PowerShell",
                       "channel":  "Microsoft-Windows-PowerShell/Operational",
                       "event_id":  4103,
                       "event_category":  "powershell_module_logging",
                       "provider":  "Microsoft-Windows-PowerShell",
                       "raw_message":  "CommandInvocation(Write-Host): \"Write-Host\"\r\nParameterBinding(Write-Host): name=\"Object\"; value=\"          timestamp: 2026-08-08 14:08:55\"\r\n\r\n\r\nContext:\r\n        Severity = Informational\r\n        Host Name = ConsoleHost\r\n        Host Version = 5.1.20348.558\r\n        Host ID = 09ddc6a8-f7b9-4d2c-8d79-fe55fa60dfb7\r\n        Host Application = C:\\Windows\\System32\\WindowsPowerShell\\v1.0\\powershell.exe -ExecutionPolicy Bypass -File .\\2-powershell_logging_validation.ps1\r\n        Engine Version = 5.1.20348.558\r\n        Runspace ID = 27088b9b-a646-4de7-834a-2ce43101715d\r\n        Pipeline ID = 1\r\n        Command Name = Write-Host\r\n        Command Type = Cmdlet\r\n        Script Name = Z:\\blue_team\\2x02_eyes_on_endpoint\\2-powershell_logging_validation.ps1\r\n        Command Path = \r\n        Sequence Number = 62\r\n        User = MEDDEFENSE\\analyst\r\n        Connected User = \r\n        Shell ID = Microsoft.PowerShell\r\n\r\n\r\nUser Data:\r\n\r\n"
                   },
                   {
                       "timestamp":  "2026-08-08T12:08:55.9995344Z",
                       "hostname":  "DC01",
                       "platform":  "Windows",
                       "source_type":  "PowerShell",
                       "channel":  "Microsoft-Windows-PowerShell/Operational",
                       "event_id":  4103,
                       "event_category":  "powershell_module_logging",
                       "provider":  "Microsoft-Windows-PowerShell",
                       "raw_message":  "CommandInvocation(Write-Host): \"Write-Host\"\r\nParameterBinding(Write-Host): name=\"Object\"; value=\"          Input: -enc VwByAGkAdABlAC0ASABvAHMAdAAgACIAVABlAHMAdAAiAAoAVwByAGkAdABlAC0ATwB1AHQAcAB1AHQAIAAiAE0ARQBEAEQARQBGAEUATgBTAEUAXwBFAE4AQwBPAEQARQBEAF8AOQA5ADUAMQAzADEAMgAxADkAYQAxADcANAA0AGMAYwA4ADQAYwBjADgAMwAyADMAZgBhADcAZQBjAGUAMAA5ACIA\"\r\n\r\n\r\nContext:\r\n        Severity = Informational\r\n        Host Name = ConsoleHost\r\n        Host Version = 5.1.20348.558\r\n        Host ID = 09ddc6a8-f7b9-4d2c-8d79-fe55fa60dfb7\r\n        Host Application = C:\\Windows\\System32\\WindowsPowerShell\\v1.0\\powershell.exe -ExecutionPolicy Bypass -File .\\2-powershell_logging_validation.ps1\r\n        Engine Version = 5.1.20348.558\r\n        Runspace ID = 27088b9b-a646-4de7-834a-2ce43101715d\r\n        Pipeline ID = 1\r\n        Command Name = Write-Host\r\n        Command Type = Cmdlet\r\n        Script Name = Z:\\blue_team\\2x02_eyes_on_endpoint\\2-powershell_logging_validation.ps1\r\n        Command Path = \r\n        Sequence Number = 64\r\n        User = MEDDEFENSE\\analyst\r\n        Connected User = \r\n        Shell ID = Microsoft.PowerShell\r\n\r\n\r\nUser Data:\r\n\r\n"
                   },
                   {
                       "timestamp":  "2026-08-08T12:08:56.0120756Z",
                       "hostname":  "DC01",
                       "platform":  "Windows",
                       "source_type":  "PowerShell",
                       "channel":  "Microsoft-Windows-PowerShell/Operational",
                       "event_id":  4103,
                       "event_category":  "powershell_module_logging",
                       "provider":  "Microsoft-Windows-PowerShell",
                       "raw_message":  "CommandInvocation(Write-Host): \"Write-Host\"\r\nParameterBinding(Write-Host): name=\"Object\"; value=\"          Reference example: -enc VwByAGkAdABlAC0ASABvAHMAdAAgACIAVABlAHMAdAAi\"\r\n\r\n\r\nContext:\r\n        Severity = Informational\r\n        Host Name = ConsoleHost\r\n        Host Version = 5.1.20348.558\r\n        Host ID = 09ddc6a8-f7b9-4d2c-8d79-fe55fa60dfb7\r\n        Host Application = C:\\Windows\\System32\\WindowsPowerShell\\v1.0\\powershell.exe -ExecutionPolicy Bypass -File .\\2-powershell_logging_validation.ps1\r\n        Engine Version = 5.1.20348.558\r\n        Runspace ID = 27088b9b-a646-4de7-834a-2ce43101715d\r\n        Pipeline ID = 1\r\n        Command Name = Write-Host\r\n        Command Type = Cmdlet\r\n        Script Name = Z:\\blue_team\\2x02_eyes_on_endpoint\\2-powershell_logging_validation.ps1\r\n        Command Path = \r\n        Sequence Number = 66\r\n        User = MEDDEFENSE\\analyst\r\n        Connected User = \r\n        Shell ID = Microsoft.PowerShell\r\n\r\n\r\nUser Data:\r\n\r\n"
                   },
                   {
                       "timestamp":  "2026-08-08T12:08:56.0374869Z",
                       "hostname":  "DC01",
                       "platform":  "Windows",
                       "source_type":  "Sysmon",
                       "channel":  "Microsoft-Windows-Sysmon/Operational",
                       "event_id":  1,
                       "event_category":  "process_creation",
                       "provider":  "Microsoft-Windows-Sysmon",
                       "raw_message":  "Process Create:\r\nRuleName: MedDefense Rule 3 - Encoded PowerShell\r\nUtcTime: 2026-08-08 12:08:56.014\r\nProcessGuid: {62784320-1c58-6a77-ef00-000000001300}\r\nProcessId: 3756\r\nImage: C:\\Windows\\System32\\WindowsPowerShell\\v1.0\\powershell.exe\r\nFileVersion: 10.0.20348.1 (WinBuild.160101.0800)\r\nDescription: Windows PowerShell\r\nProduct: Microsoft® Windows® Operating System\r\nCompany: Microsoft Corporation\r\nOriginalFileName: PowerShell.EXE\r\nCommandLine: \"C:\\Windows\\System32\\WindowsPowerShell\\v1.0\\powershell.exe\" -NoProfile -NonInteractive -enc VwByAGkAdABlAC0ASABvAHMAdAAgACIAVABlAHMAdAAiAAoAVwByAGkAdABlAC0ATwB1AHQAcAB1AHQAIAAiAE0ARQBEAEQARQBGAEUATgBTAEUAXwBFAE4AQwBPAEQARQBEAF8AOQA5ADUAMQAzADEAMgAxADkAYQAxADcANAA0AGMAYwA4ADQAYwBjADgAMwAyADMAZgBhADcAZQBjAGUAMAA5ACIA\r\nCurrentDirectory: Z:\\blue_team\\2x02_eyes_on_endpoint\\\r\nUser: MEDDEFENSE\\analyst\r\nLogonGuid: {62784320-16d5-6a77-5672-060000000000}\r\nLogonId: 0x67256\r\nTerminalSessionId: 1\r\nIntegrityLevel: High\r\nHashes: MD5=2E0CCB27064856E3D55017FA2D33A7B9,SHA256=1C84C8632C5269F24876ED9F49FA810B49F77E1E92E8918FC164C34B020F9A94,IMPHASH=BF7A6E7A62C3F5B2E8E069438AC1DD3D\r\nParentProcessGuid: {62784320-1c55-6a77-ed00-000000001300}\r\nParentProcessId: 2304\r\nParentImage: C:\\Windows\\System32\\WindowsPowerShell\\v1.0\\powershell.exe\r\nParentCommandLine: \"C:\\Windows\\System32\\WindowsPowerShell\\v1.0\\powershell.exe\" -ExecutionPolicy Bypass -File .\\2-powershell_logging_validation.ps1\r\nParentUser: MEDDEFENSE\\analyst",
                       "image":  "C:\\Windows\\System32\\WindowsPowerShell\\v1.0\\powershell.exe",
                       "command_line":  "\"C:\\Windows\\System32\\WindowsPowerShell\\v1.0\\powershell.exe\" -NoProfile -NonInteractive -enc VwByAGkAdABlAC0ASABvAHMAdAAgACIAVABlAHMAdAAiAAoAVwByAGkAdABlAC0ATwB1AHQAcAB1AHQAIAAiAE0ARQBEAEQARQBGAEUATgBTAEUAXwBFAE4AQwBPAEQARQBEAF8AOQA5ADUAMQAzADEAMgAxADkAYQAxADcANAA0AGMAYwA4ADQAYwBjADgAMwAyADMAZgBhADcAZQBjAGUAMAA5ACIA",
                       "parent_image":  "C:\\Windows\\System32\\WindowsPowerShell\\v1.0\\powershell.exe",
                       "hashes":  "MD5=2E0CCB27064856E3D55017FA2D33A7B9,SHA256=1C84C8632C5269F24876ED9F49FA810B49F77E1E92E8918FC164C34B020F9A94,IMPHASH=BF7A6E7A62C3F5B2E8E069438AC1DD3D"
                   },
                   {
                       "timestamp":  "2026-08-08T12:08:56.1115121Z",
                       "hostname":  "DC01",
                       "platform":  "Windows",
                       "source_type":  "PowerShell",
                       "channel":  "Microsoft-Windows-PowerShell/Operational",
                       "event_id":  40961,
                       "event_category":  "powershell",
                       "provider":  "Microsoft-Windows-PowerShell",
                       "raw_message":  "PowerShell console is starting up"
                   },
                   {
                       "timestamp":  "2026-08-08T12:08:56.1607523Z",
                       "hostname":  "DC01",
                       "platform":  "Windows",
                       "source_type":  "Sysmon",
                       "channel":  "Microsoft-Windows-Sysmon/Operational",
                       "event_id":  11,
                       "event_category":  "file_creation",
                       "provider":  "Microsoft-Windows-Sysmon",
                       "raw_message":  "File created:\r\nRuleName: -\r\nUtcTime: 2026-08-08 12:08:56.155\r\nProcessGuid: {62784320-1c58-6a77-ef00-000000001300}\r\nProcessId: 3756\r\nImage: C:\\Windows\\System32\\WindowsPowerShell\\v1.0\\powershell.exe\r\nTargetFilename: C:\\Users\\analyst\\AppData\\Local\\Temp\\__PSScriptPolicyTest_jau11xyt.ps3.ps1\r\nCreationUtcTime: 2026-08-08 12:08:56.155\r\nUser: MEDDEFENSE\\analyst",
                       "target_filename":  "C:\\Users\\analyst\\AppData\\Local\\Temp\\__PSScriptPolicyTest_jau11xyt.ps3.ps1",
                       "creating_process":  "C:\\Windows\\System32\\WindowsPowerShell\\v1.0\\powershell.exe"
                   },
                   {
                       "timestamp":  "2026-08-08T12:08:56.2790686Z",
                       "hostname":  "DC01",
                       "platform":  "Windows",
                       "source_type":  "PowerShell",
                       "channel":  "Microsoft-Windows-PowerShell/Operational",
                       "event_id":  53504,
                       "event_category":  "powershell",
                       "provider":  "Microsoft-Windows-PowerShell",
                       "raw_message":  "Windows PowerShell has started an IPC listening thread on process: 3756 in AppDomain: DefaultAppDomain."
                   },
                   {
                       "timestamp":  "2026-08-08T12:08:56.4101162Z",
                       "hostname":  "DC01",
                       "platform":  "Windows",
                       "source_type":  "PowerShell",
                       "channel":  "Microsoft-Windows-PowerShell/Operational",
                       "event_id":  40962,
                       "event_category":  "powershell",
                       "provider":  "Microsoft-Windows-PowerShell",
                       "raw_message":  "PowerShell console is ready for user input"
                   },
                   {
                       "timestamp":  "2026-08-08T12:08:56.4660026Z",
                       "hostname":  "DC01",
                       "platform":  "Windows",
                       "source_type":  "PowerShell",
                       "channel":  "Microsoft-Windows-PowerShell/Operational",
                       "event_id":  4104,
                       "event_category":  "powershell_script_block",
                       "provider":  "Microsoft-Windows-PowerShell",
                       "raw_message":  "Creating Scriptblock text (1 of 1):\r\nWrite-Host \"Test\"\nWrite-Output \"MEDDEFENSE_ENCODED_995131219a1744cc84cc8323fa7ece09\"\r\n\r\nScriptBlock ID: 3385ce6a-c2c9-4be3-a612-b11bd4d9720b\r\nPath: ",
                       "script_block_text":  "Write-Host \"Test\"\nWrite-Output \"MEDDEFENSE_ENCODED_995131219a1744cc84cc8323fa7ece09\"",
                       "script_block_decoded":  true
                   },
                   {
                       "timestamp":  "2026-08-08T12:08:56.5810196Z",
                       "hostname":  "DC01",
                       "platform":  "Windows",
                       "source_type":  "PowerShell",
                       "channel":  "Microsoft-Windows-PowerShell/Operational",
                       "event_id":  4103,
                       "event_category":  "powershell_module_logging",
                       "provider":  "Microsoft-Windows-PowerShell",
                       "raw_message":  "CommandInvocation(Write-Host): \"Write-Host\"\r\nParameterBinding(Write-Host): name=\"Object\"; value=\"Test\"\r\n\r\n\r\nContext:\r\n        Severity = Informational\r\n        Host Name = ConsoleHost\r\n        Host Version = 5.1.20348.558\r\n        Host ID = 54e84833-5e68-4e33-9cf5-078830ed9111\r\n        Host Application = C:\\Windows\\System32\\WindowsPowerShell\\v1.0\\powershell.exe -NoProfile -NonInteractive -enc VwByAGkAdABlAC0ASABvAHMAdAAgACIAVABlAHMAdAAiAAoAVwByAGkAdABlAC0ATwB1AHQAcAB1AHQAIAAiAE0ARQBEAEQARQBGAEUATgBTAEUAXwBFAE4AQwBPAEQARQBEAF8AOQA5ADUAMQAzADEAMgAxADkAYQAxADcANAA0AGMAYwA4ADQAYwBjADgAMwAyADMAZgBhADcAZQBjAGUAMAA5ACIA\r\n        Engine Version = 5.1.20348.558\r\n        Runspace ID = b99f2587-80e4-4a60-8034-98f2f18a39c6\r\n        Pipeline ID = 1\r\n        Command Name = Write-Host\r\n        Command Type = Cmdlet\r\n        Script Name = \r\n        Command Path = \r\n        Sequence Number = 16\r\n        User = MEDDEFENSE\\analyst\r\n        Connected User = \r\n        Shell ID = Microsoft.PowerShell\r\n\r\n\r\nUser Data:\r\n\r\n"
                   },
