                   {
                       "timestamp":  "2026-08-08T12:01:38.5392158Z",
                       "hostname":  "DC01",
                       "platform":  "Windows",
                       "source_type":  "Security",
                       "channel":  "Security",
                       "event_id":  4624,
                       "event_category":  "authentication_success",
                       "provider":  "Microsoft-Windows-Security-Auditing",
                       "raw_message":  "An account was successfully logged on.\r\n\r\nSubject:\r\n\tSecurity ID:\t\tS-1-0-0\r\n\tAccount Name:\t\t-\r\n\tAccount Domain:\t\t-\r\n\tLogon ID:\t\t0x0\r\n\r\nLogon Information:\r\n\tLogon Type:\t\t3\r\n\tRestricted Admin Mode:\t-\r\n\tVirtual Account:\t\tNo\r\n\tElevated Token:\t\tYes\r\n\r\nImpersonation Level:\t\tImpersonation\r\n\r\nNew Logon:\r\n\tSecurity ID:\t\tS-1-5-18\r\n\tAccount Name:\t\tDC01$\r\n\tAccount Domain:\t\tMEDDEFENSE.LOCAL\r\n\tLogon ID:\t\t0x11BF06\r\n\tLinked Logon ID:\t\t0x0\r\n\tNetwork Account Name:\t-\r\n\tNetwork Account Domain:\t-\r\n\tLogon GUID:\t\t{541e211e-37db-6b1b-a555-4e291879b12e}\r\n\r\nProcess Information:\r\n\tProcess ID:\t\t0x0\r\n\tProcess Name:\t\t-\r\n\r\nNetwork Information:\r\n\tWorkstation Name:\t-\r\n\tSource Network Address:\t::1\r\n\tSource Port:\t\t55835\r\n\r\nDetailed Authentication Information:\r\n\tLogon Process:\t\tKerberos\r\n\tAuthentication Package:\tKerberos\r\n\tTransited Services:\t-\r\n\tPackage Name (NTLM only):\t-\r\n\tKey Length:\t\t0\r\n\r\nThis event is generated when a logon session is created. It is generated on the computer that was accessed.\r\n\r\nThe subject fields indicate the account on the local system which requested the logon. This is most commonly a service such as the Server service, or a local process such as Winlogon.exe or Services.exe.\r\n\r\nThe logon type field indicates the kind of logon that occurred. The most common types are 2 (interactive) and 3 (network).\r\n\r\nThe New Logon fields indicate the account for whom the new logon was created, i.e. the account that was logged on.\r\n\r\nThe network fields indicate where a remote logon request originated. Workstation name is not always available and may be left blank in some cases.\r\n\r\nThe impersonation level field indicates the extent to which a process in the logon session can impersonate.\r\n\r\nThe authentication information fields provide detailed information about this specific logon request.\r\n\t- Logon GUID is a unique identifier that can be used to correlate this event with a KDC event.\r\n\t- Transited services indicate which intermediate services have participated in this logon request.\r\n\t- Package name indicates which sub-protocol was used among the NTLM protocols.\r\n\t- Key length indicates the length of the generated session key. This will be 0 if no session key was requested.",
                       "target_user":  "DC01$",
                       "logon_type":  "3",
                       "source_ip":  "::1",
                       "workstation":  "-"
                   },
                   {
                       "timestamp":  "2026-08-08T12:01:50.6090716Z",
                       "hostname":  "DC01",
                       "platform":  "Windows",
                       "source_type":  "PowerShell",
                       "channel":  "Microsoft-Windows-PowerShell/Operational",
                       "event_id":  4104,
                       "event_category":  "powershell_script_block",
                       "provider":  "Microsoft-Windows-PowerShell",
                       "raw_message":  "Creating Scriptblock text (1 of 1):\r\nGet-ItemProperty `\n  \"HKLM:\\Software\\Policies\\Microsoft\\Windows\\PowerShell\\ScriptBlockLogging\" `\n  -ErrorAction SilentlyContinue\r\n\r\nScriptBlock ID: 577e4804-c23b-4469-bde3-56df2f7ae793\r\nPath: ",
                       "script_block_text":  "Get-ItemProperty `\n  \"HKLM:\\Software\\Policies\\Microsoft\\Windows\\PowerShell\\ScriptBlockLogging\" `\n  -ErrorAction SilentlyContinue",
                       "script_block_decoded":  true
                   },
                   {
                       "timestamp":  "2026-08-08T12:01:56.4690977Z",
                       "hostname":  "DC01",
                       "platform":  "Windows",
                       "source_type":  "Security",
                       "channel":  "Security",
                       "event_id":  4624,
                       "event_category":  "authentication_success",
                       "provider":  "Microsoft-Windows-Security-Auditing",
                       "raw_message":  "An account was successfully logged on.\r\n\r\nSubject:\r\n\tSecurity ID:\t\tS-1-0-0\r\n\tAccount Name:\t\t-\r\n\tAccount Domain:\t\t-\r\n\tLogon ID:\t\t0x0\r\n\r\nLogon Information:\r\n\tLogon Type:\t\t3\r\n\tRestricted Admin Mode:\t-\r\n\tVirtual Account:\t\tNo\r\n\tElevated Token:\t\tYes\r\n\r\nImpersonation Level:\t\tDelegation\r\n\r\nNew Logon:\r\n\tSecurity ID:\t\tS-1-5-18\r\n\tAccount Name:\t\tDC01$\r\n\tAccount Domain:\t\tMEDDEFENSE.LOCAL\r\n\tLogon ID:\t\t0x11D441\r\n\tLinked Logon ID:\t\t0x0\r\n\tNetwork Account Name:\t-\r\n\tNetwork Account Domain:\t-\r\n\tLogon GUID:\t\t{8d4f44e8-b7c7-406f-43c9-cef39bcc37d7}\r\n\r\nProcess Information:\r\n\tProcess ID:\t\t0x0\r\n\tProcess Name:\t\t-\r\n\r\nNetwork Information:\r\n\tWorkstation Name:\t-\r\n\tSource Network Address:\tfe80::590c:793e:9ffd:17e7\r\n\tSource Port:\t\t55836\r\n\r\nDetailed Authentication Information:\r\n\tLogon Process:\t\tKerberos\r\n\tAuthentication Package:\tKerberos\r\n\tTransited Services:\t-\r\n\tPackage Name (NTLM only):\t-\r\n\tKey Length:\t\t0\r\n\r\nThis event is generated when a logon session is created. It is generated on the computer that was accessed.\r\n\r\nThe subject fields indicate the account on the local system which requested the logon. This is most commonly a service such as the Server service, or a local process such as Winlogon.exe or Services.exe.\r\n\r\nThe logon type field indicates the kind of logon that occurred. The most common types are 2 (interactive) and 3 (network).\r\n\r\nThe New Logon fields indicate the account for whom the new logon was created, i.e. the account that was logged on.\r\n\r\nThe network fields indicate where a remote logon request originated. Workstation name is not always available and may be left blank in some cases.\r\n\r\nThe impersonation level field indicates the extent to which a process in the logon session can impersonate.\r\n\r\nThe authentication information fields provide detailed information about this specific logon request.\r\n\t- Logon GUID is a unique identifier that can be used to correlate this event with a KDC event.\r\n\t- Transited services indicate which intermediate services have participated in this logon request.\r\n\t- Package name indicates which sub-protocol was used among the NTLM protocols.\r\n\t- Key length indicates the length of the generated session key. This will be 0 if no session key was requested.",
                       "target_user":  "DC01$",
                       "logon_type":  "3",
                       "source_ip":  "fe80::590c:793e:9ffd:17e7",
                       "workstation":  "-"
                   },
                   {
                       "timestamp":  "2026-08-08T12:02:23.0683076Z",
                       "hostname":  "DC01",
                       "platform":  "Windows",
                       "source_type":  "Sysmon",
                       "channel":  "Microsoft-Windows-Sysmon/Operational",
                       "event_id":  22,
                       "event_category":  "dns_query",
                       "provider":  "Microsoft-Windows-Sysmon",
                       "raw_message":  "Dns query:\r\nRuleName: -\r\nUtcTime: 2026-08-08 12:02:58.748\r\nProcessGuid: {62784320-16f6-6a77-ae00-000000001300}\r\nProcessId: 6736\r\nQueryName: DC01.meddefense.local\r\nQueryStatus: 0\r\nQueryResults: fe80::590c:793e:9ffd:17e7;::ffff:10.10.3.10;\r\nImage: C:\\Windows\\System32\\WindowsPowerShell\\v1.0\\powershell.exe\r\nUser: MEDDEFENSE\\analyst",
                       "query_name":  "DC01.meddefense.local",
                       "query_results":  "fe80::590c:793e:9ffd:17e7;::ffff:10.10.3.10;"
                   },
                   {
                       "timestamp":  "2026-08-08T12:02:23.9224732Z",
                       "hostname":  "DC01",
                       "platform":  "Windows",
                       "source_type":  "Sysmon",
                       "channel":  "Microsoft-Windows-Sysmon/Operational",
                       "event_id":  3,
                       "event_category":  "network_connection",
                       "provider":  "Microsoft-Windows-Sysmon",
                       "raw_message":  "Network connection detected:\r\nRuleName: -\r\nUtcTime: 2026-08-08 12:02:58.759\r\nProcessGuid: {62784320-16f6-6a77-ae00-000000001300}\r\nProcessId: 6736\r\nImage: C:\\Windows\\System32\\WindowsPowerShell\\v1.0\\powershell.exe\r\nUser: MEDDEFENSE\\analyst\r\nProtocol: tcp\r\nInitiated: true\r\nSourceIsIpv6: false\r\nSourceIp: 10.10.3.10\r\nSourceHostname: DC01\r\nSourcePort: 55837\r\nSourcePortName: -\r\nDestinationIsIpv6: false\r\nDestinationIp: 10.10.3.10\r\nDestinationHostname: DC01\r\nDestinationPort: 389\r\nDestinationPortName: ldap",
                       "destination_ip":  "10.10.3.10",
                       "destination_port":  "389",
                       "process":  "C:\\Windows\\System32\\WindowsPowerShell\\v1.0\\powershell.exe"
                   },
                   {
                       "timestamp":  "2026-08-08T12:02:41.6801187Z",
                       "hostname":  "DC01",
                       "platform":  "Windows",
                       "source_type":  "Sysmon",
                       "channel":  "Microsoft-Windows-Sysmon/Operational",
                       "event_id":  3,
                       "event_category":  "network_connection",
                       "provider":  "Microsoft-Windows-Sysmon",
                       "raw_message":  "Network connection detected:\r\nRuleName: -\r\nUtcTime: 2026-08-08 12:03:10.458\r\nProcessGuid: {62784320-16f6-6a77-ae00-000000001300}\r\nProcessId: 6736\r\nImage: C:\\Windows\\System32\\WindowsPowerShell\\v1.0\\powershell.exe\r\nUser: MEDDEFENSE\\analyst\r\nProtocol: tcp\r\nInitiated: true\r\nSourceIsIpv6: false\r\nSourceIp: 10.10.3.10\r\nSourceHostname: DC01\r\nSourcePort: 55841\r\nSourcePortName: -\r\nDestinationIsIpv6: false\r\nDestinationIp: 10.10.3.10\r\nDestinationHostname: DC01\r\nDestinationPort: 389\r\nDestinationPortName: ldap",
                       "destination_ip":  "10.10.3.10",
                       "destination_port":  "389",
                       "process":  "C:\\Windows\\System32\\WindowsPowerShell\\v1.0\\powershell.exe"
                   },
                   {
                       "timestamp":  "2026-08-08T12:02:51.9164325Z",
                       "hostname":  "DC01",
                       "platform":  "Windows",
                       "source_type":  "Sysmon",
                       "channel":  "Microsoft-Windows-Sysmon/Operational",
                       "event_id":  22,
                       "event_category":  "dns_query",
                       "provider":  "Microsoft-Windows-Sysmon",
                       "raw_message":  "Dns query:\r\nRuleName: -\r\nUtcTime: 2026-08-08 12:03:17.920\r\nProcessGuid: {62784320-1aea-6a77-d800-000000001300}\r\nProcessId: 4496\r\nQueryName: DC01.meddefense.local\r\nQueryStatus: 0\r\nQueryResults: fe80::590c:793e:9ffd:17e7;::ffff:10.10.3.10;\r\nImage: C:\\Windows\\System32\\gpresult.exe\r\nUser: MEDDEFENSE\\analyst",
                       "query_name":  "DC01.meddefense.local",
                       "query_results":  "fe80::590c:793e:9ffd:17e7;::ffff:10.10.3.10;"
                   },
                   {
                       "timestamp":  "2026-08-08T12:02:51.9165696Z",
                       "hostname":  "DC01",
                       "platform":  "Windows",
                       "source_type":  "Sysmon",
                       "channel":  "Microsoft-Windows-Sysmon/Operational",
                       "event_id":  22,
                       "event_category":  "dns_query",
                       "provider":  "Microsoft-Windows-Sysmon",
                       "raw_message":  "Dns query:\r\nRuleName: -\r\nUtcTime: 2026-08-08 12:03:18.013\r\nProcessGuid: {62784320-1aea-6a77-d900-000000001300}\r\nProcessId: 6568\r\nQueryName: DC01.meddefense.local\r\nQueryStatus: 0\r\nQueryResults: fe80::590c:793e:9ffd:17e7;::ffff:10.10.3.10;\r\nImage: C:\\Windows\\System32\\wbem\\WmiPrvSE.exe\r\nUser: NT AUTHORITY\\NETWORK SERVICE",
                       "query_name":  "DC01.meddefense.local",
                       "query_results":  "fe80::590c:793e:9ffd:17e7;::ffff:10.10.3.10;"
                   },
                   {
                       "timestamp":  "2026-08-08T12:03:01.4492900Z",
                       "hostname":  "DC01",
                       "platform":  "Windows",
                       "source_type":  "Security",
                       "channel":  "Security",
                       "event_id":  4624,
                       "event_category":  "authentication_success",
                       "provider":  "Microsoft-Windows-Security-Auditing",
                       "raw_message":  "An account was successfully logged on.\r\n\r\nSubject:\r\n\tSecurity ID:\t\tS-1-0-0\r\n\tAccount Name:\t\t-\r\n\tAccount Domain:\t\t-\r\n\tLogon ID:\t\t0x0\r\n\r\nLogon Information:\r\n\tLogon Type:\t\t3\r\n\tRestricted Admin Mode:\t-\r\n\tVirtual Account:\t\tNo\r\n\tElevated Token:\t\tYes\r\n\r\nImpersonation Level:\t\tImpersonation\r\n\r\nNew Logon:\r\n\tSecurity ID:\t\tS-1-5-18\r\n\tAccount Name:\t\tDC01$\r\n\tAccount Domain:\t\tMEDDEFENSE.LOCAL\r\n\tLogon ID:\t\t0x125311\r\n\tLinked Logon ID:\t\t0x0\r\n\tNetwork Account Name:\t-\r\n\tNetwork Account Domain:\t-\r\n\tLogon GUID:\t\t{541e211e-37db-6b1b-a555-4e291879b12e}\r\n\r\nProcess Information:\r\n\tProcess ID:\t\t0x0\r\n\tProcess Name:\t\t-\r\n\r\nNetwork Information:\r\n\tWorkstation Name:\t-\r\n\tSource Network Address:\t::1\r\n\tSource Port:\t\t55850\r\n\r\nDetailed Authentication Information:\r\n\tLogon Process:\t\tKerberos\r\n\tAuthentication Package:\tKerberos\r\n\tTransited Services:\t-\r\n\tPackage Name (NTLM only):\t-\r\n\tKey Length:\t\t0\r\n\r\nThis event is generated when a logon session is created. It is generated on the computer that was accessed.\r\n\r\nThe subject fields indicate the account on the local system which requested the logon. This is most commonly a service such as the Server service, or a local process such as Winlogon.exe or Services.exe.\r\n\r\nThe logon type field indicates the kind of logon that occurred. The most common types are 2 (interactive) and 3 (network).\r\n\r\nThe New Logon fields indicate the account for whom the new logon was created, i.e. the account that was logged on.\r\n\r\nThe network fields indicate where a remote logon request originated. Workstation name is not always available and may be left blank in some cases.\r\n\r\nThe impersonation level field indicates the extent to which a process in the logon session can impersonate.\r\n\r\nThe authentication information fields provide detailed information about this specific logon request.\r\n\t- Logon GUID is a unique identifier that can be used to correlate this event with a KDC event.\r\n\t- Transited services indicate which intermediate services have participated in this logon request.\r\n\t- Package name indicates which sub-protocol was used among the NTLM protocols.\r\n\t- Key length indicates the length of the generated session key. This will be 0 if no session key was requested.",
                       "target_user":  "DC01$",
                       "logon_type":  "3",
                       "source_ip":  "::1",
                       "workstation":  "-"
                   },
                   {
                       "timestamp":  "2026-08-08T12:03:02.3448932Z",
                       "hostname":  "DC01",
                       "platform":  "Windows",
                       "source_type":  "Security",
                       "channel":  "Security",
                       "event_id":  4624,
                       "event_category":  "authentication_success",
                       "provider":  "Microsoft-Windows-Security-Auditing",
                       "raw_message":  "An account was successfully logged on.\r\n\r\nSubject:\r\n\tSecurity ID:\t\tS-1-0-0\r\n\tAccount Name:\t\t-\r\n\tAccount Domain:\t\t-\r\n\tLogon ID:\t\t0x0\r\n\r\nLogon Information:\r\n\tLogon Type:\t\t3\r\n\tRestricted Admin Mode:\t-\r\n\tVirtual Account:\t\tNo\r\n\tElevated Token:\t\tYes\r\n\r\nImpersonation Level:\t\tImpersonation\r\n\r\nNew Logon:\r\n\tSecurity ID:\t\tS-1-5-18\r\n\tAccount Name:\t\tDC01$\r\n\tAccount Domain:\t\tMEDDEFENSE.LOCAL\r\n\tLogon ID:\t\t0x1254A2\r\n\tLinked Logon ID:\t\t0x0\r\n\tNetwork Account Name:\t-\r\n\tNetwork Account Domain:\t-\r\n\tLogon GUID:\t\t{541e211e-37db-6b1b-a555-4e291879b12e}\r\n\r\nProcess Information:\r\n\tProcess ID:\t\t0x0\r\n\tProcess Name:\t\t-\r\n\r\nNetwork Information:\r\n\tWorkstation Name:\t-\r\n\tSource Network Address:\tfe80::590c:793e:9ffd:17e7\r\n\tSource Port:\t\t55852\r\n\r\nDetailed Authentication Information:\r\n\tLogon Process:\t\tKerberos\r\n\tAuthentication Package:\tKerberos\r\n\tTransited Services:\t-\r\n\tPackage Name (NTLM only):\t-\r\n\tKey Length:\t\t0\r\n\r\nThis event is generated when a logon session is created. It is generated on the computer that was accessed.\r\n\r\nThe subject fields indicate the account on the local system which requested the logon. This is most commonly a service such as the Server service, or a local process such as Winlogon.exe or Services.exe.\r\n\r\nThe logon type field indicates the kind of logon that occurred. The most common types are 2 (interactive) and 3 (network).\r\n\r\nThe New Logon fields indicate the account for whom the new logon was created, i.e. the account that was logged on.\r\n\r\nThe network fields indicate where a remote logon request originated. Workstation name is not always available and may be left blank in some cases.\r\n\r\nThe impersonation level field indicates the extent to which a process in the logon session can impersonate.\r\n\r\nThe authentication information fields provide detailed information about this specific logon request.\r\n\t- Logon GUID is a unique identifier that can be used to correlate this event with a KDC event.\r\n\t- Transited services indicate which intermediate services have participated in this logon request.\r\n\t- Package name indicates which sub-protocol was used among the NTLM protocols.\r\n\t- Key length indicates the length of the generated session key. This will be 0 if no session key was requested.",
                       "target_user":  "DC01$",
                       "logon_type":  "3",
                       "source_ip":  "fe80::590c:793e:9ffd:17e7",
                       "workstation":  "-"
                   },
                   {
                       "timestamp":  "2026-08-08T12:03:02.3835665Z",
                       "hostname":  "DC01",
                       "platform":  "Windows",
                       "source_type":  "Security",
                       "channel":  "Security",
                       "event_id":  4624,
                       "event_category":  "authentication_success",
                       "provider":  "Microsoft-Windows-Security-Auditing",
                       "raw_message":  "An account was successfully logged on.\r\n\r\nSubject:\r\n\tSecurity ID:\t\tS-1-0-0\r\n\tAccount Name:\t\t-\r\n\tAccount Domain:\t\t-\r\n\tLogon ID:\t\t0x0\r\n\r\nLogon Information:\r\n\tLogon Type:\t\t3\r\n\tRestricted Admin Mode:\t-\r\n\tVirtual Account:\t\tNo\r\n\tElevated Token:\t\tYes\r\n\r\nImpersonation Level:\t\tImpersonation\r\n\r\nNew Logon:\r\n\tSecurity ID:\t\tS-1-5-18\r\n\tAccount Name:\t\tDC01$\r\n\tAccount Domain:\t\tMEDDEFENSE.LOCAL\r\n\tLogon ID:\t\t0x125522\r\n\tLinked Logon ID:\t\t0x0\r\n\tNetwork Account Name:\t-\r\n\tNetwork Account Domain:\t-\r\n\tLogon GUID:\t\t{541e211e-37db-6b1b-a555-4e291879b12e}\r\n\r\nProcess Information:\r\n\tProcess ID:\t\t0x0\r\n\tProcess Name:\t\t-\r\n\r\nNetwork Information:\r\n\tWorkstation Name:\t-\r\n\tSource Network Address:\tfe80::590c:793e:9ffd:17e7\r\n\tSource Port:\t\t55853\r\n\r\nDetailed Authentication Information:\r\n\tLogon Process:\t\tKerberos\r\n\tAuthentication Package:\tKerberos\r\n\tTransited Services:\t-\r\n\tPackage Name (NTLM only):\t-\r\n\tKey Length:\t\t0\r\n\r\nThis event is generated when a logon session is created. It is generated on the computer that was accessed.\r\n\r\nThe subject fields indicate the account on the local system which requested the logon. This is most commonly a service such as the Server service, or a local process such as Winlogon.exe or Services.exe.\r\n\r\nThe logon type field indicates the kind of logon that occurred. The most common types are 2 (interactive) and 3 (network).\r\n\r\nThe New Logon fields indicate the account for whom the new logon was created, i.e. the account that was logged on.\r\n\r\nThe network fields indicate where a remote logon request originated. Workstation name is not always available and may be left blank in some cases.\r\n\r\nThe impersonation level field indicates the extent to which a process in the logon session can impersonate.\r\n\r\nThe authentication information fields provide detailed information about this specific logon request.\r\n\t- Logon GUID is a unique identifier that can be used to correlate this event with a KDC event.\r\n\t- Transited services indicate which intermediate services have participated in this logon request.\r\n\t- Package name indicates which sub-protocol was used among the NTLM protocols.\r\n\t- Key length indicates the length of the generated session key. This will be 0 if no session key was requested.",
                       "target_user":  "DC01$",
                       "logon_type":  "3",
                       "source_ip":  "fe80::590c:793e:9ffd:17e7",
                       "workstation":  "-"
                   },
                   {
                       "timestamp":  "2026-08-08T12:03:03.4617888Z",
                       "hostname":  "DC01",
                       "platform":  "Windows",
                       "source_type":  "Security",
                       "channel":  "Security",
                       "event_id":  4624,
                       "event_category":  "authentication_success",
                       "provider":  "Microsoft-Windows-Security-Auditing",
                       "raw_message":  "An account was successfully logged on.\r\n\r\nSubject:\r\n\tSecurity ID:\t\tS-1-0-0\r\n\tAccount Name:\t\t-\r\n\tAccount Domain:\t\t-\r\n\tLogon ID:\t\t0x0\r\n\r\nLogon Information:\r\n\tLogon Type:\t\t3\r\n\tRestricted Admin Mode:\t-\r\n\tVirtual Account:\t\tNo\r\n\tElevated Token:\t\tYes\r\n\r\nImpersonation Level:\t\tImpersonation\r\n\r\nNew Logon:\r\n\tSecurity ID:\t\tS-1-5-18\r\n\tAccount Name:\t\tDC01$\r\n\tAccount Domain:\t\tMEDDEFENSE.LOCAL\r\n\tLogon ID:\t\t0x12561A\r\n\tLinked Logon ID:\t\t0x0\r\n\tNetwork Account Name:\t-\r\n\tNetwork Account Domain:\t-\r\n\tLogon GUID:\t\t{97e0fb93-ac63-c64b-1c8b-69d77750a68c}\r\n\r\nProcess Information:\r\n\tProcess ID:\t\t0x0\r\n\tProcess Name:\t\t-\r\n\r\nNetwork Information:\r\n\tWorkstation Name:\t-\r\n\tSource Network Address:\tfe80::590c:793e:9ffd:17e7\r\n\tSource Port:\t\t55854\r\n\r\nDetailed Authentication Information:\r\n\tLogon Process:\t\tKerberos\r\n\tAuthentication Package:\tKerberos\r\n\tTransited Services:\t-\r\n\tPackage Name (NTLM only):\t-\r\n\tKey Length:\t\t0\r\n\r\nThis event is generated when a logon session is created. It is generated on the computer that was accessed.\r\n\r\nThe subject fields indicate the account on the local system which requested the logon. This is most commonly a service such as the Server service, or a local process such as Winlogon.exe or Services.exe.\r\n\r\nThe logon type field indicates the kind of logon that occurred. The most common types are 2 (interactive) and 3 (network).\r\n\r\nThe New Logon fields indicate the account for whom the new logon was created, i.e. the account that was logged on.\r\n\r\nThe network fields indicate where a remote logon request originated. Workstation name is not always available and may be left blank in some cases.\r\n\r\nThe impersonation level field indicates the extent to which a process in the logon session can impersonate.\r\n\r\nThe authentication information fields provide detailed information about this specific logon request.\r\n\t- Logon GUID is a unique identifier that can be used to correlate this event with a KDC event.\r\n\t- Transited services indicate which intermediate services have participated in this logon request.\r\n\t- Package name indicates which sub-protocol was used among the NTLM protocols.\r\n\t- Key length indicates the length of the generated session key. This will be 0 if no session key was requested.",
                       "target_user":  "DC01$",
                       "logon_type":  "3",
                       "source_ip":  "fe80::590c:793e:9ffd:17e7",
                       "workstation":  "-"
                   },
                   {
                       "timestamp":  "2026-08-08T12:03:03.4792967Z",
                       "hostname":  "DC01",
                       "platform":  "Windows",
                       "source_type":  "Security",
                       "channel":  "Security",
                       "event_id":  4624,
                       "event_category":  "authentication_success",
                       "provider":  "Microsoft-Windows-Security-Auditing",
                       "raw_message":  "An account was successfully logged on.\r\n\r\nSubject:\r\n\tSecurity ID:\t\tS-1-0-0\r\n\tAccount Name:\t\t-\r\n\tAccount Domain:\t\t-\r\n\tLogon ID:\t\t0x0\r\n\r\nLogon Information:\r\n\tLogon Type:\t\t3\r\n\tRestricted Admin Mode:\t-\r\n\tVirtual Account:\t\tNo\r\n\tElevated Token:\t\tYes\r\n\r\nImpersonation Level:\t\tImpersonation\r\n\r\nNew Logon:\r\n\tSecurity ID:\t\tS-1-5-18\r\n\tAccount Name:\t\tDC01$\r\n\tAccount Domain:\t\tMEDDEFENSE.LOCAL\r\n\tLogon ID:\t\t0x12570D\r\n\tLinked Logon ID:\t\t0x0\r\n\tNetwork Account Name:\t-\r\n\tNetwork Account Domain:\t-\r\n\tLogon GUID:\t\t{757a8d81-828b-0a51-60b5-e955481e461a}\r\n\r\nProcess Information:\r\n\tProcess ID:\t\t0x0\r\n\tProcess Name:\t\t-\r\n\r\nNetwork Information:\r\n\tWorkstation Name:\t-\r\n\tSource Network Address:\t::1\r\n\tSource Port:\t\t0\r\n\r\nDetailed Authentication Information:\r\n\tLogon Process:\t\tKerberos\r\n\tAuthentication Package:\tKerberos\r\n\tTransited Services:\t-\r\n\tPackage Name (NTLM only):\t-\r\n\tKey Length:\t\t0\r\n\r\nThis event is generated when a logon session is created. It is generated on the computer that was accessed.\r\n\r\nThe subject fields indicate the account on the local system which requested the logon. This is most commonly a service such as the Server service, or a local process such as Winlogon.exe or Services.exe.\r\n\r\nThe logon type field indicates the kind of logon that occurred. The most common types are 2 (interactive) and 3 (network).\r\n\r\nThe New Logon fields indicate the account for whom the new logon was created, i.e. the account that was logged on.\r\n\r\nThe network fields indicate where a remote logon request originated. Workstation name is not always available and may be left blank in some cases.\r\n\r\nThe impersonation level field indicates the extent to which a process in the logon session can impersonate.\r\n\r\nThe authentication information fields provide detailed information about this specific logon request.\r\n\t- Logon GUID is a unique identifier that can be used to correlate this event with a KDC event.\r\n\t- Transited services indicate which intermediate services have participated in this logon request.\r\n\t- Package name indicates which sub-protocol was used among the NTLM protocols.\r\n\t- Key length indicates the length of the generated session key. This will be 0 if no session key was requested.",
                       "target_user":  "DC01$",
                       "logon_type":  "3",
                       "source_ip":  "::1",
                       "workstation":  "-"
                   },
                   {
                       "timestamp":  "2026-08-08T12:03:03.4932422Z",
                       "hostname":  "DC01",
                       "platform":  "Windows",
                       "source_type":  "Security",
                       "channel":  "Security",
                       "event_id":  4624,
                       "event_category":  "authentication_success",
                       "provider":  "Microsoft-Windows-Security-Auditing",
                       "raw_message":  "An account was successfully logged on.\r\n\r\nSubject:\r\n\tSecurity ID:\t\tS-1-0-0\r\n\tAccount Name:\t\t-\r\n\tAccount Domain:\t\t-\r\n\tLogon ID:\t\t0x0\r\n\r\nLogon Information:\r\n\tLogon Type:\t\t3\r\n\tRestricted Admin Mode:\t-\r\n\tVirtual Account:\t\tNo\r\n\tElevated Token:\t\tYes\r\n\r\nImpersonation Level:\t\tImpersonation\r\n\r\nNew Logon:\r\n\tSecurity ID:\t\tS-1-5-18\r\n\tAccount Name:\t\tDC01$\r\n\tAccount Domain:\t\tMEDDEFENSE.LOCAL\r\n\tLogon ID:\t\t0x12575B\r\n\tLinked Logon ID:\t\t0x0\r\n\tNetwork Account Name:\t-\r\n\tNetwork Account Domain:\t-\r\n\tLogon GUID:\t\t{97e0fb93-ac63-c64b-1c8b-69d77750a68c}\r\n\r\nProcess Information:\r\n\tProcess ID:\t\t0x0\r\n\tProcess Name:\t\t-\r\n\r\nNetwork Information:\r\n\tWorkstation Name:\t-\r\n\tSource Network Address:\t10.10.3.10\r\n\tSource Port:\t\t55855\r\n\r\nDetailed Authentication Information:\r\n\tLogon Process:\t\tKerberos\r\n\tAuthentication Package:\tKerberos\r\n\tTransited Services:\t-\r\n\tPackage Name (NTLM only):\t-\r\n\tKey Length:\t\t0\r\n\r\nThis event is generated when a logon session is created. It is generated on the computer that was accessed.\r\n\r\nThe subject fields indicate the account on the local system which requested the logon. This is most commonly a service such as the Server service, or a local process such as Winlogon.exe or Services.exe.\r\n\r\nThe logon type field indicates the kind of logon that occurred. The most common types are 2 (interactive) and 3 (network).\r\n\r\nThe New Logon fields indicate the account for whom the new logon was created, i.e. the account that was logged on.\r\n\r\nThe network fields indicate where a remote logon request originated. Workstation name is not always available and may be left blank in some cases.\r\n\r\nThe impersonation level field indicates the extent to which a process in the logon session can impersonate.\r\n\r\nThe authentication information fields provide detailed information about this specific logon request.\r\n\t- Logon GUID is a unique identifier that can be used to correlate this event with a KDC event.\r\n\t- Transited services indicate which intermediate services have participated in this logon request.\r\n\t- Package name indicates which sub-protocol was used among the NTLM protocols.\r\n\t- Key length indicates the length of the generated session key. This will be 0 if no session key was requested.",
                       "target_user":  "DC01$",
                       "logon_type":  "3",
                       "source_ip":  "10.10.3.10",
                       "workstation":  "-"
                   },
                   {
                       "timestamp":  "2026-08-08T12:03:03.5239470Z",
                       "hostname":  "DC01",
                       "platform":  "Windows",
                       "source_type":  "Security",
                       "channel":  "Security",
                       "event_id":  4624,
                       "event_category":  "authentication_success",
                       "provider":  "Microsoft-Windows-Security-Auditing",
                       "raw_message":  "An account was successfully logged on.\r\n\r\nSubject:\r\n\tSecurity ID:\t\tS-1-0-0\r\n\tAccount Name:\t\t-\r\n\tAccount Domain:\t\t-\r\n\tLogon ID:\t\t0x0\r\n\r\nLogon Information:\r\n\tLogon Type:\t\t3\r\n\tRestricted Admin Mode:\t-\r\n\tVirtual Account:\t\tNo\r\n\tElevated Token:\t\tYes\r\n\r\nImpersonation Level:\t\tDelegation\r\n\r\nNew Logon:\r\n\tSecurity ID:\t\tS-1-5-18\r\n\tAccount Name:\t\tDC01$\r\n\tAccount Domain:\t\tMEDDEFENSE.LOCAL\r\n\tLogon ID:\t\t0x1257EE\r\n\tLinked Logon ID:\t\t0x0\r\n\tNetwork Account Name:\t-\r\n\tNetwork Account Domain:\t-\r\n\tLogon GUID:\t\t{ae36f938-8273-2311-ce4d-3bb377a61c49}\r\n\r\nProcess Information:\r\n\tProcess ID:\t\t0x0\r\n\tProcess Name:\t\t-\r\n\r\nNetwork Information:\r\n\tWorkstation Name:\t-\r\n\tSource Network Address:\tfe80::590c:793e:9ffd:17e7\r\n\tSource Port:\t\t55856\r\n\r\nDetailed Authentication Information:\r\n\tLogon Process:\t\tKerberos\r\n\tAuthentication Package:\tKerberos\r\n\tTransited Services:\t-\r\n\tPackage Name (NTLM only):\t-\r\n\tKey Length:\t\t0\r\n\r\nThis event is generated when a logon session is created. It is generated on the computer that was accessed.\r\n\r\nThe subject fields indicate the account on the local system which requested the logon. This is most commonly a service such as the Server service, or a local process such as Winlogon.exe or Services.exe.\r\n\r\nThe logon type field indicates the kind of logon that occurred. The most common types are 2 (interactive) and 3 (network).\r\n\r\nThe New Logon fields indicate the account for whom the new logon was created, i.e. the account that was logged on.\r\n\r\nThe network fields indicate where a remote logon request originated. Workstation name is not always available and may be left blank in some cases.\r\n\r\nThe impersonation level field indicates the extent to which a process in the logon session can impersonate.\r\n\r\nThe authentication information fields provide detailed information about this specific logon request.\r\n\t- Logon GUID is a unique identifier that can be used to correlate this event with a KDC event.\r\n\t- Transited services indicate which intermediate services have participated in this logon request.\r\n\t- Package name indicates which sub-protocol was used among the NTLM protocols.\r\n\t- Key length indicates the length of the generated session key. This will be 0 if no session key was requested.",
                       "target_user":  "DC01$",
                       "logon_type":  "3",
                       "source_ip":  "fe80::590c:793e:9ffd:17e7",
                       "workstation":  "-"
                   },
                   {
                       "timestamp":  "2026-08-08T12:03:03.6037459Z",
                       "hostname":  "DC01",
                       "platform":  "Windows",
                       "source_type":  "Security",
                       "channel":  "Security",
                       "event_id":  4624,
                       "event_category":  "authentication_success",
                       "provider":  "Microsoft-Windows-Security-Auditing",
                       "raw_message":  "An account was successfully logged on.\r\n\r\nSubject:\r\n\tSecurity ID:\t\tS-1-0-0\r\n\tAccount Name:\t\t-\r\n\tAccount Domain:\t\t-\r\n\tLogon ID:\t\t0x0\r\n\r\nLogon Information:\r\n\tLogon Type:\t\t3\r\n\tRestricted Admin Mode:\t-\r\n\tVirtual Account:\t\tNo\r\n\tElevated Token:\t\tYes\r\n\r\nImpersonation Level:\t\tImpersonation\r\n\r\nNew Logon:\r\n\tSecurity ID:\t\tS-1-5-18\r\n\tAccount Name:\t\tDC01$\r\n\tAccount Domain:\t\tMEDDEFENSE.LOCAL\r\n\tLogon ID:\t\t0x1258D7\r\n\tLinked Logon ID:\t\t0x0\r\n\tNetwork Account Name:\t-\r\n\tNetwork Account Domain:\t-\r\n\tLogon GUID:\t\t{757a8d81-828b-0a51-60b5-e955481e461a}\r\n\r\nProcess Information:\r\n\tProcess ID:\t\t0x0\r\n\tProcess Name:\t\t-\r\n\r\nNetwork Information:\r\n\tWorkstation Name:\t-\r\n\tSource Network Address:\t::1\r\n\tSource Port:\t\t0\r\n\r\nDetailed Authentication Information:\r\n\tLogon Process:\t\tKerberos\r\n\tAuthentication Package:\tKerberos\r\n\tTransited Services:\t-\r\n\tPackage Name (NTLM only):\t-\r\n\tKey Length:\t\t0\r\n\r\nThis event is generated when a logon session is created. It is generated on the computer that was accessed.\r\n\r\nThe subject fields indicate the account on the local system which requested the logon. This is most commonly a service such as the Server service, or a local process such as Winlogon.exe or Services.exe.\r\n\r\nThe logon type field indicates the kind of logon that occurred. The most common types are 2 (interactive) and 3 (network).\r\n\r\nThe New Logon fields indicate the account for whom the new logon was created, i.e. the account that was logged on.\r\n\r\nThe network fields indicate where a remote logon request originated. Workstation name is not always available and may be left blank in some cases.\r\n\r\nThe impersonation level field indicates the extent to which a process in the logon session can impersonate.\r\n\r\nThe authentication information fields provide detailed information about this specific logon request.\r\n\t- Logon GUID is a unique identifier that can be used to correlate this event with a KDC event.\r\n\t- Transited services indicate which intermediate services have participated in this logon request.\r\n\t- Package name indicates which sub-protocol was used among the NTLM protocols.\r\n\t- Key length indicates the length of the generated session key. This will be 0 if no session key was requested.",
                       "target_user":  "DC01$",
                       "logon_type":  "3",
                       "source_ip":  "::1",
                       "workstation":  "-"
                   },
                   {
                       "timestamp":  "2026-08-08T12:04:03.5897926Z",
                       "hostname":  "DC01",
                       "platform":  "Windows",
                       "source_type":  "Security",
                       "channel":  "Security",
                       "event_id":  4624,
                       "event_category":  "authentication_success",
                       "provider":  "Microsoft-Windows-Security-Auditing",
                       "raw_message":  "An account was successfully logged on.\r\n\r\nSubject:\r\n\tSecurity ID:\t\tS-1-0-0\r\n\tAccount Name:\t\t-\r\n\tAccount Domain:\t\t-\r\n\tLogon ID:\t\t0x0\r\n\r\nLogon Information:\r\n\tLogon Type:\t\t3\r\n\tRestricted Admin Mode:\t-\r\n\tVirtual Account:\t\tNo\r\n\tElevated Token:\t\tYes\r\n\r\nImpersonation Level:\t\tImpersonation\r\n\r\nNew Logon:\r\n\tSecurity ID:\t\tS-1-5-18\r\n\tAccount Name:\t\tDC01$\r\n\tAccount Domain:\t\tMEDDEFENSE.LOCAL\r\n\tLogon ID:\t\t0x128AC5\r\n\tLinked Logon ID:\t\t0x0\r\n\tNetwork Account Name:\t-\r\n\tNetwork Account Domain:\t-\r\n\tLogon GUID:\t\t{541e211e-37db-6b1b-a555-4e291879b12e}\r\n\r\nProcess Information:\r\n\tProcess ID:\t\t0x0\r\n\tProcess Name:\t\t-\r\n\r\nNetwork Information:\r\n\tWorkstation Name:\t-\r\n\tSource Network Address:\t::1\r\n\tSource Port:\t\t55857\r\n\r\nDetailed Authentication Information:\r\n\tLogon Process:\t\tKerberos\r\n\tAuthentication Package:\tKerberos\r\n\tTransited Services:\t-\r\n\tPackage Name (NTLM only):\t-\r\n\tKey Length:\t\t0\r\n\r\nThis event is generated when a logon session is created. It is generated on the computer that was accessed.\r\n\r\nThe subject fields indicate the account on the local system which requested the logon. This is most commonly a service such as the Server service, or a local process such as Winlogon.exe or Services.exe.\r\n\r\nThe logon type field indicates the kind of logon that occurred. The most common types are 2 (interactive) and 3 (network).\r\n\r\nThe New Logon fields indicate the account for whom the new logon was created, i.e. the account that was logged on.\r\n\r\nThe network fields indicate where a remote logon request originated. Workstation name is not always available and may be left blank in some cases.\r\n\r\nThe impersonation level field indicates the extent to which a process in the logon session can impersonate.\r\n\r\nThe authentication information fields provide detailed information about this specific logon request.\r\n\t- Logon GUID is a unique identifier that can be used to correlate this event with a KDC event.\r\n\t- Transited services indicate which intermediate services have participated in this logon request.\r\n\t- Package name indicates which sub-protocol was used among the NTLM protocols.\r\n\t- Key length indicates the length of the generated session key. This will be 0 if no session key was requested.",
                       "target_user":  "DC01$",
                       "logon_type":  "3",
                       "source_ip":  "::1",
                       "workstation":  "-"
                   },
                   {
                       "timestamp":  "2026-08-08T12:04:38.5558483Z",
                       "hostname":  "DC01",
                       "platform":  "Windows",
                       "source_type":  "Security",
                       "channel":  "Security",
                       "event_id":  4624,
                       "event_category":  "authentication_success",
                       "provider":  "Microsoft-Windows-Security-Auditing",
                       "raw_message":  "An account was successfully logged on.\r\n\r\nSubject:\r\n\tSecurity ID:\t\tS-1-0-0\r\n\tAccount Name:\t\t-\r\n\tAccount Domain:\t\t-\r\n\tLogon ID:\t\t0x0\r\n\r\nLogon Information:\r\n\tLogon Type:\t\t3\r\n\tRestricted Admin Mode:\t-\r\n\tVirtual Account:\t\tNo\r\n\tElevated Token:\t\tYes\r\n\r\nImpersonation Level:\t\tImpersonation\r\n\r\nNew Logon:\r\n\tSecurity ID:\t\tS-1-5-18\r\n\tAccount Name:\t\tDC01$\r\n\tAccount Domain:\t\tMEDDEFENSE.LOCAL\r\n\tLogon ID:\t\t0x12AEC6\r\n\tLinked Logon ID:\t\t0x0\r\n\tNetwork Account Name:\t-\r\n\tNetwork Account Domain:\t-\r\n\tLogon GUID:\t\t{541e211e-37db-6b1b-a555-4e291879b12e}\r\n\r\nProcess Information:\r\n\tProcess ID:\t\t0x0\r\n\tProcess Name:\t\t-\r\n\r\nNetwork Information:\r\n\tWorkstation Name:\t-\r\n\tSource Network Address:\t::1\r\n\tSource Port:\t\t55858\r\n\r\nDetailed Authentication Information:\r\n\tLogon Process:\t\tKerberos\r\n\tAuthentication Package:\tKerberos\r\n\tTransited Services:\t-\r\n\tPackage Name (NTLM only):\t-\r\n\tKey Length:\t\t0\r\n\r\nThis event is generated when a logon session is created. It is generated on the computer that was accessed.\r\n\r\nThe subject fields indicate the account on the local system which requested the logon. This is most commonly a service such as the Server service, or a local process such as Winlogon.exe or Services.exe.\r\n\r\nThe logon type field indicates the kind of logon that occurred. The most common types are 2 (interactive) and 3 (network).\r\n\r\nThe New Logon fields indicate the account for whom the new logon was created, i.e. the account that was logged on.\r\n\r\nThe network fields indicate where a remote logon request originated. Workstation name is not always available and may be left blank in some cases.\r\n\r\nThe impersonation level field indicates the extent to which a process in the logon session can impersonate.\r\n\r\nThe authentication information fields provide detailed information about this specific logon request.\r\n\t- Logon GUID is a unique identifier that can be used to correlate this event with a KDC event.\r\n\t- Transited services indicate which intermediate services have participated in this logon request.\r\n\t- Package name indicates which sub-protocol was used among the NTLM protocols.\r\n\t- Key length indicates the length of the generated session key. This will be 0 if no session key was requested.",
                       "target_user":  "DC01$",
                       "logon_type":  "3",
                       "source_ip":  "::1",
                       "workstation":  "-"
                   },
                   {
                       "timestamp":  "2026-08-08T12:04:49.7590356Z",
                       "hostname":  "DC01",
                       "platform":  "Windows",
                       "source_type":  "Security",
                       "channel":  "Security",
                       "event_id":  4624,
                       "event_category":  "authentication_success",
                       "provider":  "Microsoft-Windows-Security-Auditing",
                       "raw_message":  "An account was successfully logged on.\r\n\r\nSubject:\r\n\tSecurity ID:\t\tS-1-5-18\r\n\tAccount Name:\t\tDC01$\r\n\tAccount Domain:\t\tMEDDEFENSE\r\n\tLogon ID:\t\t0x3E7\r\n\r\nLogon Information:\r\n\tLogon Type:\t\t5\r\n\tRestricted Admin Mode:\t-\r\n\tVirtual Account:\t\tNo\r\n\tElevated Token:\t\tYes\r\n\r\nImpersonation Level:\t\tImpersonation\r\n\r\nNew Logon:\r\n\tSecurity ID:\t\tS-1-5-18\r\n\tAccount Name:\t\tSYSTEM\r\n\tAccount Domain:\t\tNT AUTHORITY\r\n\tLogon ID:\t\t0x3E7\r\n\tLinked Logon ID:\t\t0x0\r\n\tNetwork Account Name:\t-\r\n\tNetwork Account Domain:\t-\r\n\tLogon GUID:\t\t{00000000-0000-0000-0000-000000000000}\r\n\r\nProcess Information:\r\n\tProcess ID:\t\t0x258\r\n\tProcess Name:\t\tC:\\Windows\\System32\\services.exe\r\n\r\nNetwork Information:\r\n\tWorkstation Name:\t-\r\n\tSource Network Address:\t-\r\n\tSource Port:\t\t-\r\n\r\nDetailed Authentication Information:\r\n\tLogon Process:\t\tAdvapi  \r\n\tAuthentication Package:\tNegotiate\r\n\tTransited Services:\t-\r\n\tPackage Name (NTLM only):\t-\r\n\tKey Length:\t\t0\r\n\r\nThis event is generated when a logon session is created. It is generated on the computer that was accessed.\r\n\r\nThe subject fields indicate the account on the local system which requested the logon. This is most commonly a service such as the Server service, or a local process such as Winlogon.exe or Services.exe.\r\n\r\nThe logon type field indicates the kind of logon that occurred. The most common types are 2 (interactive) and 3 (network).\r\n\r\nThe New Logon fields indicate the account for whom the new logon was created, i.e. the account that was logged on.\r\n\r\nThe network fields indicate where a remote logon request originated. Workstation name is not always available and may be left blank in some cases.\r\n\r\nThe impersonation level field indicates the extent to which a process in the logon session can impersonate.\r\n\r\nThe authentication information fields provide detailed information about this specific logon request.\r\n\t- Logon GUID is a unique identifier that can be used to correlate this event with a KDC event.\r\n\t- Transited services indicate which intermediate services have participated in this logon request.\r\n\t- Package name indicates which sub-protocol was used among the NTLM protocols.\r\n\t- Key length indicates the length of the generated session key. This will be 0 if no session key was requested.",
                       "target_user":  "SYSTEM",
                       "logon_type":  "5",
                       "source_ip":  "-",
                       "workstation":  "-"
                   },
                   {
                       "timestamp":  "2026-08-08T12:05:21.8974048Z",
                       "hostname":  "DC01",
                       "platform":  "Windows",
                       "source_type":  "PowerShell",
                       "channel":  "Microsoft-Windows-PowerShell/Operational",
                       "event_id":  4104,
                       "event_category":  "powershell_script_block",
                       "provider":  "Microsoft-Windows-PowerShell",
                       "raw_message":  "Creating Scriptblock text (1 of 1):\r\npowershell.exe -ExecutionPolicy Bypass -File .\\6-powershell_security.ps1\r\n\r\nScriptBlock ID: cb33da44-9834-44d3-88eb-9055fe2237f7\r\nPath: ",
                       "script_block_text":  "powershell.exe -ExecutionPolicy Bypass -File .\\6-powershell_security.ps1",
                       "script_block_decoded":  true
                   },
                   {
                       "timestamp":  "2026-08-08T12:05:22.0647228Z",
                       "hostname":  "DC01",
                       "platform":  "Windows",
                       "source_type":  "PowerShell",
                       "channel":  "Microsoft-Windows-PowerShell/Operational",
                       "event_id":  40961,
                       "event_category":  "powershell",
                       "provider":  "Microsoft-Windows-PowerShell",
                       "raw_message":  "PowerShell console is starting up"
                   },
                   {
                       "timestamp":  "2026-08-08T12:05:22.1150750Z",
                       "hostname":  "DC01",
                       "platform":  "Windows",
                       "source_type":  "Sysmon",
                       "channel":  "Microsoft-Windows-Sysmon/Operational",
                       "event_id":  11,
                       "event_category":  "file_creation",
                       "provider":  "Microsoft-Windows-Sysmon",
                       "raw_message":  "File created:\r\nRuleName: -\r\nUtcTime: 2026-08-08 12:05:22.098\r\nProcessGuid: {62784320-1b81-6a77-df00-000000001300}\r\nProcessId: 6652\r\nImage: C:\\Windows\\System32\\WindowsPowerShell\\v1.0\\powershell.exe\r\nTargetFilename: C:\\Users\\analyst\\AppData\\Local\\Temp\\__PSScriptPolicyTest_qwtbgq24.psa.ps1\r\nCreationUtcTime: 2026-08-08 12:05:22.098\r\nUser: MEDDEFENSE\\analyst",
                       "target_filename":  "C:\\Users\\analyst\\AppData\\Local\\Temp\\__PSScriptPolicyTest_qwtbgq24.psa.ps1",
                       "creating_process":  "C:\\Windows\\System32\\WindowsPowerShell\\v1.0\\powershell.exe"
                   },
