                   {
                       "timestamp":  "2026-08-08T12:08:56.5853600Z",
                       "hostname":  "DC01",
                       "platform":  "Windows",
                       "source_type":  "PowerShell",
                       "channel":  "Microsoft-Windows-PowerShell/Operational",
                       "event_id":  4103,
                       "event_category":  "powershell_module_logging",
                       "provider":  "Microsoft-Windows-PowerShell",
                       "raw_message":  "CommandInvocation(Write-Output): \"Write-Output\"\r\nParameterBinding(Write-Output): name=\"InputObject\"; value=\"MEDDEFENSE_ENCODED_995131219a1744cc84cc8323fa7ece09\"\r\n\r\n\r\nContext:\r\n        Severity = Informational\r\n        Host Name = ConsoleHost\r\n        Host Version = 5.1.20348.558\r\n        Host ID = 54e84833-5e68-4e33-9cf5-078830ed9111\r\n        Host Application = C:\\Windows\\System32\\WindowsPowerShell\\v1.0\\powershell.exe -NoProfile -NonInteractive -enc VwByAGkAdABlAC0ASABvAHMAdAAgACIAVABlAHMAdAAiAAoAVwByAGkAdABlAC0ATwB1AHQAcAB1AHQAIAAiAE0ARQBEAEQARQBGAEUATgBTAEUAXwBFAE4AQwBPAEQARQBEAF8AOQA5ADUAMQAzADEAMgAxADkAYQAxADcANAA0AGMAYwA4ADQAYwBjADgAMwAyADMAZgBhADcAZQBjAGUAMAA5ACIA\r\n        Engine Version = 5.1.20348.558\r\n        Runspace ID = b99f2587-80e4-4a60-8034-98f2f18a39c6\r\n        Pipeline ID = 1\r\n        Command Name = Write-Output\r\n        Command Type = Cmdlet\r\n        Script Name = \r\n        Command Path = \r\n        Sequence Number = 18\r\n        User = MEDDEFENSE\\analyst\r\n        Connected User = \r\n        Shell ID = Microsoft.PowerShell\r\n\r\n\r\nUser Data:\r\n\r\n"
                   },
                   {
                       "timestamp":  "2026-08-08T12:08:56.5855636Z",
                       "hostname":  "DC01",
                       "platform":  "Windows",
                       "source_type":  "PowerShell",
                       "channel":  "Microsoft-Windows-PowerShell/Operational",
                       "event_id":  4103,
                       "event_category":  "powershell_module_logging",
                       "provider":  "Microsoft-Windows-PowerShell",
                       "raw_message":  "CommandInvocation(Out-Default): \"Out-Default\"\r\nParameterBinding(Out-Default): name=\"InputObject\"; value=\"MEDDEFENSE_ENCODED_995131219a1744cc84cc8323fa7ece09\"\r\n\r\n\r\nContext:\r\n        Severity = Informational\r\n        Host Name = ConsoleHost\r\n        Host Version = 5.1.20348.558\r\n        Host ID = 54e84833-5e68-4e33-9cf5-078830ed9111\r\n        Host Application = C:\\Windows\\System32\\WindowsPowerShell\\v1.0\\powershell.exe -NoProfile -NonInteractive -enc VwByAGkAdABlAC0ASABvAHMAdAAgACIAVABlAHMAdAAiAAoAVwByAGkAdABlAC0ATwB1AHQAcAB1AHQAIAAiAE0ARQBEAEQARQBGAEUATgBTAEUAXwBFAE4AQwBPAEQARQBEAF8AOQA5ADUAMQAzADEAMgAxADkAYQAxADcANAA0AGMAYwA4ADQAYwBjADgAMwAyADMAZgBhADcAZQBjAGUAMAA5ACIA\r\n        Engine Version = 5.1.20348.558\r\n        Runspace ID = b99f2587-80e4-4a60-8034-98f2f18a39c6\r\n        Pipeline ID = 1\r\n        Command Name = \r\n        Command Type = Script\r\n        Script Name = \r\n        Command Path = \r\n        Sequence Number = 20\r\n        User = MEDDEFENSE\\analyst\r\n        Connected User = \r\n        Shell ID = Microsoft.PowerShell\r\n\r\n\r\nUser Data:\r\n\r\n"
                   },
                   {
                       "timestamp":  "2026-08-08T12:08:56.5934238Z",
                       "hostname":  "DC01",
                       "platform":  "Windows",
                       "source_type":  "PowerShell",
                       "channel":  "Microsoft-Windows-PowerShell/Operational",
                       "event_id":  4104,
                       "event_category":  "powershell_script_block",
                       "provider":  "Microsoft-Windows-PowerShell",
                       "raw_message":  "Creating Scriptblock text (1 of 1):\r\n$global:?\r\n\r\nScriptBlock ID: 056fcc14-5b6b-41c6-9f6c-16a72d3240bb\r\nPath: ",
                       "script_block_text":  "$global:?",
                       "script_block_decoded":  true
                   },
                   {
                       "timestamp":  "2026-08-08T12:08:56.6264741Z",
                       "hostname":  "DC01",
                       "platform":  "Windows",
                       "source_type":  "PowerShell",
                       "channel":  "Microsoft-Windows-PowerShell/Operational",
                       "event_id":  4103,
                       "event_category":  "powershell_module_logging",
                       "provider":  "Microsoft-Windows-PowerShell",
                       "raw_message":  "CommandInvocation(Get-Date): \"Get-Date\"\r\n\r\n\r\nContext:\r\n        Severity = Informational\r\n        Host Name = ConsoleHost\r\n        Host Version = 5.1.20348.558\r\n        Host ID = 09ddc6a8-f7b9-4d2c-8d79-fe55fa60dfb7\r\n        Host Application = C:\\Windows\\System32\\WindowsPowerShell\\v1.0\\powershell.exe -ExecutionPolicy Bypass -File .\\2-powershell_logging_validation.ps1\r\n        Engine Version = 5.1.20348.558\r\n        Runspace ID = 27088b9b-a646-4de7-834a-2ce43101715d\r\n        Pipeline ID = 1\r\n        Command Name = Get-Date\r\n        Command Type = Cmdlet\r\n        Script Name = Z:\\blue_team\\2x02_eyes_on_endpoint\\2-powershell_logging_validation.ps1\r\n        Command Path = \r\n        Sequence Number = 68\r\n        User = MEDDEFENSE\\analyst\r\n        Connected User = \r\n        Shell ID = Microsoft.PowerShell\r\n\r\n\r\nUser Data:\r\n\r\n"
                   },
                   {
                       "timestamp":  "2026-08-08T12:08:56.6856763Z",
                       "hostname":  "DC01",
                       "platform":  "Windows",
                       "source_type":  "PowerShell",
                       "channel":  "Microsoft-Windows-PowerShell/Operational",
                       "event_id":  4103,
                       "event_category":  "powershell_module_logging",
                       "provider":  "Microsoft-Windows-PowerShell",
                       "raw_message":  "CommandInvocation(Get-WinEvent): \"Get-WinEvent\"\r\nParameterBinding(Get-WinEvent): name=\"FilterHashtable\"; value=\"System.Collections.Hashtable\"\r\nParameterBinding(Get-WinEvent): name=\"ErrorAction\"; value=\"SilentlyContinue\"\r\n\r\n\r\nContext:\r\n        Severity = Informational\r\n        Host Name = ConsoleHost\r\n        Host Version = 5.1.20348.558\r\n        Host ID = 09ddc6a8-f7b9-4d2c-8d79-fe55fa60dfb7\r\n        Host Application = C:\\Windows\\System32\\WindowsPowerShell\\v1.0\\powershell.exe -ExecutionPolicy Bypass -File .\\2-powershell_logging_validation.ps1\r\n        Engine Version = 5.1.20348.558\r\n        Runspace ID = 27088b9b-a646-4de7-834a-2ce43101715d\r\n        Pipeline ID = 1\r\n        Command Name = Get-WinEvent\r\n        Command Type = Cmdlet\r\n        Script Name = Z:\\blue_team\\2x02_eyes_on_endpoint\\2-powershell_logging_validation.ps1\r\n        Command Path = \r\n        Sequence Number = 70\r\n        User = MEDDEFENSE\\analyst\r\n        Connected User = \r\n        Shell ID = Microsoft.PowerShell\r\n\r\n\r\nUser Data:\r\n\r\n"
                   },
                   {
                       "timestamp":  "2026-08-08T12:08:57.2522947Z",
                       "hostname":  "DC01",
                       "platform":  "Windows",
                       "source_type":  "PowerShell",
                       "channel":  "Microsoft-Windows-PowerShell/Operational",
                       "event_id":  4103,
                       "event_category":  "powershell_module_logging",
                       "provider":  "Microsoft-Windows-PowerShell",
                       "raw_message":  "CommandInvocation(Start-Sleep): \"Start-Sleep\"\r\nParameterBinding(Start-Sleep): name=\"Milliseconds\"; value=\"750\"\r\n\r\n\r\nContext:\r\n        Severity = Informational\r\n        Host Name = ConsoleHost\r\n        Host Version = 5.1.20348.558\r\n        Host ID = 09ddc6a8-f7b9-4d2c-8d79-fe55fa60dfb7\r\n        Host Application = C:\\Windows\\System32\\WindowsPowerShell\\v1.0\\powershell.exe -ExecutionPolicy Bypass -File .\\2-powershell_logging_validation.ps1\r\n        Engine Version = 5.1.20348.558\r\n        Runspace ID = 27088b9b-a646-4de7-834a-2ce43101715d\r\n        Pipeline ID = 1\r\n        Command Name = Start-Sleep\r\n        Command Type = Cmdlet\r\n        Script Name = Z:\\blue_team\\2x02_eyes_on_endpoint\\2-powershell_logging_validation.ps1\r\n        Command Path = \r\n        Sequence Number = 72\r\n        User = MEDDEFENSE\\analyst\r\n        Connected User = \r\n        Shell ID = Microsoft.PowerShell\r\n\r\n\r\nUser Data:\r\n\r\n"
                   },
                   {
                       "timestamp":  "2026-08-08T12:08:57.2525590Z",
                       "hostname":  "DC01",
                       "platform":  "Windows",
                       "source_type":  "PowerShell",
                       "channel":  "Microsoft-Windows-PowerShell/Operational",
                       "event_id":  4103,
                       "event_category":  "powershell_module_logging",
                       "provider":  "Microsoft-Windows-PowerShell",
                       "raw_message":  "CommandInvocation(Get-Date): \"Get-Date\"\r\n\r\n\r\nContext:\r\n        Severity = Informational\r\n        Host Name = ConsoleHost\r\n        Host Version = 5.1.20348.558\r\n        Host ID = 09ddc6a8-f7b9-4d2c-8d79-fe55fa60dfb7\r\n        Host Application = C:\\Windows\\System32\\WindowsPowerShell\\v1.0\\powershell.exe -ExecutionPolicy Bypass -File .\\2-powershell_logging_validation.ps1\r\n        Engine Version = 5.1.20348.558\r\n        Runspace ID = 27088b9b-a646-4de7-834a-2ce43101715d\r\n        Pipeline ID = 1\r\n        Command Name = Get-Date\r\n        Command Type = Cmdlet\r\n        Script Name = Z:\\blue_team\\2x02_eyes_on_endpoint\\2-powershell_logging_validation.ps1\r\n        Command Path = \r\n        Sequence Number = 74\r\n        User = MEDDEFENSE\\analyst\r\n        Connected User = \r\n        Shell ID = Microsoft.PowerShell\r\n\r\n\r\nUser Data:\r\n\r\n"
                   },
                   {
                       "timestamp":  "2026-08-08T12:08:57.3029774Z",
                       "hostname":  "DC01",
                       "platform":  "Windows",
                       "source_type":  "PowerShell",
                       "channel":  "Microsoft-Windows-PowerShell/Operational",
                       "event_id":  4103,
                       "event_category":  "powershell_module_logging",
                       "provider":  "Microsoft-Windows-PowerShell",
                       "raw_message":  "CommandInvocation(Get-WinEvent): \"Get-WinEvent\"\r\nParameterBinding(Get-WinEvent): name=\"FilterHashtable\"; value=\"System.Collections.Hashtable\"\r\nParameterBinding(Get-WinEvent): name=\"ErrorAction\"; value=\"SilentlyContinue\"\r\n\r\n\r\nContext:\r\n        Severity = Informational\r\n        Host Name = ConsoleHost\r\n        Host Version = 5.1.20348.558\r\n        Host ID = 09ddc6a8-f7b9-4d2c-8d79-fe55fa60dfb7\r\n        Host Application = C:\\Windows\\System32\\WindowsPowerShell\\v1.0\\powershell.exe -ExecutionPolicy Bypass -File .\\2-powershell_logging_validation.ps1\r\n        Engine Version = 5.1.20348.558\r\n        Runspace ID = 27088b9b-a646-4de7-834a-2ce43101715d\r\n        Pipeline ID = 1\r\n        Command Name = Get-WinEvent\r\n        Command Type = Cmdlet\r\n        Script Name = Z:\\blue_team\\2x02_eyes_on_endpoint\\2-powershell_logging_validation.ps1\r\n        Command Path = \r\n        Sequence Number = 76\r\n        User = MEDDEFENSE\\analyst\r\n        Connected User = \r\n        Shell ID = Microsoft.PowerShell\r\n\r\n\r\nUser Data:\r\n\r\n"
                   },
                   {
                       "timestamp":  "2026-08-08T12:08:57.3139130Z",
                       "hostname":  "DC01",
                       "platform":  "Windows",
                       "source_type":  "PowerShell",
                       "channel":  "Microsoft-Windows-PowerShell/Operational",
                       "event_id":  4103,
                       "event_category":  "powershell_module_logging",
                       "provider":  "Microsoft-Windows-PowerShell",
                       "raw_message":  "CommandInvocation(Write-Host): \"Write-Host\"\r\nParameterBinding(Write-Host): name=\"Object\"; value=\"          EID 4104: \"Write-Host `\"Test`\"\" decoded content captured - full content [PASS]\"\r\n\r\n\r\nContext:\r\n        Severity = Informational\r\n        Host Name = ConsoleHost\r\n        Host Version = 5.1.20348.558\r\n        Host ID = 09ddc6a8-f7b9-4d2c-8d79-fe55fa60dfb7\r\n        Host Application = C:\\Windows\\System32\\WindowsPowerShell\\v1.0\\powershell.exe -ExecutionPolicy Bypass -File .\\2-powershell_logging_validation.ps1\r\n        Engine Version = 5.1.20348.558\r\n        Runspace ID = 27088b9b-a646-4de7-834a-2ce43101715d\r\n        Pipeline ID = 1\r\n        Command Name = Write-Host\r\n        Command Type = Cmdlet\r\n        Script Name = Z:\\blue_team\\2x02_eyes_on_endpoint\\2-powershell_logging_validation.ps1\r\n        Command Path = \r\n        Sequence Number = 78\r\n        User = MEDDEFENSE\\analyst\r\n        Connected User = \r\n        Shell ID = Microsoft.PowerShell\r\n\r\n\r\nUser Data:\r\n\r\n"
                   },
                   {
                       "timestamp":  "2026-08-08T12:08:57.3194542Z",
                       "hostname":  "DC01",
                       "platform":  "Windows",
                       "source_type":  "PowerShell",
                       "channel":  "Microsoft-Windows-PowerShell/Operational",
                       "event_id":  4103,
                       "event_category":  "powershell_module_logging",
                       "provider":  "Microsoft-Windows-PowerShell",
                       "raw_message":  "CommandInvocation(Write-Host): \"Write-Host\"\r\nParameterBinding(Write-Host): name=\"Object\"; value=\"\"\r\n\r\n\r\nContext:\r\n        Severity = Informational\r\n        Host Name = ConsoleHost\r\n        Host Version = 5.1.20348.558\r\n        Host ID = 09ddc6a8-f7b9-4d2c-8d79-fe55fa60dfb7\r\n        Host Application = C:\\Windows\\System32\\WindowsPowerShell\\v1.0\\powershell.exe -ExecutionPolicy Bypass -File .\\2-powershell_logging_validation.ps1\r\n        Engine Version = 5.1.20348.558\r\n        Runspace ID = 27088b9b-a646-4de7-834a-2ce43101715d\r\n        Pipeline ID = 1\r\n        Command Name = Write-Host\r\n        Command Type = Cmdlet\r\n        Script Name = Z:\\blue_team\\2x02_eyes_on_endpoint\\2-powershell_logging_validation.ps1\r\n        Command Path = \r\n        Sequence Number = 80\r\n        User = MEDDEFENSE\\analyst\r\n        Connected User = \r\n        Shell ID = Microsoft.PowerShell\r\n\r\n\r\nUser Data:\r\n\r\n"
                   },
                   {
                       "timestamp":  "2026-08-08T12:08:57.3338124Z",
                       "hostname":  "DC01",
                       "platform":  "Windows",
                       "source_type":  "PowerShell",
                       "channel":  "Microsoft-Windows-PowerShell/Operational",
                       "event_id":  4103,
                       "event_category":  "powershell_module_logging",
                       "provider":  "Microsoft-Windows-PowerShell",
                       "raw_message":  "CommandInvocation(Write-Host): \"Write-Host\"\r\nParameterBinding(Write-Host): name=\"Object\"; value=\"    [3/5] Module import (Import-Module ActiveDirectory)...\"\r\n\r\n\r\nContext:\r\n        Severity = Informational\r\n        Host Name = ConsoleHost\r\n        Host Version = 5.1.20348.558\r\n        Host ID = 09ddc6a8-f7b9-4d2c-8d79-fe55fa60dfb7\r\n        Host Application = C:\\Windows\\System32\\WindowsPowerShell\\v1.0\\powershell.exe -ExecutionPolicy Bypass -File .\\2-powershell_logging_validation.ps1\r\n        Engine Version = 5.1.20348.558\r\n        Runspace ID = 27088b9b-a646-4de7-834a-2ce43101715d\r\n        Pipeline ID = 1\r\n        Command Name = Write-Host\r\n        Command Type = Cmdlet\r\n        Script Name = Z:\\blue_team\\2x02_eyes_on_endpoint\\2-powershell_logging_validation.ps1\r\n        Command Path = \r\n        Sequence Number = 82\r\n        User = MEDDEFENSE\\analyst\r\n        Connected User = \r\n        Shell ID = Microsoft.PowerShell\r\n\r\n\r\nUser Data:\r\n\r\n"
                   },
                   {
                       "timestamp":  "2026-08-08T12:08:57.3343250Z",
                       "hostname":  "DC01",
                       "platform":  "Windows",
                       "source_type":  "PowerShell",
                       "channel":  "Microsoft-Windows-PowerShell/Operational",
                       "event_id":  4103,
                       "event_category":  "powershell_module_logging",
                       "provider":  "Microsoft-Windows-PowerShell",
                       "raw_message":  "CommandInvocation(Get-Date): \"Get-Date\"\r\n\r\n\r\nContext:\r\n        Severity = Informational\r\n        Host Name = ConsoleHost\r\n        Host Version = 5.1.20348.558\r\n        Host ID = 09ddc6a8-f7b9-4d2c-8d79-fe55fa60dfb7\r\n        Host Application = C:\\Windows\\System32\\WindowsPowerShell\\v1.0\\powershell.exe -ExecutionPolicy Bypass -File .\\2-powershell_logging_validation.ps1\r\n        Engine Version = 5.1.20348.558\r\n        Runspace ID = 27088b9b-a646-4de7-834a-2ce43101715d\r\n        Pipeline ID = 1\r\n        Command Name = Get-Date\r\n        Command Type = Cmdlet\r\n        Script Name = Z:\\blue_team\\2x02_eyes_on_endpoint\\2-powershell_logging_validation.ps1\r\n        Command Path = \r\n        Sequence Number = 84\r\n        User = MEDDEFENSE\\analyst\r\n        Connected User = \r\n        Shell ID = Microsoft.PowerShell\r\n\r\n\r\nUser Data:\r\n\r\n"
                   },
                   {
                       "timestamp":  "2026-08-08T12:08:57.3465164Z",
                       "hostname":  "DC01",
                       "platform":  "Windows",
                       "source_type":  "PowerShell",
                       "channel":  "Microsoft-Windows-PowerShell/Operational",
                       "event_id":  4103,
                       "event_category":  "powershell_module_logging",
                       "provider":  "Microsoft-Windows-PowerShell",
                       "raw_message":  "CommandInvocation(Write-Host): \"Write-Host\"\r\nParameterBinding(Write-Host): name=\"Object\"; value=\"          timestamp: 2026-08-08 14:08:57\"\r\n\r\n\r\nContext:\r\n        Severity = Informational\r\n        Host Name = ConsoleHost\r\n        Host Version = 5.1.20348.558\r\n        Host ID = 09ddc6a8-f7b9-4d2c-8d79-fe55fa60dfb7\r\n        Host Application = C:\\Windows\\System32\\WindowsPowerShell\\v1.0\\powershell.exe -ExecutionPolicy Bypass -File .\\2-powershell_logging_validation.ps1\r\n        Engine Version = 5.1.20348.558\r\n        Runspace ID = 27088b9b-a646-4de7-834a-2ce43101715d\r\n        Pipeline ID = 1\r\n        Command Name = Write-Host\r\n        Command Type = Cmdlet\r\n        Script Name = Z:\\blue_team\\2x02_eyes_on_endpoint\\2-powershell_logging_validation.ps1\r\n        Command Path = \r\n        Sequence Number = 86\r\n        User = MEDDEFENSE\\analyst\r\n        Connected User = \r\n        Shell ID = Microsoft.PowerShell\r\n\r\n\r\nUser Data:\r\n\r\n"
                   },
                   {
                       "timestamp":  "2026-08-08T12:08:57.3703847Z",
                       "hostname":  "DC01",
                       "platform":  "Windows",
                       "source_type":  "Sysmon",
                       "channel":  "Microsoft-Windows-Sysmon/Operational",
                       "event_id":  1,
                       "event_category":  "process_creation",
                       "provider":  "Microsoft-Windows-Sysmon",
                       "raw_message":  "Process Create:\r\nRuleName: MedDefense Rule 3 - Encoded PowerShell\r\nUtcTime: 2026-08-08 12:08:57.351\r\nProcessGuid: {62784320-1c59-6a77-f000-000000001300}\r\nProcessId: 1392\r\nImage: C:\\Windows\\System32\\WindowsPowerShell\\v1.0\\powershell.exe\r\nFileVersion: 10.0.20348.1 (WinBuild.160101.0800)\r\nDescription: Windows PowerShell\r\nProduct: Microsoft® Windows® Operating System\r\nCompany: Microsoft Corporation\r\nOriginalFileName: PowerShell.EXE\r\nCommandLine: \"C:\\Windows\\System32\\WindowsPowerShell\\v1.0\\powershell.exe\" -NoProfile -NonInteractive -EncodedCommand SQBtAHAAbwByAHQALQBNAG8AZAB1AGwAZQAgAEEAYwB0AGkAdgBlAEQAaQByAGUAYwB0AG8AcgB5AAoAJABuAHUAbABsACAAPQAgAEcAZQB0AC0AQQBEAEQAbwBtAGEAaQBuAAoAVwByAGkAdABlAC0ATwB1AHQAcAB1AHQAIAAiAE0ARQBEAEQARQBGAEUATgBTAEUAXwBNAE8ARABVAEwARQBfADkAOQA1ADEAMwAxADIAMQA5AGEAMQA3ADQANABjAGMAOAA0AGMAYwA4ADMAMgAzAGYAYQA3AGUAYwBlADAAOQAiAA==\r\nCurrentDirectory: Z:\\blue_team\\2x02_eyes_on_endpoint\\\r\nUser: MEDDEFENSE\\analyst\r\nLogonGuid: {62784320-16d5-6a77-5672-060000000000}\r\nLogonId: 0x67256\r\nTerminalSessionId: 1\r\nIntegrityLevel: High\r\nHashes: MD5=2E0CCB27064856E3D55017FA2D33A7B9,SHA256=1C84C8632C5269F24876ED9F49FA810B49F77E1E92E8918FC164C34B020F9A94,IMPHASH=BF7A6E7A62C3F5B2E8E069438AC1DD3D\r\nParentProcessGuid: {62784320-1c55-6a77-ed00-000000001300}\r\nParentProcessId: 2304\r\nParentImage: C:\\Windows\\System32\\WindowsPowerShell\\v1.0\\powershell.exe\r\nParentCommandLine: \"C:\\Windows\\System32\\WindowsPowerShell\\v1.0\\powershell.exe\" -ExecutionPolicy Bypass -File .\\2-powershell_logging_validation.ps1\r\nParentUser: MEDDEFENSE\\analyst",
                       "image":  "C:\\Windows\\System32\\WindowsPowerShell\\v1.0\\powershell.exe",
                       "command_line":  "\"C:\\Windows\\System32\\WindowsPowerShell\\v1.0\\powershell.exe\" -NoProfile -NonInteractive -EncodedCommand SQBtAHAAbwByAHQALQBNAG8AZAB1AGwAZQAgAEEAYwB0AGkAdgBlAEQAaQByAGUAYwB0AG8AcgB5AAoAJABuAHUAbABsACAAPQAgAEcAZQB0AC0AQQBEAEQAbwBtAGEAaQBuAAoAVwByAGkAdABlAC0ATwB1AHQAcAB1AHQAIAAiAE0ARQBEAEQARQBGAEUATgBTAEUAXwBNAE8ARABVAEwARQBfADkAOQA1ADEAMwAxADIAMQA5AGEAMQA3ADQANABjAGMAOAA0AGMAYwA4ADMAMgAzAGYAYQA3AGUAYwBlADAAOQAiAA==",
                       "parent_image":  "C:\\Windows\\System32\\WindowsPowerShell\\v1.0\\powershell.exe",
                       "hashes":  "MD5=2E0CCB27064856E3D55017FA2D33A7B9,SHA256=1C84C8632C5269F24876ED9F49FA810B49F77E1E92E8918FC164C34B020F9A94,IMPHASH=BF7A6E7A62C3F5B2E8E069438AC1DD3D"
                   },
                   {
                       "timestamp":  "2026-08-08T12:08:57.4785700Z",
                       "hostname":  "DC01",
                       "platform":  "Windows",
                       "source_type":  "PowerShell",
                       "channel":  "Microsoft-Windows-PowerShell/Operational",
                       "event_id":  40961,
                       "event_category":  "powershell",
                       "provider":  "Microsoft-Windows-PowerShell",
                       "raw_message":  "PowerShell console is starting up"
                   },
                   {
                       "timestamp":  "2026-08-08T12:08:57.5631055Z",
                       "hostname":  "DC01",
                       "platform":  "Windows",
                       "source_type":  "Sysmon",
                       "channel":  "Microsoft-Windows-Sysmon/Operational",
                       "event_id":  11,
                       "event_category":  "file_creation",
                       "provider":  "Microsoft-Windows-Sysmon",
                       "raw_message":  "File created:\r\nRuleName: -\r\nUtcTime: 2026-08-08 12:08:57.551\r\nProcessGuid: {62784320-1c59-6a77-f000-000000001300}\r\nProcessId: 1392\r\nImage: C:\\Windows\\System32\\WindowsPowerShell\\v1.0\\powershell.exe\r\nTargetFilename: C:\\Users\\analyst\\AppData\\Local\\Temp\\__PSScriptPolicyTest_5rwtdjqn.ce1.ps1\r\nCreationUtcTime: 2026-08-08 12:08:57.551\r\nUser: MEDDEFENSE\\analyst",
                       "target_filename":  "C:\\Users\\analyst\\AppData\\Local\\Temp\\__PSScriptPolicyTest_5rwtdjqn.ce1.ps1",
                       "creating_process":  "C:\\Windows\\System32\\WindowsPowerShell\\v1.0\\powershell.exe"
                   },
                   {
                       "timestamp":  "2026-08-08T12:08:57.6390651Z",
                       "hostname":  "DC01",
                       "platform":  "Windows",
                       "source_type":  "PowerShell",
                       "channel":  "Microsoft-Windows-PowerShell/Operational",
                       "event_id":  53504,
                       "event_category":  "powershell",
                       "provider":  "Microsoft-Windows-PowerShell",
                       "raw_message":  "Windows PowerShell has started an IPC listening thread on process: 1392 in AppDomain: DefaultAppDomain."
                   },
                   {
                       "timestamp":  "2026-08-08T12:08:57.7373212Z",
                       "hostname":  "DC01",
                       "platform":  "Windows",
                       "source_type":  "PowerShell",
                       "channel":  "Microsoft-Windows-PowerShell/Operational",
                       "event_id":  40962,
                       "event_category":  "powershell",
                       "provider":  "Microsoft-Windows-PowerShell",
                       "raw_message":  "PowerShell console is ready for user input"
                   },
                   {
                       "timestamp":  "2026-08-08T12:08:57.7927990Z",
                       "hostname":  "DC01",
                       "platform":  "Windows",
                       "source_type":  "PowerShell",
                       "channel":  "Microsoft-Windows-PowerShell/Operational",
                       "event_id":  4104,
                       "event_category":  "powershell_script_block",
                       "provider":  "Microsoft-Windows-PowerShell",
                       "raw_message":  "Creating Scriptblock text (1 of 1):\r\nImport-Module ActiveDirectory\n$null = Get-ADDomain\nWrite-Output \"MEDDEFENSE_MODULE_995131219a1744cc84cc8323fa7ece09\"\r\n\r\nScriptBlock ID: 3aafd137-5e40-4f77-8ba7-b08dda200216\r\nPath: ",
                       "script_block_text":  "Import-Module ActiveDirectory\n$null = Get-ADDomain\nWrite-Output \"MEDDEFENSE_MODULE_995131219a1744cc84cc8323fa7ece09\"",
                       "script_block_decoded":  true
                   },
                   {
                       "timestamp":  "2026-08-08T12:08:58.2036776Z",
                       "hostname":  "DC01",
                       "platform":  "Windows",
                       "source_type":  "PowerShell",
                       "channel":  "Microsoft-Windows-PowerShell/Operational",
                       "event_id":  4103,
                       "event_category":  "powershell_module_logging",
                       "provider":  "Microsoft-Windows-PowerShell",
                       "raw_message":  "CommandInvocation(Import-Module): \"Import-Module\"\r\nParameterBinding(Import-Module): name=\"Name\"; value=\"ActiveDirectory\"\r\n\r\n\r\nContext:\r\n        Severity = Informational\r\n        Host Name = ConsoleHost\r\n        Host Version = 5.1.20348.558\r\n        Host ID = 6b139b33-8b4f-4b92-9fc5-dfb33cd72b24\r\n        Host Application = C:\\Windows\\System32\\WindowsPowerShell\\v1.0\\powershell.exe -NoProfile -NonInteractive -EncodedCommand SQBtAHAAbwByAHQALQBNAG8AZAB1AGwAZQAgAEEAYwB0AGkAdgBlAEQAaQByAGUAYwB0AG8AcgB5AAoAJABuAHUAbABsACAAPQAgAEcAZQB0AC0AQQBEAEQAbwBtAGEAaQBuAAoAVwByAGkAdABlAC0ATwB1AHQAcAB1AHQAIAAiAE0ARQBEAEQARQBGAEUATgBTAEUAXwBNAE8ARABVAEwARQBfADkAOQA1ADEAMwAxADIAMQA5AGEAMQA3ADQANABjAGMAOAA0AGMAYwA4ADMAMgAzAGYAYQA3AGUAYwBlADAAOQAiAA==\r\n        Engine Version = 5.1.20348.558\r\n        Runspace ID = 0f2815e6-a7ae-49e7-bbe6-7eae88a95558\r\n        Pipeline ID = 1\r\n        Command Name = Import-Module\r\n        Command Type = Cmdlet\r\n        Script Name = \r\n        Command Path = \r\n        Sequence Number = 18\r\n        User = MEDDEFENSE\\analyst\r\n        Connected User = \r\n        Shell ID = Microsoft.PowerShell\r\n\r\n\r\nUser Data:\r\n\r\n"
                   },
                   {
                       "timestamp":  "2026-08-08T12:08:58.4085847Z",
                       "hostname":  "DC01",
                       "platform":  "Windows",
                       "source_type":  "PowerShell",
                       "channel":  "Microsoft-Windows-PowerShell/Operational",
                       "event_id":  4103,
                       "event_category":  "powershell_module_logging",
                       "provider":  "Microsoft-Windows-PowerShell",
                       "raw_message":  "CommandInvocation(Get-ADDomain): \"Get-ADDomain\"\r\n\r\n\r\nContext:\r\n        Severity = Informational\r\n        Host Name = ConsoleHost\r\n        Host Version = 5.1.20348.558\r\n        Host ID = 6b139b33-8b4f-4b92-9fc5-dfb33cd72b24\r\n        Host Application = C:\\Windows\\System32\\WindowsPowerShell\\v1.0\\powershell.exe -NoProfile -NonInteractive -EncodedCommand SQBtAHAAbwByAHQALQBNAG8AZAB1AGwAZQAgAEEAYwB0AGkAdgBlAEQAaQByAGUAYwB0AG8AcgB5AAoAJABuAHUAbABsACAAPQAgAEcAZQB0AC0AQQBEAEQAbwBtAGEAaQBuAAoAVwByAGkAdABlAC0ATwB1AHQAcAB1AHQAIAAiAE0ARQBEAEQARQBGAEUATgBTAEUAXwBNAE8ARABVAEwARQBfADkAOQA1ADEAMwAxADIAMQA5AGEAMQA3ADQANABjAGMAOAA0AGMAYwA4ADMAMgAzAGYAYQA3AGUAYwBlADAAOQAiAA==\r\n        Engine Version = 5.1.20348.558\r\n        Runspace ID = 0f2815e6-a7ae-49e7-bbe6-7eae88a95558\r\n        Pipeline ID = 1\r\n        Command Name = Get-ADDomain\r\n        Command Type = Cmdlet\r\n        Script Name = \r\n        Command Path = \r\n        Sequence Number = 20\r\n        User = MEDDEFENSE\\analyst\r\n        Connected User = \r\n        Shell ID = Microsoft.PowerShell\r\n\r\n\r\nUser Data:\r\n\r\n"
                   },
                   {
                       "timestamp":  "2026-08-08T12:08:58.4826328Z",
                       "hostname":  "DC01",
                       "platform":  "Windows",
                       "source_type":  "PowerShell",
                       "channel":  "Microsoft-Windows-PowerShell/Operational",
                       "event_id":  4103,
                       "event_category":  "powershell_module_logging",
                       "provider":  "Microsoft-Windows-PowerShell",
                       "raw_message":  "CommandInvocation(Write-Output): \"Write-Output\"\r\nParameterBinding(Write-Output): name=\"InputObject\"; value=\"MEDDEFENSE_MODULE_995131219a1744cc84cc8323fa7ece09\"\r\n\r\n\r\nContext:\r\n        Severity = Informational\r\n        Host Name = ConsoleHost\r\n        Host Version = 5.1.20348.558\r\n        Host ID = 6b139b33-8b4f-4b92-9fc5-dfb33cd72b24\r\n        Host Application = C:\\Windows\\System32\\WindowsPowerShell\\v1.0\\powershell.exe -NoProfile -NonInteractive -EncodedCommand SQBtAHAAbwByAHQALQBNAG8AZAB1AGwAZQAgAEEAYwB0AGkAdgBlAEQAaQByAGUAYwB0AG8AcgB5AAoAJABuAHUAbABsACAAPQAgAEcAZQB0AC0AQQBEAEQAbwBtAGEAaQBuAAoAVwByAGkAdABlAC0ATwB1AHQAcAB1AHQAIAAiAE0ARQBEAEQARQBGAEUATgBTAEUAXwBNAE8ARABVAEwARQBfADkAOQA1ADEAMwAxADIAMQA5AGEAMQA3ADQANABjAGMAOAA0AGMAYwA4ADMAMgAzAGYAYQA3AGUAYwBlADAAOQAiAA==\r\n        Engine Version = 5.1.20348.558\r\n        Runspace ID = 0f2815e6-a7ae-49e7-bbe6-7eae88a95558\r\n        Pipeline ID = 1\r\n        Command Name = Write-Output\r\n        Command Type = Cmdlet\r\n        Script Name = \r\n        Command Path = \r\n        Sequence Number = 22\r\n        User = MEDDEFENSE\\analyst\r\n        Connected User = \r\n        Shell ID = Microsoft.PowerShell\r\n\r\n\r\nUser Data:\r\n\r\n"
                   },
                   {
                       "timestamp":  "2026-08-08T12:08:58.4830781Z",
                       "hostname":  "DC01",
                       "platform":  "Windows",
                       "source_type":  "PowerShell",
                       "channel":  "Microsoft-Windows-PowerShell/Operational",
                       "event_id":  4103,
                       "event_category":  "powershell_module_logging",
                       "provider":  "Microsoft-Windows-PowerShell",
                       "raw_message":  "CommandInvocation(Out-Default): \"Out-Default\"\r\nParameterBinding(Out-Default): name=\"InputObject\"; value=\"MEDDEFENSE_MODULE_995131219a1744cc84cc8323fa7ece09\"\r\n\r\n\r\nContext:\r\n        Severity = Informational\r\n        Host Name = ConsoleHost\r\n        Host Version = 5.1.20348.558\r\n        Host ID = 6b139b33-8b4f-4b92-9fc5-dfb33cd72b24\r\n        Host Application = C:\\Windows\\System32\\WindowsPowerShell\\v1.0\\powershell.exe -NoProfile -NonInteractive -EncodedCommand SQBtAHAAbwByAHQALQBNAG8AZAB1AGwAZQAgAEEAYwB0AGkAdgBlAEQAaQByAGUAYwB0AG8AcgB5AAoAJABuAHUAbABsACAAPQAgAEcAZQB0AC0AQQBEAEQAbwBtAGEAaQBuAAoAVwByAGkAdABlAC0ATwB1AHQAcAB1AHQAIAAiAE0ARQBEAEQARQBGAEUATgBTAEUAXwBNAE8ARABVAEwARQBfADkAOQA1ADEAMwAxADIAMQA5AGEAMQA3ADQANABjAGMAOAA0AGMAYwA4ADMAMgAzAGYAYQA3AGUAYwBlADAAOQAiAA==\r\n        Engine Version = 5.1.20348.558\r\n        Runspace ID = 0f2815e6-a7ae-49e7-bbe6-7eae88a95558\r\n        Pipeline ID = 1\r\n        Command Name = \r\n        Command Type = Script\r\n        Script Name = \r\n        Command Path = \r\n        Sequence Number = 24\r\n        User = MEDDEFENSE\\analyst\r\n        Connected User = \r\n        Shell ID = Microsoft.PowerShell\r\n\r\n\r\nUser Data:\r\n\r\n"
                   },
                   {
                       "timestamp":  "2026-08-08T12:08:58.4880230Z",
                       "hostname":  "DC01",
                       "platform":  "Windows",
                       "source_type":  "PowerShell",
                       "channel":  "Microsoft-Windows-PowerShell/Operational",
                       "event_id":  4104,
                       "event_category":  "powershell_script_block",
                       "provider":  "Microsoft-Windows-PowerShell",
                       "raw_message":  "Creating Scriptblock text (1 of 1):\r\n$global:?\r\n\r\nScriptBlock ID: 0fb658f5-7aff-4929-bb77-e08cc3f19e11\r\nPath: ",
                       "script_block_text":  "$global:?",
                       "script_block_decoded":  true
                   },
                   {
                       "timestamp":  "2026-08-08T12:08:58.6872693Z",
                       "hostname":  "DC01",
                       "platform":  "Windows",
                       "source_type":  "Sysmon",
                       "channel":  "Microsoft-Windows-Sysmon/Operational",
                       "event_id":  22,
                       "event_category":  "dns_query",
                       "provider":  "Microsoft-Windows-Sysmon",
                       "raw_message":  "Dns query:\r\nRuleName: -\r\nUtcTime: 2026-08-08 12:09:41.566\r\nProcessGuid: {62784320-1c59-6a77-f000-000000001300}\r\nProcessId: 1392\r\nQueryName: dc01.meddefense.local\r\nQueryStatus: 0\r\nQueryResults: fe80::590c:793e:9ffd:17e7;::ffff:10.10.3.10;\r\nImage: \u003cunknown process\u003e\r\nUser: MEDDEFENSE\\analyst",
                       "query_name":  "dc01.meddefense.local",
                       "query_results":  "fe80::590c:793e:9ffd:17e7;::ffff:10.10.3.10;"
                   },
                   {
                       "timestamp":  "2026-08-08T12:09:00.0663112Z",
                       "hostname":  "DC01",
                       "platform":  "Windows",
                       "source_type":  "PowerShell",
                       "channel":  "Microsoft-Windows-PowerShell/Operational",
                       "event_id":  4103,
                       "event_category":  "powershell_module_logging",
                       "provider":  "Microsoft-Windows-PowerShell",
                       "raw_message":  "CommandInvocation(Get-Date): \"Get-Date\"\r\n\r\n\r\nContext:\r\n        Severity = Informational\r\n        Host Name = ConsoleHost\r\n        Host Version = 5.1.20348.558\r\n        Host ID = 09ddc6a8-f7b9-4d2c-8d79-fe55fa60dfb7\r\n        Host Application = C:\\Windows\\System32\\WindowsPowerShell\\v1.0\\powershell.exe -ExecutionPolicy Bypass -File .\\2-powershell_logging_validation.ps1\r\n        Engine Version = 5.1.20348.558\r\n        Runspace ID = 27088b9b-a646-4de7-834a-2ce43101715d\r\n        Pipeline ID = 1\r\n        Command Name = Get-Date\r\n        Command Type = Cmdlet\r\n        Script Name = Z:\\blue_team\\2x02_eyes_on_endpoint\\2-powershell_logging_validation.ps1\r\n        Command Path = \r\n        Sequence Number = 88\r\n        User = MEDDEFENSE\\analyst\r\n        Connected User = \r\n        Shell ID = Microsoft.PowerShell\r\n\r\n\r\nUser Data:\r\n\r\n"
                   },
                   {
                       "timestamp":  "2026-08-08T12:09:00.1270833Z",
                       "hostname":  "DC01",
                       "platform":  "Windows",
                       "source_type":  "PowerShell",
                       "channel":  "Microsoft-Windows-PowerShell/Operational",
                       "event_id":  4103,
                       "event_category":  "powershell_module_logging",
                       "provider":  "Microsoft-Windows-PowerShell",
                       "raw_message":  "CommandInvocation(Get-WinEvent): \"Get-WinEvent\"\r\nParameterBinding(Get-WinEvent): name=\"FilterHashtable\"; value=\"System.Collections.Hashtable\"\r\nParameterBinding(Get-WinEvent): name=\"ErrorAction\"; value=\"SilentlyContinue\"\r\n\r\n\r\nContext:\r\n        Severity = Informational\r\n        Host Name = ConsoleHost\r\n        Host Version = 5.1.20348.558\r\n        Host ID = 09ddc6a8-f7b9-4d2c-8d79-fe55fa60dfb7\r\n        Host Application = C:\\Windows\\System32\\WindowsPowerShell\\v1.0\\powershell.exe -ExecutionPolicy Bypass -File .\\2-powershell_logging_validation.ps1\r\n        Engine Version = 5.1.20348.558\r\n        Runspace ID = 27088b9b-a646-4de7-834a-2ce43101715d\r\n        Pipeline ID = 1\r\n        Command Name = Get-WinEvent\r\n        Command Type = Cmdlet\r\n        Script Name = Z:\\blue_team\\2x02_eyes_on_endpoint\\2-powershell_logging_validation.ps1\r\n        Command Path = \r\n        Sequence Number = 90\r\n        User = MEDDEFENSE\\analyst\r\n        Connected User = \r\n        Shell ID = Microsoft.PowerShell\r\n\r\n\r\nUser Data:\r\n\r\n"
                   },
                   {
                       "timestamp":  "2026-08-08T12:09:00.1500793Z",
                       "hostname":  "DC01",
                       "platform":  "Windows",
                       "source_type":  "PowerShell",
                       "channel":  "Microsoft-Windows-PowerShell/Operational",
                       "event_id":  4103,
                       "event_category":  "powershell_module_logging",
                       "provider":  "Microsoft-Windows-PowerShell",
                       "raw_message":  "CommandInvocation(Write-Host): \"Write-Host\"\r\nParameterBinding(Write-Host): name=\"Object\"; value=\"          EID 4103: \"Import-Module ActiveDirectory\" captured - full detail [PASS]\"\r\n\r\n\r\nContext:\r\n        Severity = Informational\r\n        Host Name = ConsoleHost\r\n        Host Version = 5.1.20348.558\r\n        Host ID = 09ddc6a8-f7b9-4d2c-8d79-fe55fa60dfb7\r\n        Host Application = C:\\Windows\\System32\\WindowsPowerShell\\v1.0\\powershell.exe -ExecutionPolicy Bypass -File .\\2-powershell_logging_validation.ps1\r\n        Engine Version = 5.1.20348.558\r\n        Runspace ID = 27088b9b-a646-4de7-834a-2ce43101715d\r\n        Pipeline ID = 1\r\n        Command Name = Write-Host\r\n        Command Type = Cmdlet\r\n        Script Name = Z:\\blue_team\\2x02_eyes_on_endpoint\\2-powershell_logging_validation.ps1\r\n        Command Path = \r\n        Sequence Number = 92\r\n        User = MEDDEFENSE\\analyst\r\n        Connected User = \r\n        Shell ID = Microsoft.PowerShell\r\n\r\n\r\nUser Data:\r\n\r\n"
                   },
                   {
                       "timestamp":  "2026-08-08T12:09:00.1559436Z",
                       "hostname":  "DC01",
                       "platform":  "Windows",
                       "source_type":  "PowerShell",
                       "channel":  "Microsoft-Windows-PowerShell/Operational",
                       "event_id":  4103,
                       "event_category":  "powershell_module_logging",
                       "provider":  "Microsoft-Windows-PowerShell",
                       "raw_message":  "CommandInvocation(Write-Host): \"Write-Host\"\r\nParameterBinding(Write-Host): name=\"Object\"; value=\"\"\r\n\r\n\r\nContext:\r\n        Severity = Informational\r\n        Host Name = ConsoleHost\r\n        Host Version = 5.1.20348.558\r\n        Host ID = 09ddc6a8-f7b9-4d2c-8d79-fe55fa60dfb7\r\n        Host Application = C:\\Windows\\System32\\WindowsPowerShell\\v1.0\\powershell.exe -ExecutionPolicy Bypass -File .\\2-powershell_logging_validation.ps1\r\n        Engine Version = 5.1.20348.558\r\n        Runspace ID = 27088b9b-a646-4de7-834a-2ce43101715d\r\n        Pipeline ID = 1\r\n        Command Name = Write-Host\r\n        Command Type = Cmdlet\r\n        Script Name = Z:\\blue_team\\2x02_eyes_on_endpoint\\2-powershell_logging_validation.ps1\r\n        Command Path = \r\n        Sequence Number = 94\r\n        User = MEDDEFENSE\\analyst\r\n        Connected User = \r\n        Shell ID = Microsoft.PowerShell\r\n\r\n\r\nUser Data:\r\n\r\n"
                   },
                   {
                       "timestamp":  "2026-08-08T12:09:00.1692424Z",
                       "hostname":  "DC01",
                       "platform":  "Windows",
                       "source_type":  "PowerShell",
                       "channel":  "Microsoft-Windows-PowerShell/Operational",
                       "event_id":  4103,
                       "event_category":  "powershell_module_logging",
                       "provider":  "Microsoft-Windows-PowerShell",
                       "raw_message":  "CommandInvocation(Write-Host): \"Write-Host\"\r\nParameterBinding(Write-Host): name=\"Object\"; value=\"    [4/5] Multi-line script block...\"\r\n\r\n\r\nContext:\r\n        Severity = Informational\r\n        Host Name = ConsoleHost\r\n        Host Version = 5.1.20348.558\r\n        Host ID = 09ddc6a8-f7b9-4d2c-8d79-fe55fa60dfb7\r\n        Host Application = C:\\Windows\\System32\\WindowsPowerShell\\v1.0\\powershell.exe -ExecutionPolicy Bypass -File .\\2-powershell_logging_validation.ps1\r\n        Engine Version = 5.1.20348.558\r\n        Runspace ID = 27088b9b-a646-4de7-834a-2ce43101715d\r\n        Pipeline ID = 1\r\n        Command Name = Write-Host\r\n        Command Type = Cmdlet\r\n        Script Name = Z:\\blue_team\\2x02_eyes_on_endpoint\\2-powershell_logging_validation.ps1\r\n        Command Path = \r\n        Sequence Number = 96\r\n        User = MEDDEFENSE\\analyst\r\n        Connected User = \r\n        Shell ID = Microsoft.PowerShell\r\n\r\n\r\nUser Data:\r\n\r\n"
                   },
                   {
                       "timestamp":  "2026-08-08T12:09:00.1698543Z",
                       "hostname":  "DC01",
                       "platform":  "Windows",
                       "source_type":  "PowerShell",
                       "channel":  "Microsoft-Windows-PowerShell/Operational",
                       "event_id":  4103,
                       "event_category":  "powershell_module_logging",
                       "provider":  "Microsoft-Windows-PowerShell",
                       "raw_message":  "CommandInvocation(Get-Date): \"Get-Date\"\r\n\r\n\r\nContext:\r\n        Severity = Informational\r\n        Host Name = ConsoleHost\r\n        Host Version = 5.1.20348.558\r\n        Host ID = 09ddc6a8-f7b9-4d2c-8d79-fe55fa60dfb7\r\n        Host Application = C:\\Windows\\System32\\WindowsPowerShell\\v1.0\\powershell.exe -ExecutionPolicy Bypass -File .\\2-powershell_logging_validation.ps1\r\n        Engine Version = 5.1.20348.558\r\n        Runspace ID = 27088b9b-a646-4de7-834a-2ce43101715d\r\n        Pipeline ID = 1\r\n        Command Name = Get-Date\r\n        Command Type = Cmdlet\r\n        Script Name = Z:\\blue_team\\2x02_eyes_on_endpoint\\2-powershell_logging_validation.ps1\r\n        Command Path = \r\n        Sequence Number = 98\r\n        User = MEDDEFENSE\\analyst\r\n        Connected User = \r\n        Shell ID = Microsoft.PowerShell\r\n\r\n\r\nUser Data:\r\n\r\n"
                   },
                   {
                       "timestamp":  "2026-08-08T12:09:00.1868938Z",
                       "hostname":  "DC01",
                       "platform":  "Windows",
                       "source_type":  "PowerShell",
                       "channel":  "Microsoft-Windows-PowerShell/Operational",
                       "event_id":  4103,
                       "event_category":  "powershell_module_logging",
                       "provider":  "Microsoft-Windows-PowerShell",
                       "raw_message":  "CommandInvocation(Write-Host): \"Write-Host\"\r\nParameterBinding(Write-Host): name=\"Object\"; value=\"          timestamp: 2026-08-08 14:09:00\"\r\n\r\n\r\nContext:\r\n        Severity = Informational\r\n        Host Name = ConsoleHost\r\n        Host Version = 5.1.20348.558\r\n        Host ID = 09ddc6a8-f7b9-4d2c-8d79-fe55fa60dfb7\r\n        Host Application = C:\\Windows\\System32\\WindowsPowerShell\\v1.0\\powershell.exe -ExecutionPolicy Bypass -File .\\2-powershell_logging_validation.ps1\r\n        Engine Version = 5.1.20348.558\r\n        Runspace ID = 27088b9b-a646-4de7-834a-2ce43101715d\r\n        Pipeline ID = 1\r\n        Command Name = Write-Host\r\n        Command Type = Cmdlet\r\n        Script Name = Z:\\blue_team\\2x02_eyes_on_endpoint\\2-powershell_logging_validation.ps1\r\n        Command Path = \r\n        Sequence Number = 100\r\n        User = MEDDEFENSE\\analyst\r\n        Connected User = \r\n        Shell ID = Microsoft.PowerShell\r\n\r\n\r\nUser Data:\r\n\r\n"
                   },
