                   {
                       "timestamp":  "2026-08-08T12:38:57.6123973Z",
                       "hostname":  "DC01",
                       "platform":  "Windows",
                       "source_type":  "PowerShell",
                       "channel":  "Microsoft-Windows-PowerShell/Operational",
                       "event_id":  4103,
                       "event_category":  "powershell_module_logging",
                       "provider":  "Microsoft-Windows-PowerShell",
                       "raw_message":  "CommandInvocation(Select-Object): \"Select-Object\"\r\nParameterBinding(Select-Object): name=\"First\"; value=\"1\"\r\nParameterBinding(Select-Object): name=\"InputObject\"; value=\"@{timestamp=2026-08-08T10:41:16.0373649Z; hostname=DC01; platform=Windows; source_type=Sysmon; channel=Microsoft-Windows-Sysmon/Operational; event_id=11; event_category=file_creation; provider=Microsoft-Windows-Sysmon; raw_message=File created:\r\nRuleName: -\r\nUtcTime: 2026-08-08 10:41:16.027\r\nProcessGuid: {62784320-07cb-6a77-df00-000000001100}\r\nProcessId: 6424\r\nImage: C:\\Windows\\System32\\WindowsPowerShell\\v1.0\\powershell.exe\r\nTargetFilename: C:\\Users\\analyst\\AppData\\Local\\Temp\\__PSScriptPolicyTest_nukh1zw2.hdw.ps1\r\nCreationUtcTime: 2026-08-08 10:41:16.027\r\nUser: MEDDEFENSE\\analyst; target_filename=C:\\Users\\analyst\\AppData\\Local\\Temp\\__PSScriptPolicyTest_nukh1zw2.hdw.ps1; creating_process=C:\\Windows\\System32\\WindowsPowerShell\\v1.0\\powershell.exe}\"\r\n\r\n\r\nContext:\r\n        Severity = Informational\r\n        Host Name = ConsoleHost\r\n        Host Version = 5.1.20348.558\r\n        Host ID = 881cdb74-05ea-4e7b-b3f2-00e9e2fb1b98\r\n        Host Application = C:\\Windows\\System32\\WindowsPowerShell\\v1.0\\powershell.exe -ExecutionPolicy Bypass -File .\\3-windows_telemetry_export.ps1\r\n        Engine Version = 5.1.20348.558\r\n        Runspace ID = e79c3581-59af-4cb4-a0d2-814a92940a2b\r\n        Pipeline ID = 1\r\n        Command Name = Select-Object\r\n        Command Type = Cmdlet\r\n        Script Name = Z:\\blue_team\\2x02_eyes_on_endpoint\\3-windows_telemetry_export.ps1\r\n        Command Path = \r\n        Sequence Number = 78\r\n        User = MEDDEFENSE\\analyst\r\n        Connected User = \r\n        Shell ID = Microsoft.PowerShell\r\n\r\n\r\nUser Data:\r\n\r\n"
                   },
                   {
                       "timestamp":  "2026-08-08T12:38:57.6129598Z",
                       "hostname":  "DC01",
                       "platform":  "Windows",
                       "source_type":  "PowerShell",
                       "channel":  "Microsoft-Windows-PowerShell/Operational",
                       "event_id":  4100,
                       "event_category":  "powershell",
                       "provider":  "Microsoft-Windows-PowerShell",
                       "raw_message":  "Error Message = System error.\r\n\r\n\r\nContext:\r\n        Severity = Warning\r\n        Host Name = ConsoleHost\r\n        Host Version = 5.1.20348.558\r\n        Host ID = 881cdb74-05ea-4e7b-b3f2-00e9e2fb1b98\r\n        Host Application = C:\\Windows\\System32\\WindowsPowerShell\\v1.0\\powershell.exe -ExecutionPolicy Bypass -File .\\3-windows_telemetry_export.ps1\r\n        Engine Version = 5.1.20348.558\r\n        Runspace ID = e79c3581-59af-4cb4-a0d2-814a92940a2b\r\n        Pipeline ID = 1\r\n        Command Name = \r\n        Command Type = \r\n        Script Name = \r\n        Command Path = \r\n        Sequence Number = 79\r\n        User = MEDDEFENSE\\analyst\r\n        Connected User = \r\n        Shell ID = Microsoft.PowerShell\r\n\r\n\r\nUser Data:\r\n\r\n"
                   },
                   {
                       "timestamp":  "2026-08-08T12:38:57.6139265Z",
                       "hostname":  "DC01",
                       "platform":  "Windows",
                       "source_type":  "PowerShell",
                       "channel":  "Microsoft-Windows-PowerShell/Operational",
                       "event_id":  4103,
                       "event_category":  "powershell_module_logging",
                       "provider":  "Microsoft-Windows-PowerShell",
                       "raw_message":  "CommandInvocation(Select-Object): \"Select-Object\"\r\nParameterBinding(Select-Object): name=\"First\"; value=\"1\"\r\nParameterBinding(Select-Object): name=\"InputObject\"; value=\"@{timestamp=2026-08-08T09:38:53.2293366Z; hostname=DC01; platform=Windows; source_type=Security; channel=Security; event_id=4688; event_category=process_creation; provider=Microsoft-Windows-Security-Auditing; raw_message=A new process has been created.\r\n\r\nCreator Subject:\r\n\tSecurity ID:\t\tS-1-5-18\r\n\tAccount Name:\t\t-\r\n\tAccount Domain:\t\t-\r\n\tLogon ID:\t\t0x3E7\r\n\r\nTarget Subject:\r\n\tSecurity ID:\t\tS-1-0-0\r\n\tAccount Name:\t\t-\r\n\tAccount Domain:\t\t-\r\n\tLogon ID:\t\t0x0\r\n\r\nProcess Information:\r\n\tNew Process ID:\t\t0x64\r\n\tNew Process Name:\tRegistry\r\n\tToken Elevation Type:\tTokenElevationTypeDefault (1)\r\n\tMandatory Label:\t\tS-1-16-16384\r\n\tCreator Process ID:\t0x4\r\n\tCreator Process Name:\t\r\n\tProcess Command Line:\t\r\n\r\nToken Elevation Type indicates the type of token that was assigned to the new process in accordance with User Account Control policy.\r\n\r\nType 1 is a full token with no privileges removed or groups disabled.  A full token is only used if User Account Control is disabled or if the user is the built-in Administrator account or a service account.\r\n\r\nType 2 is an elevated token with no privileges removed or groups disabled.  An elevated token is used when User Account Control is enabled and the user chooses to start the program using Run as administrator.  An elevated token is also used when an application is configured to always require administrative privilege or to always require maximum privilege, and the user is a member of the Administrators group.\r\n\r\nType 3 is a limited token with administrative privileges removed and administrative groups disabled.  The limited token is used when User Account Control is enabled, the application does not require administrative privilege, and the user does not choose to start the program using Run as administrator.; process_name=Registry; command_line=; parent_process=}\"\r\n\r\n\r\nContext:\r\n        Severity = Informational\r\n        Host Name = ConsoleHost\r\n        Host Version = 5.1.20348.558\r\n        Host ID = 881cdb74-05ea-4e7b-b3f2-00e9e2fb1b98\r\n        Host Application = C:\\Windows\\System32\\WindowsPowerShell\\v1.0\\powershell.exe -ExecutionPolicy Bypass -File .\\3-windows_telemetry_export.ps1\r\n        Engine Version = 5.1.20348.558\r\n        Runspace ID = e79c3581-59af-4cb4-a0d2-814a92940a2b\r\n        Pipeline ID = 1\r\n        Command Name = Select-Object\r\n        Command Type = Cmdlet\r\n        Script Name = Z:\\blue_team\\2x02_eyes_on_endpoint\\3-windows_telemetry_export.ps1\r\n        Command Path = \r\n        Sequence Number = 81\r\n        User = MEDDEFENSE\\analyst\r\n        Connected User = \r\n        Shell ID = Microsoft.PowerShell\r\n\r\n\r\nUser Data:\r\n\r\n"
                   },
                   {
                       "timestamp":  "2026-08-08T12:38:57.6144192Z",
                       "hostname":  "DC01",
                       "platform":  "Windows",
                       "source_type":  "PowerShell",
                       "channel":  "Microsoft-Windows-PowerShell/Operational",
                       "event_id":  4100,
                       "event_category":  "powershell",
                       "provider":  "Microsoft-Windows-PowerShell",
                       "raw_message":  "Error Message = System error.\r\n\r\n\r\nContext:\r\n        Severity = Warning\r\n        Host Name = ConsoleHost\r\n        Host Version = 5.1.20348.558\r\n        Host ID = 881cdb74-05ea-4e7b-b3f2-00e9e2fb1b98\r\n        Host Application = C:\\Windows\\System32\\WindowsPowerShell\\v1.0\\powershell.exe -ExecutionPolicy Bypass -File .\\3-windows_telemetry_export.ps1\r\n        Engine Version = 5.1.20348.558\r\n        Runspace ID = e79c3581-59af-4cb4-a0d2-814a92940a2b\r\n        Pipeline ID = 1\r\n        Command Name = \r\n        Command Type = \r\n        Script Name = \r\n        Command Path = \r\n        Sequence Number = 82\r\n        User = MEDDEFENSE\\analyst\r\n        Connected User = \r\n        Shell ID = Microsoft.PowerShell\r\n\r\n\r\nUser Data:\r\n\r\n"
                   },
                   {
                       "timestamp":  "2026-08-08T12:38:57.6151191Z",
                       "hostname":  "DC01",
                       "platform":  "Windows",
                       "source_type":  "PowerShell",
                       "channel":  "Microsoft-Windows-PowerShell/Operational",
                       "event_id":  4103,
                       "event_category":  "powershell_module_logging",
                       "provider":  "Microsoft-Windows-PowerShell",
                       "raw_message":  "CommandInvocation(Select-Object): \"Select-Object\"\r\nParameterBinding(Select-Object): name=\"First\"; value=\"1\"\r\nParameterBinding(Select-Object): name=\"InputObject\"; value=\"@{timestamp=2026-08-08T09:50:26.3271834Z; hostname=DC01; platform=Windows; source_type=PowerShell; channel=Microsoft-Windows-PowerShell/Operational; event_id=53504; event_category=powershell; provider=Microsoft-Windows-PowerShell; raw_message=Windows PowerShell has started an IPC listening thread on process: 2268 in AppDomain: DefaultAppDomain.}\"\r\n\r\n\r\nContext:\r\n        Severity = Informational\r\n        Host Name = ConsoleHost\r\n        Host Version = 5.1.20348.558\r\n        Host ID = 881cdb74-05ea-4e7b-b3f2-00e9e2fb1b98\r\n        Host Application = C:\\Windows\\System32\\WindowsPowerShell\\v1.0\\powershell.exe -ExecutionPolicy Bypass -File .\\3-windows_telemetry_export.ps1\r\n        Engine Version = 5.1.20348.558\r\n        Runspace ID = e79c3581-59af-4cb4-a0d2-814a92940a2b\r\n        Pipeline ID = 1\r\n        Command Name = Select-Object\r\n        Command Type = Cmdlet\r\n        Script Name = Z:\\blue_team\\2x02_eyes_on_endpoint\\3-windows_telemetry_export.ps1\r\n        Command Path = \r\n        Sequence Number = 84\r\n        User = MEDDEFENSE\\analyst\r\n        Connected User = \r\n        Shell ID = Microsoft.PowerShell\r\n\r\n\r\nUser Data:\r\n\r\n"
                   },
                   {
                       "timestamp":  "2026-08-08T12:38:57.6155660Z",
                       "hostname":  "DC01",
                       "platform":  "Windows",
                       "source_type":  "PowerShell",
                       "channel":  "Microsoft-Windows-PowerShell/Operational",
                       "event_id":  4100,
                       "event_category":  "powershell",
                       "provider":  "Microsoft-Windows-PowerShell",
                       "raw_message":  "Error Message = System error.\r\n\r\n\r\nContext:\r\n        Severity = Warning\r\n        Host Name = ConsoleHost\r\n        Host Version = 5.1.20348.558\r\n        Host ID = 881cdb74-05ea-4e7b-b3f2-00e9e2fb1b98\r\n        Host Application = C:\\Windows\\System32\\WindowsPowerShell\\v1.0\\powershell.exe -ExecutionPolicy Bypass -File .\\3-windows_telemetry_export.ps1\r\n        Engine Version = 5.1.20348.558\r\n        Runspace ID = e79c3581-59af-4cb4-a0d2-814a92940a2b\r\n        Pipeline ID = 1\r\n        Command Name = \r\n        Command Type = \r\n        Script Name = \r\n        Command Path = \r\n        Sequence Number = 85\r\n        User = MEDDEFENSE\\analyst\r\n        Connected User = \r\n        Shell ID = Microsoft.PowerShell\r\n\r\n\r\nUser Data:\r\n\r\n"
                   },
                   {
                       "timestamp":  "2026-08-08T12:38:57.6158849Z",
                       "hostname":  "DC01",
                       "platform":  "Windows",
                       "source_type":  "PowerShell",
                       "channel":  "Microsoft-Windows-PowerShell/Operational",
                       "event_id":  4103,
                       "event_category":  "powershell_module_logging",
                       "provider":  "Microsoft-Windows-PowerShell",
                       "raw_message":  "CommandInvocation(Select-Object): \"Select-Object\"\r\nParameterBinding(Select-Object): name=\"First\"; value=\"1\"\r\nParameterBinding(Select-Object): name=\"InputObject\"; value=\"@{timestamp=2026-08-08T10:06:24.8485779Z; hostname=DC01; platform=Windows; source_type=PowerShell; channel=Microsoft-Windows-PowerShell/Operational; event_id=40961; event_category=powershell; provider=Microsoft-Windows-PowerShell; raw_message=PowerShell console is starting up}\"\r\n\r\n\r\nContext:\r\n        Severity = Informational\r\n        Host Name = ConsoleHost\r\n        Host Version = 5.1.20348.558\r\n        Host ID = 881cdb74-05ea-4e7b-b3f2-00e9e2fb1b98\r\n        Host Application = C:\\Windows\\System32\\WindowsPowerShell\\v1.0\\powershell.exe -ExecutionPolicy Bypass -File .\\3-windows_telemetry_export.ps1\r\n        Engine Version = 5.1.20348.558\r\n        Runspace ID = e79c3581-59af-4cb4-a0d2-814a92940a2b\r\n        Pipeline ID = 1\r\n        Command Name = Select-Object\r\n        Command Type = Cmdlet\r\n        Script Name = Z:\\blue_team\\2x02_eyes_on_endpoint\\3-windows_telemetry_export.ps1\r\n        Command Path = \r\n        Sequence Number = 87\r\n        User = MEDDEFENSE\\analyst\r\n        Connected User = \r\n        Shell ID = Microsoft.PowerShell\r\n\r\n\r\nUser Data:\r\n\r\n"
                   },
                   {
                       "timestamp":  "2026-08-08T12:38:58.0868508Z",
                       "hostname":  "DC01",
                       "platform":  "Windows",
                       "source_type":  "PowerShell",
                       "channel":  "Microsoft-Windows-PowerShell/Operational",
                       "event_id":  4103,
                       "event_category":  "powershell_module_logging",
                       "provider":  "Microsoft-Windows-PowerShell",
                       "raw_message":  "CommandInvocation(ConvertTo-Json): \"ConvertTo-Json\"\r\nParameterBinding(ConvertTo-Json): name=\"Depth\"; value=\"15\"\r\nParameterBinding(ConvertTo-Json): name=\"InputObject\"; value=\"System.Collections.Specialized.OrderedDictionary\"\r\n\r\n\r\nContext:\r\n        Severity = Informational\r\n        Host Name = ConsoleHost\r\n        Host Version = 5.1.20348.558\r\n        Host ID = 881cdb74-05ea-4e7b-b3f2-00e9e2fb1b98\r\n        Host Application = C:\\Windows\\System32\\WindowsPowerShell\\v1.0\\powershell.exe -ExecutionPolicy Bypass -File .\\3-windows_telemetry_export.ps1\r\n        Engine Version = 5.1.20348.558\r\n        Runspace ID = e79c3581-59af-4cb4-a0d2-814a92940a2b\r\n        Pipeline ID = 1\r\n        Command Name = ConvertTo-Json\r\n        Command Type = Cmdlet\r\n        Script Name = Z:\\blue_team\\2x02_eyes_on_endpoint\\3-windows_telemetry_export.ps1\r\n        Command Path = \r\n        Sequence Number = 89\r\n        User = MEDDEFENSE\\analyst\r\n        Connected User = \r\n        Shell ID = Microsoft.PowerShell\r\n\r\n\r\nUser Data:\r\n\r\n"
                   },
                   {
                       "timestamp":  "2026-08-08T12:39:02.0141513Z",
                       "hostname":  "DC01",
                       "platform":  "Windows",
                       "source_type":  "PowerShell",
                       "channel":  "Microsoft-Windows-PowerShell/Operational",
                       "event_id":  4103,
                       "event_category":  "powershell_module_logging",
                       "provider":  "Microsoft-Windows-PowerShell",
                       "raw_message":  "CommandInvocation(Write-Host): \"Write-Host\"\r\nParameterBinding(Write-Host): name=\"Object\"; value=\"\"\r\n\r\n\r\nContext:\r\n        Severity = Informational\r\n        Host Name = ConsoleHost\r\n        Host Version = 5.1.20348.558\r\n        Host ID = 881cdb74-05ea-4e7b-b3f2-00e9e2fb1b98\r\n        Host Application = C:\\Windows\\System32\\WindowsPowerShell\\v1.0\\powershell.exe -ExecutionPolicy Bypass -File .\\3-windows_telemetry_export.ps1\r\n        Engine Version = 5.1.20348.558\r\n        Runspace ID = e79c3581-59af-4cb4-a0d2-814a92940a2b\r\n        Pipeline ID = 1\r\n        Command Name = Write-Host\r\n        Command Type = Cmdlet\r\n        Script Name = Z:\\blue_team\\2x02_eyes_on_endpoint\\3-windows_telemetry_export.ps1\r\n        Command Path = \r\n        Sequence Number = 95\r\n        User = MEDDEFENSE\\analyst\r\n        Connected User = \r\n        Shell ID = Microsoft.PowerShell\r\n\r\n\r\nUser Data:\r\n\r\n"
                   },
                   {
                       "timestamp":  "2026-08-08T12:39:02.0276421Z",
                       "hostname":  "DC01",
                       "platform":  "Windows",
                       "source_type":  "PowerShell",
                       "channel":  "Microsoft-Windows-PowerShell/Operational",
                       "event_id":  4103,
                       "event_category":  "powershell_module_logging",
                       "provider":  "Microsoft-Windows-PowerShell",
                       "raw_message":  "CommandInvocation(Write-Host): \"Write-Host\"\r\nParameterBinding(Write-Host): name=\"Object\"; value=\"Security events: 1115\"\r\n\r\n\r\nContext:\r\n        Severity = Informational\r\n        Host Name = ConsoleHost\r\n        Host Version = 5.1.20348.558\r\n        Host ID = 881cdb74-05ea-4e7b-b3f2-00e9e2fb1b98\r\n        Host Application = C:\\Windows\\System32\\WindowsPowerShell\\v1.0\\powershell.exe -ExecutionPolicy Bypass -File .\\3-windows_telemetry_export.ps1\r\n        Engine Version = 5.1.20348.558\r\n        Runspace ID = e79c3581-59af-4cb4-a0d2-814a92940a2b\r\n        Pipeline ID = 1\r\n        Command Name = Write-Host\r\n        Command Type = Cmdlet\r\n        Script Name = Z:\\blue_team\\2x02_eyes_on_endpoint\\3-windows_telemetry_export.ps1\r\n        Command Path = \r\n        Sequence Number = 97\r\n        User = MEDDEFENSE\\analyst\r\n        Connected User = \r\n        Shell ID = Microsoft.PowerShell\r\n\r\n\r\nUser Data:\r\n\r\n"
                   },
                   {
                       "timestamp":  "2026-08-08T12:39:02.0427018Z",
                       "hostname":  "DC01",
                       "platform":  "Windows",
                       "source_type":  "PowerShell",
                       "channel":  "Microsoft-Windows-PowerShell/Operational",
                       "event_id":  4103,
                       "event_category":  "powershell_module_logging",
                       "provider":  "Microsoft-Windows-PowerShell",
                       "raw_message":  "CommandInvocation(Write-Host): \"Write-Host\"\r\nParameterBinding(Write-Host): name=\"Object\"; value=\"Sysmon events: 516\"\r\n\r\n\r\nContext:\r\n        Severity = Informational\r\n        Host Name = ConsoleHost\r\n        Host Version = 5.1.20348.558\r\n        Host ID = 881cdb74-05ea-4e7b-b3f2-00e9e2fb1b98\r\n        Host Application = C:\\Windows\\System32\\WindowsPowerShell\\v1.0\\powershell.exe -ExecutionPolicy Bypass -File .\\3-windows_telemetry_export.ps1\r\n        Engine Version = 5.1.20348.558\r\n        Runspace ID = e79c3581-59af-4cb4-a0d2-814a92940a2b\r\n        Pipeline ID = 1\r\n        Command Name = Write-Host\r\n        Command Type = Cmdlet\r\n        Script Name = Z:\\blue_team\\2x02_eyes_on_endpoint\\3-windows_telemetry_export.ps1\r\n        Command Path = \r\n        Sequence Number = 99\r\n        User = MEDDEFENSE\\analyst\r\n        Connected User = \r\n        Shell ID = Microsoft.PowerShell\r\n\r\n\r\nUser Data:\r\n\r\n"
                   },
                   {
                       "timestamp":  "2026-08-08T12:39:02.0591690Z",
                       "hostname":  "DC01",
                       "platform":  "Windows",
                       "source_type":  "PowerShell",
                       "channel":  "Microsoft-Windows-PowerShell/Operational",
                       "event_id":  4103,
                       "event_category":  "powershell_module_logging",
                       "provider":  "Microsoft-Windows-PowerShell",
                       "raw_message":  "CommandInvocation(Write-Host): \"Write-Host\"\r\nParameterBinding(Write-Host): name=\"Object\"; value=\"PowerShell events: 529\"\r\n\r\n\r\nContext:\r\n        Severity = Informational\r\n        Host Name = ConsoleHost\r\n        Host Version = 5.1.20348.558\r\n        Host ID = 881cdb74-05ea-4e7b-b3f2-00e9e2fb1b98\r\n        Host Application = C:\\Windows\\System32\\WindowsPowerShell\\v1.0\\powershell.exe -ExecutionPolicy Bypass -File .\\3-windows_telemetry_export.ps1\r\n        Engine Version = 5.1.20348.558\r\n        Runspace ID = e79c3581-59af-4cb4-a0d2-814a92940a2b\r\n        Pipeline ID = 1\r\n        Command Name = Write-Host\r\n        Command Type = Cmdlet\r\n        Script Name = Z:\\blue_team\\2x02_eyes_on_endpoint\\3-windows_telemetry_export.ps1\r\n        Command Path = \r\n        Sequence Number = 101\r\n        User = MEDDEFENSE\\analyst\r\n        Connected User = \r\n        Shell ID = Microsoft.PowerShell\r\n\r\n\r\nUser Data:\r\n\r\n"
                   },
                   {
                       "timestamp":  "2026-08-08T12:39:02.0782466Z",
                       "hostname":  "DC01",
                       "platform":  "Windows",
                       "source_type":  "PowerShell",
                       "channel":  "Microsoft-Windows-PowerShell/Operational",
                       "event_id":  4103,
                       "event_category":  "powershell_module_logging",
                       "provider":  "Microsoft-Windows-PowerShell",
                       "raw_message":  "CommandInvocation(Write-Host): \"Write-Host\"\r\nParameterBinding(Write-Host): name=\"Object\"; value=\"Total events: 2160\"\r\n\r\n\r\nContext:\r\n        Severity = Informational\r\n        Host Name = ConsoleHost\r\n        Host Version = 5.1.20348.558\r\n        Host ID = 881cdb74-05ea-4e7b-b3f2-00e9e2fb1b98\r\n        Host Application = C:\\Windows\\System32\\WindowsPowerShell\\v1.0\\powershell.exe -ExecutionPolicy Bypass -File .\\3-windows_telemetry_export.ps1\r\n        Engine Version = 5.1.20348.558\r\n        Runspace ID = e79c3581-59af-4cb4-a0d2-814a92940a2b\r\n        Pipeline ID = 1\r\n        Command Name = Write-Host\r\n        Command Type = Cmdlet\r\n        Script Name = Z:\\blue_team\\2x02_eyes_on_endpoint\\3-windows_telemetry_export.ps1\r\n        Command Path = \r\n        Sequence Number = 103\r\n        User = MEDDEFENSE\\analyst\r\n        Connected User = \r\n        Shell ID = Microsoft.PowerShell\r\n\r\n\r\nUser Data:\r\n\r\n"
                   },
                   {
                       "timestamp":  "2026-08-08T12:39:02.0827213Z",
                       "hostname":  "DC01",
                       "platform":  "Windows",
                       "source_type":  "PowerShell",
                       "channel":  "Microsoft-Windows-PowerShell/Operational",
                       "event_id":  4103,
                       "event_category":  "powershell_module_logging",
                       "provider":  "Microsoft-Windows-PowerShell",
                       "raw_message":  "CommandInvocation(Write-Host): \"Write-Host\"\r\nParameterBinding(Write-Host): name=\"Object\"; value=\"\"\r\n\r\n\r\nContext:\r\n        Severity = Informational\r\n        Host Name = ConsoleHost\r\n        Host Version = 5.1.20348.558\r\n        Host ID = 881cdb74-05ea-4e7b-b3f2-00e9e2fb1b98\r\n        Host Application = C:\\Windows\\System32\\WindowsPowerShell\\v1.0\\powershell.exe -ExecutionPolicy Bypass -File .\\3-windows_telemetry_export.ps1\r\n        Engine Version = 5.1.20348.558\r\n        Runspace ID = e79c3581-59af-4cb4-a0d2-814a92940a2b\r\n        Pipeline ID = 1\r\n        Command Name = Write-Host\r\n        Command Type = Cmdlet\r\n        Script Name = Z:\\blue_team\\2x02_eyes_on_endpoint\\3-windows_telemetry_export.ps1\r\n        Command Path = \r\n        Sequence Number = 105\r\n        User = MEDDEFENSE\\analyst\r\n        Connected User = \r\n        Shell ID = Microsoft.PowerShell\r\n\r\n\r\nUser Data:\r\n\r\n"
                   },
                   {
                       "timestamp":  "2026-08-08T12:39:02.1171883Z",
                       "hostname":  "DC01",
                       "platform":  "Windows",
                       "source_type":  "PowerShell",
                       "channel":  "Microsoft-Windows-PowerShell/Operational",
                       "event_id":  4104,
                       "event_category":  "powershell_script_block",
                       "provider":  "Microsoft-Windows-PowerShell",
                       "raw_message":  "Creating Scriptblock text (1 of 1):\r\n{\n            $_.event\n        }\r\n\r\nScriptBlock ID: 572f6292-f234-4f9f-8681-cc0a93406a1b\r\nPath: Z:\\blue_team\\2x02_eyes_on_endpoint\\3-windows_telemetry_export.ps1",
                       "script_block_text":  "{\n            $_.event\n        }",
                       "script_block_decoded":  true
                   },
                   {
                       "timestamp":  "2026-08-08T12:39:02.1192535Z",
                       "hostname":  "DC01",
                       "platform":  "Windows",
                       "source_type":  "PowerShell",
                       "channel":  "Microsoft-Windows-PowerShell/Operational",
                       "event_id":  4100,
                       "event_category":  "powershell",
                       "provider":  "Microsoft-Windows-PowerShell",
                       "raw_message":  "Error Message = System error.\r\n\r\n\r\nContext:\r\n        Severity = Warning\r\n        Host Name = ConsoleHost\r\n        Host Version = 5.1.20348.558\r\n        Host ID = 881cdb74-05ea-4e7b-b3f2-00e9e2fb1b98\r\n        Host Application = C:\\Windows\\System32\\WindowsPowerShell\\v1.0\\powershell.exe -ExecutionPolicy Bypass -File .\\3-windows_telemetry_export.ps1\r\n        Engine Version = 5.1.20348.558\r\n        Runspace ID = e79c3581-59af-4cb4-a0d2-814a92940a2b\r\n        Pipeline ID = 1\r\n        Command Name = \r\n        Command Type = \r\n        Script Name = \r\n        Command Path = \r\n        Sequence Number = 106\r\n        User = MEDDEFENSE\\analyst\r\n        Connected User = \r\n        Shell ID = Microsoft.PowerShell\r\n\r\n\r\nUser Data:\r\n\r\n"
                   },
                   {
                       "timestamp":  "2026-08-08T12:39:02.1202264Z",
                       "hostname":  "DC01",
                       "platform":  "Windows",
                       "source_type":  "PowerShell",
                       "channel":  "Microsoft-Windows-PowerShell/Operational",
                       "event_id":  4103,
                       "event_category":  "powershell_module_logging",
                       "provider":  "Microsoft-Windows-PowerShell",
                       "raw_message":  "CommandInvocation(Select-Object): \"Select-Object\"\r\nParameterBinding(Select-Object): name=\"First\"; value=\"4\"\r\nCommandInvocation(ForEach-Object): \"ForEach-Object\"\r\nParameterBinding(ForEach-Object): name=\"Process\"; value=\"\n            $_.event\n        \"\r\nParameterBinding(Select-Object): name=\"InputObject\"; value=\"@{event=4624; source_type=Security; event_id=4624; count=971}\"\r\nParameterBinding(ForEach-Object): name=\"InputObject\"; value=\"@{event=4624; source_type=Security; event_id=4624; count=971}\"\r\nParameterBinding(Select-Object): name=\"InputObject\"; value=\"@{event=4104; source_type=PowerShell; event_id=4104; count=322}\"\r\nParameterBinding(ForEach-Object): name=\"InputObject\"; value=\"@{event=4104; source_type=PowerShell; event_id=4104; count=322}\"\r\nParameterBinding(Select-Object): name=\"InputObject\"; value=\"@{event=Sysmon-13; source_type=Sysmon; event_id=13; count=202}\"\r\nParameterBinding(ForEach-Object): name=\"InputObject\"; value=\"@{event=Sysmon-13; source_type=Sysmon; event_id=13; count=202}\"\r\nParameterBinding(Select-Object): name=\"InputObject\"; value=\"@{event=Sysmon-22; source_type=Sysmon; event_id=22; count=186}\"\r\nParameterBinding(ForEach-Object): name=\"InputObject\"; value=\"@{event=Sysmon-22; source_type=Sysmon; event_id=22; count=186}\"\r\n\r\n\r\nContext:\r\n        Severity = Informational\r\n        Host Name = ConsoleHost\r\n        Host Version = 5.1.20348.558\r\n        Host ID = 881cdb74-05ea-4e7b-b3f2-00e9e2fb1b98\r\n        Host Application = C:\\Windows\\System32\\WindowsPowerShell\\v1.0\\powershell.exe -ExecutionPolicy Bypass -File .\\3-windows_telemetry_export.ps1\r\n        Engine Version = 5.1.20348.558\r\n        Runspace ID = e79c3581-59af-4cb4-a0d2-814a92940a2b\r\n        Pipeline ID = 1\r\n        Command Name = Select-Object\r\n        Command Type = Cmdlet\r\n        Script Name = Z:\\blue_team\\2x02_eyes_on_endpoint\\3-windows_telemetry_export.ps1\r\n        Command Path = \r\n        Sequence Number = 108\r\n        User = MEDDEFENSE\\analyst\r\n        Connected User = \r\n        Shell ID = Microsoft.PowerShell\r\n\r\n\r\nUser Data:\r\n\r\n"
                   },
                   {
                       "timestamp":  "2026-08-08T12:39:02.1328093Z",
                       "hostname":  "DC01",
                       "platform":  "Windows",
                       "source_type":  "PowerShell",
                       "channel":  "Microsoft-Windows-PowerShell/Operational",
                       "event_id":  4103,
                       "event_category":  "powershell_module_logging",
                       "provider":  "Microsoft-Windows-PowerShell",
                       "raw_message":  "CommandInvocation(Write-Host): \"Write-Host\"\r\nParameterBinding(Write-Host): name=\"Object\"; value=\"Top Event IDs: 4624, 4104, Sysmon-13, Sysmon-22\"\r\n\r\n\r\nContext:\r\n        Severity = Informational\r\n        Host Name = ConsoleHost\r\n        Host Version = 5.1.20348.558\r\n        Host ID = 881cdb74-05ea-4e7b-b3f2-00e9e2fb1b98\r\n        Host Application = C:\\Windows\\System32\\WindowsPowerShell\\v1.0\\powershell.exe -ExecutionPolicy Bypass -File .\\3-windows_telemetry_export.ps1\r\n        Engine Version = 5.1.20348.558\r\n        Runspace ID = e79c3581-59af-4cb4-a0d2-814a92940a2b\r\n        Pipeline ID = 1\r\n        Command Name = Write-Host\r\n        Command Type = Cmdlet\r\n        Script Name = Z:\\blue_team\\2x02_eyes_on_endpoint\\3-windows_telemetry_export.ps1\r\n        Command Path = \r\n        Sequence Number = 110\r\n        User = MEDDEFENSE\\analyst\r\n        Connected User = \r\n        Shell ID = Microsoft.PowerShell\r\n\r\n\r\nUser Data:\r\n\r\n"
                   },
                   {
                       "timestamp":  "2026-08-08T12:39:02.1368020Z",
                       "hostname":  "DC01",
                       "platform":  "Windows",
                       "source_type":  "PowerShell",
                       "channel":  "Microsoft-Windows-PowerShell/Operational",
                       "event_id":  4103,
                       "event_category":  "powershell_module_logging",
                       "provider":  "Microsoft-Windows-PowerShell",
                       "raw_message":  "CommandInvocation(Write-Host): \"Write-Host\"\r\nParameterBinding(Write-Host): name=\"Object\"; value=\"\"\r\n\r\n\r\nContext:\r\n        Severity = Informational\r\n        Host Name = ConsoleHost\r\n        Host Version = 5.1.20348.558\r\n        Host ID = 881cdb74-05ea-4e7b-b3f2-00e9e2fb1b98\r\n        Host Application = C:\\Windows\\System32\\WindowsPowerShell\\v1.0\\powershell.exe -ExecutionPolicy Bypass -File .\\3-windows_telemetry_export.ps1\r\n        Engine Version = 5.1.20348.558\r\n        Runspace ID = e79c3581-59af-4cb4-a0d2-814a92940a2b\r\n        Pipeline ID = 1\r\n        Command Name = Write-Host\r\n        Command Type = Cmdlet\r\n        Script Name = Z:\\blue_team\\2x02_eyes_on_endpoint\\3-windows_telemetry_export.ps1\r\n        Command Path = \r\n        Sequence Number = 112\r\n        User = MEDDEFENSE\\analyst\r\n        Connected User = \r\n        Shell ID = Microsoft.PowerShell\r\n\r\n\r\nUser Data:\r\n\r\n"
                   },
                   {
                       "timestamp":  "2026-08-08T12:39:02.1531123Z",
                       "hostname":  "DC01",
                       "platform":  "Windows",
                       "source_type":  "PowerShell",
                       "channel":  "Microsoft-Windows-PowerShell/Operational",
                       "event_id":  4103,
                       "event_category":  "powershell_module_logging",
                       "provider":  "Microsoft-Windows-PowerShell",
                       "raw_message":  "CommandInvocation(Write-Host): \"Write-Host\"\r\nParameterBinding(Write-Host): name=\"Object\"; value=\"Output: windows_events_export.json\"\r\n\r\n\r\nContext:\r\n        Severity = Informational\r\n        Host Name = ConsoleHost\r\n        Host Version = 5.1.20348.558\r\n        Host ID = 881cdb74-05ea-4e7b-b3f2-00e9e2fb1b98\r\n        Host Application = C:\\Windows\\System32\\WindowsPowerShell\\v1.0\\powershell.exe -ExecutionPolicy Bypass -File .\\3-windows_telemetry_export.ps1\r\n        Engine Version = 5.1.20348.558\r\n        Runspace ID = e79c3581-59af-4cb4-a0d2-814a92940a2b\r\n        Pipeline ID = 1\r\n        Command Name = Write-Host\r\n        Command Type = Cmdlet\r\n        Script Name = Z:\\blue_team\\2x02_eyes_on_endpoint\\3-windows_telemetry_export.ps1\r\n        Command Path = \r\n        Sequence Number = 114\r\n        User = MEDDEFENSE\\analyst\r\n        Connected User = \r\n        Shell ID = Microsoft.PowerShell\r\n\r\n\r\nUser Data:\r\n\r\n"
                   },
                   {
                       "timestamp":  "2026-08-08T12:39:02.1594233Z",
                       "hostname":  "DC01",
                       "platform":  "Windows",
                       "source_type":  "PowerShell",
                       "channel":  "Microsoft-Windows-PowerShell/Operational",
                       "event_id":  4103,
                       "event_category":  "powershell_module_logging",
                       "provider":  "Microsoft-Windows-PowerShell",
                       "raw_message":  "CommandInvocation(Write-Host): \"Write-Host\"\r\nParameterBinding(Write-Host): name=\"Object\"; value=\"\"\r\n\r\n\r\nContext:\r\n        Severity = Informational\r\n        Host Name = ConsoleHost\r\n        Host Version = 5.1.20348.558\r\n        Host ID = 881cdb74-05ea-4e7b-b3f2-00e9e2fb1b98\r\n        Host Application = C:\\Windows\\System32\\WindowsPowerShell\\v1.0\\powershell.exe -ExecutionPolicy Bypass -File .\\3-windows_telemetry_export.ps1\r\n        Engine Version = 5.1.20348.558\r\n        Runspace ID = e79c3581-59af-4cb4-a0d2-814a92940a2b\r\n        Pipeline ID = 1\r\n        Command Name = Write-Host\r\n        Command Type = Cmdlet\r\n        Script Name = Z:\\blue_team\\2x02_eyes_on_endpoint\\3-windows_telemetry_export.ps1\r\n        Command Path = \r\n        Sequence Number = 116\r\n        User = MEDDEFENSE\\analyst\r\n        Connected User = \r\n        Shell ID = Microsoft.PowerShell\r\n\r\n\r\nUser Data:\r\n\r\n"
                   },
                   {
                       "timestamp":  "2026-08-08T12:39:02.1604030Z",
                       "hostname":  "DC01",
                       "platform":  "Windows",
                       "source_type":  "PowerShell",
                       "channel":  "Microsoft-Windows-PowerShell/Operational",
                       "event_id":  4100,
                       "event_category":  "powershell",
                       "provider":  "Microsoft-Windows-PowerShell",
                       "raw_message":  "Error Message = System error.\r\n\r\n\r\nContext:\r\n        Severity = Warning\r\n        Host Name = ConsoleHost\r\n        Host Version = 5.1.20348.558\r\n        Host ID = 881cdb74-05ea-4e7b-b3f2-00e9e2fb1b98\r\n        Host Application = C:\\Windows\\System32\\WindowsPowerShell\\v1.0\\powershell.exe -ExecutionPolicy Bypass -File .\\3-windows_telemetry_export.ps1\r\n        Engine Version = 5.1.20348.558\r\n        Runspace ID = e79c3581-59af-4cb4-a0d2-814a92940a2b\r\n        Pipeline ID = 1\r\n        Command Name = \r\n        Command Type = \r\n        Script Name = \r\n        Command Path = \r\n        Sequence Number = 117\r\n        User = MEDDEFENSE\\analyst\r\n        Connected User = \r\n        Shell ID = Microsoft.PowerShell\r\n\r\n\r\nUser Data:\r\n\r\n"
                   },
                   {
                       "timestamp":  "2026-08-08T12:39:02.1608664Z",
                       "hostname":  "DC01",
                       "platform":  "Windows",
                       "source_type":  "PowerShell",
                       "channel":  "Microsoft-Windows-PowerShell/Operational",
                       "event_id":  4103,
                       "event_category":  "powershell_module_logging",
                       "provider":  "Microsoft-Windows-PowerShell",
                       "raw_message":  "CommandInvocation(3-windows_telemetry_export.ps1): \"3-windows_telemetry_export.ps1\"\r\nParameterBinding(3-windows_telemetry_export.ps1): name=\"Hours\"; value=\"24\"\r\nCommandInvocation(Out-Default): \"Out-Default\"\r\nTerminatingError(): \"System error.\"\r\n\r\n\r\nContext:\r\n        Severity = Informational\r\n        Host Name = ConsoleHost\r\n        Host Version = 5.1.20348.558\r\n        Host ID = 881cdb74-05ea-4e7b-b3f2-00e9e2fb1b98\r\n        Host Application = C:\\Windows\\System32\\WindowsPowerShell\\v1.0\\powershell.exe -ExecutionPolicy Bypass -File .\\3-windows_telemetry_export.ps1\r\n        Engine Version = 5.1.20348.558\r\n        Runspace ID = e79c3581-59af-4cb4-a0d2-814a92940a2b\r\n        Pipeline ID = 1\r\n        Command Name = 3-windows_telemetry_export.ps1\r\n        Command Type = ExternalScript\r\n        Script Name = \r\n        Command Path = Z:\\blue_team\\2x02_eyes_on_endpoint\\3-windows_telemetry_export.ps1\r\n        Sequence Number = 119\r\n        User = MEDDEFENSE\\analyst\r\n        Connected User = \r\n        Shell ID = Microsoft.PowerShell\r\n\r\n\r\nUser Data:\r\n\r\n"
                   },
                   {
                       "timestamp":  "2026-08-08T12:39:36.1105716Z",
                       "hostname":  "DC01",
                       "platform":  "Windows",
                       "source_type":  "PowerShell",
                       "channel":  "Microsoft-Windows-PowerShell/Operational",
                       "event_id":  4104,
                       "event_category":  "powershell_script_block",
                       "provider":  "Microsoft-Windows-PowerShell",
                       "raw_message":  "Creating Scriptblock text (1 of 1):\r\npowershell.exe -ExecutionPolicy Bypass `\n    -File .\\3-windows_telemetry_export.ps1 `\n    -Hours 1\r\n\r\nScriptBlock ID: 549715fa-c4ec-4b60-887e-dda93e652a29\r\nPath: ",
                       "script_block_text":  "powershell.exe -ExecutionPolicy Bypass `\n    -File .\\3-windows_telemetry_export.ps1 `\n    -Hours 1",
                       "script_block_decoded":  true
                   },
                   {
                       "timestamp":  "2026-08-08T12:39:36.2746392Z",
                       "hostname":  "DC01",
                       "platform":  "Windows",
                       "source_type":  "PowerShell",
                       "channel":  "Microsoft-Windows-PowerShell/Operational",
                       "event_id":  40961,
                       "event_category":  "powershell",
                       "provider":  "Microsoft-Windows-PowerShell",
                       "raw_message":  "PowerShell console is starting up"
                   },
                   {
                       "timestamp":  "2026-08-08T12:39:36.3690981Z",
                       "hostname":  "DC01",
                       "platform":  "Windows",
                       "source_type":  "Sysmon",
                       "channel":  "Microsoft-Windows-Sysmon/Operational",
                       "event_id":  11,
                       "event_category":  "file_creation",
                       "provider":  "Microsoft-Windows-Sysmon",
                       "raw_message":  "File created:\r\nRuleName: -\r\nUtcTime: 2026-08-08 12:39:36.360\r\nProcessGuid: {62784320-2388-6a77-1d01-000000001300}\r\nProcessId: 7064\r\nImage: C:\\Windows\\System32\\WindowsPowerShell\\v1.0\\powershell.exe\r\nTargetFilename: C:\\Users\\analyst\\AppData\\Local\\Temp\\__PSScriptPolicyTest_ro3aav2i.wu3.ps1\r\nCreationUtcTime: 2026-08-08 12:39:36.360\r\nUser: MEDDEFENSE\\analyst",
                       "target_filename":  "C:\\Users\\analyst\\AppData\\Local\\Temp\\__PSScriptPolicyTest_ro3aav2i.wu3.ps1",
                       "creating_process":  "C:\\Windows\\System32\\WindowsPowerShell\\v1.0\\powershell.exe"
                   },
                   {
                       "timestamp":  "2026-08-08T12:39:36.4377006Z",
                       "hostname":  "DC01",
                       "platform":  "Windows",
                       "source_type":  "PowerShell",
                       "channel":  "Microsoft-Windows-PowerShell/Operational",
                       "event_id":  53504,
                       "event_category":  "powershell",
                       "provider":  "Microsoft-Windows-PowerShell",
                       "raw_message":  "Windows PowerShell has started an IPC listening thread on process: 7064 in AppDomain: DefaultAppDomain."
                   },
                   {
                       "timestamp":  "2026-08-08T12:39:36.5676583Z",
                       "hostname":  "DC01",
                       "platform":  "Windows",
                       "source_type":  "PowerShell",
                       "channel":  "Microsoft-Windows-PowerShell/Operational",
                       "event_id":  40962,
                       "event_category":  "powershell",
                       "provider":  "Microsoft-Windows-PowerShell",
                       "raw_message":  "PowerShell console is ready for user input"
                   },
                   {
                       "timestamp":  "2026-08-08T12:39:36.6523713Z",
                       "hostname":  "DC01",
                       "platform":  "Windows",
                       "source_type":  "PowerShell",
                       "channel":  "Microsoft-Windows-PowerShell/Operational",
                       "event_id":  4103,
                       "event_category":  "powershell_module_logging",
                       "provider":  "Microsoft-Windows-PowerShell",
                       "raw_message":  "CommandInvocation(Set-StrictMode): \"Set-StrictMode\"\r\nParameterBinding(Set-StrictMode): name=\"Version\"; value=\"5.1.20348.558\"\r\n\r\n\r\nContext:\r\n        Severity = Informational\r\n        Host Name = ConsoleHost\r\n        Host Version = 5.1.20348.558\r\n        Host ID = d9b32dbd-ae91-4ebc-a41e-358696f9bc9f\r\n        Host Application = C:\\Windows\\System32\\WindowsPowerShell\\v1.0\\powershell.exe -ExecutionPolicy Bypass -File .\\3-windows_telemetry_export.ps1 -Hours 1\r\n        Engine Version = 5.1.20348.558\r\n        Runspace ID = 5c76a277-cd7d-4177-a9dc-3ef6bd930398\r\n        Pipeline ID = 1\r\n        Command Name = Set-StrictMode\r\n        Command Type = Cmdlet\r\n        Script Name = Z:\\blue_team\\2x02_eyes_on_endpoint\\3-windows_telemetry_export.ps1\r\n        Command Path = \r\n        Sequence Number = 16\r\n        User = MEDDEFENSE\\analyst\r\n        Connected User = \r\n        Shell ID = Microsoft.PowerShell\r\n\r\n\r\nUser Data:\r\n\r\n"
                   },
                   {
                       "timestamp":  "2026-08-08T12:39:36.7091547Z",
                       "hostname":  "DC01",
                       "platform":  "Windows",
                       "source_type":  "PowerShell",
                       "channel":  "Microsoft-Windows-PowerShell/Operational",
                       "event_id":  4103,
                       "event_category":  "powershell_module_logging",
                       "provider":  "Microsoft-Windows-PowerShell",
                       "raw_message":  "CommandInvocation(Split-Path): \"Split-Path\"\r\nParameterBinding(Split-Path): name=\"Parent\"; value=\"True\"\r\nParameterBinding(Split-Path): name=\"Path\"; value=\"Z:\\blue_team\\2x02_eyes_on_endpoint\\3-windows_telemetry_export.ps1\"\r\n\r\n\r\nContext:\r\n        Severity = Informational\r\n        Host Name = ConsoleHost\r\n        Host Version = 5.1.20348.558\r\n        Host ID = d9b32dbd-ae91-4ebc-a41e-358696f9bc9f\r\n        Host Application = C:\\Windows\\System32\\WindowsPowerShell\\v1.0\\powershell.exe -ExecutionPolicy Bypass -File .\\3-windows_telemetry_export.ps1 -Hours 1\r\n        Engine Version = 5.1.20348.558\r\n        Runspace ID = 5c76a277-cd7d-4177-a9dc-3ef6bd930398\r\n        Pipeline ID = 1\r\n        Command Name = Split-Path\r\n        Command Type = Cmdlet\r\n        Script Name = Z:\\blue_team\\2x02_eyes_on_endpoint\\3-windows_telemetry_export.ps1\r\n        Command Path = \r\n        Sequence Number = 18\r\n        User = MEDDEFENSE\\analyst\r\n        Connected User = \r\n        Shell ID = Microsoft.PowerShell\r\n\r\n\r\nUser Data:\r\n\r\n"
                   },
                   {
                       "timestamp":  "2026-08-08T12:39:36.7111520Z",
                       "hostname":  "DC01",
                       "platform":  "Windows",
                       "source_type":  "PowerShell",
                       "channel":  "Microsoft-Windows-PowerShell/Operational",
                       "event_id":  4103,
                       "event_category":  "powershell_module_logging",
                       "provider":  "Microsoft-Windows-PowerShell",
                       "raw_message":  "CommandInvocation(Join-Path): \"Join-Path\"\r\nParameterBinding(Join-Path): name=\"Path\"; value=\"Z:\\blue_team\\2x02_eyes_on_endpoint\"\r\nParameterBinding(Join-Path): name=\"ChildPath\"; value=\"windows_events_export.json\"\r\n\r\n\r\nContext:\r\n        Severity = Informational\r\n        Host Name = ConsoleHost\r\n        Host Version = 5.1.20348.558\r\n        Host ID = d9b32dbd-ae91-4ebc-a41e-358696f9bc9f\r\n        Host Application = C:\\Windows\\System32\\WindowsPowerShell\\v1.0\\powershell.exe -ExecutionPolicy Bypass -File .\\3-windows_telemetry_export.ps1 -Hours 1\r\n        Engine Version = 5.1.20348.558\r\n        Runspace ID = 5c76a277-cd7d-4177-a9dc-3ef6bd930398\r\n        Pipeline ID = 1\r\n        Command Name = Join-Path\r\n        Command Type = Cmdlet\r\n        Script Name = Z:\\blue_team\\2x02_eyes_on_endpoint\\3-windows_telemetry_export.ps1\r\n        Command Path = \r\n        Sequence Number = 20\r\n        User = MEDDEFENSE\\analyst\r\n        Connected User = \r\n        Shell ID = Microsoft.PowerShell\r\n\r\n\r\nUser Data:\r\n\r\n"
                   },
                   {
                       "timestamp":  "2026-08-08T12:39:36.7837152Z",
                       "hostname":  "DC01",
                       "platform":  "Windows",
                       "source_type":  "PowerShell",
                       "channel":  "Microsoft-Windows-PowerShell/Operational",
                       "event_id":  4103,
                       "event_category":  "powershell_module_logging",
                       "provider":  "Microsoft-Windows-PowerShell",
                       "raw_message":  "CommandInvocation(Get-Date): \"Get-Date\"\r\n\r\n\r\nContext:\r\n        Severity = Informational\r\n        Host Name = ConsoleHost\r\n        Host Version = 5.1.20348.558\r\n        Host ID = d9b32dbd-ae91-4ebc-a41e-358696f9bc9f\r\n        Host Application = C:\\Windows\\System32\\WindowsPowerShell\\v1.0\\powershell.exe -ExecutionPolicy Bypass -File .\\3-windows_telemetry_export.ps1 -Hours 1\r\n        Engine Version = 5.1.20348.558\r\n        Runspace ID = 5c76a277-cd7d-4177-a9dc-3ef6bd930398\r\n        Pipeline ID = 1\r\n        Command Name = Get-Date\r\n        Command Type = Cmdlet\r\n        Script Name = Z:\\blue_team\\2x02_eyes_on_endpoint\\3-windows_telemetry_export.ps1\r\n        Command Path = \r\n        Sequence Number = 22\r\n        User = MEDDEFENSE\\analyst\r\n        Connected User = \r\n        Shell ID = Microsoft.PowerShell\r\n\r\n\r\nUser Data:\r\n\r\n"
                   },
