                   {
                       "timestamp":  "2026-08-08T12:09:00.2351615Z",
                       "hostname":  "DC01",
                       "platform":  "Windows",
                       "source_type":  "Sysmon",
                       "channel":  "Microsoft-Windows-Sysmon/Operational",
                       "event_id":  1,
                       "event_category":  "process_creation",
                       "provider":  "Microsoft-Windows-Sysmon",
                       "raw_message":  "Process Create:\r\nRuleName: MedDefense Rule 3 - Encoded PowerShell\r\nUtcTime: 2026-08-08 12:09:00.190\r\nProcessGuid: {62784320-1c5c-6a77-f100-000000001300}\r\nProcessId: 6820\r\nImage: C:\\Windows\\System32\\WindowsPowerShell\\v1.0\\powershell.exe\r\nFileVersion: 10.0.20348.1 (WinBuild.160101.0800)\r\nDescription: Windows PowerShell\r\nProduct: Microsoft® Windows® Operating System\r\nCompany: Microsoft Corporation\r\nOriginalFileName: PowerShell.EXE\r\nCommandLine: \"C:\\Windows\\System32\\WindowsPowerShell\\v1.0\\powershell.exe\" -NoProfile -NonInteractive -EncodedCommand VwByAGkAdABlAC0ATwB1AHQAcAB1AHQAIAAiAE0ARQBEAEQARQBGAEUATgBTAEUAXwBNAFUATABUAEkATABJAE4ARQBfAFMAVABBAFIAVABfADkAOQA1ADEAMwAxADIAMQA5AGEAMQA3ADQANABjAGMAOAA0AGMAYwA4ADMAMgAzAGYAYQA3AGUAYwBlADAAOQAiAAoAJABQAHIAbwBjAGUAcwBzAEMAbwB1AG4AdAAgAD0AIAAoAEcAZQB0AC0AUAByAG8AYwBlAHMAcwApAC4AQwBvAHUAbgB0AAoAJABTAGUAcgB2AGkAYwBlAEMAbwB1AG4AdAAgAD0AIAAoAEcAZQB0AC0AUwBlAHIAdgBpAGMAZQApAC4AQwBvAHUAbgB0AAoAJABDAG8AbQBwAHUAdABlAHIATgBhAG0AZQAgAD0AIAAkAGUAbgB2ADoAQwBPAE0AUABVAFQARQBSAE4AQQBNAEUACgAkAEMAdQByAHIAZQBuAHQAVQBzAGUAcgAgAD0AIABbAFMAeQBzAHQAZQBtAC4AUwBlAGMAdQByAGkAdAB5AC4AUAByAGkAbgBjAGkAcABhAGwALgBXAGkAbgBkAG8AdwBzAEkAZABlAG4AdABpAHQAeQBdADoAOgBHAGUAdABDAHUAcgByAGUAbgB0ACgAKQAuAE4AYQBtAGUACgAkAEMAdQByAHIAZQBuAHQARABhAHQAZQAgAD0AIABHAGUAdAAtAEQAYQB0AGUACgAkAFAAbwB3AGUAcgBTAGgAZQBsAGwAVgBlAHIAcwBpAG8AbgAgAD0AIAAkAFAAUwBWAGUAcgBzAGkAbwBuAFQAYQBiAGwAZQAuAFAAUwBWAGUAcgBzAGkAbwBuAC4AVABvAFMAdAByAGkAbgBnACgAKQAKACQARABvAG0AYQBpAG4AIAA9ACAAJABlAG4AdgA6AFUAUwBFAFIARABPAE0AQQBJAE4ACgAkAFAAYQB0AGgAVgBhAGwAdQBlACAAPQAgACQAZQBuAHYAOgBQAEEAVABIAAoAJABSAGUAcwB1AGwAdAAgAD0AIAAiACQAQwBvAG0AcAB1AHQAZQByAE4AYQBtAGUAfAAkAFAAcgBvAGMAZQBzAHMAQwBvAHUAbgB0AHwAJABTAGUAcgB2AGkAYwBlAEMAbwB1AG4AdAAiAAoAVwByAGkAdABlAC0ATwB1AHQAcAB1AHQAIAAkAFIAZQBzAHUAbAB0AAoAVwByAGkAdABlAC0ATwB1AHQAcAB1AHQAIAAiAE0ARQBEAEQARQBGAEUATgBTAEUAXwBNAFUATABUAEkATABJAE4ARQBfAEUATgBEAF8AOQA5ADUAMQAzADEAMgAxADkAYQAxADcANAA0AGMAYwA4ADQAYwBjADgAMwAyADMAZgBhADcAZQBjAGUAMAA5ACIA\r\nCurrentDirectory: Z:\\blue_team\\2x02_eyes_on_endpoint\\\r\nUser: MEDDEFENSE\\analyst\r\nLogonGuid: {62784320-16d5-6a77-5672-060000000000}\r\nLogonId: 0x67256\r\nTerminalSessionId: 1\r\nIntegrityLevel: High\r\nHashes: MD5=2E0CCB27064856E3D55017FA2D33A7B9,SHA256=1C84C8632C5269F24876ED9F49FA810B49F77E1E92E8918FC164C34B020F9A94,IMPHASH=BF7A6E7A62C3F5B2E8E069438AC1DD3D\r\nParentProcessGuid: {62784320-1c55-6a77-ed00-000000001300}\r\nParentProcessId: 2304\r\nParentImage: C:\\Windows\\System32\\WindowsPowerShell\\v1.0\\powershell.exe\r\nParentCommandLine: \"C:\\Windows\\System32\\WindowsPowerShell\\v1.0\\powershell.exe\" -ExecutionPolicy Bypass -File .\\2-powershell_logging_validation.ps1\r\nParentUser: MEDDEFENSE\\analyst",
                       "image":  "C:\\Windows\\System32\\WindowsPowerShell\\v1.0\\powershell.exe",
                       "command_line":  "\"C:\\Windows\\System32\\WindowsPowerShell\\v1.0\\powershell.exe\" -NoProfile -NonInteractive -EncodedCommand VwByAGkAdABlAC0ATwB1AHQAcAB1AHQAIAAiAE0ARQBEAEQARQBGAEUATgBTAEUAXwBNAFUATABUAEkATABJAE4ARQBfAFMAVABBAFIAVABfADkAOQA1ADEAMwAxADIAMQA5AGEAMQA3ADQANABjAGMAOAA0AGMAYwA4ADMAMgAzAGYAYQA3AGUAYwBlADAAOQAiAAoAJABQAHIAbwBjAGUAcwBzAEMAbwB1AG4AdAAgAD0AIAAoAEcAZQB0AC0AUAByAG8AYwBlAHMAcwApAC4AQwBvAHUAbgB0AAoAJABTAGUAcgB2AGkAYwBlAEMAbwB1AG4AdAAgAD0AIAAoAEcAZQB0AC0AUwBlAHIAdgBpAGMAZQApAC4AQwBvAHUAbgB0AAoAJABDAG8AbQBwAHUAdABlAHIATgBhAG0AZQAgAD0AIAAkAGUAbgB2ADoAQwBPAE0AUABVAFQARQBSAE4AQQBNAEUACgAkAEMAdQByAHIAZQBuAHQAVQBzAGUAcgAgAD0AIABbAFMAeQBzAHQAZQBtAC4AUwBlAGMAdQByAGkAdAB5AC4AUAByAGkAbgBjAGkAcABhAGwALgBXAGkAbgBkAG8AdwBzAEkAZABlAG4AdABpAHQAeQBdADoAOgBHAGUAdABDAHUAcgByAGUAbgB0ACgAKQAuAE4AYQBtAGUACgAkAEMAdQByAHIAZQBuAHQARABhAHQAZQAgAD0AIABHAGUAdAAtAEQAYQB0AGUACgAkAFAAbwB3AGUAcgBTAGgAZQBsAGwAVgBlAHIAcwBpAG8AbgAgAD0AIAAkAFAAUwBWAGUAcgBzAGkAbwBuAFQAYQBiAGwAZQAuAFAAUwBWAGUAcgBzAGkAbwBuAC4AVABvAFMAdAByAGkAbgBnACgAKQAKACQARABvAG0AYQBpAG4AIAA9ACAAJABlAG4AdgA6AFUAUwBFAFIARABPAE0AQQBJAE4ACgAkAFAAYQB0AGgAVgBhAGwAdQBlACAAPQAgACQAZQBuAHYAOgBQAEEAVABIAAoAJABSAGUAcwB1AGwAdAAgAD0AIAAiACQAQwBvAG0AcAB1AHQAZQByAE4AYQBtAGUAfAAkAFAAcgBvAGMAZQBzAHMAQwBvAHUAbgB0AHwAJABTAGUAcgB2AGkAYwBlAEMAbwB1AG4AdAAiAAoAVwByAGkAdABlAC0ATwB1AHQAcAB1AHQAIAAkAFIAZQBzAHUAbAB0AAoAVwByAGkAdABlAC0ATwB1AHQAcAB1AHQAIAAiAE0ARQBEAEQARQBGAEUATgBTAEUAXwBNAFUATABUAEkATABJAE4ARQBfAEUATgBEAF8AOQA5ADUAMQAzADEAMgAxADkAYQAxADcANAA0AGMAYwA4ADQAYwBjADgAMwAyADMAZgBhADcAZQBjAGUAMAA5ACIA",
                       "parent_image":  "C:\\Windows\\System32\\WindowsPowerShell\\v1.0\\powershell.exe",
                       "hashes":  "MD5=2E0CCB27064856E3D55017FA2D33A7B9,SHA256=1C84C8632C5269F24876ED9F49FA810B49F77E1E92E8918FC164C34B020F9A94,IMPHASH=BF7A6E7A62C3F5B2E8E069438AC1DD3D"
                   },
                   {
                       "timestamp":  "2026-08-08T12:09:00.3709834Z",
                       "hostname":  "DC01",
                       "platform":  "Windows",
                       "source_type":  "PowerShell",
                       "channel":  "Microsoft-Windows-PowerShell/Operational",
                       "event_id":  40961,
                       "event_category":  "powershell",
                       "provider":  "Microsoft-Windows-PowerShell",
                       "raw_message":  "PowerShell console is starting up"
                   },
                   {
                       "timestamp":  "2026-08-08T12:09:00.5554096Z",
                       "hostname":  "DC01",
                       "platform":  "Windows",
                       "source_type":  "Sysmon",
                       "channel":  "Microsoft-Windows-Sysmon/Operational",
                       "event_id":  11,
                       "event_category":  "file_creation",
                       "provider":  "Microsoft-Windows-Sysmon",
                       "raw_message":  "File created:\r\nRuleName: -\r\nUtcTime: 2026-08-08 12:09:00.534\r\nProcessGuid: {62784320-1c5c-6a77-f100-000000001300}\r\nProcessId: 6820\r\nImage: C:\\Windows\\System32\\WindowsPowerShell\\v1.0\\powershell.exe\r\nTargetFilename: C:\\Users\\analyst\\AppData\\Local\\Temp\\__PSScriptPolicyTest_klq0bsyi.gm5.ps1\r\nCreationUtcTime: 2026-08-08 12:09:00.534\r\nUser: MEDDEFENSE\\analyst",
                       "target_filename":  "C:\\Users\\analyst\\AppData\\Local\\Temp\\__PSScriptPolicyTest_klq0bsyi.gm5.ps1",
                       "creating_process":  "C:\\Windows\\System32\\WindowsPowerShell\\v1.0\\powershell.exe"
                   },
                   {
                       "timestamp":  "2026-08-08T12:09:00.6485882Z",
                       "hostname":  "DC01",
                       "platform":  "Windows",
                       "source_type":  "PowerShell",
                       "channel":  "Microsoft-Windows-PowerShell/Operational",
                       "event_id":  53504,
                       "event_category":  "powershell",
                       "provider":  "Microsoft-Windows-PowerShell",
                       "raw_message":  "Windows PowerShell has started an IPC listening thread on process: 6820 in AppDomain: DefaultAppDomain."
                   },
                   {
                       "timestamp":  "2026-08-08T12:09:00.8287219Z",
                       "hostname":  "DC01",
                       "platform":  "Windows",
                       "source_type":  "PowerShell",
                       "channel":  "Microsoft-Windows-PowerShell/Operational",
                       "event_id":  40962,
                       "event_category":  "powershell",
                       "provider":  "Microsoft-Windows-PowerShell",
                       "raw_message":  "PowerShell console is ready for user input"
                   },
                   {
                       "timestamp":  "2026-08-08T12:09:00.9232982Z",
                       "hostname":  "DC01",
                       "platform":  "Windows",
                       "source_type":  "PowerShell",
                       "channel":  "Microsoft-Windows-PowerShell/Operational",
                       "event_id":  4104,
                       "event_category":  "powershell_script_block",
                       "provider":  "Microsoft-Windows-PowerShell",
                       "raw_message":  "Creating Scriptblock text (1 of 1):\r\nWrite-Output \"MEDDEFENSE_MULTILINE_START_995131219a1744cc84cc8323fa7ece09\"\n$ProcessCount = (Get-Process).Count\n$ServiceCount = (Get-Service).Count\n$ComputerName = $env:COMPUTERNAME\n$CurrentUser = [System.Security.Principal.WindowsIdentity]::GetCurrent().Name\n$CurrentDate = Get-Date\n$PowerShellVersion = $PSVersionTable.PSVersion.ToString()\n$Domain = $env:USERDOMAIN\n$PathValue = $env:PATH\n$Result = \"$ComputerName|$ProcessCount|$ServiceCount\"\nWrite-Output $Result\nWrite-Output \"MEDDEFENSE_MULTILINE_END_995131219a1744cc84cc8323fa7ece09\"\r\n\r\nScriptBlock ID: 83353694-849c-477b-9732-4e6ddab3766e\r\nPath: ",
                       "script_block_text":  "Write-Output \"MEDDEFENSE_MULTILINE_START_995131219a1744cc84cc8323fa7ece09\"\n$ProcessCount = (Get-Process).Count\n$ServiceCount = (Get-Service).Count\n$ComputerName = $env:COMPUTERNAME\n$CurrentUser = [System.Security.Principal.WindowsIdentity]::GetCurrent().Name\n$CurrentDate = Get-Date\n$PowerShellVersion = $PSVersionTable.PSVersion.ToString()\n$Domain = $env:USERDOMAIN\n$PathValue = $env:PATH\n$Result = \"$ComputerName|$ProcessCount|$ServiceCount\"\nWrite-Output $Result\nWrite-Output \"MEDDEFENSE_MULTILINE_END_995131219a1744cc84cc8323fa7ece09\"",
                       "script_block_decoded":  true
                   },
                   {
                       "timestamp":  "2026-08-08T12:09:01.0518712Z",
                       "hostname":  "DC01",
                       "platform":  "Windows",
                       "source_type":  "PowerShell",
                       "channel":  "Microsoft-Windows-PowerShell/Operational",
                       "event_id":  4103,
                       "event_category":  "powershell_module_logging",
                       "provider":  "Microsoft-Windows-PowerShell",
                       "raw_message":  "CommandInvocation(Write-Output): \"Write-Output\"\r\nParameterBinding(Write-Output): name=\"InputObject\"; value=\"MEDDEFENSE_MULTILINE_START_995131219a1744cc84cc8323fa7ece09\"\r\n\r\n\r\nContext:\r\n        Severity = Informational\r\n        Host Name = ConsoleHost\r\n        Host Version = 5.1.20348.558\r\n        Host ID = c9233653-11b2-4734-9840-3567a23f31d3\r\n        Host Application = C:\\Windows\\System32\\WindowsPowerShell\\v1.0\\powershell.exe -NoProfile -NonInteractive -EncodedCommand VwByAGkAdABlAC0ATwB1AHQAcAB1AHQAIAAiAE0ARQBEAEQARQBGAEUATgBTAEUAXwBNAFUATABUAEkATABJAE4ARQBfAFMAVABBAFIAVABfADkAOQA1ADEAMwAxADIAMQA5AGEAMQA3ADQANABjAGMAOAA0AGMAYwA4ADMAMgAzAGYAYQA3AGUAYwBlADAAOQAiAAoAJABQAHIAbwBjAGUAcwBzAEMAbwB1AG4AdAAgAD0AIAAoAEcAZQB0AC0AUAByAG8AYwBlAHMAcwApAC4AQwBvAHUAbgB0AAoAJABTAGUAcgB2AGkAYwBlAEMAbwB1AG4AdAAgAD0AIAAoAEcAZQB0AC0AUwBlAHIAdgBpAGMAZQApAC4AQwBvAHUAbgB0AAoAJABDAG8AbQBwAHUAdABlAHIATgBhAG0AZQAgAD0AIAAkAGUAbgB2ADoAQwBPAE0AUABVAFQARQBSAE4AQQBNAEUACgAkAEMAdQByAHIAZQBuAHQAVQBzAGUAcgAgAD0AIABbAFMAeQBzAHQAZQBtAC4AUwBlAGMAdQByAGkAdAB5AC4AUAByAGkAbgBjAGkAcABhAGwALgBXAGkAbgBkAG8AdwBzAEkAZABlAG4AdABpAHQAeQBdADoAOgBHAGUAdABDAHUAcgByAGUAbgB0ACgAKQAuAE4AYQBtAGUACgAkAEMAdQByAHIAZQBuAHQARABhAHQAZQAgAD0AIABHAGUAdAAtAEQAYQB0AGUACgAkAFAAbwB3AGUAcgBTAGgAZQBsAGwAVgBlAHIAcwBpAG8AbgAgAD0AIAAkAFAAUwBWAGUAcgBzAGkAbwBuAFQAYQBiAGwAZQAuAFAAUwBWAGUAcgBzAGkAbwBuAC4AVABvAFMAdAByAGkAbgBnACgAKQAKACQARABvAG0AYQBpAG4AIAA9ACAAJABlAG4AdgA6AFUAUwBFAFIARABPAE0AQQBJAE4ACgAkAFAAYQB0AGgAVgBhAGwAdQBlACAAPQAgACQAZQBuAHYAOgBQAEEAVABIAAoAJABSAGUAcwB1AGwAdAAgAD0AIAAiACQAQwBvAG0AcAB1AHQAZQByAE4AYQBtAGUAfAAkAFAAcgBvAGMAZQBzAHMAQwBvAHUAbgB0AHwAJABTAGUAcgB2AGkAYwBlAEMAbwB1AG4AdAAiAAoAVwByAGkAdABlAC0ATwB1AHQAcAB1AHQAIAAkAFIAZQBzAHUAbAB0AAoAVwByAGkAdABlAC0ATwB1AHQAcAB1AHQAIAAiAE0ARQBEAEQARQBGAEUATgBTAEUAXwBNAFUATABUAEkATABJAE4ARQBfAEUATgBEAF8AOQA5ADUAMQAzADEAMgAxADkAYQAxADcANAA0AGMAYwA4ADQAYwBjADgAMwAyADMAZgBhADcAZQBjAGUAMAA5ACIA\r\n        Engine Version = 5.1.20348.558\r\n        Runspace ID = 280957f8-d0bf-456f-a75e-41588dc664cb\r\n        Pipeline ID = 1\r\n        Command Name = Write-Output\r\n        Command Type = Cmdlet\r\n        Script Name = \r\n        Command Path = \r\n        Sequence Number = 16\r\n        User = MEDDEFENSE\\analyst\r\n        Connected User = \r\n        Shell ID = Microsoft.PowerShell\r\n\r\n\r\nUser Data:\r\n\r\n"
                   },
                   {
                       "timestamp":  "2026-08-08T12:09:01.0988982Z",
                       "hostname":  "DC01",
                       "platform":  "Windows",
                       "source_type":  "PowerShell",
                       "channel":  "Microsoft-Windows-PowerShell/Operational",
                       "event_id":  4103,
                       "event_category":  "powershell_module_logging",
                       "provider":  "Microsoft-Windows-PowerShell",
                       "raw_message":  "CommandInvocation(Get-Process): \"Get-Process\"\r\n\r\n\r\nContext:\r\n        Severity = Informational\r\n        Host Name = ConsoleHost\r\n        Host Version = 5.1.20348.558\r\n        Host ID = c9233653-11b2-4734-9840-3567a23f31d3\r\n        Host Application = C:\\Windows\\System32\\WindowsPowerShell\\v1.0\\powershell.exe -NoProfile -NonInteractive -EncodedCommand VwByAGkAdABlAC0ATwB1AHQAcAB1AHQAIAAiAE0ARQBEAEQARQBGAEUATgBTAEUAXwBNAFUATABUAEkATABJAE4ARQBfAFMAVABBAFIAVABfADkAOQA1ADEAMwAxADIAMQA5AGEAMQA3ADQANABjAGMAOAA0AGMAYwA4ADMAMgAzAGYAYQA3AGUAYwBlADAAOQAiAAoAJABQAHIAbwBjAGUAcwBzAEMAbwB1AG4AdAAgAD0AIAAoAEcAZQB0AC0AUAByAG8AYwBlAHMAcwApAC4AQwBvAHUAbgB0AAoAJABTAGUAcgB2AGkAYwBlAEMAbwB1AG4AdAAgAD0AIAAoAEcAZQB0AC0AUwBlAHIAdgBpAGMAZQApAC4AQwBvAHUAbgB0AAoAJABDAG8AbQBwAHUAdABlAHIATgBhAG0AZQAgAD0AIAAkAGUAbgB2ADoAQwBPAE0AUABVAFQARQBSAE4AQQBNAEUACgAkAEMAdQByAHIAZQBuAHQAVQBzAGUAcgAgAD0AIABbAFMAeQBzAHQAZQBtAC4AUwBlAGMAdQByAGkAdAB5AC4AUAByAGkAbgBjAGkAcABhAGwALgBXAGkAbgBkAG8AdwBzAEkAZABlAG4AdABpAHQAeQBdADoAOgBHAGUAdABDAHUAcgByAGUAbgB0ACgAKQAuAE4AYQBtAGUACgAkAEMAdQByAHIAZQBuAHQARABhAHQAZQAgAD0AIABHAGUAdAAtAEQAYQB0AGUACgAkAFAAbwB3AGUAcgBTAGgAZQBsAGwAVgBlAHIAcwBpAG8AbgAgAD0AIAAkAFAAUwBWAGUAcgBzAGkAbwBuAFQAYQBiAGwAZQAuAFAAUwBWAGUAcgBzAGkAbwBuAC4AVABvAFMAdAByAGkAbgBnACgAKQAKACQARABvAG0AYQBpAG4AIAA9ACAAJABlAG4AdgA6AFUAUwBFAFIARABPAE0AQQBJAE4ACgAkAFAAYQB0AGgAVgBhAGwAdQBlACAAPQAgACQAZQBuAHYAOgBQAEEAVABIAAoAJABSAGUAcwB1AGwAdAAgAD0AIAAiACQAQwBvAG0AcAB1AHQAZQByAE4AYQBtAGUAfAAkAFAAcgBvAGMAZQBzAHMAQwBvAHUAbgB0AHwAJABTAGUAcgB2AGkAYwBlAEMAbwB1AG4AdAAiAAoAVwByAGkAdABlAC0ATwB1AHQAcAB1AHQAIAAkAFIAZQBzAHUAbAB0AAoAVwByAGkAdABlAC0ATwB1AHQAcAB1AHQAIAAiAE0ARQBEAEQARQBGAEUATgBTAEUAXwBNAFUATABUAEkATABJAE4ARQBfAEUATgBEAF8AOQA5ADUAMQAzADEAMgAxADkAYQAxADcANAA0AGMAYwA4ADQAYwBjADgAMwAyADMAZgBhADcAZQBjAGUAMAA5ACIA\r\n        Engine Version = 5.1.20348.558\r\n        Runspace ID = 280957f8-d0bf-456f-a75e-41588dc664cb\r\n        Pipeline ID = 1\r\n        Command Name = Get-Process\r\n        Command Type = Cmdlet\r\n        Script Name = \r\n        Command Path = \r\n        Sequence Number = 18\r\n        User = MEDDEFENSE\\analyst\r\n        Connected User = \r\n        Shell ID = Microsoft.PowerShell\r\n\r\n\r\nUser Data:\r\n\r\n"
                   },
                   {
                       "timestamp":  "2026-08-08T12:09:01.1589761Z",
                       "hostname":  "DC01",
                       "platform":  "Windows",
                       "source_type":  "PowerShell",
                       "channel":  "Microsoft-Windows-PowerShell/Operational",
                       "event_id":  4103,
                       "event_category":  "powershell_module_logging",
                       "provider":  "Microsoft-Windows-PowerShell",
                       "raw_message":  "CommandInvocation(Get-Service): \"Get-Service\"\r\n\r\n\r\nContext:\r\n        Severity = Informational\r\n        Host Name = ConsoleHost\r\n        Host Version = 5.1.20348.558\r\n        Host ID = c9233653-11b2-4734-9840-3567a23f31d3\r\n        Host Application = C:\\Windows\\System32\\WindowsPowerShell\\v1.0\\powershell.exe -NoProfile -NonInteractive -EncodedCommand VwByAGkAdABlAC0ATwB1AHQAcAB1AHQAIAAiAE0ARQBEAEQARQBGAEUATgBTAEUAXwBNAFUATABUAEkATABJAE4ARQBfAFMAVABBAFIAVABfADkAOQA1ADEAMwAxADIAMQA5AGEAMQA3ADQANABjAGMAOAA0AGMAYwA4ADMAMgAzAGYAYQA3AGUAYwBlADAAOQAiAAoAJABQAHIAbwBjAGUAcwBzAEMAbwB1AG4AdAAgAD0AIAAoAEcAZQB0AC0AUAByAG8AYwBlAHMAcwApAC4AQwBvAHUAbgB0AAoAJABTAGUAcgB2AGkAYwBlAEMAbwB1AG4AdAAgAD0AIAAoAEcAZQB0AC0AUwBlAHIAdgBpAGMAZQApAC4AQwBvAHUAbgB0AAoAJABDAG8AbQBwAHUAdABlAHIATgBhAG0AZQAgAD0AIAAkAGUAbgB2ADoAQwBPAE0AUABVAFQARQBSAE4AQQBNAEUACgAkAEMAdQByAHIAZQBuAHQAVQBzAGUAcgAgAD0AIABbAFMAeQBzAHQAZQBtAC4AUwBlAGMAdQByAGkAdAB5AC4AUAByAGkAbgBjAGkAcABhAGwALgBXAGkAbgBkAG8AdwBzAEkAZABlAG4AdABpAHQAeQBdADoAOgBHAGUAdABDAHUAcgByAGUAbgB0ACgAKQAuAE4AYQBtAGUACgAkAEMAdQByAHIAZQBuAHQARABhAHQAZQAgAD0AIABHAGUAdAAtAEQAYQB0AGUACgAkAFAAbwB3AGUAcgBTAGgAZQBsAGwAVgBlAHIAcwBpAG8AbgAgAD0AIAAkAFAAUwBWAGUAcgBzAGkAbwBuAFQAYQBiAGwAZQAuAFAAUwBWAGUAcgBzAGkAbwBuAC4AVABvAFMAdAByAGkAbgBnACgAKQAKACQARABvAG0AYQBpAG4AIAA9ACAAJABlAG4AdgA6AFUAUwBFAFIARABPAE0AQQBJAE4ACgAkAFAAYQB0AGgAVgBhAGwAdQBlACAAPQAgACQAZQBuAHYAOgBQAEEAVABIAAoAJABSAGUAcwB1AGwAdAAgAD0AIAAiACQAQwBvAG0AcAB1AHQAZQByAE4AYQBtAGUAfAAkAFAAcgBvAGMAZQBzAHMAQwBvAHUAbgB0AHwAJABTAGUAcgB2AGkAYwBlAEMAbwB1AG4AdAAiAAoAVwByAGkAdABlAC0ATwB1AHQAcAB1AHQAIAAkAFIAZQBzAHUAbAB0AAoAVwByAGkAdABlAC0ATwB1AHQAcAB1AHQAIAAiAE0ARQBEAEQARQBGAEUATgBTAEUAXwBNAFUATABUAEkATABJAE4ARQBfAEUATgBEAF8AOQA5ADUAMQAzADEAMgAxADkAYQAxADcANAA0AGMAYwA4ADQAYwBjADgAMwAyADMAZgBhADcAZQBjAGUAMAA5ACIA\r\n        Engine Version = 5.1.20348.558\r\n        Runspace ID = 280957f8-d0bf-456f-a75e-41588dc664cb\r\n        Pipeline ID = 1\r\n        Command Name = Get-Service\r\n        Command Type = Cmdlet\r\n        Script Name = \r\n        Command Path = \r\n        Sequence Number = 20\r\n        User = MEDDEFENSE\\analyst\r\n        Connected User = \r\n        Shell ID = Microsoft.PowerShell\r\n\r\n\r\nUser Data:\r\n\r\n"
                   },
                   {
                       "timestamp":  "2026-08-08T12:09:01.1696509Z",
                       "hostname":  "DC01",
                       "platform":  "Windows",
                       "source_type":  "PowerShell",
                       "channel":  "Microsoft-Windows-PowerShell/Operational",
                       "event_id":  4103,
                       "event_category":  "powershell_module_logging",
                       "provider":  "Microsoft-Windows-PowerShell",
                       "raw_message":  "CommandInvocation(Get-Date): \"Get-Date\"\r\n\r\n\r\nContext:\r\n        Severity = Informational\r\n        Host Name = ConsoleHost\r\n        Host Version = 5.1.20348.558\r\n        Host ID = c9233653-11b2-4734-9840-3567a23f31d3\r\n        Host Application = C:\\Windows\\System32\\WindowsPowerShell\\v1.0\\powershell.exe -NoProfile -NonInteractive -EncodedCommand VwByAGkAdABlAC0ATwB1AHQAcAB1AHQAIAAiAE0ARQBEAEQARQBGAEUATgBTAEUAXwBNAFUATABUAEkATABJAE4ARQBfAFMAVABBAFIAVABfADkAOQA1ADEAMwAxADIAMQA5AGEAMQA3ADQANABjAGMAOAA0AGMAYwA4ADMAMgAzAGYAYQA3AGUAYwBlADAAOQAiAAoAJABQAHIAbwBjAGUAcwBzAEMAbwB1AG4AdAAgAD0AIAAoAEcAZQB0AC0AUAByAG8AYwBlAHMAcwApAC4AQwBvAHUAbgB0AAoAJABTAGUAcgB2AGkAYwBlAEMAbwB1AG4AdAAgAD0AIAAoAEcAZQB0AC0AUwBlAHIAdgBpAGMAZQApAC4AQwBvAHUAbgB0AAoAJABDAG8AbQBwAHUAdABlAHIATgBhAG0AZQAgAD0AIAAkAGUAbgB2ADoAQwBPAE0AUABVAFQARQBSAE4AQQBNAEUACgAkAEMAdQByAHIAZQBuAHQAVQBzAGUAcgAgAD0AIABbAFMAeQBzAHQAZQBtAC4AUwBlAGMAdQByAGkAdAB5AC4AUAByAGkAbgBjAGkAcABhAGwALgBXAGkAbgBkAG8AdwBzAEkAZABlAG4AdABpAHQAeQBdADoAOgBHAGUAdABDAHUAcgByAGUAbgB0ACgAKQAuAE4AYQBtAGUACgAkAEMAdQByAHIAZQBuAHQARABhAHQAZQAgAD0AIABHAGUAdAAtAEQAYQB0AGUACgAkAFAAbwB3AGUAcgBTAGgAZQBsAGwAVgBlAHIAcwBpAG8AbgAgAD0AIAAkAFAAUwBWAGUAcgBzAGkAbwBuAFQAYQBiAGwAZQAuAFAAUwBWAGUAcgBzAGkAbwBuAC4AVABvAFMAdAByAGkAbgBnACgAKQAKACQARABvAG0AYQBpAG4AIAA9ACAAJABlAG4AdgA6AFUAUwBFAFIARABPAE0AQQBJAE4ACgAkAFAAYQB0AGgAVgBhAGwAdQBlACAAPQAgACQAZQBuAHYAOgBQAEEAVABIAAoAJABSAGUAcwB1AGwAdAAgAD0AIAAiACQAQwBvAG0AcAB1AHQAZQByAE4AYQBtAGUAfAAkAFAAcgBvAGMAZQBzAHMAQwBvAHUAbgB0AHwAJABTAGUAcgB2AGkAYwBlAEMAbwB1AG4AdAAiAAoAVwByAGkAdABlAC0ATwB1AHQAcAB1AHQAIAAkAFIAZQBzAHUAbAB0AAoAVwByAGkAdABlAC0ATwB1AHQAcAB1AHQAIAAiAE0ARQBEAEQARQBGAEUATgBTAEUAXwBNAFUATABUAEkATABJAE4ARQBfAEUATgBEAF8AOQA5ADUAMQAzADEAMgAxADkAYQAxADcANAA0AGMAYwA4ADQAYwBjADgAMwAyADMAZgBhADcAZQBjAGUAMAA5ACIA\r\n        Engine Version = 5.1.20348.558\r\n        Runspace ID = 280957f8-d0bf-456f-a75e-41588dc664cb\r\n        Pipeline ID = 1\r\n        Command Name = Get-Date\r\n        Command Type = Cmdlet\r\n        Script Name = \r\n        Command Path = \r\n        Sequence Number = 22\r\n        User = MEDDEFENSE\\analyst\r\n        Connected User = \r\n        Shell ID = Microsoft.PowerShell\r\n\r\n\r\nUser Data:\r\n\r\n"
                   },
                   {
                       "timestamp":  "2026-08-08T12:09:01.1915396Z",
                       "hostname":  "DC01",
                       "platform":  "Windows",
                       "source_type":  "PowerShell",
                       "channel":  "Microsoft-Windows-PowerShell/Operational",
                       "event_id":  4103,
                       "event_category":  "powershell_module_logging",
                       "provider":  "Microsoft-Windows-PowerShell",
                       "raw_message":  "CommandInvocation(Write-Output): \"Write-Output\"\r\nParameterBinding(Write-Output): name=\"InputObject\"; value=\"DC01|112|220\"\r\n\r\n\r\nContext:\r\n        Severity = Informational\r\n        Host Name = ConsoleHost\r\n        Host Version = 5.1.20348.558\r\n        Host ID = c9233653-11b2-4734-9840-3567a23f31d3\r\n        Host Application = C:\\Windows\\System32\\WindowsPowerShell\\v1.0\\powershell.exe -NoProfile -NonInteractive -EncodedCommand VwByAGkAdABlAC0ATwB1AHQAcAB1AHQAIAAiAE0ARQBEAEQARQBGAEUATgBTAEUAXwBNAFUATABUAEkATABJAE4ARQBfAFMAVABBAFIAVABfADkAOQA1ADEAMwAxADIAMQA5AGEAMQA3ADQANABjAGMAOAA0AGMAYwA4ADMAMgAzAGYAYQA3AGUAYwBlADAAOQAiAAoAJABQAHIAbwBjAGUAcwBzAEMAbwB1AG4AdAAgAD0AIAAoAEcAZQB0AC0AUAByAG8AYwBlAHMAcwApAC4AQwBvAHUAbgB0AAoAJABTAGUAcgB2AGkAYwBlAEMAbwB1AG4AdAAgAD0AIAAoAEcAZQB0AC0AUwBlAHIAdgBpAGMAZQApAC4AQwBvAHUAbgB0AAoAJABDAG8AbQBwAHUAdABlAHIATgBhAG0AZQAgAD0AIAAkAGUAbgB2ADoAQwBPAE0AUABVAFQARQBSAE4AQQBNAEUACgAkAEMAdQByAHIAZQBuAHQAVQBzAGUAcgAgAD0AIABbAFMAeQBzAHQAZQBtAC4AUwBlAGMAdQByAGkAdAB5AC4AUAByAGkAbgBjAGkAcABhAGwALgBXAGkAbgBkAG8AdwBzAEkAZABlAG4AdABpAHQAeQBdADoAOgBHAGUAdABDAHUAcgByAGUAbgB0ACgAKQAuAE4AYQBtAGUACgAkAEMAdQByAHIAZQBuAHQARABhAHQAZQAgAD0AIABHAGUAdAAtAEQAYQB0AGUACgAkAFAAbwB3AGUAcgBTAGgAZQBsAGwAVgBlAHIAcwBpAG8AbgAgAD0AIAAkAFAAUwBWAGUAcgBzAGkAbwBuAFQAYQBiAGwAZQAuAFAAUwBWAGUAcgBzAGkAbwBuAC4AVABvAFMAdAByAGkAbgBnACgAKQAKACQARABvAG0AYQBpAG4AIAA9ACAAJABlAG4AdgA6AFUAUwBFAFIARABPAE0AQQBJAE4ACgAkAFAAYQB0AGgAVgBhAGwAdQBlACAAPQAgACQAZQBuAHYAOgBQAEEAVABIAAoAJABSAGUAcwB1AGwAdAAgAD0AIAAiACQAQwBvAG0AcAB1AHQAZQByAE4AYQBtAGUAfAAkAFAAcgBvAGMAZQBzAHMAQwBvAHUAbgB0AHwAJABTAGUAcgB2AGkAYwBlAEMAbwB1AG4AdAAiAAoAVwByAGkAdABlAC0ATwB1AHQAcAB1AHQAIAAkAFIAZQBzAHUAbAB0AAoAVwByAGkAdABlAC0ATwB1AHQAcAB1AHQAIAAiAE0ARQBEAEQARQBGAEUATgBTAEUAXwBNAFUATABUAEkATABJAE4ARQBfAEUATgBEAF8AOQA5ADUAMQAzADEAMgAxADkAYQAxADcANAA0AGMAYwA4ADQAYwBjADgAMwAyADMAZgBhADcAZQBjAGUAMAA5ACIA\r\n        Engine Version = 5.1.20348.558\r\n        Runspace ID = 280957f8-d0bf-456f-a75e-41588dc664cb\r\n        Pipeline ID = 1\r\n        Command Name = Write-Output\r\n        Command Type = Cmdlet\r\n        Script Name = \r\n        Command Path = \r\n        Sequence Number = 24\r\n        User = MEDDEFENSE\\analyst\r\n        Connected User = \r\n        Shell ID = Microsoft.PowerShell\r\n\r\n\r\nUser Data:\r\n\r\n"
                   },
                   {
                       "timestamp":  "2026-08-08T12:09:01.1931822Z",
                       "hostname":  "DC01",
                       "platform":  "Windows",
                       "source_type":  "PowerShell",
                       "channel":  "Microsoft-Windows-PowerShell/Operational",
                       "event_id":  4103,
                       "event_category":  "powershell_module_logging",
                       "provider":  "Microsoft-Windows-PowerShell",
                       "raw_message":  "CommandInvocation(Write-Output): \"Write-Output\"\r\nParameterBinding(Write-Output): name=\"InputObject\"; value=\"MEDDEFENSE_MULTILINE_END_995131219a1744cc84cc8323fa7ece09\"\r\n\r\n\r\nContext:\r\n        Severity = Informational\r\n        Host Name = ConsoleHost\r\n        Host Version = 5.1.20348.558\r\n        Host ID = c9233653-11b2-4734-9840-3567a23f31d3\r\n        Host Application = C:\\Windows\\System32\\WindowsPowerShell\\v1.0\\powershell.exe -NoProfile -NonInteractive -EncodedCommand VwByAGkAdABlAC0ATwB1AHQAcAB1AHQAIAAiAE0ARQBEAEQARQBGAEUATgBTAEUAXwBNAFUATABUAEkATABJAE4ARQBfAFMAVABBAFIAVABfADkAOQA1ADEAMwAxADIAMQA5AGEAMQA3ADQANABjAGMAOAA0AGMAYwA4ADMAMgAzAGYAYQA3AGUAYwBlADAAOQAiAAoAJABQAHIAbwBjAGUAcwBzAEMAbwB1AG4AdAAgAD0AIAAoAEcAZQB0AC0AUAByAG8AYwBlAHMAcwApAC4AQwBvAHUAbgB0AAoAJABTAGUAcgB2AGkAYwBlAEMAbwB1AG4AdAAgAD0AIAAoAEcAZQB0AC0AUwBlAHIAdgBpAGMAZQApAC4AQwBvAHUAbgB0AAoAJABDAG8AbQBwAHUAdABlAHIATgBhAG0AZQAgAD0AIAAkAGUAbgB2ADoAQwBPAE0AUABVAFQARQBSAE4AQQBNAEUACgAkAEMAdQByAHIAZQBuAHQAVQBzAGUAcgAgAD0AIABbAFMAeQBzAHQAZQBtAC4AUwBlAGMAdQByAGkAdAB5AC4AUAByAGkAbgBjAGkAcABhAGwALgBXAGkAbgBkAG8AdwBzAEkAZABlAG4AdABpAHQAeQBdADoAOgBHAGUAdABDAHUAcgByAGUAbgB0ACgAKQAuAE4AYQBtAGUACgAkAEMAdQByAHIAZQBuAHQARABhAHQAZQAgAD0AIABHAGUAdAAtAEQAYQB0AGUACgAkAFAAbwB3AGUAcgBTAGgAZQBsAGwAVgBlAHIAcwBpAG8AbgAgAD0AIAAkAFAAUwBWAGUAcgBzAGkAbwBuAFQAYQBiAGwAZQAuAFAAUwBWAGUAcgBzAGkAbwBuAC4AVABvAFMAdAByAGkAbgBnACgAKQAKACQARABvAG0AYQBpAG4AIAA9ACAAJABlAG4AdgA6AFUAUwBFAFIARABPAE0AQQBJAE4ACgAkAFAAYQB0AGgAVgBhAGwAdQBlACAAPQAgACQAZQBuAHYAOgBQAEEAVABIAAoAJABSAGUAcwB1AGwAdAAgAD0AIAAiACQAQwBvAG0AcAB1AHQAZQByAE4AYQBtAGUAfAAkAFAAcgBvAGMAZQBzAHMAQwBvAHUAbgB0AHwAJABTAGUAcgB2AGkAYwBlAEMAbwB1AG4AdAAiAAoAVwByAGkAdABlAC0ATwB1AHQAcAB1AHQAIAAkAFIAZQBzAHUAbAB0AAoAVwByAGkAdABlAC0ATwB1AHQAcAB1AHQAIAAiAE0ARQBEAEQARQBGAEUATgBTAEUAXwBNAFUATABUAEkATABJAE4ARQBfAEUATgBEAF8AOQA5ADUAMQAzADEAMgAxADkAYQAxADcANAA0AGMAYwA4ADQAYwBjADgAMwAyADMAZgBhADcAZQBjAGUAMAA5ACIA\r\n        Engine Version = 5.1.20348.558\r\n        Runspace ID = 280957f8-d0bf-456f-a75e-41588dc664cb\r\n        Pipeline ID = 1\r\n        Command Name = Write-Output\r\n        Command Type = Cmdlet\r\n        Script Name = \r\n        Command Path = \r\n        Sequence Number = 26\r\n        User = MEDDEFENSE\\analyst\r\n        Connected User = \r\n        Shell ID = Microsoft.PowerShell\r\n\r\n\r\nUser Data:\r\n\r\n"
                   },
                   {
                       "timestamp":  "2026-08-08T12:09:01.1941507Z",
                       "hostname":  "DC01",
                       "platform":  "Windows",
                       "source_type":  "PowerShell",
                       "channel":  "Microsoft-Windows-PowerShell/Operational",
                       "event_id":  4103,
                       "event_category":  "powershell_module_logging",
                       "provider":  "Microsoft-Windows-PowerShell",
                       "raw_message":  "CommandInvocation(Out-Default): \"Out-Default\"\r\nParameterBinding(Out-Default): name=\"InputObject\"; value=\"MEDDEFENSE_MULTILINE_START_995131219a1744cc84cc8323fa7ece09\"\r\nParameterBinding(Out-Default): name=\"InputObject\"; value=\"DC01|112|220\"\r\nParameterBinding(Out-Default): name=\"InputObject\"; value=\"MEDDEFENSE_MULTILINE_END_995131219a1744cc84cc8323fa7ece09\"\r\n\r\n\r\nContext:\r\n        Severity = Informational\r\n        Host Name = ConsoleHost\r\n        Host Version = 5.1.20348.558\r\n        Host ID = c9233653-11b2-4734-9840-3567a23f31d3\r\n        Host Application = C:\\Windows\\System32\\WindowsPowerShell\\v1.0\\powershell.exe -NoProfile -NonInteractive -EncodedCommand VwByAGkAdABlAC0ATwB1AHQAcAB1AHQAIAAiAE0ARQBEAEQARQBGAEUATgBTAEUAXwBNAFUATABUAEkATABJAE4ARQBfAFMAVABBAFIAVABfADkAOQA1ADEAMwAxADIAMQA5AGEAMQA3ADQANABjAGMAOAA0AGMAYwA4ADMAMgAzAGYAYQA3AGUAYwBlADAAOQAiAAoAJABQAHIAbwBjAGUAcwBzAEMAbwB1AG4AdAAgAD0AIAAoAEcAZQB0AC0AUAByAG8AYwBlAHMAcwApAC4AQwBvAHUAbgB0AAoAJABTAGUAcgB2AGkAYwBlAEMAbwB1AG4AdAAgAD0AIAAoAEcAZQB0AC0AUwBlAHIAdgBpAGMAZQApAC4AQwBvAHUAbgB0AAoAJABDAG8AbQBwAHUAdABlAHIATgBhAG0AZQAgAD0AIAAkAGUAbgB2ADoAQwBPAE0AUABVAFQARQBSAE4AQQBNAEUACgAkAEMAdQByAHIAZQBuAHQAVQBzAGUAcgAgAD0AIABbAFMAeQBzAHQAZQBtAC4AUwBlAGMAdQByAGkAdAB5AC4AUAByAGkAbgBjAGkAcABhAGwALgBXAGkAbgBkAG8AdwBzAEkAZABlAG4AdABpAHQAeQBdADoAOgBHAGUAdABDAHUAcgByAGUAbgB0ACgAKQAuAE4AYQBtAGUACgAkAEMAdQByAHIAZQBuAHQARABhAHQAZQAgAD0AIABHAGUAdAAtAEQAYQB0AGUACgAkAFAAbwB3AGUAcgBTAGgAZQBsAGwAVgBlAHIAcwBpAG8AbgAgAD0AIAAkAFAAUwBWAGUAcgBzAGkAbwBuAFQAYQBiAGwAZQAuAFAAUwBWAGUAcgBzAGkAbwBuAC4AVABvAFMAdAByAGkAbgBnACgAKQAKACQARABvAG0AYQBpAG4AIAA9ACAAJABlAG4AdgA6AFUAUwBFAFIARABPAE0AQQBJAE4ACgAkAFAAYQB0AGgAVgBhAGwAdQBlACAAPQAgACQAZQBuAHYAOgBQAEEAVABIAAoAJABSAGUAcwB1AGwAdAAgAD0AIAAiACQAQwBvAG0AcAB1AHQAZQByAE4AYQBtAGUAfAAkAFAAcgBvAGMAZQBzAHMAQwBvAHUAbgB0AHwAJABTAGUAcgB2AGkAYwBlAEMAbwB1AG4AdAAiAAoAVwByAGkAdABlAC0ATwB1AHQAcAB1AHQAIAAkAFIAZQBzAHUAbAB0AAoAVwByAGkAdABlAC0ATwB1AHQAcAB1AHQAIAAiAE0ARQBEAEQARQBGAEUATgBTAEUAXwBNAFUATABUAEkATABJAE4ARQBfAEUATgBEAF8AOQA5ADUAMQAzADEAMgAxADkAYQAxADcANAA0AGMAYwA4ADQAYwBjADgAMwAyADMAZgBhADcAZQBjAGUAMAA5ACIA\r\n        Engine Version = 5.1.20348.558\r\n        Runspace ID = 280957f8-d0bf-456f-a75e-41588dc664cb\r\n        Pipeline ID = 1\r\n        Command Name = \r\n        Command Type = Script\r\n        Script Name = \r\n        Command Path = \r\n        Sequence Number = 28\r\n        User = MEDDEFENSE\\analyst\r\n        Connected User = \r\n        Shell ID = Microsoft.PowerShell\r\n\r\n\r\nUser Data:\r\n\r\n"
                   },
                   {
                       "timestamp":  "2026-08-08T12:09:01.2007043Z",
                       "hostname":  "DC01",
                       "platform":  "Windows",
                       "source_type":  "PowerShell",
                       "channel":  "Microsoft-Windows-PowerShell/Operational",
                       "event_id":  4104,
                       "event_category":  "powershell_script_block",
                       "provider":  "Microsoft-Windows-PowerShell",
                       "raw_message":  "Creating Scriptblock text (1 of 1):\r\n$global:?\r\n\r\nScriptBlock ID: 0ccb90b3-0c59-4152-9bd6-9104740cf5bf\r\nPath: ",
                       "script_block_text":  "$global:?",
                       "script_block_decoded":  true
                   },
                   {
                       "timestamp":  "2026-08-08T12:09:01.3367129Z",
                       "hostname":  "DC01",
                       "platform":  "Windows",
                       "source_type":  "PowerShell",
                       "channel":  "Microsoft-Windows-PowerShell/Operational",
                       "event_id":  4103,
                       "event_category":  "powershell_module_logging",
                       "provider":  "Microsoft-Windows-PowerShell",
                       "raw_message":  "CommandInvocation(Get-Date): \"Get-Date\"\r\n\r\n\r\nContext:\r\n        Severity = Informational\r\n        Host Name = ConsoleHost\r\n        Host Version = 5.1.20348.558\r\n        Host ID = 09ddc6a8-f7b9-4d2c-8d79-fe55fa60dfb7\r\n        Host Application = C:\\Windows\\System32\\WindowsPowerShell\\v1.0\\powershell.exe -ExecutionPolicy Bypass -File .\\2-powershell_logging_validation.ps1\r\n        Engine Version = 5.1.20348.558\r\n        Runspace ID = 27088b9b-a646-4de7-834a-2ce43101715d\r\n        Pipeline ID = 1\r\n        Command Name = Get-Date\r\n        Command Type = Cmdlet\r\n        Script Name = Z:\\blue_team\\2x02_eyes_on_endpoint\\2-powershell_logging_validation.ps1\r\n        Command Path = \r\n        Sequence Number = 102\r\n        User = MEDDEFENSE\\analyst\r\n        Connected User = \r\n        Shell ID = Microsoft.PowerShell\r\n\r\n\r\nUser Data:\r\n\r\n"
                   },
                   {
                       "timestamp":  "2026-08-08T12:09:01.3858846Z",
                       "hostname":  "DC01",
                       "platform":  "Windows",
                       "source_type":  "PowerShell",
                       "channel":  "Microsoft-Windows-PowerShell/Operational",
                       "event_id":  4103,
                       "event_category":  "powershell_module_logging",
                       "provider":  "Microsoft-Windows-PowerShell",
                       "raw_message":  "CommandInvocation(Get-WinEvent): \"Get-WinEvent\"\r\nParameterBinding(Get-WinEvent): name=\"FilterHashtable\"; value=\"System.Collections.Hashtable\"\r\nParameterBinding(Get-WinEvent): name=\"ErrorAction\"; value=\"SilentlyContinue\"\r\nNonTerminatingError(Get-WinEvent): \"No events were found that match the specified selection criteria.\"\r\n\r\n\r\nContext:\r\n        Severity = Informational\r\n        Host Name = ConsoleHost\r\n        Host Version = 5.1.20348.558\r\n        Host ID = 09ddc6a8-f7b9-4d2c-8d79-fe55fa60dfb7\r\n        Host Application = C:\\Windows\\System32\\WindowsPowerShell\\v1.0\\powershell.exe -ExecutionPolicy Bypass -File .\\2-powershell_logging_validation.ps1\r\n        Engine Version = 5.1.20348.558\r\n        Runspace ID = 27088b9b-a646-4de7-834a-2ce43101715d\r\n        Pipeline ID = 1\r\n        Command Name = Get-WinEvent\r\n        Command Type = Cmdlet\r\n        Script Name = Z:\\blue_team\\2x02_eyes_on_endpoint\\2-powershell_logging_validation.ps1\r\n        Command Path = \r\n        Sequence Number = 104\r\n        User = MEDDEFENSE\\analyst\r\n        Connected User = \r\n        Shell ID = Microsoft.PowerShell\r\n\r\n\r\nUser Data:\r\n\r\n"
                   },
                   {
                       "timestamp":  "2026-08-08T12:09:01.9176538Z",
                       "hostname":  "DC01",
                       "platform":  "Windows",
                       "source_type":  "PowerShell",
                       "channel":  "Microsoft-Windows-PowerShell/Operational",
                       "event_id":  4103,
                       "event_category":  "powershell_module_logging",
                       "provider":  "Microsoft-Windows-PowerShell",
                       "raw_message":  "CommandInvocation(Start-Sleep): \"Start-Sleep\"\r\nParameterBinding(Start-Sleep): name=\"Milliseconds\"; value=\"750\"\r\n\r\n\r\nContext:\r\n        Severity = Informational\r\n        Host Name = ConsoleHost\r\n        Host Version = 5.1.20348.558\r\n        Host ID = 09ddc6a8-f7b9-4d2c-8d79-fe55fa60dfb7\r\n        Host Application = C:\\Windows\\System32\\WindowsPowerShell\\v1.0\\powershell.exe -ExecutionPolicy Bypass -File .\\2-powershell_logging_validation.ps1\r\n        Engine Version = 5.1.20348.558\r\n        Runspace ID = 27088b9b-a646-4de7-834a-2ce43101715d\r\n        Pipeline ID = 1\r\n        Command Name = Start-Sleep\r\n        Command Type = Cmdlet\r\n        Script Name = Z:\\blue_team\\2x02_eyes_on_endpoint\\2-powershell_logging_validation.ps1\r\n        Command Path = \r\n        Sequence Number = 106\r\n        User = MEDDEFENSE\\analyst\r\n        Connected User = \r\n        Shell ID = Microsoft.PowerShell\r\n\r\n\r\nUser Data:\r\n\r\n"
                   },
                   {
                       "timestamp":  "2026-08-08T12:09:01.9209696Z",
                       "hostname":  "DC01",
                       "platform":  "Windows",
                       "source_type":  "PowerShell",
                       "channel":  "Microsoft-Windows-PowerShell/Operational",
                       "event_id":  4103,
                       "event_category":  "powershell_module_logging",
                       "provider":  "Microsoft-Windows-PowerShell",
                       "raw_message":  "CommandInvocation(Get-Date): \"Get-Date\"\r\n\r\n\r\nContext:\r\n        Severity = Informational\r\n        Host Name = ConsoleHost\r\n        Host Version = 5.1.20348.558\r\n        Host ID = 09ddc6a8-f7b9-4d2c-8d79-fe55fa60dfb7\r\n        Host Application = C:\\Windows\\System32\\WindowsPowerShell\\v1.0\\powershell.exe -ExecutionPolicy Bypass -File .\\2-powershell_logging_validation.ps1\r\n        Engine Version = 5.1.20348.558\r\n        Runspace ID = 27088b9b-a646-4de7-834a-2ce43101715d\r\n        Pipeline ID = 1\r\n        Command Name = Get-Date\r\n        Command Type = Cmdlet\r\n        Script Name = Z:\\blue_team\\2x02_eyes_on_endpoint\\2-powershell_logging_validation.ps1\r\n        Command Path = \r\n        Sequence Number = 108\r\n        User = MEDDEFENSE\\analyst\r\n        Connected User = \r\n        Shell ID = Microsoft.PowerShell\r\n\r\n\r\nUser Data:\r\n\r\n"
                   },
                   {
                       "timestamp":  "2026-08-08T12:09:01.9923493Z",
                       "hostname":  "DC01",
                       "platform":  "Windows",
                       "source_type":  "PowerShell",
                       "channel":  "Microsoft-Windows-PowerShell/Operational",
                       "event_id":  4103,
                       "event_category":  "powershell_module_logging",
                       "provider":  "Microsoft-Windows-PowerShell",
                       "raw_message":  "CommandInvocation(Get-WinEvent): \"Get-WinEvent\"\r\nParameterBinding(Get-WinEvent): name=\"FilterHashtable\"; value=\"System.Collections.Hashtable\"\r\nParameterBinding(Get-WinEvent): name=\"ErrorAction\"; value=\"SilentlyContinue\"\r\n\r\n\r\nContext:\r\n        Severity = Informational\r\n        Host Name = ConsoleHost\r\n        Host Version = 5.1.20348.558\r\n        Host ID = 09ddc6a8-f7b9-4d2c-8d79-fe55fa60dfb7\r\n        Host Application = C:\\Windows\\System32\\WindowsPowerShell\\v1.0\\powershell.exe -ExecutionPolicy Bypass -File .\\2-powershell_logging_validation.ps1\r\n        Engine Version = 5.1.20348.558\r\n        Runspace ID = 27088b9b-a646-4de7-834a-2ce43101715d\r\n        Pipeline ID = 1\r\n        Command Name = Get-WinEvent\r\n        Command Type = Cmdlet\r\n        Script Name = Z:\\blue_team\\2x02_eyes_on_endpoint\\2-powershell_logging_validation.ps1\r\n        Command Path = \r\n        Sequence Number = 110\r\n        User = MEDDEFENSE\\analyst\r\n        Connected User = \r\n        Shell ID = Microsoft.PowerShell\r\n\r\n\r\nUser Data:\r\n\r\n"
                   },
                   {
                       "timestamp":  "2026-08-08T12:09:02.0498125Z",
                       "hostname":  "DC01",
                       "platform":  "Windows",
                       "source_type":  "PowerShell",
                       "channel":  "Microsoft-Windows-PowerShell/Operational",
                       "event_id":  4103,
                       "event_category":  "powershell_module_logging",
                       "provider":  "Microsoft-Windows-PowerShell",
                       "raw_message":  "CommandInvocation(Write-Host): \"Write-Host\"\r\nParameterBinding(Write-Host): name=\"Object\"; value=\"          EID 4104: Full block captured (12 lines) - full content [PASS]\"\r\n\r\n\r\nContext:\r\n        Severity = Informational\r\n        Host Name = ConsoleHost\r\n        Host Version = 5.1.20348.558\r\n        Host ID = 09ddc6a8-f7b9-4d2c-8d79-fe55fa60dfb7\r\n        Host Application = C:\\Windows\\System32\\WindowsPowerShell\\v1.0\\powershell.exe -ExecutionPolicy Bypass -File .\\2-powershell_logging_validation.ps1\r\n        Engine Version = 5.1.20348.558\r\n        Runspace ID = 27088b9b-a646-4de7-834a-2ce43101715d\r\n        Pipeline ID = 1\r\n        Command Name = Write-Host\r\n        Command Type = Cmdlet\r\n        Script Name = Z:\\blue_team\\2x02_eyes_on_endpoint\\2-powershell_logging_validation.ps1\r\n        Command Path = \r\n        Sequence Number = 112\r\n        User = MEDDEFENSE\\analyst\r\n        Connected User = \r\n        Shell ID = Microsoft.PowerShell\r\n\r\n\r\nUser Data:\r\n\r\n"
                   },
                   {
                       "timestamp":  "2026-08-08T12:09:02.0593528Z",
                       "hostname":  "DC01",
                       "platform":  "Windows",
                       "source_type":  "PowerShell",
                       "channel":  "Microsoft-Windows-PowerShell/Operational",
                       "event_id":  4103,
                       "event_category":  "powershell_module_logging",
                       "provider":  "Microsoft-Windows-PowerShell",
                       "raw_message":  "CommandInvocation(Write-Host): \"Write-Host\"\r\nParameterBinding(Write-Host): name=\"Object\"; value=\"\"\r\n\r\n\r\nContext:\r\n        Severity = Informational\r\n        Host Name = ConsoleHost\r\n        Host Version = 5.1.20348.558\r\n        Host ID = 09ddc6a8-f7b9-4d2c-8d79-fe55fa60dfb7\r\n        Host Application = C:\\Windows\\System32\\WindowsPowerShell\\v1.0\\powershell.exe -ExecutionPolicy Bypass -File .\\2-powershell_logging_validation.ps1\r\n        Engine Version = 5.1.20348.558\r\n        Runspace ID = 27088b9b-a646-4de7-834a-2ce43101715d\r\n        Pipeline ID = 1\r\n        Command Name = Write-Host\r\n        Command Type = Cmdlet\r\n        Script Name = Z:\\blue_team\\2x02_eyes_on_endpoint\\2-powershell_logging_validation.ps1\r\n        Command Path = \r\n        Sequence Number = 114\r\n        User = MEDDEFENSE\\analyst\r\n        Connected User = \r\n        Shell ID = Microsoft.PowerShell\r\n\r\n\r\nUser Data:\r\n\r\n"
                   },
                   {
                       "timestamp":  "2026-08-08T12:09:02.0802970Z",
                       "hostname":  "DC01",
                       "platform":  "Windows",
                       "source_type":  "PowerShell",
                       "channel":  "Microsoft-Windows-PowerShell/Operational",
                       "event_id":  4103,
                       "event_category":  "powershell_module_logging",
                       "provider":  "Microsoft-Windows-PowerShell",
                       "raw_message":  "CommandInvocation(Write-Host): \"Write-Host\"\r\nParameterBinding(Write-Host): name=\"Object\"; value=\"    [5/5] Transcription file...\"\r\n\r\n\r\nContext:\r\n        Severity = Informational\r\n        Host Name = ConsoleHost\r\n        Host Version = 5.1.20348.558\r\n        Host ID = 09ddc6a8-f7b9-4d2c-8d79-fe55fa60dfb7\r\n        Host Application = C:\\Windows\\System32\\WindowsPowerShell\\v1.0\\powershell.exe -ExecutionPolicy Bypass -File .\\2-powershell_logging_validation.ps1\r\n        Engine Version = 5.1.20348.558\r\n        Runspace ID = 27088b9b-a646-4de7-834a-2ce43101715d\r\n        Pipeline ID = 1\r\n        Command Name = Write-Host\r\n        Command Type = Cmdlet\r\n        Script Name = Z:\\blue_team\\2x02_eyes_on_endpoint\\2-powershell_logging_validation.ps1\r\n        Command Path = \r\n        Sequence Number = 116\r\n        User = MEDDEFENSE\\analyst\r\n        Connected User = \r\n        Shell ID = Microsoft.PowerShell\r\n\r\n\r\nUser Data:\r\n\r\n"
                   },
                   {
                       "timestamp":  "2026-08-08T12:09:02.0806292Z",
                       "hostname":  "DC01",
                       "platform":  "Windows",
                       "source_type":  "PowerShell",
                       "channel":  "Microsoft-Windows-PowerShell/Operational",
                       "event_id":  4103,
                       "event_category":  "powershell_module_logging",
                       "provider":  "Microsoft-Windows-PowerShell",
                       "raw_message":  "CommandInvocation(Get-Date): \"Get-Date\"\r\n\r\n\r\nContext:\r\n        Severity = Informational\r\n        Host Name = ConsoleHost\r\n        Host Version = 5.1.20348.558\r\n        Host ID = 09ddc6a8-f7b9-4d2c-8d79-fe55fa60dfb7\r\n        Host Application = C:\\Windows\\System32\\WindowsPowerShell\\v1.0\\powershell.exe -ExecutionPolicy Bypass -File .\\2-powershell_logging_validation.ps1\r\n        Engine Version = 5.1.20348.558\r\n        Runspace ID = 27088b9b-a646-4de7-834a-2ce43101715d\r\n        Pipeline ID = 1\r\n        Command Name = Get-Date\r\n        Command Type = Cmdlet\r\n        Script Name = Z:\\blue_team\\2x02_eyes_on_endpoint\\2-powershell_logging_validation.ps1\r\n        Command Path = \r\n        Sequence Number = 118\r\n        User = MEDDEFENSE\\analyst\r\n        Connected User = \r\n        Shell ID = Microsoft.PowerShell\r\n\r\n\r\nUser Data:\r\n\r\n"
                   },
                   {
                       "timestamp":  "2026-08-08T12:09:02.0871452Z",
                       "hostname":  "DC01",
                       "platform":  "Windows",
                       "source_type":  "PowerShell",
                       "channel":  "Microsoft-Windows-PowerShell/Operational",
                       "event_id":  4103,
                       "event_category":  "powershell_module_logging",
                       "provider":  "Microsoft-Windows-PowerShell",
                       "raw_message":  "CommandInvocation(Write-Host): \"Write-Host\"\r\nParameterBinding(Write-Host): name=\"Object\"; value=\"          timestamp: 2026-08-08 14:09:02\"\r\n\r\n\r\nContext:\r\n        Severity = Informational\r\n        Host Name = ConsoleHost\r\n        Host Version = 5.1.20348.558\r\n        Host ID = 09ddc6a8-f7b9-4d2c-8d79-fe55fa60dfb7\r\n        Host Application = C:\\Windows\\System32\\WindowsPowerShell\\v1.0\\powershell.exe -ExecutionPolicy Bypass -File .\\2-powershell_logging_validation.ps1\r\n        Engine Version = 5.1.20348.558\r\n        Runspace ID = 27088b9b-a646-4de7-834a-2ce43101715d\r\n        Pipeline ID = 1\r\n        Command Name = Write-Host\r\n        Command Type = Cmdlet\r\n        Script Name = Z:\\blue_team\\2x02_eyes_on_endpoint\\2-powershell_logging_validation.ps1\r\n        Command Path = \r\n        Sequence Number = 120\r\n        User = MEDDEFENSE\\analyst\r\n        Connected User = \r\n        Shell ID = Microsoft.PowerShell\r\n\r\n\r\nUser Data:\r\n\r\n"
                   },
                   {
                       "timestamp":  "2026-08-08T12:09:02.1226782Z",
                       "hostname":  "DC01",
                       "platform":  "Windows",
                       "source_type":  "Sysmon",
                       "channel":  "Microsoft-Windows-Sysmon/Operational",
                       "event_id":  1,
                       "event_category":  "process_creation",
                       "provider":  "Microsoft-Windows-Sysmon",
                       "raw_message":  "Process Create:\r\nRuleName: MedDefense Rule 3 - Encoded PowerShell\r\nUtcTime: 2026-08-08 12:09:02.091\r\nProcessGuid: {62784320-1c5e-6a77-f200-000000001300}\r\nProcessId: 1580\r\nImage: C:\\Windows\\System32\\WindowsPowerShell\\v1.0\\powershell.exe\r\nFileVersion: 10.0.20348.1 (WinBuild.160101.0800)\r\nDescription: Windows PowerShell\r\nProduct: Microsoft® Windows® Operating System\r\nCompany: Microsoft Corporation\r\nOriginalFileName: PowerShell.EXE\r\nCommandLine: \"C:\\Windows\\System32\\WindowsPowerShell\\v1.0\\powershell.exe\" -NoProfile -EncodedCommand VwByAGkAdABlAC0ATwB1AHQAcAB1AHQAIAAiAE0ARQBEAEQARQBGAEUATgBTAEUAXwBUAFIAQQBOAFMAQwBSAEkAUABUAF8AOQA5ADUAMQAzADEAMgAxADkAYQAxADcANAA0AGMAYwA4ADQAYwBjADgAMwAyADMAZgBhADcAZQBjAGUAMAA5ACIACgBHAGUAdAAtAEQAYQB0AGUACgBHAGUAdAAtAFAAcgBvAGMAZQBzAHMAIAAtAEkAZAAgACQAUABJAEQAIAB8ACAAUwBlAGwAZQBjAHQALQBPAGIAagBlAGMAdAAgAEkAZAAsACAAUAByAG8AYwBlAHMAcwBOAGEAbQBlAA==\r\nCurrentDirectory: Z:\\blue_team\\2x02_eyes_on_endpoint\\\r\nUser: MEDDEFENSE\\analyst\r\nLogonGuid: {62784320-16d5-6a77-5672-060000000000}\r\nLogonId: 0x67256\r\nTerminalSessionId: 1\r\nIntegrityLevel: High\r\nHashes: MD5=2E0CCB27064856E3D55017FA2D33A7B9,SHA256=1C84C8632C5269F24876ED9F49FA810B49F77E1E92E8918FC164C34B020F9A94,IMPHASH=BF7A6E7A62C3F5B2E8E069438AC1DD3D\r\nParentProcessGuid: {62784320-1c55-6a77-ed00-000000001300}\r\nParentProcessId: 2304\r\nParentImage: C:\\Windows\\System32\\WindowsPowerShell\\v1.0\\powershell.exe\r\nParentCommandLine: \"C:\\Windows\\System32\\WindowsPowerShell\\v1.0\\powershell.exe\" -ExecutionPolicy Bypass -File .\\2-powershell_logging_validation.ps1\r\nParentUser: MEDDEFENSE\\analyst",
                       "image":  "C:\\Windows\\System32\\WindowsPowerShell\\v1.0\\powershell.exe",
                       "command_line":  "\"C:\\Windows\\System32\\WindowsPowerShell\\v1.0\\powershell.exe\" -NoProfile -EncodedCommand VwByAGkAdABlAC0ATwB1AHQAcAB1AHQAIAAiAE0ARQBEAEQARQBGAEUATgBTAEUAXwBUAFIAQQBOAFMAQwBSAEkAUABUAF8AOQA5ADUAMQAzADEAMgAxADkAYQAxADcANAA0AGMAYwA4ADQAYwBjADgAMwAyADMAZgBhADcAZQBjAGUAMAA5ACIACgBHAGUAdAAtAEQAYQB0AGUACgBHAGUAdAAtAFAAcgBvAGMAZQBzAHMAIAAtAEkAZAAgACQAUABJAEQAIAB8ACAAUwBlAGwAZQBjAHQALQBPAGIAagBlAGMAdAAgAEkAZAAsACAAUAByAG8AYwBlAHMAcwBOAGEAbQBlAA==",
                       "parent_image":  "C:\\Windows\\System32\\WindowsPowerShell\\v1.0\\powershell.exe",
                       "hashes":  "MD5=2E0CCB27064856E3D55017FA2D33A7B9,SHA256=1C84C8632C5269F24876ED9F49FA810B49F77E1E92E8918FC164C34B020F9A94,IMPHASH=BF7A6E7A62C3F5B2E8E069438AC1DD3D"
                   },
